Using pre-set license
Built from '2021.3/staging' branch; Version is '2021.3.18f1 (3129e69bc0c7) revision 3221990'; Using compiler version '192829333'; Build Type 'Release'
OS: 'Windows 11  (10.0.22621) 64bit Core' Language: 'ja' Physical Memory: 32604 MB
BatchMode: 1, IsHumanControllingUs: 0, StartBugReporterOnCrash: 0, Is64bit: 1, IsPro: 1

COMMAND LINE ARGUMENTS:
D:\Unity 2021.3.18f1\Editor\Unity.exe
-adb2
-batchMode
-noUpm
-name
AssetImportWorker3
-projectPath
C:/Users/LaAsero/Documents/GitHub/DoraFesMainProject/DoraFes
-logFile
Logs/AssetImportWorker3.log
-srvPort
53715
Successfully changed project path to: C:/Users/LaAsero/Documents/GitHub/DoraFesMainProject/DoraFes
C:/Users/LaAsero/Documents/GitHub/DoraFesMainProject/DoraFes
[UnityMemory] Configuration Parameters - Can be set up in boot.config
    "memorysetup-bucket-allocator-granularity=16"
    "memorysetup-bucket-allocator-bucket-count=8"
    "memorysetup-bucket-allocator-block-size=33554432"
    "memorysetup-bucket-allocator-block-count=8"
    "memorysetup-main-allocator-block-size=16777216"
    "memorysetup-thread-allocator-block-size=16777216"
    "memorysetup-gfx-main-allocator-block-size=16777216"
    "memorysetup-gfx-thread-allocator-block-size=16777216"
    "memorysetup-cache-allocator-block-size=4194304"
    "memorysetup-typetree-allocator-block-size=2097152"
    "memorysetup-profiler-bucket-allocator-granularity=16"
    "memorysetup-profiler-bucket-allocator-bucket-count=8"
    "memorysetup-profiler-bucket-allocator-block-size=33554432"
    "memorysetup-profiler-bucket-allocator-block-count=8"
    "memorysetup-profiler-allocator-block-size=16777216"
    "memorysetup-profiler-editor-allocator-block-size=1048576"
    "memorysetup-temp-allocator-size-main=16777216"
    "memorysetup-job-temp-allocator-block-size=2097152"
    "memorysetup-job-temp-allocator-block-size-background=1048576"
    "memorysetup-job-temp-allocator-reduction-small-platforms=262144"
    "memorysetup-temp-allocator-size-background-worker=32768"
    "memorysetup-temp-allocator-size-job-worker=262144"
    "memorysetup-temp-allocator-size-preload-manager=33554432"
    "memorysetup-temp-allocator-size-nav-mesh-worker=65536"
    "memorysetup-temp-allocator-size-audio-worker=65536"
    "memorysetup-temp-allocator-size-cloud-worker=32768"
    "memorysetup-temp-allocator-size-gi-baking-worker=262144"
    "memorysetup-temp-allocator-size-gfx=262144"
Player connection [23896] Host "[IP] 25.64.144.84 [Port] 0 [Flags] 2 [Guid] 3092359580 [EditorId] 3092359580 [Version] 1048832 [Id] WindowsEditor(7,DESKTOP-C2IH7SQ) [Debug] 1 [PackageName] WindowsEditor [ProjectName] Editor" joined multi-casting on [225.0.0.222:54997]...

Player connection [23896] Host "[IP] 25.64.144.84 [Port] 0 [Flags] 2 [Guid] 3092359580 [EditorId] 3092359580 [Version] 1048832 [Id] WindowsEditor(7,DESKTOP-C2IH7SQ) [Debug] 1 [PackageName] WindowsEditor [ProjectName] Editor" joined alternative multi-casting on [225.0.0.222:34997]...

Refreshing native plugins compatible for Editor in 130.81 ms, found 3 plugins.
Preloading 0 native plugins for Editor in 0.00 ms.
Initialize engine version: 2021.3.18f1 (3129e69bc0c7)
[Subsystems] Discovering subsystems at path D:/Unity 2021.3.18f1/Editor/Data/Resources/UnitySubsystems
[Subsystems] Discovering subsystems at path C:/Users/LaAsero/Documents/GitHub/DoraFesMainProject/DoraFes/Assets
GfxDevice: creating device client; threaded=0; jobified=0
Direct3D:
    Version:  Direct3D 11.0 [level 11.1]
    Renderer: NVIDIA GeForce GTX 1080 (ID=0x1b80)
    Vendor:   NVIDIA
    VRAM:     8073 MB
    Driver:   31.0.15.3179
Initialize mono
Mono path[0] = 'D:/Unity 2021.3.18f1/Editor/Data/Managed'
Mono path[1] = 'D:/Unity 2021.3.18f1/Editor/Data/MonoBleedingEdge/lib/mono/unityjit-win32'
Mono config path = 'D:/Unity 2021.3.18f1/Editor/Data/MonoBleedingEdge/etc'
Using monoOptions --debugger-agent=transport=dt_socket,embedding=1,server=y,suspend=n,address=127.0.0.1:56596
Begin MonoManager ReloadAssembly
Registering precompiled unity dll's ...
Register platform support module: D:/Unity 2021.3.18f1/Editor/Data/PlaybackEngines/WindowsStandaloneSupport/UnityEditor.WindowsStandalone.Extensions.dll
Registered in 0.006791 seconds.
Native extension for WindowsStandalone target not found
Refreshing native plugins compatible for Editor in 125.23 ms, found 3 plugins.
Preloading 0 native plugins for Editor in 0.00 ms.
Mono: successfully reloaded assembly
- Completed reload, in  0.795 seconds
Domain Reload Profiling:
	ReloadAssembly (796ms)
		BeginReloadAssembly (96ms)
			ExecutionOrderSort (0ms)
			DisableScriptedObjects (0ms)
			BackupInstance (0ms)
			ReleaseScriptingObjects (0ms)
			CreateAndSetChildDomain (1ms)
		EndReloadAssembly (560ms)
			LoadAssemblies (92ms)
			RebuildTransferFunctionScriptingTraits (0ms)
			SetupTypeCache (126ms)
			ReleaseScriptCaches (0ms)
			RebuildScriptCaches (31ms)
			SetupLoadedEditorAssemblies (339ms)
				LogAssemblyErrors (0ms)
				InitializePlatformSupportModulesInManaged (8ms)
				SetLoadedEditorAssemblies (0ms)
				RefreshPlugins (125ms)
				BeforeProcessingInitializeOnLoad (1ms)
				ProcessInitializeOnLoadAttributes (148ms)
				ProcessInitializeOnLoadMethodAttributes (55ms)
				AfterProcessingInitializeOnLoad (0ms)
				EditorAssembliesLoaded (0ms)
			ExecutionOrderSort2 (0ms)
			AwakeInstancesAfterBackupRestoration (0ms)
Platform modules already initialized, skipping
Registering precompiled user dll's ...
Registered in 0.006280 seconds.
Begin MonoManager ReloadAssembly
Symbol file LoadedFromMemory doesn't match image C:\Users\LaAsero\Documents\GitHub\DoraFesMainProject\DoraFes\Library\PackageCache\com.unity.visualscripting@1.8.0\Editor\VisualScripting.Core\Dependencies\YamlDotNet\Unity.VisualScripting.YamlDotNet.dll
Symbol file LoadedFromMemory doesn't match image C:\Users\LaAsero\Documents\GitHub\DoraFesMainProject\DoraFes\Library\PackageCache\com.unity.visualscripting@1.8.0\Editor\VisualScripting.Core\Dependencies\DotNetZip\Unity.VisualScripting.IonicZip.dll
Native extension for WindowsStandalone target not found
Refreshing native plugins compatible for Editor in 120.37 ms, found 3 plugins.
Preloading 0 native plugins for Editor in 0.00 ms.
Mono: successfully reloaded assembly
- Completed reload, in  1.628 seconds
Domain Reload Profiling:
	ReloadAssembly (1629ms)
		BeginReloadAssembly (136ms)
			ExecutionOrderSort (0ms)
			DisableScriptedObjects (4ms)
			BackupInstance (0ms)
			ReleaseScriptingObjects (0ms)
			CreateAndSetChildDomain (24ms)
		EndReloadAssembly (1379ms)
			LoadAssemblies (115ms)
			RebuildTransferFunctionScriptingTraits (0ms)
			SetupTypeCache (323ms)
			ReleaseScriptCaches (1ms)
			RebuildScriptCaches (68ms)
			SetupLoadedEditorAssemblies (842ms)
				LogAssemblyErrors (0ms)
				InitializePlatformSupportModulesInManaged (5ms)
				SetLoadedEditorAssemblies (0ms)
				RefreshPlugins (120ms)
				BeforeProcessingInitializeOnLoad (131ms)
				ProcessInitializeOnLoadAttributes (353ms)
				ProcessInitializeOnLoadMethodAttributes (219ms)
				AfterProcessingInitializeOnLoad (13ms)
				EditorAssembliesLoaded (0ms)
			ExecutionOrderSort2 (0ms)
			AwakeInstancesAfterBackupRestoration (9ms)
Platform modules already initialized, skipping
========================================================================
Worker process is ready to serve import requests
Launched and connected shader compiler UnityShaderCompiler.exe after 0.07 seconds
Refreshing native plugins compatible for Editor in 1.02 ms, found 3 plugins.
Preloading 0 native plugins for Editor in 0.00 ms.
Unloading 5502 Unused Serialized files (Serialized files now loaded: 0)
Unloading 87 unused Assets / (13.3 MB). Loaded Objects now: 5914.
Memory consumption went from 264.1 MB to 250.7 MB.
Total: 6.594200 ms (FindLiveObjects: 0.364800 ms CreateObjectMapping: 0.178300 ms MarkObjects: 2.210200 ms  DeleteObjects: 3.839200 ms)

AssetImportParameters requested are different than current active one (requested -> active):
  custom:video-decoder-ogg-theora: a1e56fd34408186e4bbccfd4996cb3dc -> 
  custom:container-muxer-webm: aa71ff27fc2769a1b78a27578f13a17b -> 
  custom:container-demuxer-webm: 4f35f7cbe854078d1ac9338744f61a02 -> 
  custom:video-encoder-webm-vp8: eb34c28f22e8b96e1ab97ce403110664 -> 
  custom:audio-encoder-webm-vorbis: bf7c407c2cedff20999df2af8eb42d56 -> 
  custom:framework-win-MediaFoundation: 216162199b28c13a410421893ffa2e32 -> 
  custom:container-demuxer-ogg: 62fdf1f143b41e24485cea50d1cbac27 -> 
  custom:video-decoder-webm-vp8: 9c59270c3fd7afecdb556c50c9e8de78 -> 
  custom:audio-decoder-ogg-vorbis: bf7c407c2cedff20999df2af8eb42d56 -> 
========================================================================
Received Import Request.
  Time since last request: 9890.926662 seconds.
  path: Assets/Fantasy Wooden GUI  Free/normal_ui_set A/Division line.png
  artifactKey: Guid(b7d245916891cca47a0144e12a82e086) Importer(815301076,1909f56bfc062723c751e8b465ee728b)
Start importing Assets/Fantasy Wooden GUI  Free/normal_ui_set A/Division line.png using Guid(b7d245916891cca47a0144e12a82e086) Importer(815301076,1909f56bfc062723c751e8b465ee728b)  -> (artifact id: '6ecf1a89db62716b1b43b29209078fd9') in 0.170841 seconds 
========================================================================
Received Import Request.
  Time since last request: 0.000032 seconds.
  path: Assets/Fantasy Wooden GUI  Free/normal_ui_set A/TextBTN_Cancel_Pressed.png
  artifactKey: Guid(9494e936ef153d148aaddfa6db5fb773) Importer(815301076,1909f56bfc062723c751e8b465ee728b)
Start importing Assets/Fantasy Wooden GUI  Free/normal_ui_set A/TextBTN_Cancel_Pressed.png using Guid(9494e936ef153d148aaddfa6db5fb773) Importer(815301076,1909f56bfc062723c751e8b465ee728b)  -> (artifact id: '4e055d47c8180ff3bb6193e79cefa5fc') in 0.024647 seconds 
========================================================================
Received Import Request.
  Time since last request: 0.000077 seconds.
  path: Assets/Fantasy Wooden GUI  Free/normal_ui_set A/IRONY TITLE  empty.png
  artifactKey: Guid(4d6a99baee23b654f9e4bb672ae0b438) Importer(815301076,1909f56bfc062723c751e8b465ee728b)
Start importing Assets/Fantasy Wooden GUI  Free/normal_ui_set A/IRONY TITLE  empty.png using Guid(4d6a99baee23b654f9e4bb672ae0b438) Importer(815301076,1909f56bfc062723c751e8b465ee728b)  -> (artifact id: 'ff28ba7f0e547d016e6f5b4a70fd73ed') in 0.032603 seconds 
========================================================================
Received Import Request.
  Time since last request: 0.000036 seconds.
  path: Assets/Fantasy Wooden GUI  Free/normal_ui_set A/TextBTN_Medium_Pressed.png
  artifactKey: Guid(047b929beb10565479851d39b452dfb6) Importer(815301076,1909f56bfc062723c751e8b465ee728b)
Start importing Assets/Fantasy Wooden GUI  Free/normal_ui_set A/TextBTN_Medium_Pressed.png using Guid(047b929beb10565479851d39b452dfb6) Importer(815301076,1909f56bfc062723c751e8b465ee728b)  -> (artifact id: '398e78d6c281c6301f2dc55d799bf649') in 0.029217 seconds 
========================================================================
Received Import Request.
  Time since last request: 0.000051 seconds.
  path: Assets/Fantasy Wooden GUI  Free/normal_ui_set A/UI board Medium  parchment.png
  artifactKey: Guid(cf1462bc694c3c249831ad8ac5293aa2) Importer(815301076,1909f56bfc062723c751e8b465ee728b)
Start importing Assets/Fantasy Wooden GUI  Free/normal_ui_set A/UI board Medium  parchment.png using Guid(cf1462bc694c3c249831ad8ac5293aa2) Importer(815301076,1909f56bfc062723c751e8b465ee728b)  -> (artifact id: '0a3c52d35cd1c12597e495b75714cbfa') in 0.041565 seconds 
========================================================================
Received Import Request.
  Time since last request: 0.000036 seconds.
  path: Assets/Fantasy Wooden GUI  Free/normal_ui_set A/IRONY TITLE  Large.png
  artifactKey: Guid(054411784c3fdf74d9db120b4a792a71) Importer(815301076,1909f56bfc062723c751e8b465ee728b)
Start importing Assets/Fantasy Wooden GUI  Free/normal_ui_set A/IRONY TITLE  Large.png using Guid(054411784c3fdf74d9db120b4a792a71) Importer(815301076,1909f56bfc062723c751e8b465ee728b)  -> (artifact id: 'ae1167324e5e8d0bdf406223bf58207f') in 0.036241 seconds 
========================================================================
Received Import Request.
  Time since last request: 0.000030 seconds.
  path: Assets/Fantasy Wooden GUI  Free/normal_ui_set A/UI board Large Set.png
  artifactKey: Guid(90a2dde0942123c4ebb9c4af580c5818) Importer(815301076,1909f56bfc062723c751e8b465ee728b)
Start importing Assets/Fantasy Wooden GUI  Free/normal_ui_set A/UI board Large Set.png using Guid(90a2dde0942123c4ebb9c4af580c5818) Importer(815301076,1909f56bfc062723c751e8b465ee728b)  -> (artifact id: 'f64d22c34195a7d44a398f74d7019917') in 0.065432 seconds 
========================================================================
Received Import Request.
  Time since last request: 7.588562 seconds.
  path: Assets/Low Poly Fire/Prefabs/Purple-FireWood.prefab
  artifactKey: Guid(effaaa665bce18747b546d1bc5c10965) Importer(815301076,1909f56bfc062723c751e8b465ee728b)
Start importing Assets/Low Poly Fire/Prefabs/Purple-FireWood.prefab using Guid(effaaa665bce18747b546d1bc5c10965) Importer(815301076,1909f56bfc062723c751e8b465ee728b)  -> (artifact id: 'f2b093ea4a2ec6b4860626f2142ac58c') in 0.212480 seconds 
========================================================================
Received Import Request.
  Time since last request: 6.124203 seconds.
  path: Assets/Scenes/ComicScene/Comic0/comic0-2.png
  artifactKey: Guid(57df58e11630dc9498078d2fc4ba7b61) Importer(815301076,1909f56bfc062723c751e8b465ee728b)
Start importing Assets/Scenes/ComicScene/Comic0/comic0-2.png using Guid(57df58e11630dc9498078d2fc4ba7b61) Importer(815301076,1909f56bfc062723c751e8b465ee728b)  -> (artifact id: 'cb54be845bf6fd4468bfec8d4ba92179') in 0.150545 seconds 
========================================================================
Received Import Request.
  Time since last request: 0.000051 seconds.
  path: Assets/Scenes/ComicScene/Comic0/comic0-4.mat
  artifactKey: Guid(84fe8d5d0d8cb6044b971d4938b2f597) Importer(815301076,1909f56bfc062723c751e8b465ee728b)
Start importing Assets/Scenes/ComicScene/Comic0/comic0-4.mat using Guid(84fe8d5d0d8cb6044b971d4938b2f597) Importer(815301076,1909f56bfc062723c751e8b465ee728b)  -> (artifact id: '23bb675fab2dba1c1814d1b314eed740') in 0.061130 seconds 
========================================================================
Received Import Request.
  Time since last request: 0.000198 seconds.
  path: Assets/Scenes/ComicScene/Comic0/frame0.png
  artifactKey: Guid(9c3fe4051d368964ebe520297ce23aef) Importer(815301076,1909f56bfc062723c751e8b465ee728b)
Start importing Assets/Scenes/ComicScene/Comic0/frame0.png using Guid(9c3fe4051d368964ebe520297ce23aef) Importer(815301076,1909f56bfc062723c751e8b465ee728b)  -> (artifact id: 'e069722bbab0a82a29d7f750d07dadae') in 0.120374 seconds 
========================================================================
Received Import Request.
  Time since last request: 1.495517 seconds.
  path: Assets/Scenes/ComicScene/Comic1/comic1-2.png
  artifactKey: Guid(23f21af4666a14740824d62f15c2d5ed) Importer(815301076,1909f56bfc062723c751e8b465ee728b)
Start importing Assets/Scenes/ComicScene/Comic1/comic1-2.png using Guid(23f21af4666a14740824d62f15c2d5ed) Importer(815301076,1909f56bfc062723c751e8b465ee728b)  -> (artifact id: 'd6191d79c6e6beede0671170eddd3e83') in 0.125295 seconds 
========================================================================
Received Import Request.
  Time since last request: 0.000080 seconds.
  path: Assets/Scenes/ComicScene/Comic1/comic1-4.png
  artifactKey: Guid(1914146403c07dc49b169f2c05d9736b) Importer(815301076,1909f56bfc062723c751e8b465ee728b)
Start importing Assets/Scenes/ComicScene/Comic1/comic1-4.png using Guid(1914146403c07dc49b169f2c05d9736b) Importer(815301076,1909f56bfc062723c751e8b465ee728b)  -> (artifact id: '845520e616971b1ad02cad19efecef20') in 0.141267 seconds 
========================================================================
Received Import Request.
  Time since last request: 0.000032 seconds.
  path: Assets/Scenes/ComicScene/Comic1/comic1-5.mat
  artifactKey: Guid(151b0f298c1e0fa488fc0073668e495d) Importer(815301076,1909f56bfc062723c751e8b465ee728b)
Start importing Assets/Scenes/ComicScene/Comic1/comic1-5.mat using Guid(151b0f298c1e0fa488fc0073668e495d) Importer(815301076,1909f56bfc062723c751e8b465ee728b)  -> (artifact id: 'd3d76ff65ddc40851856e1651885768f') in 0.046530 seconds 
========================================================================
Received Import Request.
  Time since last request: 0.000064 seconds.
  path: Assets/Scenes/ComicScene/Comic1/frame1.mat
  artifactKey: Guid(2a0c0b40695ffad45bc0f0e7d5f6bee5) Importer(815301076,1909f56bfc062723c751e8b465ee728b)
Start importing Assets/Scenes/ComicScene/Comic1/frame1.mat using Guid(2a0c0b40695ffad45bc0f0e7d5f6bee5) Importer(815301076,1909f56bfc062723c751e8b465ee728b)  -> (artifact id: '63452b03f5379bc16b6898b7461618a3') in 0.017469 seconds 
========================================================================
Received Import Request.
  Time since last request: 0.000034 seconds.
  path: Assets/Scenes/ComicScene/Comic1/comic1-4.mat
  artifactKey: Guid(a383ac7df55d7904aa403c13ef1a6828) Importer(815301076,1909f56bfc062723c751e8b465ee728b)
Start importing Assets/Scenes/ComicScene/Comic1/comic1-4.mat using Guid(a383ac7df55d7904aa403c13ef1a6828) Importer(815301076,1909f56bfc062723c751e8b465ee728b)  -> (artifact id: 'cdc1d5c40f343d7e51855b8cb953390c') in 0.016040 seconds 
========================================================================
Received Import Request.
  Time since last request: 0.000034 seconds.
  path: Assets/Scenes/ComicScene/Comic1/comic1-5.png
  artifactKey: Guid(e8d860dbc253f5f4ebe7951aac72e19d) Importer(815301076,1909f56bfc062723c751e8b465ee728b)
Start importing Assets/Scenes/ComicScene/Comic1/comic1-5.png using Guid(e8d860dbc253f5f4ebe7951aac72e19d) Importer(815301076,1909f56bfc062723c751e8b465ee728b)  -> (artifact id: 'ecda5d3be07f5f2df24d9e4e3c440431') in 0.089165 seconds 
========================================================================
Received Import Request.
  Time since last request: 0.742661 seconds.
  path: Assets/Scenes/ComicScene/Comic2/comic2-2.png
  artifactKey: Guid(9b79b565a2781a4418651807eb8ef4e5) Importer(815301076,1909f56bfc062723c751e8b465ee728b)
Start importing Assets/Scenes/ComicScene/Comic2/comic2-2.png using Guid(9b79b565a2781a4418651807eb8ef4e5) Importer(815301076,1909f56bfc062723c751e8b465ee728b)  -> (artifact id: '0c55fd5a7bd05564c1bac9a1ef46e4b7') in 0.125855 seconds 
========================================================================
Received Import Request.
  Time since last request: 0.000081 seconds.
  path: Assets/Scenes/ComicScene/Comic2/comic2-5.png
  artifactKey: Guid(51175669c35719f479cd1680035c2ab5) Importer(815301076,1909f56bfc062723c751e8b465ee728b)
Start importing Assets/Scenes/ComicScene/Comic2/comic2-5.png using Guid(51175669c35719f479cd1680035c2ab5) Importer(815301076,1909f56bfc062723c751e8b465ee728b)  -> (artifact id: '9c99eb3a400d4e159ad15180bbd1b464') in 0.108990 seconds 
========================================================================
Received Import Request.
  Time since last request: 0.987918 seconds.
  path: Assets/Scenes/ComicScene/Comic3/comic3-2.png
  artifactKey: Guid(a8e9c7c1e991aa3479411c2e7db98cf6) Importer(815301076,1909f56bfc062723c751e8b465ee728b)
Start importing Assets/Scenes/ComicScene/Comic3/comic3-2.png using Guid(a8e9c7c1e991aa3479411c2e7db98cf6) Importer(815301076,1909f56bfc062723c751e8b465ee728b)  -> (artifact id: 'de833182cead4e1ea8a7f562b504e7b7') in 0.133738 seconds 
========================================================================
Received Import Request.
  Time since last request: 0.000039 seconds.
  path: Assets/Scenes/ComicScene/Comic3/comic3-4.png
  artifactKey: Guid(abaae0d5ea3953b4699de88399a9d7c1) Importer(815301076,1909f56bfc062723c751e8b465ee728b)
Start importing Assets/Scenes/ComicScene/Comic3/comic3-4.png using Guid(abaae0d5ea3953b4699de88399a9d7c1) Importer(815301076,1909f56bfc062723c751e8b465ee728b)  -> (artifact id: '85371745f2500f6317c9fe8963a94198') in 0.148804 seconds 
========================================================================
Received Import Request.
  Time since last request: 0.000072 seconds.
  path: Assets/Scenes/ComicScene/Comic3/desert.mp3
  artifactKey: Guid(455750ba0a759b64db4038ebcab70a91) Importer(815301076,1909f56bfc062723c751e8b465ee728b)
Start importing Assets/Scenes/ComicScene/Comic3/desert.mp3 using Guid(455750ba0a759b64db4038ebcab70a91) Importer(815301076,1909f56bfc062723c751e8b465ee728b)  -> (artifact id: 'faa9b7344fed88e7a0690112a7a7635d') in 0.073302 seconds 
========================================================================
Received Import Request.
  Time since last request: 0.000045 seconds.
  path: Assets/Scenes/ComicScene/Comic3/comic3-5.mat
  artifactKey: Guid(f5d56b6657f0db743ab93d3547a37db3) Importer(815301076,1909f56bfc062723c751e8b465ee728b)
Start importing Assets/Scenes/ComicScene/Comic3/comic3-5.mat using Guid(f5d56b6657f0db743ab93d3547a37db3) Importer(815301076,1909f56bfc062723c751e8b465ee728b)  -> (artifact id: 'd347878c3ee6967e5bb2c7b016ffd445') in 0.013031 seconds 
========================================================================
Received Import Request.
  Time since last request: 1.507241 seconds.
  path: Assets/Scenes/ComicScene/Comic4/comic4-2.png
  artifactKey: Guid(c27fa5270a428e14aaa0db98154c90bf) Importer(815301076,1909f56bfc062723c751e8b465ee728b)
Start importing Assets/Scenes/ComicScene/Comic4/comic4-2.png using Guid(c27fa5270a428e14aaa0db98154c90bf) Importer(815301076,1909f56bfc062723c751e8b465ee728b)  -> (artifact id: '18da4e08ae51fb9d34e2020eb9115ae9') in 0.132562 seconds 
========================================================================
Received Import Request.
  Time since last request: 0.000053 seconds.
  path: Assets/Scenes/ComicScene/Comic4/comic4-6.png
  artifactKey: Guid(4bd8bc1002a06b846b9ea3298684a65f) Importer(815301076,1909f56bfc062723c751e8b465ee728b)
Start importing Assets/Scenes/ComicScene/Comic4/comic4-6.png using Guid(4bd8bc1002a06b846b9ea3298684a65f) Importer(815301076,1909f56bfc062723c751e8b465ee728b)  -> (artifact id: 'f42917db42cff7226c311452db93b7b0') in 0.121222 seconds 
========================================================================
Received Import Request.
  Time since last request: 0.000066 seconds.
  path: Assets/Scenes/ComicScene/Comic4/frame4.png
  artifactKey: Guid(dc3ec9f828e2f384c97cdf819cd21445) Importer(815301076,1909f56bfc062723c751e8b465ee728b)
Start importing Assets/Scenes/ComicScene/Comic4/frame4.png using Guid(dc3ec9f828e2f384c97cdf819cd21445) Importer(815301076,1909f56bfc062723c751e8b465ee728b)  -> (artifact id: 'a886d0dd5309c2fc02d213a1da36a54e') in 0.087426 seconds 
========================================================================
Received Import Request.
  Time since last request: 1.595376 seconds.
  path: Assets/Scenes/ComicScene/Comic5/comic5-2.mat
  artifactKey: Guid(9f8578303c17bc74c91ef9938fcf10f2) Importer(815301076,1909f56bfc062723c751e8b465ee728b)
Start importing Assets/Scenes/ComicScene/Comic5/comic5-2.mat using Guid(9f8578303c17bc74c91ef9938fcf10f2) Importer(815301076,1909f56bfc062723c751e8b465ee728b)  -> (artifact id: '4be3dab4d7f46505257a2e9c4a9fc1c4') in 0.039698 seconds 
========================================================================
Received Import Request.
  Time since last request: 0.000051 seconds.
  path: Assets/Scenes/ComicScene/Comic5/comic5-5.png
  artifactKey: Guid(218acc6010b1da546bee3b837e54d1c9) Importer(815301076,1909f56bfc062723c751e8b465ee728b)
Start importing Assets/Scenes/ComicScene/Comic5/comic5-5.png using Guid(218acc6010b1da546bee3b837e54d1c9) Importer(815301076,1909f56bfc062723c751e8b465ee728b)  -> (artifact id: 'd3489f1067364eeba4ba1e860b46f3e0') in 0.115474 seconds 
========================================================================
Received Import Request.
  Time since last request: 0.000073 seconds.
  path: Assets/Scenes/ComicScene/Comic5/comic5-4.png
  artifactKey: Guid(5ea81b5fd9d005a4b8684f9efef8641f) Importer(815301076,1909f56bfc062723c751e8b465ee728b)
Start importing Assets/Scenes/ComicScene/Comic5/comic5-4.png using Guid(5ea81b5fd9d005a4b8684f9efef8641f) Importer(815301076,1909f56bfc062723c751e8b465ee728b)  -> (artifact id: 'fd5179a0e7fbe48003f1407729f697ca') in 0.125711 seconds 
========================================================================
Received Import Request.
  Time since last request: 9.835548 seconds.
  path: Assets/Scenes/MainGame/Assets/UI/city.png
  artifactKey: Guid(e05ffeffef92ee549809af6a3e41c2fb) Importer(815301076,1909f56bfc062723c751e8b465ee728b)
Start importing Assets/Scenes/MainGame/Assets/UI/city.png using Guid(e05ffeffef92ee549809af6a3e41c2fb) Importer(815301076,1909f56bfc062723c751e8b465ee728b)  -> (artifact id: 'e52342d9f663885e2826befe5652f61e') in 0.217081 seconds 
========================================================================
Received Import Request.
  Time since last request: 0.000032 seconds.
  path: Assets/Scenes/MainGame/Assets/UI/pawa-ge-ji-illust1.png
  artifactKey: Guid(625e3cd25fa3ea44cafa636a7820b2f6) Importer(815301076,1909f56bfc062723c751e8b465ee728b)
Start importing Assets/Scenes/MainGame/Assets/UI/pawa-ge-ji-illust1.png using Guid(625e3cd25fa3ea44cafa636a7820b2f6) Importer(815301076,1909f56bfc062723c751e8b465ee728b)  -> (artifact id: 'ecb9ec964244d4778d03c914eba28b4f') in 0.024380 seconds 
========================================================================
Received Import Request.
  Time since last request: 0.000036 seconds.
  path: Assets/Scenes/MainGame/Assets/UI/IMG_0283.png
  artifactKey: Guid(44340aa02d7139d43a087faa99e74def) Importer(815301076,1909f56bfc062723c751e8b465ee728b)
Start importing Assets/Scenes/MainGame/Assets/UI/IMG_0283.png using Guid(44340aa02d7139d43a087faa99e74def) Importer(815301076,1909f56bfc062723c751e8b465ee728b)  -> (artifact id: '18ce9b940b91c8b1ef745ec1559d9bab') in 0.023746 seconds 
========================================================================
Received Import Request.
  Time since last request: 0.000039 seconds.
  path: Assets/Scenes/MainGame/Assets/UI/jungle.png
  artifactKey: Guid(77b2cd65e4583254684686fcce67ed46) Importer(815301076,1909f56bfc062723c751e8b465ee728b)
Start importing Assets/Scenes/MainGame/Assets/UI/jungle.png using Guid(77b2cd65e4583254684686fcce67ed46) Importer(815301076,1909f56bfc062723c751e8b465ee728b)  -> (artifact id: '9aa22b98e95036f8e442dcf19ccf9e16') in 0.089711 seconds 
========================================================================
Received Import Request.
  Time since last request: 0.000069 seconds.
  path: Assets/Scenes/MainGame/Assets/UI/UI_Icon_Mandoragora.png
  artifactKey: Guid(3e21e083dd92fc4499c79105d7e2e6b1) Importer(815301076,1909f56bfc062723c751e8b465ee728b)
Start importing Assets/Scenes/MainGame/Assets/UI/UI_Icon_Mandoragora.png using Guid(3e21e083dd92fc4499c79105d7e2e6b1) Importer(815301076,1909f56bfc062723c751e8b465ee728b)  -> (artifact id: '9548961ece5e1e025f5531f18277cd9d') in 0.041354 seconds 
========================================================================
Received Import Request.
  Time since last request: 3.734968 seconds.
  path: Assets/Scenes/MainGame/Assets/Map/MapBox(1) 1.prefab
  artifactKey: Guid(8d12aea7cfdb68b4db48d18891ef338b) Importer(815301076,1909f56bfc062723c751e8b465ee728b)
Start importing Assets/Scenes/MainGame/Assets/Map/MapBox(1) 1.prefab using Guid(8d12aea7cfdb68b4db48d18891ef338b) Importer(815301076,1909f56bfc062723c751e8b465ee728b)  -> (artifact id: 'a74acaa3e2ff039240a416c94c17ed64') in 0.028952 seconds 
========================================================================
Received Import Request.
  Time since last request: 0.000049 seconds.
  path: Assets/Scenes/MainGame/Assets/Map/penraito.prefab
  artifactKey: Guid(66d6778a6e7911142ab31e3ccac2cf83) Importer(815301076,1909f56bfc062723c751e8b465ee728b)
Start importing Assets/Scenes/MainGame/Assets/Map/penraito.prefab using Guid(66d6778a6e7911142ab31e3ccac2cf83) Importer(815301076,1909f56bfc062723c751e8b465ee728b)  -> (artifact id: 'db3989a06b73e66a08d352e820a31b44') in 0.317175 seconds 
========================================================================
Received Import Request.
  Time since last request: 2.233175 seconds.
  path: Assets/Scenes/MainGame/Assets/Coin/coin.prefab
  artifactKey: Guid(ab1ff11024da21b4c8813ec7fd00a1f6) Importer(815301076,1909f56bfc062723c751e8b465ee728b)
Start importing Assets/Scenes/MainGame/Assets/Coin/coin.prefab using Guid(ab1ff11024da21b4c8813ec7fd00a1f6) Importer(815301076,1909f56bfc062723c751e8b465ee728b)  -> (artifact id: 'f583dc0b3d89da97559233111a77275b') in 0.030427 seconds 
========================================================================
Received Import Request.
  Time since last request: 0.000041 seconds.
  path: Assets/Scenes/MainGame/Assets/Coin/CoinParent.prefab
  artifactKey: Guid(2de9b4706564f7b4bb2d484cb02581b4) Importer(815301076,1909f56bfc062723c751e8b465ee728b)
Start importing Assets/Scenes/MainGame/Assets/Coin/CoinParent.prefab using Guid(2de9b4706564f7b4bb2d484cb02581b4) Importer(815301076,1909f56bfc062723c751e8b465ee728b)  -> (artifact id: '3397f57cbea23e2a69a8e9c9171cd2ea') in 0.031640 seconds 
========================================================================
Received Import Request.
  Time since last request: 3.814360 seconds.
  path: Assets/Scenes/MainGame/Assets/Character/Mandoragora/MobuDeath.mp3
  artifactKey: Guid(50be4a70260a7034eac2411d8f1c6c42) Importer(815301076,1909f56bfc062723c751e8b465ee728b)
Start importing Assets/Scenes/MainGame/Assets/Character/Mandoragora/MobuDeath.mp3 using Guid(50be4a70260a7034eac2411d8f1c6c42) Importer(815301076,1909f56bfc062723c751e8b465ee728b)  -> (artifact id: '066c61a3ca5c473231893a79bd641206') in 0.038682 seconds 
========================================================================
Received Import Request.
  Time since last request: 0.000092 seconds.
  path: Assets/Scenes/MainGame/Assets/Character/Mandoragora/PlayerJump.mp3
  artifactKey: Guid(f94b52528ca19f049a8e79a24cc38f1c) Importer(815301076,1909f56bfc062723c751e8b465ee728b)
Start importing Assets/Scenes/MainGame/Assets/Character/Mandoragora/PlayerJump.mp3 using Guid(f94b52528ca19f049a8e79a24cc38f1c) Importer(815301076,1909f56bfc062723c751e8b465ee728b)  -> (artifact id: '2656bed46143b264cdcd370e94e73022') in 0.030106 seconds 
========================================================================
Received Import Request.
  Time since last request: 0.000082 seconds.
  path: Assets/Scenes/MainGame/Assets/Character/Mandoragora/se_powerup_004.wav
  artifactKey: Guid(e4e937cf760b8dc478ec6f5c2c5a8528) Importer(815301076,1909f56bfc062723c751e8b465ee728b)
Start importing Assets/Scenes/MainGame/Assets/Character/Mandoragora/se_powerup_004.wav using Guid(e4e937cf760b8dc478ec6f5c2c5a8528) Importer(815301076,1909f56bfc062723c751e8b465ee728b)  -> (artifact id: '717a15e144b4a547d26fc93ac2385850') in 0.025588 seconds 
========================================================================
Received Import Request.
  Time since last request: 1.810456 seconds.
  path: Assets/Scenes/MainGame/Assets/Character/Mandoragora/Texture/New Material.mat
  artifactKey: Guid(8f9a0eb21f3a1bd4d9400ab49af6f36c) Importer(815301076,1909f56bfc062723c751e8b465ee728b)
Start importing Assets/Scenes/MainGame/Assets/Character/Mandoragora/Texture/New Material.mat using Guid(8f9a0eb21f3a1bd4d9400ab49af6f36c) Importer(815301076,1909f56bfc062723c751e8b465ee728b)  -> (artifact id: '483b895824f8dc1d2c2d7c3b3f73cd63') in 1.043129 seconds 
========================================================================
Received Import Request.
  Time since last request: 7.210337 seconds.
  path: Assets/Scenes/MainGame/Assets/Bg/Textures/1-4_Cloud.png
  artifactKey: Guid(10e0badf1e309124593985309bb38f8f) Importer(815301076,1909f56bfc062723c751e8b465ee728b)
Start importing Assets/Scenes/MainGame/Assets/Bg/Textures/1-4_Cloud.png using Guid(10e0badf1e309124593985309bb38f8f) Importer(815301076,1909f56bfc062723c751e8b465ee728b)  -> (artifact id: 'a931ba7390a91b3b5bba6d81b50509b1') in 0.040924 seconds 
========================================================================
Received Import Request.
  Time since last request: 0.000064 seconds.
  path: Assets/Scenes/MainGame/Assets/Bg/Textures/1-6_Mountain.png
  artifactKey: Guid(dd88ddd8fb0ca334ba1a91c4c9bd2bd5) Importer(815301076,1909f56bfc062723c751e8b465ee728b)
Start importing Assets/Scenes/MainGame/Assets/Bg/Textures/1-6_Mountain.png using Guid(dd88ddd8fb0ca334ba1a91c4c9bd2bd5) Importer(815301076,1909f56bfc062723c751e8b465ee728b)  -> (artifact id: 'd1b4a28cbdd218baa719fc4c7e9a3d61') in 0.050481 seconds 
========================================================================
Received Import Request.
  Time since last request: 16.402773 seconds.
  path: Assets/Scenes/MainGame/Assets/Bg/Materials/1-4_Cloud.mat
  artifactKey: Guid(f521f5caa74dcaa408efd8e1a73ba986) Importer(815301076,1909f56bfc062723c751e8b465ee728b)
Start importing Assets/Scenes/MainGame/Assets/Bg/Materials/1-4_Cloud.mat using Guid(f521f5caa74dcaa408efd8e1a73ba986) Importer(815301076,1909f56bfc062723c751e8b465ee728b)  -> (artifact id: '91dba84a5c05fa462b860fb626dbcb39') in 0.025248 seconds 
========================================================================
Received Import Request.
  Time since last request: 0.000056 seconds.
  path: Assets/Scenes/MainGame/Assets/Bg/Materials/sand.mat
  artifactKey: Guid(d16606420d927e54595d31b929b4fe6d) Importer(815301076,1909f56bfc062723c751e8b465ee728b)
Start importing Assets/Scenes/MainGame/Assets/Bg/Materials/sand.mat using Guid(d16606420d927e54595d31b929b4fe6d) Importer(815301076,1909f56bfc062723c751e8b465ee728b)  -> (artifact id: '85a34ca9ddf909f277e0708a654e24ee') in 0.026360 seconds 
========================================================================
Received Prepare
Registering precompiled user dll's ...
Registered in 0.005661 seconds.
Begin MonoManager ReloadAssembly
Symbol file LoadedFromMemory doesn't match image C:\Users\LaAsero\Documents\GitHub\DoraFesMainProject\DoraFes\Library\PackageCache\com.unity.visualscripting@1.8.0\Editor\VisualScripting.Core\Dependencies\YamlDotNet\Unity.VisualScripting.YamlDotNet.dll
Symbol file LoadedFromMemory doesn't match image C:\Users\LaAsero\Documents\GitHub\DoraFesMainProject\DoraFes\Library\PackageCache\com.unity.visualscripting@1.8.0\Editor\VisualScripting.Core\Dependencies\DotNetZip\Unity.VisualScripting.IonicZip.dll
Native extension for WindowsStandalone target not found
Refreshing native plugins compatible for Editor in 1.04 ms, found 3 plugins.
Preloading 0 native plugins for Editor in 0.00 ms.
Mono: successfully reloaded assembly
- Completed reload, in  1.414 seconds
Domain Reload Profiling:
	ReloadAssembly (1415ms)
		BeginReloadAssembly (261ms)
			ExecutionOrderSort (0ms)
			DisableScriptedObjects (9ms)
			BackupInstance (0ms)
			ReleaseScriptingObjects (0ms)
			CreateAndSetChildDomain (87ms)
		EndReloadAssembly (1014ms)
			LoadAssemblies (177ms)
			RebuildTransferFunctionScriptingTraits (0ms)
			SetupTypeCache (288ms)
			ReleaseScriptCaches (2ms)
			RebuildScriptCaches (52ms)
			SetupLoadedEditorAssemblies (450ms)
				LogAssemblyErrors (0ms)
				InitializePlatformSupportModulesInManaged (12ms)
				SetLoadedEditorAssemblies (1ms)
				RefreshPlugins (1ms)
				BeforeProcessingInitializeOnLoad (118ms)
				ProcessInitializeOnLoadAttributes (221ms)
				ProcessInitializeOnLoadMethodAttributes (86ms)
				AfterProcessingInitializeOnLoad (10ms)
				EditorAssembliesLoaded (0ms)
			ExecutionOrderSort2 (0ms)
			AwakeInstancesAfterBackupRestoration (20ms)
Platform modules already initialized, skipping
Refreshing native plugins compatible for Editor in 2.83 ms, found 3 plugins.
Preloading 0 native plugins for Editor in 0.00 ms.
Unloading 5298 Unused Serialized files (Serialized files now loaded: 0)
Unloading 80 unused Assets / (13.3 MB). Loaded Objects now: 6056.
Memory consumption went from 268.6 MB to 255.2 MB.
Total: 14.429200 ms (FindLiveObjects: 0.894900 ms CreateObjectMapping: 0.859300 ms MarkObjects: 4.346100 ms  DeleteObjects: 8.327700 ms)

AssetImportParameters requested are different than current active one (requested -> active):
  custom:video-decoder-ogg-theora: a1e56fd34408186e4bbccfd4996cb3dc -> 
  custom:container-muxer-webm: aa71ff27fc2769a1b78a27578f13a17b -> 
  custom:container-demuxer-webm: 4f35f7cbe854078d1ac9338744f61a02 -> 
  custom:video-encoder-webm-vp8: eb34c28f22e8b96e1ab97ce403110664 -> 
  custom:audio-encoder-webm-vorbis: bf7c407c2cedff20999df2af8eb42d56 -> 
  custom:framework-win-MediaFoundation: 216162199b28c13a410421893ffa2e32 -> 
  custom:container-demuxer-ogg: 62fdf1f143b41e24485cea50d1cbac27 -> 
  custom:video-decoder-webm-vp8: 9c59270c3fd7afecdb556c50c9e8de78 -> 
  custom:audio-decoder-ogg-vorbis: bf7c407c2cedff20999df2af8eb42d56 -> 
Editor requested this worker to shutdown with reason: Scaling down because of idle timeout
AssetImportWorker is now disconnected from the server
Process exiting
Exiting without the bug reporter. Application will terminate with return code 0