Using pre-set license
Built from '2021.3/staging' branch; Version is '2021.3.18f1 (3129e69bc0c7) revision 3221990'; Using compiler version '192829333'; Build Type 'Release'
OS: 'Windows 11  (10.0.22621) 64bit Professional' Language: 'ja' Physical Memory: 16205 MB
BatchMode: 1, IsHumanControllingUs: 0, StartBugReporterOnCrash: 0, Is64bit: 1, IsPro: 1

COMMAND LINE ARGUMENTS:
C:\Program Files\Unity\Hub\Editor\2021.3.18f1\Editor\Unity.exe
-adb2
-batchMode
-noUpm
-name
AssetImportWorker11
-projectPath
C:/DoraFesMainProject/DoraFes
-logFile
Logs/AssetImportWorker11.log
-srvPort
55318
Successfully changed project path to: C:/DoraFesMainProject/DoraFes
C:/DoraFesMainProject/DoraFes
[UnityMemory] Configuration Parameters - Can be set up in boot.config
    "memorysetup-bucket-allocator-granularity=16"
    "memorysetup-bucket-allocator-bucket-count=8"
    "memorysetup-bucket-allocator-block-size=33554432"
    "memorysetup-bucket-allocator-block-count=8"
    "memorysetup-main-allocator-block-size=16777216"
    "memorysetup-thread-allocator-block-size=16777216"
    "memorysetup-gfx-main-allocator-block-size=16777216"
    "memorysetup-gfx-thread-allocator-block-size=16777216"
    "memorysetup-cache-allocator-block-size=4194304"
    "memorysetup-typetree-allocator-block-size=2097152"
    "memorysetup-profiler-bucket-allocator-granularity=16"
    "memorysetup-profiler-bucket-allocator-bucket-count=8"
    "memorysetup-profiler-bucket-allocator-block-size=33554432"
    "memorysetup-profiler-bucket-allocator-block-count=8"
    "memorysetup-profiler-allocator-block-size=16777216"
    "memorysetup-profiler-editor-allocator-block-size=1048576"
    "memorysetup-temp-allocator-size-main=16777216"
    "memorysetup-job-temp-allocator-block-size=2097152"
    "memorysetup-job-temp-allocator-block-size-background=1048576"
    "memorysetup-job-temp-allocator-reduction-small-platforms=262144"
    "memorysetup-temp-allocator-size-background-worker=32768"
    "memorysetup-temp-allocator-size-job-worker=262144"
    "memorysetup-temp-allocator-size-preload-manager=33554432"
    "memorysetup-temp-allocator-size-nav-mesh-worker=65536"
    "memorysetup-temp-allocator-size-audio-worker=65536"
    "memorysetup-temp-allocator-size-cloud-worker=32768"
    "memorysetup-temp-allocator-size-gi-baking-worker=262144"
    "memorysetup-temp-allocator-size-gfx=262144"
Player connection [56300] Host "[IP] 192.168.179.45 [Port] 0 [Flags] 2 [Guid] 2868992449 [EditorId] 2868992449 [Version] 1048832 [Id] WindowsEditor(7,win10ohs10598) [Debug] 1 [PackageName] WindowsEditor [ProjectName] Editor" joined multi-casting on [225.0.0.222:54997]...

Player connection [56300] Host "[IP] 192.168.179.45 [Port] 0 [Flags] 2 [Guid] 2868992449 [EditorId] 2868992449 [Version] 1048832 [Id] WindowsEditor(7,win10ohs10598) [Debug] 1 [PackageName] WindowsEditor [ProjectName] Editor" joined alternative multi-casting on [225.0.0.222:34997]...

Refreshing native plugins compatible for Editor in 167.84 ms, found 3 plugins.
Preloading 0 native plugins for Editor in 0.00 ms.
Initialize engine version: 2021.3.18f1 (3129e69bc0c7)
[Subsystems] Discovering subsystems at path C:/Program Files/Unity/Hub/Editor/2021.3.18f1/Editor/Data/Resources/UnitySubsystems
[Subsystems] Discovering subsystems at path C:/DoraFesMainProject/DoraFes/Assets
GfxDevice: creating device client; threaded=0; jobified=0
Direct3D:
    Version:  Direct3D 11.0 [level 11.1]
    Renderer: NVIDIA GeForce GTX 1650 Ti with Max-Q Design (ID=0x1f95)
    Vendor:   NVIDIA
    VRAM:     3962 MB
    Driver:   27.21.14.6221
Initialize mono
Mono path[0] = 'C:/Program Files/Unity/Hub/Editor/2021.3.18f1/Editor/Data/Managed'
Mono path[1] = 'C:/Program Files/Unity/Hub/Editor/2021.3.18f1/Editor/Data/MonoBleedingEdge/lib/mono/unityjit-win32'
Mono config path = 'C:/Program Files/Unity/Hub/Editor/2021.3.18f1/Editor/Data/MonoBleedingEdge/etc'
Using monoOptions --debugger-agent=transport=dt_socket,embedding=1,server=y,suspend=n,address=127.0.0.1:56068
Begin MonoManager ReloadAssembly
Registering precompiled unity dll's ...
Register platform support module: C:/Program Files/Unity/Hub/Editor/2021.3.18f1/Editor/Data/PlaybackEngines/AndroidPlayer/UnityEditor.Android.Extensions.dll
Register platform support module: C:/Program Files/Unity/Hub/Editor/2021.3.18f1/Editor/Data/PlaybackEngines/iOSSupport/UnityEditor.iOS.Extensions.dll
Register platform support module: C:/Program Files/Unity/Hub/Editor/2021.3.18f1/Editor/Data/PlaybackEngines/WindowsStandaloneSupport/UnityEditor.WindowsStandalone.Extensions.dll
Registered in 0.006627 seconds.
Native extension for WindowsStandalone target not found
[usbmuxd] Start listen thread
[usbmuxd] Listen thread started
[usbmuxd] Send listen message
Native extension for iOS target not found
Native extension for Android target not found
Android Extension - Scanning For ADB Devices 324 ms
Refreshing native plugins compatible for Editor in 132.94 ms, found 3 plugins.
Preloading 0 native plugins for Editor in 0.00 ms.
Mono: successfully reloaded assembly
- Completed reload, in  1.158 seconds
Domain Reload Profiling:
	ReloadAssembly (1159ms)
		BeginReloadAssembly (75ms)
			ExecutionOrderSort (0ms)
			DisableScriptedObjects (0ms)
			BackupInstance (0ms)
			ReleaseScriptingObjects (0ms)
			CreateAndSetChildDomain (1ms)
		EndReloadAssembly (957ms)
			LoadAssemblies (74ms)
			RebuildTransferFunctionScriptingTraits (0ms)
			SetupTypeCache (153ms)
			ReleaseScriptCaches (0ms)
			RebuildScriptCaches (34ms)
			SetupLoadedEditorAssemblies (707ms)
				LogAssemblyErrors (0ms)
				InitializePlatformSupportModulesInManaged (413ms)
				SetLoadedEditorAssemblies (0ms)
				RefreshPlugins (133ms)
				BeforeProcessingInitializeOnLoad (2ms)
				ProcessInitializeOnLoadAttributes (110ms)
				ProcessInitializeOnLoadMethodAttributes (49ms)
				AfterProcessingInitializeOnLoad (0ms)
				EditorAssembliesLoaded (0ms)
			ExecutionOrderSort2 (0ms)
			AwakeInstancesAfterBackupRestoration (0ms)
Platform modules already initialized, skipping
Registering precompiled user dll's ...
Registered in 0.006823 seconds.
Begin MonoManager ReloadAssembly
Symbol file LoadedFromMemory doesn't match image C:\DoraFesMainProject\DoraFes\Library\PackageCache\com.unity.visualscripting@1.8.0\Editor\VisualScripting.Core\Dependencies\YamlDotNet\Unity.VisualScripting.YamlDotNet.dll
Symbol file LoadedFromMemory doesn't match image C:\DoraFesMainProject\DoraFes\Library\PackageCache\com.unity.visualscripting@1.8.0\Editor\VisualScripting.Core\Dependencies\DotNetZip\Unity.VisualScripting.IonicZip.dll
Native extension for WindowsStandalone target not found
Native extension for iOS target not found
Native extension for Android target not found
Refreshing native plugins compatible for Editor in 117.07 ms, found 3 plugins.
Preloading 0 native plugins for Editor in 0.00 ms.
Mono: successfully reloaded assembly
- Completed reload, in  1.622 seconds
Domain Reload Profiling:
	ReloadAssembly (1623ms)
		BeginReloadAssembly (136ms)
			ExecutionOrderSort (0ms)
			DisableScriptedObjects (10ms)
			BackupInstance (0ms)
			ReleaseScriptingObjects (0ms)
			CreateAndSetChildDomain (28ms)
		EndReloadAssembly (1336ms)
			LoadAssemblies (99ms)
			RebuildTransferFunctionScriptingTraits (0ms)
			SetupTypeCache (367ms)
			ReleaseScriptCaches (1ms)
			RebuildScriptCaches (67ms)
			SetupLoadedEditorAssemblies (749ms)
				LogAssemblyErrors (0ms)
				InitializePlatformSupportModulesInManaged (23ms)
				SetLoadedEditorAssemblies (0ms)
				RefreshPlugins (117ms)
				BeforeProcessingInitializeOnLoad (133ms)
				ProcessInitializeOnLoadAttributes (320ms)
				ProcessInitializeOnLoadMethodAttributes (147ms)
				AfterProcessingInitializeOnLoad (8ms)
				EditorAssembliesLoaded (0ms)
			ExecutionOrderSort2 (0ms)
			AwakeInstancesAfterBackupRestoration (7ms)
Platform modules already initialized, skipping
========================================================================
Worker process is ready to serve import requests
Launched and connected shader compiler UnityShaderCompiler.exe after 0.05 seconds
Refreshing native plugins compatible for Editor in 2.40 ms, found 3 plugins.
Preloading 0 native plugins for Editor in 0.00 ms.
Unloading 5038 Unused Serialized files (Serialized files now loaded: 0)
Unloading 86 unused Assets / (13.4 MB). Loaded Objects now: 5460.
Memory consumption went from 316.9 MB to 303.5 MB.
Total: 19.104400 ms (FindLiveObjects: 0.787100 ms CreateObjectMapping: 0.925400 ms MarkObjects: 5.968700 ms  DeleteObjects: 11.420700 ms)

AssetImportParameters requested are different than current active one (requested -> active):
  custom:video-decoder-ogg-theora: a1e56fd34408186e4bbccfd4996cb3dc -> 
  custom:container-muxer-webm: aa71ff27fc2769a1b78a27578f13a17b -> 
  custom:container-demuxer-webm: 4f35f7cbe854078d1ac9338744f61a02 -> 
  custom:video-encoder-webm-vp8: eb34c28f22e8b96e1ab97ce403110664 -> 
  custom:audio-encoder-webm-vorbis: bf7c407c2cedff20999df2af8eb42d56 -> 
  custom:framework-win-MediaFoundation: 216162199b28c13a410421893ffa2e32 -> 
  custom:container-demuxer-ogg: 62fdf1f143b41e24485cea50d1cbac27 -> 
  custom:video-decoder-webm-vp8: 9c59270c3fd7afecdb556c50c9e8de78 -> 
  custom:audio-decoder-ogg-vorbis: bf7c407c2cedff20999df2af8eb42d56 -> 
========================================================================
Received Prepare
Registering precompiled user dll's ...
Registered in 0.011909 seconds.
Begin MonoManager ReloadAssembly
Symbol file LoadedFromMemory doesn't match image C:\DoraFesMainProject\DoraFes\Library\PackageCache\com.unity.visualscripting@1.8.0\Editor\VisualScripting.Core\Dependencies\YamlDotNet\Unity.VisualScripting.YamlDotNet.dll
Symbol file LoadedFromMemory doesn't match image C:\DoraFesMainProject\DoraFes\Library\PackageCache\com.unity.visualscripting@1.8.0\Editor\VisualScripting.Core\Dependencies\DotNetZip\Unity.VisualScripting.IonicZip.dll
Native extension for WindowsStandalone target not found
Native extension for iOS target not found
Native extension for Android target not found
Refreshing native plugins compatible for Editor in 1.51 ms, found 3 plugins.
Preloading 0 native plugins for Editor in 0.00 ms.
Mono: successfully reloaded assembly
- Completed reload, in  2.162 seconds
Domain Reload Profiling:
	ReloadAssembly (2163ms)
		BeginReloadAssembly (211ms)
			ExecutionOrderSort (0ms)
			DisableScriptedObjects (9ms)
			BackupInstance (0ms)
			ReleaseScriptingObjects (0ms)
			CreateAndSetChildDomain (64ms)
		EndReloadAssembly (1752ms)
			LoadAssemblies (148ms)
			RebuildTransferFunctionScriptingTraits (0ms)
			SetupTypeCache (545ms)
			ReleaseScriptCaches (4ms)
			RebuildScriptCaches (87ms)
			SetupLoadedEditorAssemblies (855ms)
				LogAssemblyErrors (0ms)
				InitializePlatformSupportModulesInManaged (64ms)
				SetLoadedEditorAssemblies (1ms)
				RefreshPlugins (2ms)
				BeforeProcessingInitializeOnLoad (212ms)
				ProcessInitializeOnLoadAttributes (387ms)
				ProcessInitializeOnLoadMethodAttributes (178ms)
				AfterProcessingInitializeOnLoad (11ms)
				EditorAssembliesLoaded (1ms)
			ExecutionOrderSort2 (0ms)
			AwakeInstancesAfterBackupRestoration (26ms)
Platform modules already initialized, skipping
Refreshing native plugins compatible for Editor in 5.70 ms, found 3 plugins.
Preloading 0 native plugins for Editor in 0.00 ms.
Unloading 4849 Unused Serialized files (Serialized files now loaded: 0)
Unloading 78 unused Assets / (13.5 MB). Loaded Objects now: 5463.
Memory consumption went from 303.4 MB to 289.9 MB.
Total: 25.609500 ms (FindLiveObjects: 0.775700 ms CreateObjectMapping: 0.852100 ms MarkObjects: 10.596900 ms  DeleteObjects: 13.382900 ms)

AssetImportParameters requested are different than current active one (requested -> active):
  custom:video-decoder-ogg-theora: a1e56fd34408186e4bbccfd4996cb3dc -> 
  custom:container-muxer-webm: aa71ff27fc2769a1b78a27578f13a17b -> 
  custom:container-demuxer-webm: 4f35f7cbe854078d1ac9338744f61a02 -> 
  custom:video-encoder-webm-vp8: eb34c28f22e8b96e1ab97ce403110664 -> 
  custom:audio-encoder-webm-vorbis: bf7c407c2cedff20999df2af8eb42d56 -> 
  custom:framework-win-MediaFoundation: 216162199b28c13a410421893ffa2e32 -> 
  custom:container-demuxer-ogg: 62fdf1f143b41e24485cea50d1cbac27 -> 
  custom:video-decoder-webm-vp8: 9c59270c3fd7afecdb556c50c9e8de78 -> 
  custom:audio-decoder-ogg-vorbis: bf7c407c2cedff20999df2af8eb42d56 -> 
========================================================================
Received Import Request.
  Time since last request: 294356.296802 seconds.
  path: Assets/Scenes/MainGame/World5/CityVoxelPack
  artifactKey: Guid(9f88134e44ad1254c830911e69402cec) Importer(815301076,1909f56bfc062723c751e8b465ee728b)
Start importing Assets/Scenes/MainGame/World5/CityVoxelPack using Guid(9f88134e44ad1254c830911e69402cec) Importer(815301076,1909f56bfc062723c751e8b465ee728b)  -> (artifact id: '129d230216bc1d935f1f581e1198b966') in 0.008812 seconds 
========================================================================
Received Import Request.
  Time since last request: 23.780113 seconds.
  path: Assets/Scenes/MainGame/Assets/Map/Materials/Materials/medium/Prefabs/building1.prefab
  artifactKey: Guid(e59609e08a2aca54facd1c385564fbac) Importer(815301076,1909f56bfc062723c751e8b465ee728b)
Start importing Assets/Scenes/MainGame/Assets/Map/Materials/Materials/medium/Prefabs/building1.prefab using Guid(e59609e08a2aca54facd1c385564fbac) Importer(815301076,1909f56bfc062723c751e8b465ee728b)  -> (artifact id: '2f04adfa6608a109d35ab59dc28e8a50') in 0.048145 seconds 
========================================================================
Received Import Request.
  Time since last request: 0.000062 seconds.
  path: Assets/Scenes/MainGame/Assets/Map/Materials/Materials/medium/Prefabs/building13_Var1.prefab
  artifactKey: Guid(0ed7ff525d9c9794db6a67aa2c6dfc13) Importer(815301076,1909f56bfc062723c751e8b465ee728b)
Start importing Assets/Scenes/MainGame/Assets/Map/Materials/Materials/medium/Prefabs/building13_Var1.prefab using Guid(0ed7ff525d9c9794db6a67aa2c6dfc13) Importer(815301076,1909f56bfc062723c751e8b465ee728b)  -> (artifact id: 'c8b1311097595be80b3268570f54dbf2') in 0.009884 seconds 
========================================================================
Received Import Request.
  Time since last request: 0.000034 seconds.
  path: Assets/Scenes/MainGame/Assets/Map/Materials/Materials/medium/Prefabs/building12_Var2.prefab
  artifactKey: Guid(06784ae5f73cc7f4a8d8b6f2b448aefb) Importer(815301076,1909f56bfc062723c751e8b465ee728b)
Start importing Assets/Scenes/MainGame/Assets/Map/Materials/Materials/medium/Prefabs/building12_Var2.prefab using Guid(06784ae5f73cc7f4a8d8b6f2b448aefb) Importer(815301076,1909f56bfc062723c751e8b465ee728b)  -> (artifact id: '06ac84d339c31080d5a7329e6ecb62af') in 0.007942 seconds 
========================================================================
Received Import Request.
  Time since last request: 0.000027 seconds.
  path: Assets/Scenes/MainGame/Assets/Map/Materials/Materials/medium/Prefabs/building3_Var2.prefab
  artifactKey: Guid(c76d8e6930e8fc54386af95587922684) Importer(815301076,1909f56bfc062723c751e8b465ee728b)
Start importing Assets/Scenes/MainGame/Assets/Map/Materials/Materials/medium/Prefabs/building3_Var2.prefab using Guid(c76d8e6930e8fc54386af95587922684) Importer(815301076,1909f56bfc062723c751e8b465ee728b)  -> (artifact id: 'fad526db7bd72cd43fc60a9ef3cbf658') in 0.010501 seconds 
========================================================================
Received Import Request.
  Time since last request: 0.000070 seconds.
  path: Assets/Scenes/MainGame/Assets/Map/Materials/Materials/medium/Prefabs/building5_Var2.prefab
  artifactKey: Guid(7bc216a4582ad8b4d8d42267e2ef0521) Importer(815301076,1909f56bfc062723c751e8b465ee728b)
Start importing Assets/Scenes/MainGame/Assets/Map/Materials/Materials/medium/Prefabs/building5_Var2.prefab using Guid(7bc216a4582ad8b4d8d42267e2ef0521) Importer(815301076,1909f56bfc062723c751e8b465ee728b)  -> (artifact id: 'd18fa5d0ac81b95d55309932d62d1316') in 0.009400 seconds 
========================================================================
Received Import Request.
  Time since last request: 0.000030 seconds.
  path: Assets/Scenes/MainGame/Assets/Map/Materials/Materials/medium/Prefabs/building2_Var2.prefab
  artifactKey: Guid(f40d2bede0259f349ba1e701b2195ba9) Importer(815301076,1909f56bfc062723c751e8b465ee728b)
Start importing Assets/Scenes/MainGame/Assets/Map/Materials/Materials/medium/Prefabs/building2_Var2.prefab using Guid(f40d2bede0259f349ba1e701b2195ba9) Importer(815301076,1909f56bfc062723c751e8b465ee728b)  -> (artifact id: 'ba564fcdf9d0a1e06c41d2953d40664a') in 0.012222 seconds 
========================================================================
Received Import Request.
  Time since last request: 0.000031 seconds.
  path: Assets/Scenes/MainGame/Assets/Map/Materials/Materials/medium/Prefabs/building9_Var2.prefab
  artifactKey: Guid(836ff535e456c1c4eb97c28371f81cdc) Importer(815301076,1909f56bfc062723c751e8b465ee728b)
Start importing Assets/Scenes/MainGame/Assets/Map/Materials/Materials/medium/Prefabs/building9_Var2.prefab using Guid(836ff535e456c1c4eb97c28371f81cdc) Importer(815301076,1909f56bfc062723c751e8b465ee728b)  -> (artifact id: 'b63e22605dd5f062f433d54c80c22e63') in 0.011469 seconds 
========================================================================
Received Import Request.
  Time since last request: 0.000044 seconds.
  path: Assets/Scenes/MainGame/Assets/Map/Materials/Materials/medium/Prefabs/building6_Var2.prefab
  artifactKey: Guid(db3ef107dc606c04a874f8b0f3e21807) Importer(815301076,1909f56bfc062723c751e8b465ee728b)
Start importing Assets/Scenes/MainGame/Assets/Map/Materials/Materials/medium/Prefabs/building6_Var2.prefab using Guid(db3ef107dc606c04a874f8b0f3e21807) Importer(815301076,1909f56bfc062723c751e8b465ee728b)  -> (artifact id: '6ddd0cf1767b7884d1225b45fc84ee25') in 0.008963 seconds 
========================================================================
Received Import Request.
  Time since last request: 0.000032 seconds.
  path: Assets/Scenes/MainGame/Assets/Map/Materials/Materials/medium/Prefabs/building10_Var2.prefab
  artifactKey: Guid(7c8b2559a4ea58f439c576c06352e97a) Importer(815301076,1909f56bfc062723c751e8b465ee728b)
Start importing Assets/Scenes/MainGame/Assets/Map/Materials/Materials/medium/Prefabs/building10_Var2.prefab using Guid(7c8b2559a4ea58f439c576c06352e97a) Importer(815301076,1909f56bfc062723c751e8b465ee728b)  -> (artifact id: '594228a4dfeb6e808a507f96ddef0bf8') in 0.012186 seconds 
========================================================================
Received Import Request.
  Time since last request: 0.000031 seconds.
  path: Assets/Scenes/MainGame/Assets/Map/Materials/Materials/medium/Prefabs/building7.prefab
  artifactKey: Guid(f164ec738293462418a329771f7de9a9) Importer(815301076,1909f56bfc062723c751e8b465ee728b)
Start importing Assets/Scenes/MainGame/Assets/Map/Materials/Materials/medium/Prefabs/building7.prefab using Guid(f164ec738293462418a329771f7de9a9) Importer(815301076,1909f56bfc062723c751e8b465ee728b)  -> (artifact id: '564de88a1e07137cf74f8a1a5a30c8bf') in 0.005044 seconds 
========================================================================
Received Import Request.
  Time since last request: 0.000025 seconds.
  path: Assets/Scenes/MainGame/Assets/Map/Materials/Materials/medium/Prefabs/building9_Var1.prefab
  artifactKey: Guid(b989b36ef7364b149aefaf9a708ba32a) Importer(815301076,1909f56bfc062723c751e8b465ee728b)
Start importing Assets/Scenes/MainGame/Assets/Map/Materials/Materials/medium/Prefabs/building9_Var1.prefab using Guid(b989b36ef7364b149aefaf9a708ba32a) Importer(815301076,1909f56bfc062723c751e8b465ee728b)  -> (artifact id: '738cdb4f358685fa191ec8a43f9291cc') in 0.012541 seconds 
========================================================================
Received Import Request.
  Time since last request: 0.000039 seconds.
  path: Assets/Scenes/MainGame/Assets/Map/Materials/Materials/medium/Prefabs/building10.prefab
  artifactKey: Guid(5e3c829561cc8594f924e10daf8335c4) Importer(815301076,1909f56bfc062723c751e8b465ee728b)
Start importing Assets/Scenes/MainGame/Assets/Map/Materials/Materials/medium/Prefabs/building10.prefab using Guid(5e3c829561cc8594f924e10daf8335c4) Importer(815301076,1909f56bfc062723c751e8b465ee728b)  -> (artifact id: 'f5cb0b93095af5d4148e34c808326db3') in 0.006688 seconds 
========================================================================
Received Import Request.
  Time since last request: 0.000029 seconds.
  path: Assets/Scenes/MainGame/Assets/Map/Materials/Materials/medium/Prefabs/building5_Var1.prefab
  artifactKey: Guid(93683332279acd94fa3c4045c657ed11) Importer(815301076,1909f56bfc062723c751e8b465ee728b)
Start importing Assets/Scenes/MainGame/Assets/Map/Materials/Materials/medium/Prefabs/building5_Var1.prefab using Guid(93683332279acd94fa3c4045c657ed11) Importer(815301076,1909f56bfc062723c751e8b465ee728b)  -> (artifact id: 'dbc3a0ae9c92cc88363e35f21d573bc1') in 0.014546 seconds 
========================================================================
Received Import Request.
  Time since last request: 0.000035 seconds.
  path: Assets/Scenes/MainGame/Assets/Map/Materials/Materials/medium/Prefabs/building8_Var1.prefab
  artifactKey: Guid(94a74f5d61ac55145ba48fca4894f0a9) Importer(815301076,1909f56bfc062723c751e8b465ee728b)
Start importing Assets/Scenes/MainGame/Assets/Map/Materials/Materials/medium/Prefabs/building8_Var1.prefab using Guid(94a74f5d61ac55145ba48fca4894f0a9) Importer(815301076,1909f56bfc062723c751e8b465ee728b)  -> (artifact id: 'c20b9b07807637ab23f27574672ce6a6') in 0.013176 seconds 
========================================================================
Received Import Request.
  Time since last request: 0.000036 seconds.
  path: Assets/Scenes/MainGame/Assets/Map/Materials/Materials/medium/Prefabs/building13_Var2.prefab
  artifactKey: Guid(d7b41b8b04953a145bb8a929531641f4) Importer(815301076,1909f56bfc062723c751e8b465ee728b)
Start importing Assets/Scenes/MainGame/Assets/Map/Materials/Materials/medium/Prefabs/building13_Var2.prefab using Guid(d7b41b8b04953a145bb8a929531641f4) Importer(815301076,1909f56bfc062723c751e8b465ee728b)  -> (artifact id: 'b4c3f6558480f660004228e6711fe4f4') in 0.010885 seconds 
========================================================================
Received Import Request.
  Time since last request: 0.000032 seconds.
  path: Assets/Scenes/MainGame/Assets/Map/Materials/Materials/medium/Prefabs/building4_Var1.prefab
  artifactKey: Guid(97c85f7dcb98cec459ec34275af6cca8) Importer(815301076,1909f56bfc062723c751e8b465ee728b)
Start importing Assets/Scenes/MainGame/Assets/Map/Materials/Materials/medium/Prefabs/building4_Var1.prefab using Guid(97c85f7dcb98cec459ec34275af6cca8) Importer(815301076,1909f56bfc062723c751e8b465ee728b)  -> (artifact id: 'e8cdb2292e78b628033c71286136def6') in 0.011975 seconds 
========================================================================
Received Import Request.
  Time since last request: 0.000053 seconds.
  path: Assets/Scenes/MainGame/Assets/Map/Materials/Materials/medium/Prefabs/building8_Var2.prefab
  artifactKey: Guid(7af45b681a0317d4ca7e3b708a06140b) Importer(815301076,1909f56bfc062723c751e8b465ee728b)
Start importing Assets/Scenes/MainGame/Assets/Map/Materials/Materials/medium/Prefabs/building8_Var2.prefab using Guid(7af45b681a0317d4ca7e3b708a06140b) Importer(815301076,1909f56bfc062723c751e8b465ee728b)  -> (artifact id: '43334fa4098f7a09d4513292633eb8fe') in 0.012167 seconds 
========================================================================
Received Import Request.
  Time since last request: 0.000029 seconds.
  path: Assets/Scenes/MainGame/Assets/Map/Materials/Materials/medium/Prefabs/building11.prefab
  artifactKey: Guid(1dee492f5a47b88409caddbc530c01d7) Importer(815301076,1909f56bfc062723c751e8b465ee728b)
Start importing Assets/Scenes/MainGame/Assets/Map/Materials/Materials/medium/Prefabs/building11.prefab using Guid(1dee492f5a47b88409caddbc530c01d7) Importer(815301076,1909f56bfc062723c751e8b465ee728b)  -> (artifact id: '2c2d98c0cdca5f5fd07c56e5ea1eb9e9') in 0.006017 seconds 
========================================================================
Received Import Request.
  Time since last request: 0.000030 seconds.
  path: Assets/Scenes/MainGame/Assets/Map/Materials/Materials/medium/Prefabs/building7_Var2.prefab
  artifactKey: Guid(0d34189d31ccbcb4c90155e8d57ce778) Importer(815301076,1909f56bfc062723c751e8b465ee728b)
Start importing Assets/Scenes/MainGame/Assets/Map/Materials/Materials/medium/Prefabs/building7_Var2.prefab using Guid(0d34189d31ccbcb4c90155e8d57ce778) Importer(815301076,1909f56bfc062723c751e8b465ee728b)  -> (artifact id: '1635284bed592a6a2c0263ee19a85d4d') in 0.012371 seconds 
========================================================================
Received Import Request.
  Time since last request: 0.000042 seconds.
  path: Assets/Scenes/MainGame/Assets/Map/Materials/Materials/medium/Prefabs/building7_Var1.prefab
  artifactKey: Guid(83ddb43449bcd7f48be79d9c3d2fc261) Importer(815301076,1909f56bfc062723c751e8b465ee728b)
Start importing Assets/Scenes/MainGame/Assets/Map/Materials/Materials/medium/Prefabs/building7_Var1.prefab using Guid(83ddb43449bcd7f48be79d9c3d2fc261) Importer(815301076,1909f56bfc062723c751e8b465ee728b)  -> (artifact id: '4fa0473a645a5175173e1a511ef6a8a3') in 0.009827 seconds 
========================================================================
Received Import Request.
  Time since last request: 1.927008 seconds.
  path: Assets/Scenes/MainGame/Assets/Map/Materials/Materials/building1 (1).prefab
  artifactKey: Guid(1d80d737b50f4fa4793c26ff15f0aa17) Importer(815301076,1909f56bfc062723c751e8b465ee728b)
Start importing Assets/Scenes/MainGame/Assets/Map/Materials/Materials/building1 (1).prefab using Guid(1d80d737b50f4fa4793c26ff15f0aa17) Importer(815301076,1909f56bfc062723c751e8b465ee728b)  -> (artifact id: 'fe59f5ea62bf8c796e15076cf4a8906b') in 0.373355 seconds 
Editor requested this worker to shutdown with reason: Scaling down because of idle timeout
AssetImportWorker is now disconnected from the server
Process exiting
Exiting without the bug reporter. Application will terminate with return code 0