Using pre-set license
Built from '2021.3/staging' branch; Version is '2021.3.18f1 (3129e69bc0c7) revision 3221990'; Using compiler version '192829333'; Build Type 'Release'
OS: 'Windows 11  (10.0.22621) 64bit Professional' Language: 'ja' Physical Memory: 16205 MB
BatchMode: 1, IsHumanControllingUs: 0, StartBugReporterOnCrash: 0, Is64bit: 1, IsPro: 1

COMMAND LINE ARGUMENTS:
C:\Program Files\Unity\Hub\Editor\2021.3.18f1\Editor\Unity.exe
-adb2
-batchMode
-noUpm
-name
AssetImportWorker12
-projectPath
C:/DoraFesMainProject/DoraFes
-logFile
Logs/AssetImportWorker12.log
-srvPort
55318
Successfully changed project path to: C:/DoraFesMainProject/DoraFes
C:/DoraFesMainProject/DoraFes
[UnityMemory] Configuration Parameters - Can be set up in boot.config
    "memorysetup-bucket-allocator-granularity=16"
    "memorysetup-bucket-allocator-bucket-count=8"
    "memorysetup-bucket-allocator-block-size=33554432"
    "memorysetup-bucket-allocator-block-count=8"
    "memorysetup-main-allocator-block-size=16777216"
    "memorysetup-thread-allocator-block-size=16777216"
    "memorysetup-gfx-main-allocator-block-size=16777216"
    "memorysetup-gfx-thread-allocator-block-size=16777216"
    "memorysetup-cache-allocator-block-size=4194304"
    "memorysetup-typetree-allocator-block-size=2097152"
    "memorysetup-profiler-bucket-allocator-granularity=16"
    "memorysetup-profiler-bucket-allocator-bucket-count=8"
    "memorysetup-profiler-bucket-allocator-block-size=33554432"
    "memorysetup-profiler-bucket-allocator-block-count=8"
    "memorysetup-profiler-allocator-block-size=16777216"
    "memorysetup-profiler-editor-allocator-block-size=1048576"
    "memorysetup-temp-allocator-size-main=16777216"
    "memorysetup-job-temp-allocator-block-size=2097152"
    "memorysetup-job-temp-allocator-block-size-background=1048576"
    "memorysetup-job-temp-allocator-reduction-small-platforms=262144"
    "memorysetup-temp-allocator-size-background-worker=32768"
    "memorysetup-temp-allocator-size-job-worker=262144"
    "memorysetup-temp-allocator-size-preload-manager=33554432"
    "memorysetup-temp-allocator-size-nav-mesh-worker=65536"
    "memorysetup-temp-allocator-size-audio-worker=65536"
    "memorysetup-temp-allocator-size-cloud-worker=32768"
    "memorysetup-temp-allocator-size-gi-baking-worker=262144"
    "memorysetup-temp-allocator-size-gfx=262144"
Player connection [11780] Host "[IP] 192.168.179.45 [Port] 0 [Flags] 2 [Guid] 421650890 [EditorId] 421650890 [Version] 1048832 [Id] WindowsEditor(7,win10ohs10598) [Debug] 1 [PackageName] WindowsEditor [ProjectName] Editor" joined multi-casting on [225.0.0.222:54997]...

Player connection [11780] Host "[IP] 192.168.179.45 [Port] 0 [Flags] 2 [Guid] 421650890 [EditorId] 421650890 [Version] 1048832 [Id] WindowsEditor(7,win10ohs10598) [Debug] 1 [PackageName] WindowsEditor [ProjectName] Editor" joined alternative multi-casting on [225.0.0.222:34997]...

Refreshing native plugins compatible for Editor in 172.38 ms, found 3 plugins.
Preloading 0 native plugins for Editor in 0.00 ms.
Initialize engine version: 2021.3.18f1 (3129e69bc0c7)
[Subsystems] Discovering subsystems at path C:/Program Files/Unity/Hub/Editor/2021.3.18f1/Editor/Data/Resources/UnitySubsystems
[Subsystems] Discovering subsystems at path C:/DoraFesMainProject/DoraFes/Assets
GfxDevice: creating device client; threaded=0; jobified=0
Direct3D:
    Version:  Direct3D 11.0 [level 11.1]
    Renderer: NVIDIA GeForce GTX 1650 Ti with Max-Q Design (ID=0x1f95)
    Vendor:   NVIDIA
    VRAM:     3962 MB
    Driver:   27.21.14.6221
Initialize mono
Mono path[0] = 'C:/Program Files/Unity/Hub/Editor/2021.3.18f1/Editor/Data/Managed'
Mono path[1] = 'C:/Program Files/Unity/Hub/Editor/2021.3.18f1/Editor/Data/MonoBleedingEdge/lib/mono/unityjit-win32'
Mono config path = 'C:/Program Files/Unity/Hub/Editor/2021.3.18f1/Editor/Data/MonoBleedingEdge/etc'
Using monoOptions --debugger-agent=transport=dt_socket,embedding=1,server=y,suspend=n,address=127.0.0.1:56312
Begin MonoManager ReloadAssembly
Registering precompiled unity dll's ...
Register platform support module: C:/Program Files/Unity/Hub/Editor/2021.3.18f1/Editor/Data/PlaybackEngines/AndroidPlayer/UnityEditor.Android.Extensions.dll
Register platform support module: C:/Program Files/Unity/Hub/Editor/2021.3.18f1/Editor/Data/PlaybackEngines/iOSSupport/UnityEditor.iOS.Extensions.dll
Register platform support module: C:/Program Files/Unity/Hub/Editor/2021.3.18f1/Editor/Data/PlaybackEngines/WindowsStandaloneSupport/UnityEditor.WindowsStandalone.Extensions.dll
Registered in 0.006169 seconds.
Native extension for WindowsStandalone target not found
[usbmuxd] Start listen thread
[usbmuxd] Listen thread started
[usbmuxd] Send listen message
Native extension for iOS target not found
Native extension for Android target not found
Android Extension - Scanning For ADB Devices 318 ms
Refreshing native plugins compatible for Editor in 130.88 ms, found 3 plugins.
Preloading 0 native plugins for Editor in 0.00 ms.
Mono: successfully reloaded assembly
- Completed reload, in  1.159 seconds
Domain Reload Profiling:
	ReloadAssembly (1160ms)
		BeginReloadAssembly (75ms)
			ExecutionOrderSort (0ms)
			DisableScriptedObjects (0ms)
			BackupInstance (0ms)
			ReleaseScriptingObjects (0ms)
			CreateAndSetChildDomain (1ms)
		EndReloadAssembly (955ms)
			LoadAssemblies (74ms)
			RebuildTransferFunctionScriptingTraits (0ms)
			SetupTypeCache (156ms)
			ReleaseScriptCaches (0ms)
			RebuildScriptCaches (37ms)
			SetupLoadedEditorAssemblies (699ms)
				LogAssemblyErrors (0ms)
				InitializePlatformSupportModulesInManaged (406ms)
				SetLoadedEditorAssemblies (0ms)
				RefreshPlugins (131ms)
				BeforeProcessingInitializeOnLoad (1ms)
				ProcessInitializeOnLoadAttributes (111ms)
				ProcessInitializeOnLoadMethodAttributes (49ms)
				AfterProcessingInitializeOnLoad (0ms)
				EditorAssembliesLoaded (0ms)
			ExecutionOrderSort2 (0ms)
			AwakeInstancesAfterBackupRestoration (0ms)
Platform modules already initialized, skipping
Registering precompiled user dll's ...
Registered in 0.006733 seconds.
Begin MonoManager ReloadAssembly
Symbol file LoadedFromMemory doesn't match image C:\DoraFesMainProject\DoraFes\Library\PackageCache\com.unity.visualscripting@1.8.0\Editor\VisualScripting.Core\Dependencies\YamlDotNet\Unity.VisualScripting.YamlDotNet.dll
Symbol file LoadedFromMemory doesn't match image C:\DoraFesMainProject\DoraFes\Library\PackageCache\com.unity.visualscripting@1.8.0\Editor\VisualScripting.Core\Dependencies\DotNetZip\Unity.VisualScripting.IonicZip.dll
Native extension for WindowsStandalone target not found
Native extension for iOS target not found
Native extension for Android target not found
Refreshing native plugins compatible for Editor in 117.34 ms, found 3 plugins.
Preloading 0 native plugins for Editor in 0.00 ms.
Mono: successfully reloaded assembly
- Completed reload, in  1.609 seconds
Domain Reload Profiling:
	ReloadAssembly (1610ms)
		BeginReloadAssembly (131ms)
			ExecutionOrderSort (0ms)
			DisableScriptedObjects (10ms)
			BackupInstance (0ms)
			ReleaseScriptingObjects (0ms)
			CreateAndSetChildDomain (26ms)
		EndReloadAssembly (1327ms)
			LoadAssemblies (98ms)
			RebuildTransferFunctionScriptingTraits (0ms)
			SetupTypeCache (362ms)
			ReleaseScriptCaches (1ms)
			RebuildScriptCaches (67ms)
			SetupLoadedEditorAssemblies (744ms)
				LogAssemblyErrors (0ms)
				InitializePlatformSupportModulesInManaged (23ms)
				SetLoadedEditorAssemblies (0ms)
				RefreshPlugins (117ms)
				BeforeProcessingInitializeOnLoad (133ms)
				ProcessInitializeOnLoadAttributes (316ms)
				ProcessInitializeOnLoadMethodAttributes (147ms)
				AfterProcessingInitializeOnLoad (8ms)
				EditorAssembliesLoaded (0ms)
			ExecutionOrderSort2 (0ms)
			AwakeInstancesAfterBackupRestoration (8ms)
Platform modules already initialized, skipping
========================================================================
Worker process is ready to serve import requests
Launched and connected shader compiler UnityShaderCompiler.exe after 0.06 seconds
Refreshing native plugins compatible for Editor in 2.34 ms, found 3 plugins.
Preloading 0 native plugins for Editor in 0.00 ms.
Unloading 5038 Unused Serialized files (Serialized files now loaded: 0)
Unloading 86 unused Assets / (13.4 MB). Loaded Objects now: 5460.
Memory consumption went from 317.0 MB to 303.6 MB.
Total: 20.888700 ms (FindLiveObjects: 0.766900 ms CreateObjectMapping: 0.729100 ms MarkObjects: 7.913700 ms  DeleteObjects: 11.476200 ms)

AssetImportParameters requested are different than current active one (requested -> active):
  custom:video-decoder-ogg-theora: a1e56fd34408186e4bbccfd4996cb3dc -> 
  custom:container-muxer-webm: aa71ff27fc2769a1b78a27578f13a17b -> 
  custom:container-demuxer-webm: 4f35f7cbe854078d1ac9338744f61a02 -> 
  custom:video-encoder-webm-vp8: eb34c28f22e8b96e1ab97ce403110664 -> 
  custom:audio-encoder-webm-vorbis: bf7c407c2cedff20999df2af8eb42d56 -> 
  custom:framework-win-MediaFoundation: 216162199b28c13a410421893ffa2e32 -> 
  custom:container-demuxer-ogg: 62fdf1f143b41e24485cea50d1cbac27 -> 
  custom:video-decoder-webm-vp8: 9c59270c3fd7afecdb556c50c9e8de78 -> 
  custom:audio-decoder-ogg-vorbis: bf7c407c2cedff20999df2af8eb42d56 -> 
========================================================================
Received Prepare
Registering precompiled user dll's ...
Registered in 0.009173 seconds.
Begin MonoManager ReloadAssembly
Symbol file LoadedFromMemory doesn't match image C:\DoraFesMainProject\DoraFes\Library\PackageCache\com.unity.visualscripting@1.8.0\Editor\VisualScripting.Core\Dependencies\YamlDotNet\Unity.VisualScripting.YamlDotNet.dll
Symbol file LoadedFromMemory doesn't match image C:\DoraFesMainProject\DoraFes\Library\PackageCache\com.unity.visualscripting@1.8.0\Editor\VisualScripting.Core\Dependencies\DotNetZip\Unity.VisualScripting.IonicZip.dll
Native extension for WindowsStandalone target not found
Native extension for iOS target not found
Native extension for Android target not found
Refreshing native plugins compatible for Editor in 2.39 ms, found 3 plugins.
Preloading 0 native plugins for Editor in 0.00 ms.
Mono: successfully reloaded assembly
- Completed reload, in  2.161 seconds
Domain Reload Profiling:
	ReloadAssembly (2162ms)
		BeginReloadAssembly (204ms)
			ExecutionOrderSort (0ms)
			DisableScriptedObjects (8ms)
			BackupInstance (0ms)
			ReleaseScriptingObjects (0ms)
			CreateAndSetChildDomain (63ms)
		EndReloadAssembly (1750ms)
			LoadAssemblies (138ms)
			RebuildTransferFunctionScriptingTraits (0ms)
			SetupTypeCache (542ms)
			ReleaseScriptCaches (3ms)
			RebuildScriptCaches (94ms)
			SetupLoadedEditorAssemblies (861ms)
				LogAssemblyErrors (0ms)
				InitializePlatformSupportModulesInManaged (60ms)
				SetLoadedEditorAssemblies (1ms)
				RefreshPlugins (3ms)
				BeforeProcessingInitializeOnLoad (206ms)
				ProcessInitializeOnLoadAttributes (401ms)
				ProcessInitializeOnLoadMethodAttributes (176ms)
				AfterProcessingInitializeOnLoad (13ms)
				EditorAssembliesLoaded (0ms)
			ExecutionOrderSort2 (0ms)
			AwakeInstancesAfterBackupRestoration (27ms)
Platform modules already initialized, skipping
Refreshing native plugins compatible for Editor in 25.95 ms, found 3 plugins.
Preloading 0 native plugins for Editor in 0.00 ms.
Unloading 4849 Unused Serialized files (Serialized files now loaded: 0)
Unloading 78 unused Assets / (13.5 MB). Loaded Objects now: 5463.
Memory consumption went from 303.4 MB to 289.9 MB.
Total: 85.710500 ms (FindLiveObjects: 0.932400 ms CreateObjectMapping: 1.261800 ms MarkObjects: 7.487100 ms  DeleteObjects: 76.027100 ms)

AssetImportParameters requested are different than current active one (requested -> active):
  custom:video-decoder-ogg-theora: a1e56fd34408186e4bbccfd4996cb3dc -> 
  custom:container-muxer-webm: aa71ff27fc2769a1b78a27578f13a17b -> 
  custom:container-demuxer-webm: 4f35f7cbe854078d1ac9338744f61a02 -> 
  custom:video-encoder-webm-vp8: eb34c28f22e8b96e1ab97ce403110664 -> 
  custom:audio-encoder-webm-vorbis: bf7c407c2cedff20999df2af8eb42d56 -> 
  custom:framework-win-MediaFoundation: 216162199b28c13a410421893ffa2e32 -> 
  custom:container-demuxer-ogg: 62fdf1f143b41e24485cea50d1cbac27 -> 
  custom:video-decoder-webm-vp8: 9c59270c3fd7afecdb556c50c9e8de78 -> 
  custom:audio-decoder-ogg-vorbis: bf7c407c2cedff20999df2af8eb42d56 -> 
========================================================================
Received Import Request.
  Time since last request: 294380.094181 seconds.
  path: Assets/Scenes/MainGame/Assets/Map/Materials/Materials/medium/Prefabs/building1_Var1.prefab
  artifactKey: Guid(dc446cfa79070dc45a5e4cd1442e2eda) Importer(815301076,1909f56bfc062723c751e8b465ee728b)
Start importing Assets/Scenes/MainGame/Assets/Map/Materials/Materials/medium/Prefabs/building1_Var1.prefab using Guid(dc446cfa79070dc45a5e4cd1442e2eda) Importer(815301076,1909f56bfc062723c751e8b465ee728b)  -> (artifact id: '7b89b478e4342b38c432f1f78751d70d') in 0.066464 seconds 
========================================================================
Received Import Request.
  Time since last request: 0.000083 seconds.
  path: Assets/Scenes/MainGame/Assets/Map/Materials/Materials/medium/Prefabs/building6.prefab
  artifactKey: Guid(3b65cf3e083c5554e866035a6bb31f8b) Importer(815301076,1909f56bfc062723c751e8b465ee728b)
Start importing Assets/Scenes/MainGame/Assets/Map/Materials/Materials/medium/Prefabs/building6.prefab using Guid(3b65cf3e083c5554e866035a6bb31f8b) Importer(815301076,1909f56bfc062723c751e8b465ee728b)  -> (artifact id: '4ea0fdffed13d16717e7a1abce876a5f') in 0.003027 seconds 
========================================================================
Received Import Request.
  Time since last request: 0.000045 seconds.
  path: Assets/Scenes/MainGame/Assets/Map/Materials/Materials/medium/Prefabs/building3.prefab
  artifactKey: Guid(6a71beaed34e2c54592892318e99e22b) Importer(815301076,1909f56bfc062723c751e8b465ee728b)
Start importing Assets/Scenes/MainGame/Assets/Map/Materials/Materials/medium/Prefabs/building3.prefab using Guid(6a71beaed34e2c54592892318e99e22b) Importer(815301076,1909f56bfc062723c751e8b465ee728b)  -> (artifact id: 'bbabe0e955a0680d94dbb76eb8802f88') in 0.005612 seconds 
========================================================================
Received Import Request.
  Time since last request: 0.000019 seconds.
  path: Assets/Scenes/MainGame/Assets/Map/Materials/Materials/medium/Prefabs/building4_Var2.prefab
  artifactKey: Guid(8f72e9129c900fc459b6077f11cb3765) Importer(815301076,1909f56bfc062723c751e8b465ee728b)
Start importing Assets/Scenes/MainGame/Assets/Map/Materials/Materials/medium/Prefabs/building4_Var2.prefab using Guid(8f72e9129c900fc459b6077f11cb3765) Importer(815301076,1909f56bfc062723c751e8b465ee728b)  -> (artifact id: '0225701a8256e46b685c630c3eab9b75') in 0.010647 seconds 
========================================================================
Received Import Request.
  Time since last request: 0.000028 seconds.
  path: Assets/Scenes/MainGame/Assets/Map/Materials/Materials/medium/Prefabs/building14.prefab
  artifactKey: Guid(d0dd05fe6a763e348aac1bc2641cc9f2) Importer(815301076,1909f56bfc062723c751e8b465ee728b)
Start importing Assets/Scenes/MainGame/Assets/Map/Materials/Materials/medium/Prefabs/building14.prefab using Guid(d0dd05fe6a763e348aac1bc2641cc9f2) Importer(815301076,1909f56bfc062723c751e8b465ee728b)  -> (artifact id: '5de876c79d952b926921dfd30835031d') in 0.004505 seconds 
========================================================================
Received Import Request.
  Time since last request: 0.000019 seconds.
  path: Assets/Scenes/MainGame/Assets/Map/Materials/Materials/medium/Prefabs/building5.prefab
  artifactKey: Guid(be20c7ee1a1c1f04c81f195eecb07b4d) Importer(815301076,1909f56bfc062723c751e8b465ee728b)
Start importing Assets/Scenes/MainGame/Assets/Map/Materials/Materials/medium/Prefabs/building5.prefab using Guid(be20c7ee1a1c1f04c81f195eecb07b4d) Importer(815301076,1909f56bfc062723c751e8b465ee728b)  -> (artifact id: 'eb909fedbc58fc3f30a642f00db5e013') in 0.004160 seconds 
========================================================================
Received Import Request.
  Time since last request: 0.000049 seconds.
  path: Assets/Scenes/MainGame/Assets/Map/Materials/Materials/medium/Prefabs/building11_Var1.prefab
  artifactKey: Guid(ac476c2ba2857d2419bfb41c6d07057a) Importer(815301076,1909f56bfc062723c751e8b465ee728b)
Start importing Assets/Scenes/MainGame/Assets/Map/Materials/Materials/medium/Prefabs/building11_Var1.prefab using Guid(ac476c2ba2857d2419bfb41c6d07057a) Importer(815301076,1909f56bfc062723c751e8b465ee728b)  -> (artifact id: 'b71c27f3aa532ca04dcf8160f03162e8') in 0.010531 seconds 
========================================================================
Received Import Request.
  Time since last request: 0.000053 seconds.
  path: Assets/Scenes/MainGame/Assets/Map/Materials/Materials/medium/Prefabs/building4.prefab
  artifactKey: Guid(aa1fbb38b6c4cb44886153590876f723) Importer(815301076,1909f56bfc062723c751e8b465ee728b)
Start importing Assets/Scenes/MainGame/Assets/Map/Materials/Materials/medium/Prefabs/building4.prefab using Guid(aa1fbb38b6c4cb44886153590876f723) Importer(815301076,1909f56bfc062723c751e8b465ee728b)  -> (artifact id: '4f3b925fc70eaacba28bd4c5041579f2') in 0.013646 seconds 
========================================================================
Received Import Request.
  Time since last request: 0.000027 seconds.
  path: Assets/Scenes/MainGame/Assets/Map/Materials/Materials/medium/Prefabs/building1_Var2.prefab
  artifactKey: Guid(e4eaaa2165241b14a818703abf0032a7) Importer(815301076,1909f56bfc062723c751e8b465ee728b)
Start importing Assets/Scenes/MainGame/Assets/Map/Materials/Materials/medium/Prefabs/building1_Var2.prefab using Guid(e4eaaa2165241b14a818703abf0032a7) Importer(815301076,1909f56bfc062723c751e8b465ee728b)  -> (artifact id: '08e7ee7385789885ae6ce026c023c7ab') in 0.010671 seconds 
========================================================================
Received Import Request.
  Time since last request: 0.000031 seconds.
  path: Assets/Scenes/MainGame/Assets/Map/Materials/Materials/medium/Prefabs/building2_Var1.prefab
  artifactKey: Guid(3ea02115b1b67094199d85996aefb19a) Importer(815301076,1909f56bfc062723c751e8b465ee728b)
Start importing Assets/Scenes/MainGame/Assets/Map/Materials/Materials/medium/Prefabs/building2_Var1.prefab using Guid(3ea02115b1b67094199d85996aefb19a) Importer(815301076,1909f56bfc062723c751e8b465ee728b)  -> (artifact id: 'c0e9a1c8539da4a04b7192536e0774bb') in 0.011093 seconds 
========================================================================
Received Import Request.
  Time since last request: 0.000034 seconds.
  path: Assets/Scenes/MainGame/Assets/Map/Materials/Materials/medium/Prefabs/building11_Var2.prefab
  artifactKey: Guid(2181a4a8c5eaefb47b12ff1e4285edc4) Importer(815301076,1909f56bfc062723c751e8b465ee728b)
Start importing Assets/Scenes/MainGame/Assets/Map/Materials/Materials/medium/Prefabs/building11_Var2.prefab using Guid(2181a4a8c5eaefb47b12ff1e4285edc4) Importer(815301076,1909f56bfc062723c751e8b465ee728b)  -> (artifact id: '796861153720741f4ec90f3cd9acfd54') in 0.009791 seconds 
========================================================================
Received Import Request.
  Time since last request: 0.000033 seconds.
  path: Assets/Scenes/MainGame/Assets/Map/Materials/Materials/medium/Prefabs/building13.prefab
  artifactKey: Guid(cf2a734f6f60e104fb90bbcdb8582ce4) Importer(815301076,1909f56bfc062723c751e8b465ee728b)
Start importing Assets/Scenes/MainGame/Assets/Map/Materials/Materials/medium/Prefabs/building13.prefab using Guid(cf2a734f6f60e104fb90bbcdb8582ce4) Importer(815301076,1909f56bfc062723c751e8b465ee728b)  -> (artifact id: '69235fb912acf72ec58e28dd9e379094') in 0.006318 seconds 
========================================================================
Received Import Request.
  Time since last request: 0.000027 seconds.
  path: Assets/Scenes/MainGame/Assets/Map/Materials/Materials/medium/Prefabs/building12_Var1.prefab
  artifactKey: Guid(677dd7baefeb30d4585c9670f47fd09d) Importer(815301076,1909f56bfc062723c751e8b465ee728b)
Start importing Assets/Scenes/MainGame/Assets/Map/Materials/Materials/medium/Prefabs/building12_Var1.prefab using Guid(677dd7baefeb30d4585c9670f47fd09d) Importer(815301076,1909f56bfc062723c751e8b465ee728b)  -> (artifact id: 'b1cd3f32775dabfd11ae2597d8914c6f') in 0.013296 seconds 
========================================================================
Received Import Request.
  Time since last request: 0.000025 seconds.
  path: Assets/Scenes/MainGame/Assets/Map/Materials/Materials/medium/Prefabs/building14_Var1.prefab
  artifactKey: Guid(56d7e68472038ee4b9714998ef5bd4e7) Importer(815301076,1909f56bfc062723c751e8b465ee728b)
Start importing Assets/Scenes/MainGame/Assets/Map/Materials/Materials/medium/Prefabs/building14_Var1.prefab using Guid(56d7e68472038ee4b9714998ef5bd4e7) Importer(815301076,1909f56bfc062723c751e8b465ee728b)  -> (artifact id: '1369b8d2b3c1fcd1fa39c541018ef897') in 0.009896 seconds 
========================================================================
Received Import Request.
  Time since last request: 0.000069 seconds.
  path: Assets/Scenes/MainGame/Assets/Map/Materials/Materials/medium/Prefabs/building12.prefab
  artifactKey: Guid(4f85b07fea644ca44a19032dc27748d9) Importer(815301076,1909f56bfc062723c751e8b465ee728b)
Start importing Assets/Scenes/MainGame/Assets/Map/Materials/Materials/medium/Prefabs/building12.prefab using Guid(4f85b07fea644ca44a19032dc27748d9) Importer(815301076,1909f56bfc062723c751e8b465ee728b)  -> (artifact id: '9281517b2fed00b659a06e719524b916') in 0.003870 seconds 
========================================================================
Received Import Request.
  Time since last request: 0.000059 seconds.
  path: Assets/Scenes/MainGame/Assets/Map/Materials/Materials/medium/Prefabs/building2.prefab
  artifactKey: Guid(1220b968e0869e0478cf54f7f9a56b27) Importer(815301076,1909f56bfc062723c751e8b465ee728b)
Start importing Assets/Scenes/MainGame/Assets/Map/Materials/Materials/medium/Prefabs/building2.prefab using Guid(1220b968e0869e0478cf54f7f9a56b27) Importer(815301076,1909f56bfc062723c751e8b465ee728b)  -> (artifact id: '474fb399f29505a9b1ce8ec79989af41') in 0.004153 seconds 
========================================================================
Received Import Request.
  Time since last request: 0.000069 seconds.
  path: Assets/Scenes/MainGame/Assets/Map/Materials/Materials/medium/Prefabs/building6_Var1.prefab
  artifactKey: Guid(e0c43488c48417a48a030d25e64d4929) Importer(815301076,1909f56bfc062723c751e8b465ee728b)
Start importing Assets/Scenes/MainGame/Assets/Map/Materials/Materials/medium/Prefabs/building6_Var1.prefab using Guid(e0c43488c48417a48a030d25e64d4929) Importer(815301076,1909f56bfc062723c751e8b465ee728b)  -> (artifact id: '7cdda4641d8707ea764d34d7ad282205') in 0.011196 seconds 
========================================================================
Received Import Request.
  Time since last request: 0.000030 seconds.
  path: Assets/Scenes/MainGame/Assets/Map/Materials/Materials/medium/Prefabs/building9.prefab
  artifactKey: Guid(4c7e052b920dc6e4abe6da05482a0937) Importer(815301076,1909f56bfc062723c751e8b465ee728b)
Start importing Assets/Scenes/MainGame/Assets/Map/Materials/Materials/medium/Prefabs/building9.prefab using Guid(4c7e052b920dc6e4abe6da05482a0937) Importer(815301076,1909f56bfc062723c751e8b465ee728b)  -> (artifact id: 'f1dd44cf5eb35221e273c47c528f3c36') in 0.005738 seconds 
========================================================================
Received Import Request.
  Time since last request: 0.000023 seconds.
  path: Assets/Scenes/MainGame/Assets/Map/Materials/Materials/medium/Prefabs/building8.prefab
  artifactKey: Guid(a05a8b871a5125041baa06f22ee1c1d9) Importer(815301076,1909f56bfc062723c751e8b465ee728b)
Start importing Assets/Scenes/MainGame/Assets/Map/Materials/Materials/medium/Prefabs/building8.prefab using Guid(a05a8b871a5125041baa06f22ee1c1d9) Importer(815301076,1909f56bfc062723c751e8b465ee728b)  -> (artifact id: '4607a44b0a67aaaa2103fa15fd0cee4a') in 0.004098 seconds 
========================================================================
Received Import Request.
  Time since last request: 0.000051 seconds.
  path: Assets/Scenes/MainGame/Assets/Map/Materials/Materials/medium/Prefabs/building3_Var1.prefab
  artifactKey: Guid(9defc708d00ce19428637a07c447fe28) Importer(815301076,1909f56bfc062723c751e8b465ee728b)
Start importing Assets/Scenes/MainGame/Assets/Map/Materials/Materials/medium/Prefabs/building3_Var1.prefab using Guid(9defc708d00ce19428637a07c447fe28) Importer(815301076,1909f56bfc062723c751e8b465ee728b)  -> (artifact id: 'b8da041e3064d49daebb40279d415490') in 0.011331 seconds 
========================================================================
Received Import Request.
  Time since last request: 0.000038 seconds.
  path: Assets/Scenes/MainGame/Assets/Map/Materials/Materials/medium/Prefabs/building10_Var1.prefab
  artifactKey: Guid(0cb0e0495c419c34f98ae87d4231eb79) Importer(815301076,1909f56bfc062723c751e8b465ee728b)
Start importing Assets/Scenes/MainGame/Assets/Map/Materials/Materials/medium/Prefabs/building10_Var1.prefab using Guid(0cb0e0495c419c34f98ae87d4231eb79) Importer(815301076,1909f56bfc062723c751e8b465ee728b)  -> (artifact id: 'cc527ed5f710c1ed4c2eff68b329dd36') in 0.012456 seconds 
========================================================================
Received Import Request.
  Time since last request: 0.000029 seconds.
  path: Assets/Scenes/MainGame/Assets/Map/Materials/Materials/medium/Prefabs/building14_Var2.prefab
  artifactKey: Guid(80fe81e016f748e4b8dfbd6a17c7abaa) Importer(815301076,1909f56bfc062723c751e8b465ee728b)
Start importing Assets/Scenes/MainGame/Assets/Map/Materials/Materials/medium/Prefabs/building14_Var2.prefab using Guid(80fe81e016f748e4b8dfbd6a17c7abaa) Importer(815301076,1909f56bfc062723c751e8b465ee728b)  -> (artifact id: 'e4fa24f0daf37f4311e42257f03ac618') in 0.011942 seconds 
Editor requested this worker to shutdown with reason: Scaling down because of idle timeout
AssetImportWorker is now disconnected from the server
Process exiting
Exiting without the bug reporter. Application will terminate with return code 0