Using pre-set license
Built from '2021.3/staging' branch; Version is '2021.3.18f1 (3129e69bc0c7) revision 3221990'; Using compiler version '192829333'; Build Type 'Release'
OS: 'Windows 11  (10.0.22621) 64bit Professional' Language: 'ja' Physical Memory: 16205 MB
BatchMode: 1, IsHumanControllingUs: 0, StartBugReporterOnCrash: 0, Is64bit: 1, IsPro: 1

COMMAND LINE ARGUMENTS:
C:\Program Files\Unity\Hub\Editor\2021.3.18f1\Editor\Unity.exe
-adb2
-batchMode
-noUpm
-name
AssetImportWorker1
-projectPath
C:/DoraFesMainProject/DoraFes
-logFile
Logs/AssetImportWorker1.log
-srvPort
50868
Successfully changed project path to: C:/DoraFesMainProject/DoraFes
C:/DoraFesMainProject/DoraFes
[UnityMemory] Configuration Parameters - Can be set up in boot.config
    "memorysetup-bucket-allocator-granularity=16"
    "memorysetup-bucket-allocator-bucket-count=8"
    "memorysetup-bucket-allocator-block-size=33554432"
    "memorysetup-bucket-allocator-block-count=8"
    "memorysetup-main-allocator-block-size=16777216"
    "memorysetup-thread-allocator-block-size=16777216"
    "memorysetup-gfx-main-allocator-block-size=16777216"
    "memorysetup-gfx-thread-allocator-block-size=16777216"
    "memorysetup-cache-allocator-block-size=4194304"
    "memorysetup-typetree-allocator-block-size=2097152"
    "memorysetup-profiler-bucket-allocator-granularity=16"
    "memorysetup-profiler-bucket-allocator-bucket-count=8"
    "memorysetup-profiler-bucket-allocator-block-size=33554432"
    "memorysetup-profiler-bucket-allocator-block-count=8"
    "memorysetup-profiler-allocator-block-size=16777216"
    "memorysetup-profiler-editor-allocator-block-size=1048576"
    "memorysetup-temp-allocator-size-main=16777216"
    "memorysetup-job-temp-allocator-block-size=2097152"
    "memorysetup-job-temp-allocator-block-size-background=1048576"
    "memorysetup-job-temp-allocator-reduction-small-platforms=262144"
    "memorysetup-temp-allocator-size-background-worker=32768"
    "memorysetup-temp-allocator-size-job-worker=262144"
    "memorysetup-temp-allocator-size-preload-manager=33554432"
    "memorysetup-temp-allocator-size-nav-mesh-worker=65536"
    "memorysetup-temp-allocator-size-audio-worker=65536"
    "memorysetup-temp-allocator-size-cloud-worker=32768"
    "memorysetup-temp-allocator-size-gi-baking-worker=262144"
    "memorysetup-temp-allocator-size-gfx=262144"
Player connection [6984] Host "[IP] 192.168.179.45 [Port] 0 [Flags] 2 [Guid] 3654068427 [EditorId] 3654068427 [Version] 1048832 [Id] WindowsEditor(7,win10ohs10598) [Debug] 1 [PackageName] WindowsEditor [ProjectName] Editor" joined multi-casting on [225.0.0.222:54997]...

Player connection [6984] Host "[IP] 192.168.179.45 [Port] 0 [Flags] 2 [Guid] 3654068427 [EditorId] 3654068427 [Version] 1048832 [Id] WindowsEditor(7,win10ohs10598) [Debug] 1 [PackageName] WindowsEditor [ProjectName] Editor" joined alternative multi-casting on [225.0.0.222:34997]...

Refreshing native plugins compatible for Editor in 116.77 ms, found 3 plugins.
Preloading 0 native plugins for Editor in 0.00 ms.
Initialize engine version: 2021.3.18f1 (3129e69bc0c7)
[Subsystems] Discovering subsystems at path C:/Program Files/Unity/Hub/Editor/2021.3.18f1/Editor/Data/Resources/UnitySubsystems
[Subsystems] Discovering subsystems at path C:/DoraFesMainProject/DoraFes/Assets
GfxDevice: creating device client; threaded=0; jobified=0
Direct3D:
    Version:  Direct3D 11.0 [level 11.1]
    Renderer: NVIDIA GeForce GTX 1650 Ti with Max-Q Design (ID=0x1f95)
    Vendor:   NVIDIA
    VRAM:     3962 MB
    Driver:   27.21.14.6221
Initialize mono
Mono path[0] = 'C:/Program Files/Unity/Hub/Editor/2021.3.18f1/Editor/Data/Managed'
Mono path[1] = 'C:/Program Files/Unity/Hub/Editor/2021.3.18f1/Editor/Data/MonoBleedingEdge/lib/mono/unityjit-win32'
Mono config path = 'C:/Program Files/Unity/Hub/Editor/2021.3.18f1/Editor/Data/MonoBleedingEdge/etc'
Using monoOptions --debugger-agent=transport=dt_socket,embedding=1,server=y,suspend=n,address=127.0.0.1:56740
Begin MonoManager ReloadAssembly
Registering precompiled unity dll's ...
Register platform support module: C:/Program Files/Unity/Hub/Editor/2021.3.18f1/Editor/Data/PlaybackEngines/AndroidPlayer/UnityEditor.Android.Extensions.dll
Register platform support module: C:/Program Files/Unity/Hub/Editor/2021.3.18f1/Editor/Data/PlaybackEngines/iOSSupport/UnityEditor.iOS.Extensions.dll
Register platform support module: C:/Program Files/Unity/Hub/Editor/2021.3.18f1/Editor/Data/PlaybackEngines/WindowsStandaloneSupport/UnityEditor.WindowsStandalone.Extensions.dll
Registered in 0.005349 seconds.
Native extension for WindowsStandalone target not found
[usbmuxd] Start listen thread
[usbmuxd] Listen thread started
[usbmuxd] Send listen message
Native extension for iOS target not found
Native extension for Android target not found
Android Extension - Scanning For ADB Devices 227 ms
Refreshing native plugins compatible for Editor in 113.56 ms, found 3 plugins.
Preloading 0 native plugins for Editor in 0.00 ms.
Mono: successfully reloaded assembly
- Completed reload, in  0.870 seconds
Domain Reload Profiling:
	ReloadAssembly (871ms)
		BeginReloadAssembly (62ms)
			ExecutionOrderSort (0ms)
			DisableScriptedObjects (0ms)
			BackupInstance (0ms)
			ReleaseScriptingObjects (0ms)
			CreateAndSetChildDomain (1ms)
		EndReloadAssembly (710ms)
			LoadAssemblies (61ms)
			RebuildTransferFunctionScriptingTraits (0ms)
			SetupTypeCache (99ms)
			ReleaseScriptCaches (0ms)
			RebuildScriptCaches (26ms)
			SetupLoadedEditorAssemblies (537ms)
				LogAssemblyErrors (0ms)
				InitializePlatformSupportModulesInManaged (301ms)
				SetLoadedEditorAssemblies (0ms)
				RefreshPlugins (114ms)
				BeforeProcessingInitializeOnLoad (1ms)
				ProcessInitializeOnLoadAttributes (81ms)
				ProcessInitializeOnLoadMethodAttributes (39ms)
				AfterProcessingInitializeOnLoad (0ms)
				EditorAssembliesLoaded (0ms)
			ExecutionOrderSort2 (0ms)
			AwakeInstancesAfterBackupRestoration (0ms)
Platform modules already initialized, skipping
Registering precompiled user dll's ...
Registered in 0.008760 seconds.
Begin MonoManager ReloadAssembly
Symbol file LoadedFromMemory doesn't match image C:\DoraFesMainProject\DoraFes\Library\PackageCache\com.unity.visualscripting@1.8.0\Editor\VisualScripting.Core\Dependencies\YamlDotNet\Unity.VisualScripting.YamlDotNet.dll
Symbol file LoadedFromMemory doesn't match image C:\DoraFesMainProject\DoraFes\Library\PackageCache\com.unity.visualscripting@1.8.0\Editor\VisualScripting.Core\Dependencies\DotNetZip\Unity.VisualScripting.IonicZip.dll
Native extension for WindowsStandalone target not found
Native extension for iOS target not found
Native extension for Android target not found
Refreshing native plugins compatible for Editor in 115.90 ms, found 3 plugins.
Preloading 0 native plugins for Editor in 0.00 ms.
System.Reflection.TargetInvocationException: Exception has been thrown by the target of an invocation. ---> System.IO.IOException: Sharing violation on path C:\DoraFesMainProject\DoraFes\Assets\Scenes\MainGame\lilToon\Editor\CurrentRP.txt
  at System.IO.FileStream..ctor (System.String path, System.IO.FileMode mode, System.IO.FileAccess access, System.IO.FileShare share, System.Int32 bufferSize, System.Boolean anonymous, System.IO.FileOptions options) [0x0019e] in <1f66344f2f89470293d8b67d71308c07>:0 
  at System.IO.FileStream..ctor (System.String path, System.IO.FileMode mode, System.IO.FileAccess access, System.IO.FileShare share, System.Int32 bufferSize, System.IO.FileOptions options) [0x00000] in <1f66344f2f89470293d8b67d71308c07>:0 
  at (wrapper remoting-invoke-with-check) System.IO.FileStream..ctor(string,System.IO.FileMode,System.IO.FileAccess,System.IO.FileShare,int,System.IO.FileOptions)
  at System.IO.StreamWriter..ctor (System.String path, System.Boolean append, System.Text.Encoding encoding, System.Int32 bufferSize) [0x00055] in <1f66344f2f89470293d8b67d71308c07>:0 
  at System.IO.StreamWriter..ctor (System.String path, System.Boolean append) [0x00008] in <1f66344f2f89470293d8b67d71308c07>:0 
  at (wrapper remoting-invoke-with-check) System.IO.StreamWriter..ctor(string,bool)
  at lilToon.lilStartup.lilStartupMethod () [0x0009b] in C:\DoraFesMainProject\DoraFes\Assets\Scenes\MainGame\lilToon\Editor\lilStartup.cs:81 
  at (wrapper managed-to-native) System.Reflection.RuntimeMethodInfo.InternalInvoke(System.Reflection.RuntimeMethodInfo,object,object[],System.Exception&)
  at System.Reflection.RuntimeMethodInfo.Invoke (System.Object obj, System.Reflection.BindingFlags invokeAttr, System.Reflection.Binder binder, System.Object[] parameters, System.Globalization.CultureInfo culture) [0x0006a] in <1f66344f2f89470293d8b67d71308c07>:0 
   --- End of inner exception stack trace ---
  at System.Reflection.RuntimeMethodInfo.Invoke (System.Object obj, System.Reflection.BindingFlags invokeAttr, System.Reflection.Binder binder, System.Object[] parameters, System.Globalization.CultureInfo culture) [0x00083] in <1f66344f2f89470293d8b67d71308c07>:0 
  at System.Reflection.MethodBase.Invoke (System.Object obj, System.Object[] parameters) [0x00000] in <1f66344f2f89470293d8b67d71308c07>:0 
  at UnityEditor.EditorAssemblies.ProcessInitializeOnLoadMethodAttributes () [0x000a5] in <42a64fd733d9417da1ea3a757ad9a96d>:0 
UnityEngine.StackTraceUtility:ExtractStackTrace ()
UnityEngine.DebugLogHandler:LogFormat (UnityEngine.LogType,UnityEngine.Object,string,object[])
UnityEngine.Logger:Log (UnityEngine.LogType,object)
UnityEngine.Debug:LogError (object)
UnityEditor.EditorAssemblies:ProcessInitializeOnLoadMethodAttributes ()

Mono: successfully reloaded assembly
- Completed reload, in  1.349 seconds
Domain Reload Profiling:
	ReloadAssembly (1350ms)
		BeginReloadAssembly (98ms)
			ExecutionOrderSort (0ms)
			DisableScriptedObjects (5ms)
			BackupInstance (0ms)
			ReleaseScriptingObjects (0ms)
			CreateAndSetChildDomain (20ms)
		EndReloadAssembly (1147ms)
			LoadAssemblies (78ms)
			RebuildTransferFunctionScriptingTraits (0ms)
			SetupTypeCache (262ms)
			ReleaseScriptCaches (1ms)
			RebuildScriptCaches (62ms)
			SetupLoadedEditorAssemblies (701ms)
				LogAssemblyErrors (0ms)
				InitializePlatformSupportModulesInManaged (23ms)
				SetLoadedEditorAssemblies (0ms)
				RefreshPlugins (116ms)
				BeforeProcessingInitializeOnLoad (137ms)
				ProcessInitializeOnLoadAttributes (297ms)
				ProcessInitializeOnLoadMethodAttributes (123ms)
				AfterProcessingInitializeOnLoad (5ms)
				EditorAssembliesLoaded (0ms)
			ExecutionOrderSort2 (0ms)
			AwakeInstancesAfterBackupRestoration (5ms)
Platform modules already initialized, skipping
========================================================================
Worker process is ready to serve import requests
Launched and connected shader compiler UnityShaderCompiler.exe after 0.04 seconds
Refreshing native plugins compatible for Editor in 1.14 ms, found 3 plugins.
Preloading 0 native plugins for Editor in 0.00 ms.
Unloading 5497 Unused Serialized files (Serialized files now loaded: 0)
Unloading 87 unused Assets / (13.4 MB). Loaded Objects now: 5922.
Memory consumption went from 341.3 MB to 328.0 MB.
Total: 9.462000 ms (FindLiveObjects: 0.429800 ms CreateObjectMapping: 0.473300 ms MarkObjects: 3.018800 ms  DeleteObjects: 5.539500 ms)

AssetImportParameters requested are different than current active one (requested -> active):
  custom:video-decoder-ogg-theora: a1e56fd34408186e4bbccfd4996cb3dc -> 
  custom:container-muxer-webm: aa71ff27fc2769a1b78a27578f13a17b -> 
  custom:container-demuxer-webm: 4f35f7cbe854078d1ac9338744f61a02 -> 
  custom:video-encoder-webm-vp8: eb34c28f22e8b96e1ab97ce403110664 -> 
  custom:audio-encoder-webm-vorbis: bf7c407c2cedff20999df2af8eb42d56 -> 
  custom:framework-win-MediaFoundation: 216162199b28c13a410421893ffa2e32 -> 
  custom:container-demuxer-ogg: 62fdf1f143b41e24485cea50d1cbac27 -> 
  custom:video-decoder-webm-vp8: 9c59270c3fd7afecdb556c50c9e8de78 -> 
  custom:audio-decoder-ogg-vorbis: bf7c407c2cedff20999df2af8eb42d56 -> 
========================================================================
Received Import Request.
  Time since last request: 2885.415494 seconds.
  path: Assets/Scenes/MainGame/World3/Map/block1_sand.prefab
  artifactKey: Guid(60f43ebba5c1fe64a81620c99b1c509c) Importer(815301076,1909f56bfc062723c751e8b465ee728b)
Start importing Assets/Scenes/MainGame/World3/Map/block1_sand.prefab using Guid(60f43ebba5c1fe64a81620c99b1c509c) Importer(815301076,1909f56bfc062723c751e8b465ee728b)  -> (artifact id: '6702bccc6ce640c0b115a65d6762bfee') in 0.301229 seconds 
========================================================================
Received Import Request.
  Time since last request: 125.794755 seconds.
  path: Assets/Scenes/MainGame/World5/City/beon_blue.mat
  artifactKey: Guid(b0112320593f5ab4187ded45f25c61cd) Importer(815301076,1909f56bfc062723c751e8b465ee728b)
Start importing Assets/Scenes/MainGame/World5/City/beon_blue.mat using Guid(b0112320593f5ab4187ded45f25c61cd) Importer(815301076,1909f56bfc062723c751e8b465ee728b)  -> (artifact id: 'a4e9aef0a5d296b944a433524606ca50') in 0.031625 seconds 
========================================================================
Received Import Request.
  Time since last request: 0.000034 seconds.
  path: Assets/Scenes/MainGame/World5/City/building1 (2) 2.prefab
  artifactKey: Guid(18b3868313dc7a54897a7403fad38169) Importer(815301076,1909f56bfc062723c751e8b465ee728b)
Start importing Assets/Scenes/MainGame/World5/City/building1 (2) 2.prefab using Guid(18b3868313dc7a54897a7403fad38169) Importer(815301076,1909f56bfc062723c751e8b465ee728b)  -> (artifact id: '6a6de368a3e0bd973474409735ba7f52') in 0.022823 seconds 
========================================================================
Received Import Request.
  Time since last request: 0.000029 seconds.
  path: Assets/Scenes/MainGame/World5/City/building1 (4).prefab
  artifactKey: Guid(32ca63b2822d960498ce3e318f6e1562) Importer(815301076,1909f56bfc062723c751e8b465ee728b)
Start importing Assets/Scenes/MainGame/World5/City/building1 (4).prefab using Guid(32ca63b2822d960498ce3e318f6e1562) Importer(815301076,1909f56bfc062723c751e8b465ee728b)  -> (artifact id: 'e80787e6bf0d6328e2fda19528a0b713') in 0.018895 seconds 
========================================================================
Received Import Request.
  Time since last request: 0.000025 seconds.
  path: Assets/Scenes/MainGame/World5/City/building1 (9).prefab
  artifactKey: Guid(4abfdf4a6da7dd749a68e225827496e6) Importer(815301076,1909f56bfc062723c751e8b465ee728b)
Start importing Assets/Scenes/MainGame/World5/City/building1 (9).prefab using Guid(4abfdf4a6da7dd749a68e225827496e6) Importer(815301076,1909f56bfc062723c751e8b465ee728b)  -> (artifact id: 'e4a8d80ce36aefb9230380d18bc1e15f') in 0.017371 seconds 
========================================================================
Received Import Request.
  Time since last request: 0.000019 seconds.
  path: Assets/Scenes/MainGame/World5/City/building1 (10).prefab
  artifactKey: Guid(dcb67710c69a5b948b04ec4a2d309ebd) Importer(815301076,1909f56bfc062723c751e8b465ee728b)
Start importing Assets/Scenes/MainGame/World5/City/building1 (10).prefab using Guid(dcb67710c69a5b948b04ec4a2d309ebd) Importer(815301076,1909f56bfc062723c751e8b465ee728b)  -> (artifact id: 'dc687b3e26d6a6d7edb11c341dff2e49') in 0.015154 seconds 
========================================================================
Received Import Request.
  Time since last request: 0.000020 seconds.
  path: Assets/Scenes/MainGame/World5/City/building1 (6).prefab
  artifactKey: Guid(ea8d89f8243e10641a1f405244611a0c) Importer(815301076,1909f56bfc062723c751e8b465ee728b)
Start importing Assets/Scenes/MainGame/World5/City/building1 (6).prefab using Guid(ea8d89f8243e10641a1f405244611a0c) Importer(815301076,1909f56bfc062723c751e8b465ee728b)  -> (artifact id: 'e62a765d976a494e46c21cc00cef85f7') in 0.020245 seconds 
========================================================================
Received Import Request.
  Time since last request: 0.000027 seconds.
  path: Assets/Scenes/MainGame/World5/City/building1 (14) 1.prefab
  artifactKey: Guid(d9dfce1edd0b2134f90d543e78dfda78) Importer(815301076,1909f56bfc062723c751e8b465ee728b)
Start importing Assets/Scenes/MainGame/World5/City/building1 (14) 1.prefab using Guid(d9dfce1edd0b2134f90d543e78dfda78) Importer(815301076,1909f56bfc062723c751e8b465ee728b)  -> (artifact id: 'b0bf6899272e8aa7a88e8249fe6504fd') in 0.021008 seconds 
========================================================================
Received Import Request.
  Time since last request: 0.000040 seconds.
  path: Assets/Scenes/MainGame/World5/City/building1 (2).prefab
  artifactKey: Guid(215ee9906ad355443a7a5251b3853501) Importer(815301076,1909f56bfc062723c751e8b465ee728b)
Start importing Assets/Scenes/MainGame/World5/City/building1 (2).prefab using Guid(215ee9906ad355443a7a5251b3853501) Importer(815301076,1909f56bfc062723c751e8b465ee728b)  -> (artifact id: 'b755770eb7e1aa6cb0adf9c6f975dd72') in 0.019293 seconds 
========================================================================
Received Import Request.
  Time since last request: 0.000064 seconds.
  path: Assets/Scenes/MainGame/World5/City/building1 (14).prefab
  artifactKey: Guid(1a659c0c2a6379649a5307615b44296e) Importer(815301076,1909f56bfc062723c751e8b465ee728b)
Start importing Assets/Scenes/MainGame/World5/City/building1 (14).prefab using Guid(1a659c0c2a6379649a5307615b44296e) Importer(815301076,1909f56bfc062723c751e8b465ee728b)  -> (artifact id: '91d7e841ccaa6c42426ff7abee46beef') in 0.019653 seconds 
========================================================================
Received Import Request.
  Time since last request: 0.000037 seconds.
  path: Assets/Scenes/MainGame/World5/City/building1 (13).prefab
  artifactKey: Guid(1cd0ba050686f1b4b940439e93b0af89) Importer(815301076,1909f56bfc062723c751e8b465ee728b)
Start importing Assets/Scenes/MainGame/World5/City/building1 (13).prefab using Guid(1cd0ba050686f1b4b940439e93b0af89) Importer(815301076,1909f56bfc062723c751e8b465ee728b)  -> (artifact id: 'e4d370f9fdba01859fbd0591b2680fcb') in 0.029272 seconds 
========================================================================
Received Import Request.
  Time since last request: 0.000027 seconds.
  path: Assets/Scenes/MainGame/World5/City/building1 (18).prefab
  artifactKey: Guid(71386a08f031a3a4eacfaa6d6f6f82c5) Importer(815301076,1909f56bfc062723c751e8b465ee728b)
Start importing Assets/Scenes/MainGame/World5/City/building1 (18).prefab using Guid(71386a08f031a3a4eacfaa6d6f6f82c5) Importer(815301076,1909f56bfc062723c751e8b465ee728b)  -> (artifact id: '02b553529e2e122ab112451b937062c5') in 0.019438 seconds 
========================================================================
Received Import Request.
  Time since last request: 0.000028 seconds.
  path: Assets/Scenes/MainGame/World5/City/building1 (8).prefab
  artifactKey: Guid(aea4e6d1e02b111488bccb5c1d571c71) Importer(815301076,1909f56bfc062723c751e8b465ee728b)
Start importing Assets/Scenes/MainGame/World5/City/building1 (8).prefab using Guid(aea4e6d1e02b111488bccb5c1d571c71) Importer(815301076,1909f56bfc062723c751e8b465ee728b)  -> (artifact id: '8ad553a3bb7cc144aa884466cc0d2f4b') in 0.020747 seconds 
========================================================================
Received Import Request.
  Time since last request: 0.000034 seconds.
  path: Assets/Scenes/MainGame/World5/City/building1 (19).prefab
  artifactKey: Guid(f55217f61c706044b9871d1fb30b6b7c) Importer(815301076,1909f56bfc062723c751e8b465ee728b)
Start importing Assets/Scenes/MainGame/World5/City/building1 (19).prefab using Guid(f55217f61c706044b9871d1fb30b6b7c) Importer(815301076,1909f56bfc062723c751e8b465ee728b)  -> (artifact id: 'aca96524bb881edb3925959fd69d8b97') in 0.020596 seconds 
========================================================================
Received Import Request.
  Time since last request: 0.000032 seconds.
  path: Assets/Scenes/MainGame/World5/City/building12 (3).prefab
  artifactKey: Guid(c868d66d4d862294c8631961e451b765) Importer(815301076,1909f56bfc062723c751e8b465ee728b)
Start importing Assets/Scenes/MainGame/World5/City/building12 (3).prefab using Guid(c868d66d4d862294c8631961e451b765) Importer(815301076,1909f56bfc062723c751e8b465ee728b)  -> (artifact id: '2537487ebf1adc749e4b2fb1a63e36c5') in 0.021545 seconds 
========================================================================
Received Import Request.
  Time since last request: 0.000026 seconds.
  path: Assets/Scenes/MainGame/World5/City/building1 (1).prefab
  artifactKey: Guid(fa55c105d1f3e7240862cefb6dec8df1) Importer(815301076,1909f56bfc062723c751e8b465ee728b)
Start importing Assets/Scenes/MainGame/World5/City/building1 (1).prefab using Guid(fa55c105d1f3e7240862cefb6dec8df1) Importer(815301076,1909f56bfc062723c751e8b465ee728b)  -> (artifact id: 'dd223ff4e3def7081152b9902c619af2') in 0.018556 seconds 
========================================================================
Received Import Request.
  Time since last request: 8.913293 seconds.
  path: Assets/Scenes/MainGame/Assets/Map/block2_City.prefab
  artifactKey: Guid(39a802f5ef292e141887a298238b05b5) Importer(815301076,1909f56bfc062723c751e8b465ee728b)
Start importing Assets/Scenes/MainGame/Assets/Map/block2_City.prefab using Guid(39a802f5ef292e141887a298238b05b5) Importer(815301076,1909f56bfc062723c751e8b465ee728b)  -> (artifact id: 'b1cc253c0db3eb9c87bfee5d0ead00eb') in 0.124094 seconds 
========================================================================
Received Import Request.
  Time since last request: 0.000035 seconds.
  path: Assets/Scenes/MainGame/Assets/Map/MapBox(1).prefab
  artifactKey: Guid(e5ffb60180d1c46449d596b08585dac7) Importer(815301076,1909f56bfc062723c751e8b465ee728b)
Start importing Assets/Scenes/MainGame/Assets/Map/MapBox(1).prefab using Guid(e5ffb60180d1c46449d596b08585dac7) Importer(815301076,1909f56bfc062723c751e8b465ee728b)  -> (artifact id: '440d159eaaa6203d07b87d216c5962bb') in 0.023277 seconds 
========================================================================
Received Import Request.
  Time since last request: 0.000051 seconds.
  path: Assets/Scenes/MainGame/Assets/Map/MapManager (1).prefab
  artifactKey: Guid(db15fe58d873d204bbf62540b2fa0248) Importer(815301076,1909f56bfc062723c751e8b465ee728b)
Start importing Assets/Scenes/MainGame/Assets/Map/MapManager (1).prefab using Guid(db15fe58d873d204bbf62540b2fa0248) Importer(815301076,1909f56bfc062723c751e8b465ee728b)  -> (artifact id: '5cd84fb9488c3ce59fcc7a7018cc630e') in 0.028041 seconds 
========================================================================
Received Import Request.
  Time since last request: 41.566017 seconds.
  path: Assets/Scenes/MainGame/Assets/Map/Materials/Materials/MapCip_Ground2.mat
  artifactKey: Guid(9459e8ed04d95074daa380c0cae8e509) Importer(815301076,1909f56bfc062723c751e8b465ee728b)
Start importing Assets/Scenes/MainGame/Assets/Map/Materials/Materials/MapCip_Ground2.mat using Guid(9459e8ed04d95074daa380c0cae8e509) Importer(815301076,1909f56bfc062723c751e8b465ee728b)  -> (artifact id: '795ea0d305997533d7f2c82c7f997fed') in 0.013930 seconds 
========================================================================
Received Import Request.
  Time since last request: 52.608017 seconds.
  path: Assets/Scenes/MainGame/Assets/Bg/Materials/1-3_Cloud.mat
  artifactKey: Guid(e6c57b60dd95c4a4396177486315001e) Importer(815301076,1909f56bfc062723c751e8b465ee728b)
Start importing Assets/Scenes/MainGame/Assets/Bg/Materials/1-3_Cloud.mat using Guid(e6c57b60dd95c4a4396177486315001e) Importer(815301076,1909f56bfc062723c751e8b465ee728b)  -> (artifact id: 'f5c3ab37a1a46ca49df0bccf3dfb1432') in 0.023045 seconds 
========================================================================
Received Import Request.
  Time since last request: 0.000033 seconds.
  path: Assets/Scenes/MainGame/Assets/Bg/Materials/1-5_Cloud.mat
  artifactKey: Guid(bef84d9069dfbfd47a8315134ba011cc) Importer(815301076,1909f56bfc062723c751e8b465ee728b)
Start importing Assets/Scenes/MainGame/Assets/Bg/Materials/1-5_Cloud.mat using Guid(bef84d9069dfbfd47a8315134ba011cc) Importer(815301076,1909f56bfc062723c751e8b465ee728b)  -> (artifact id: '973cea8d7de26819f981609df1679b6b') in 0.022866 seconds 
========================================================================
Received Import Request.
  Time since last request: 0.000068 seconds.
  path: Assets/Scenes/MainGame/Assets/Bg/Materials/bridge.mat
  artifactKey: Guid(0357021919bb6e94ea7b4e3ae9c17f46) Importer(815301076,1909f56bfc062723c751e8b465ee728b)
Start importing Assets/Scenes/MainGame/Assets/Bg/Materials/bridge.mat using Guid(0357021919bb6e94ea7b4e3ae9c17f46) Importer(815301076,1909f56bfc062723c751e8b465ee728b)  -> (artifact id: 'b8d1ffdc62f9fad0bc82dc91cfa571b0') in 0.018756 seconds 
========================================================================
Received Import Request.
  Time since last request: 31.595748 seconds.
  path: Assets/Scenes/MainGame/World5/Materials/building1 (3).prefab
  artifactKey: Guid(089ca53a82a532b45b37541697192e7e) Importer(815301076,1909f56bfc062723c751e8b465ee728b)
Start importing Assets/Scenes/MainGame/World5/Materials/building1 (3).prefab using Guid(089ca53a82a532b45b37541697192e7e) Importer(815301076,1909f56bfc062723c751e8b465ee728b)  -> (artifact id: '75c84014ed10133306537af2099fedf3') in 0.032375 seconds 
========================================================================
Received Import Request.
  Time since last request: 0.000031 seconds.
  path: Assets/Scenes/MainGame/World5/Materials/building1 (18).prefab
  artifactKey: Guid(e51d3fdddca764641a89303d664b0589) Importer(815301076,1909f56bfc062723c751e8b465ee728b)
Start importing Assets/Scenes/MainGame/World5/Materials/building1 (18).prefab using Guid(e51d3fdddca764641a89303d664b0589) Importer(815301076,1909f56bfc062723c751e8b465ee728b)  -> (artifact id: '7ef403cd29b1225b2a82b52676112cc9') in 0.029307 seconds 
========================================================================
Received Import Request.
  Time since last request: 0.000067 seconds.
  path: Assets/Scenes/MainGame/World5/Materials/building1 (8).prefab
  artifactKey: Guid(2b5c8e587535f204c891541f19bebf99) Importer(815301076,1909f56bfc062723c751e8b465ee728b)
Start importing Assets/Scenes/MainGame/World5/Materials/building1 (8).prefab using Guid(2b5c8e587535f204c891541f19bebf99) Importer(815301076,1909f56bfc062723c751e8b465ee728b)  -> (artifact id: '2029ccec5842c9759e8c27e5447b2064') in 0.040105 seconds 
========================================================================
Received Import Request.
  Time since last request: 0.000034 seconds.
  path: Assets/Scenes/MainGame/World5/Materials/building12 (4).prefab
  artifactKey: Guid(3d05a11964dae884ab8aa102a02dee32) Importer(815301076,1909f56bfc062723c751e8b465ee728b)
Start importing Assets/Scenes/MainGame/World5/Materials/building12 (4).prefab using Guid(3d05a11964dae884ab8aa102a02dee32) Importer(815301076,1909f56bfc062723c751e8b465ee728b)  -> (artifact id: 'e079fb5492397336f89f707950f67301') in 0.031551 seconds 
========================================================================
Received Import Request.
  Time since last request: 0.000031 seconds.
  path: Assets/Scenes/MainGame/World5/Materials/building1 (7).prefab
  artifactKey: Guid(2089a05277315554da18b671616e2e9b) Importer(815301076,1909f56bfc062723c751e8b465ee728b)
Start importing Assets/Scenes/MainGame/World5/Materials/building1 (7).prefab using Guid(2089a05277315554da18b671616e2e9b) Importer(815301076,1909f56bfc062723c751e8b465ee728b)  -> (artifact id: '2a77e184100c67cd423325730a026f53') in 0.013829 seconds 
========================================================================
Received Import Request.
  Time since last request: 0.000038 seconds.
  path: Assets/Scenes/MainGame/World5/Materials/building1 (4).prefab
  artifactKey: Guid(626819736d1a3e34c908365ee6bf1142) Importer(815301076,1909f56bfc062723c751e8b465ee728b)
Start importing Assets/Scenes/MainGame/World5/Materials/building1 (4).prefab using Guid(626819736d1a3e34c908365ee6bf1142) Importer(815301076,1909f56bfc062723c751e8b465ee728b)  -> (artifact id: '6285574a83af31f15e1a492d4731bb2c') in 0.016106 seconds 
========================================================================
Received Import Request.
  Time since last request: 0.000060 seconds.
  path: Assets/Scenes/MainGame/World5/Materials/building1 (17).prefab
  artifactKey: Guid(c55ec7a8081b94249a1cde04e0492c62) Importer(815301076,1909f56bfc062723c751e8b465ee728b)
Start importing Assets/Scenes/MainGame/World5/Materials/building1 (17).prefab using Guid(c55ec7a8081b94249a1cde04e0492c62) Importer(815301076,1909f56bfc062723c751e8b465ee728b)  -> (artifact id: '31058122f66da02d0cd340187101196a') in 0.019107 seconds 
========================================================================
Received Import Request.
  Time since last request: 0.000031 seconds.
  path: Assets/Scenes/MainGame/World5/Materials/building12 (3).prefab
  artifactKey: Guid(2335f71957a587c44812eef1fe62596a) Importer(815301076,1909f56bfc062723c751e8b465ee728b)
Start importing Assets/Scenes/MainGame/World5/Materials/building12 (3).prefab using Guid(2335f71957a587c44812eef1fe62596a) Importer(815301076,1909f56bfc062723c751e8b465ee728b)  -> (artifact id: '61821a9967036feec679ab521004abed') in 0.012791 seconds 
========================================================================
Received Import Request.
  Time since last request: 0.000029 seconds.
  path: Assets/Scenes/MainGame/World5/Materials/building12 (6).prefab
  artifactKey: Guid(d26f1487af353af48b6167b68191b19d) Importer(815301076,1909f56bfc062723c751e8b465ee728b)
Start importing Assets/Scenes/MainGame/World5/Materials/building12 (6).prefab using Guid(d26f1487af353af48b6167b68191b19d) Importer(815301076,1909f56bfc062723c751e8b465ee728b)  -> (artifact id: 'aa2fc4443b3d2226ff6f6fdc4d89a6e1') in 0.021319 seconds 
Editor requested this worker to shutdown with reason: Scaling down because of idle timeout
AssetImportWorker is now disconnected from the server
Process exiting
Exiting without the bug reporter. Application will terminate with return code 0