Using pre-set license
Built from '2021.3/staging' branch; Version is '2021.3.18f1 (3129e69bc0c7) revision 3221990'; Using compiler version '192829333'; Build Type 'Release'
OS: 'Windows 11  (10.0.22621) 64bit Professional' Language: 'ja' Physical Memory: 16205 MB
BatchMode: 1, IsHumanControllingUs: 0, StartBugReporterOnCrash: 0, Is64bit: 1, IsPro: 1

COMMAND LINE ARGUMENTS:
C:\Program Files\Unity\Hub\Editor\2021.3.18f1\Editor\Unity.exe
-adb2
-batchMode
-noUpm
-name
AssetImportWorker14
-projectPath
C:/DoraFesMainProject/DoraFes
-logFile
Logs/AssetImportWorker14.log
-srvPort
55318
Successfully changed project path to: C:/DoraFesMainProject/DoraFes
C:/DoraFesMainProject/DoraFes
[UnityMemory] Configuration Parameters - Can be set up in boot.config
    "memorysetup-bucket-allocator-granularity=16"
    "memorysetup-bucket-allocator-bucket-count=8"
    "memorysetup-bucket-allocator-block-size=33554432"
    "memorysetup-bucket-allocator-block-count=8"
    "memorysetup-main-allocator-block-size=16777216"
    "memorysetup-thread-allocator-block-size=16777216"
    "memorysetup-gfx-main-allocator-block-size=16777216"
    "memorysetup-gfx-thread-allocator-block-size=16777216"
    "memorysetup-cache-allocator-block-size=4194304"
    "memorysetup-typetree-allocator-block-size=2097152"
    "memorysetup-profiler-bucket-allocator-granularity=16"
    "memorysetup-profiler-bucket-allocator-bucket-count=8"
    "memorysetup-profiler-bucket-allocator-block-size=33554432"
    "memorysetup-profiler-bucket-allocator-block-count=8"
    "memorysetup-profiler-allocator-block-size=16777216"
    "memorysetup-profiler-editor-allocator-block-size=1048576"
    "memorysetup-temp-allocator-size-main=16777216"
    "memorysetup-job-temp-allocator-block-size=2097152"
    "memorysetup-job-temp-allocator-block-size-background=1048576"
    "memorysetup-job-temp-allocator-reduction-small-platforms=262144"
    "memorysetup-temp-allocator-size-background-worker=32768"
    "memorysetup-temp-allocator-size-job-worker=262144"
    "memorysetup-temp-allocator-size-preload-manager=33554432"
    "memorysetup-temp-allocator-size-nav-mesh-worker=65536"
    "memorysetup-temp-allocator-size-audio-worker=65536"
    "memorysetup-temp-allocator-size-cloud-worker=32768"
    "memorysetup-temp-allocator-size-gi-baking-worker=262144"
    "memorysetup-temp-allocator-size-gfx=262144"
Player connection [42252] Host "[IP] 192.168.179.45 [Port] 0 [Flags] 2 [Guid] 94377039 [EditorId] 94377039 [Version] 1048832 [Id] WindowsEditor(7,win10ohs10598) [Debug] 1 [PackageName] WindowsEditor [ProjectName] Editor" joined multi-casting on [225.0.0.222:54997]...

Player connection [42252] Host "[IP] 192.168.179.45 [Port] 0 [Flags] 2 [Guid] 94377039 [EditorId] 94377039 [Version] 1048832 [Id] WindowsEditor(7,win10ohs10598) [Debug] 1 [PackageName] WindowsEditor [ProjectName] Editor" joined alternative multi-casting on [225.0.0.222:34997]...

Refreshing native plugins compatible for Editor in 176.38 ms, found 3 plugins.
Preloading 0 native plugins for Editor in 0.00 ms.
Initialize engine version: 2021.3.18f1 (3129e69bc0c7)
[Subsystems] Discovering subsystems at path C:/Program Files/Unity/Hub/Editor/2021.3.18f1/Editor/Data/Resources/UnitySubsystems
[Subsystems] Discovering subsystems at path C:/DoraFesMainProject/DoraFes/Assets
GfxDevice: creating device client; threaded=0; jobified=0
Direct3D:
    Version:  Direct3D 11.0 [level 11.1]
    Renderer: NVIDIA GeForce GTX 1650 Ti with Max-Q Design (ID=0x1f95)
    Vendor:   NVIDIA
    VRAM:     3962 MB
    Driver:   27.21.14.6221
Initialize mono
Mono path[0] = 'C:/Program Files/Unity/Hub/Editor/2021.3.18f1/Editor/Data/Managed'
Mono path[1] = 'C:/Program Files/Unity/Hub/Editor/2021.3.18f1/Editor/Data/MonoBleedingEdge/lib/mono/unityjit-win32'
Mono config path = 'C:/Program Files/Unity/Hub/Editor/2021.3.18f1/Editor/Data/MonoBleedingEdge/etc'
Using monoOptions --debugger-agent=transport=dt_socket,embedding=1,server=y,suspend=n,address=127.0.0.1:56672
Begin MonoManager ReloadAssembly
Registering precompiled unity dll's ...
Register platform support module: C:/Program Files/Unity/Hub/Editor/2021.3.18f1/Editor/Data/PlaybackEngines/AndroidPlayer/UnityEditor.Android.Extensions.dll
Register platform support module: C:/Program Files/Unity/Hub/Editor/2021.3.18f1/Editor/Data/PlaybackEngines/iOSSupport/UnityEditor.iOS.Extensions.dll
Register platform support module: C:/Program Files/Unity/Hub/Editor/2021.3.18f1/Editor/Data/PlaybackEngines/WindowsStandaloneSupport/UnityEditor.WindowsStandalone.Extensions.dll
Registered in 0.011270 seconds.
Native extension for WindowsStandalone target not found
[usbmuxd] Start listen thread
[usbmuxd] Listen thread started
[usbmuxd] Send listen message
Native extension for iOS target not found
Native extension for Android target not found
Android Extension - Scanning For ADB Devices 293 ms
Refreshing native plugins compatible for Editor in 155.19 ms, found 3 plugins.
Preloading 0 native plugins for Editor in 0.00 ms.
Mono: successfully reloaded assembly
- Completed reload, in  1.165 seconds
Domain Reload Profiling:
	ReloadAssembly (1165ms)
		BeginReloadAssembly (79ms)
			ExecutionOrderSort (0ms)
			DisableScriptedObjects (0ms)
			BackupInstance (0ms)
			ReleaseScriptingObjects (0ms)
			CreateAndSetChildDomain (1ms)
		EndReloadAssembly (929ms)
			LoadAssemblies (77ms)
			RebuildTransferFunctionScriptingTraits (0ms)
			SetupTypeCache (141ms)
			ReleaseScriptCaches (0ms)
			RebuildScriptCaches (31ms)
			SetupLoadedEditorAssemblies (693ms)
				LogAssemblyErrors (0ms)
				InitializePlatformSupportModulesInManaged (385ms)
				SetLoadedEditorAssemblies (0ms)
				RefreshPlugins (155ms)
				BeforeProcessingInitializeOnLoad (1ms)
				ProcessInitializeOnLoadAttributes (104ms)
				ProcessInitializeOnLoadMethodAttributes (48ms)
				AfterProcessingInitializeOnLoad (0ms)
				EditorAssembliesLoaded (0ms)
			ExecutionOrderSort2 (0ms)
			AwakeInstancesAfterBackupRestoration (0ms)
Platform modules already initialized, skipping
Registering precompiled user dll's ...
Registered in 0.007306 seconds.
Begin MonoManager ReloadAssembly
Symbol file LoadedFromMemory doesn't match image C:\DoraFesMainProject\DoraFes\Library\PackageCache\com.unity.visualscripting@1.8.0\Editor\VisualScripting.Core\Dependencies\YamlDotNet\Unity.VisualScripting.YamlDotNet.dll
Symbol file LoadedFromMemory doesn't match image C:\DoraFesMainProject\DoraFes\Library\PackageCache\com.unity.visualscripting@1.8.0\Editor\VisualScripting.Core\Dependencies\DotNetZip\Unity.VisualScripting.IonicZip.dll
Native extension for WindowsStandalone target not found
Native extension for iOS target not found
Native extension for Android target not found
Refreshing native plugins compatible for Editor in 167.71 ms, found 3 plugins.
Preloading 0 native plugins for Editor in 0.00 ms.
System.Reflection.TargetInvocationException: Exception has been thrown by the target of an invocation. ---> System.IO.IOException: Sharing violation on path C:\DoraFesMainProject\DoraFes\Assets\Scenes\MainGame\lilToon\Editor\CurrentRP.txt
  at System.IO.FileStream..ctor (System.String path, System.IO.FileMode mode, System.IO.FileAccess access, System.IO.FileShare share, System.Int32 bufferSize, System.Boolean anonymous, System.IO.FileOptions options) [0x0019e] in <1f66344f2f89470293d8b67d71308c07>:0 
  at System.IO.FileStream..ctor (System.String path, System.IO.FileMode mode, System.IO.FileAccess access, System.IO.FileShare share, System.Int32 bufferSize, System.IO.FileOptions options) [0x00000] in <1f66344f2f89470293d8b67d71308c07>:0 
  at (wrapper remoting-invoke-with-check) System.IO.FileStream..ctor(string,System.IO.FileMode,System.IO.FileAccess,System.IO.FileShare,int,System.IO.FileOptions)
  at System.IO.StreamWriter..ctor (System.String path, System.Boolean append, System.Text.Encoding encoding, System.Int32 bufferSize) [0x00055] in <1f66344f2f89470293d8b67d71308c07>:0 
  at System.IO.StreamWriter..ctor (System.String path, System.Boolean append) [0x00008] in <1f66344f2f89470293d8b67d71308c07>:0 
  at (wrapper remoting-invoke-with-check) System.IO.StreamWriter..ctor(string,bool)
  at lilToon.lilStartup.lilStartupMethod () [0x0009b] in C:\DoraFesMainProject\DoraFes\Assets\Scenes\MainGame\lilToon\Editor\lilStartup.cs:81 
  at (wrapper managed-to-native) System.Reflection.RuntimeMethodInfo.InternalInvoke(System.Reflection.RuntimeMethodInfo,object,object[],System.Exception&)
  at System.Reflection.RuntimeMethodInfo.Invoke (System.Object obj, System.Reflection.BindingFlags invokeAttr, System.Reflection.Binder binder, System.Object[] parameters, System.Globalization.CultureInfo culture) [0x0006a] in <1f66344f2f89470293d8b67d71308c07>:0 
   --- End of inner exception stack trace ---
  at System.Reflection.RuntimeMethodInfo.Invoke (System.Object obj, System.Reflection.BindingFlags invokeAttr, System.Reflection.Binder binder, System.Object[] parameters, System.Globalization.CultureInfo culture) [0x00083] in <1f66344f2f89470293d8b67d71308c07>:0 
  at System.Reflection.MethodBase.Invoke (System.Object obj, System.Object[] parameters) [0x00000] in <1f66344f2f89470293d8b67d71308c07>:0 
  at UnityEditor.EditorAssemblies.ProcessInitializeOnLoadMethodAttributes () [0x000a5] in <42a64fd733d9417da1ea3a757ad9a96d>:0 
UnityEngine.StackTraceUtility:ExtractStackTrace ()
UnityEngine.DebugLogHandler:LogFormat (UnityEngine.LogType,UnityEngine.Object,string,object[])
UnityEngine.Logger:Log (UnityEngine.LogType,object)
UnityEngine.Debug:LogError (object)
UnityEditor.EditorAssemblies:ProcessInitializeOnLoadMethodAttributes ()

Mono: successfully reloaded assembly
- Completed reload, in  1.929 seconds
Domain Reload Profiling:
	ReloadAssembly (1930ms)
		BeginReloadAssembly (135ms)
			ExecutionOrderSort (0ms)
			DisableScriptedObjects (8ms)
			BackupInstance (0ms)
			ReleaseScriptingObjects (0ms)
			CreateAndSetChildDomain (24ms)
		EndReloadAssembly (1642ms)
			LoadAssemblies (108ms)
			RebuildTransferFunctionScriptingTraits (0ms)
			SetupTypeCache (429ms)
			ReleaseScriptCaches (1ms)
			RebuildScriptCaches (91ms)
			SetupLoadedEditorAssemblies (953ms)
				LogAssemblyErrors (0ms)
				InitializePlatformSupportModulesInManaged (32ms)
				SetLoadedEditorAssemblies (0ms)
				RefreshPlugins (168ms)
				BeforeProcessingInitializeOnLoad (178ms)
				ProcessInitializeOnLoadAttributes (400ms)
				ProcessInitializeOnLoadMethodAttributes (168ms)
				AfterProcessingInitializeOnLoad (8ms)
				EditorAssembliesLoaded (0ms)
			ExecutionOrderSort2 (0ms)
			AwakeInstancesAfterBackupRestoration (7ms)
Platform modules already initialized, skipping
========================================================================
Worker process is ready to serve import requests
Launched and connected shader compiler UnityShaderCompiler.exe after 0.06 seconds
Refreshing native plugins compatible for Editor in 2.55 ms, found 3 plugins.
Preloading 0 native plugins for Editor in 0.00 ms.
Unloading 5038 Unused Serialized files (Serialized files now loaded: 0)
Unloading 86 unused Assets / (13.4 MB). Loaded Objects now: 5460.
Memory consumption went from 316.8 MB to 303.4 MB.
Total: 18.088400 ms (FindLiveObjects: 0.947000 ms CreateObjectMapping: 1.014100 ms MarkObjects: 5.224000 ms  DeleteObjects: 10.901200 ms)

AssetImportParameters requested are different than current active one (requested -> active):
  custom:video-decoder-ogg-theora: a1e56fd34408186e4bbccfd4996cb3dc -> 
  custom:container-muxer-webm: aa71ff27fc2769a1b78a27578f13a17b -> 
  custom:container-demuxer-webm: 4f35f7cbe854078d1ac9338744f61a02 -> 
  custom:video-encoder-webm-vp8: eb34c28f22e8b96e1ab97ce403110664 -> 
  custom:audio-encoder-webm-vorbis: bf7c407c2cedff20999df2af8eb42d56 -> 
  custom:framework-win-MediaFoundation: 216162199b28c13a410421893ffa2e32 -> 
  custom:container-demuxer-ogg: 62fdf1f143b41e24485cea50d1cbac27 -> 
  custom:video-decoder-webm-vp8: 9c59270c3fd7afecdb556c50c9e8de78 -> 
  custom:audio-decoder-ogg-vorbis: bf7c407c2cedff20999df2af8eb42d56 -> 
========================================================================
Received Import Request.
  Time since last request: 294454.388633 seconds.
  path: Assets/Scenes/MainGame/Assets/Map/Materials/Materials/CityVoxelPack/Assets/buildings/medium/Prefabs/building1_Var1.prefab
  artifactKey: Guid(7520016a817d68f4685d157d457ebed1) Importer(815301076,1909f56bfc062723c751e8b465ee728b)
Start importing Assets/Scenes/MainGame/Assets/Map/Materials/Materials/CityVoxelPack/Assets/buildings/medium/Prefabs/building1_Var1.prefab using Guid(7520016a817d68f4685d157d457ebed1) Importer(815301076,1909f56bfc062723c751e8b465ee728b)  -> (artifact id: '019c677e8ab1de9481e69da896ed5eff') in 0.482325 seconds 
========================================================================
Received Import Request.
  Time since last request: 0.000051 seconds.
  path: Assets/Scenes/MainGame/Assets/Map/Materials/Materials/CityVoxelPack/Assets/buildings/medium/Prefabs/building10_Var2.prefab
  artifactKey: Guid(0e514d52fa2e9ed43a9ef8d3b871a8af) Importer(815301076,1909f56bfc062723c751e8b465ee728b)
Start importing Assets/Scenes/MainGame/Assets/Map/Materials/Materials/CityVoxelPack/Assets/buildings/medium/Prefabs/building10_Var2.prefab using Guid(0e514d52fa2e9ed43a9ef8d3b871a8af) Importer(815301076,1909f56bfc062723c751e8b465ee728b)  -> (artifact id: 'b1ac00a4afd2c7da930c2dcd59d8409e') in 0.056253 seconds 
========================================================================
Received Import Request.
  Time since last request: 0.000058 seconds.
  path: Assets/Scenes/MainGame/Assets/Map/Materials/Materials/CityVoxelPack/Assets/buildings/medium/Prefabs/building6_Var1.prefab
  artifactKey: Guid(e439ea41af242984d9cc2c6aa2d55af7) Importer(815301076,1909f56bfc062723c751e8b465ee728b)
Start importing Assets/Scenes/MainGame/Assets/Map/Materials/Materials/CityVoxelPack/Assets/buildings/medium/Prefabs/building6_Var1.prefab using Guid(e439ea41af242984d9cc2c6aa2d55af7) Importer(815301076,1909f56bfc062723c751e8b465ee728b)  -> (artifact id: '92abbb437a02ff288576839e5d4e5f66') in 0.075079 seconds 
========================================================================
Received Import Request.
  Time since last request: 0.000032 seconds.
  path: Assets/Scenes/MainGame/Assets/Map/Materials/Materials/CityVoxelPack/Assets/buildings/medium/Prefabs/building4_Var1.prefab
  artifactKey: Guid(b9b61d15238a7844599bc3801bdb18ca) Importer(815301076,1909f56bfc062723c751e8b465ee728b)
Start importing Assets/Scenes/MainGame/Assets/Map/Materials/Materials/CityVoxelPack/Assets/buildings/medium/Prefabs/building4_Var1.prefab using Guid(b9b61d15238a7844599bc3801bdb18ca) Importer(815301076,1909f56bfc062723c751e8b465ee728b)  -> (artifact id: '438ef919d57ef6aadcc7d68088be4ebb') in 0.071878 seconds 
========================================================================
Received Import Request.
  Time since last request: 0.000037 seconds.
  path: Assets/Scenes/MainGame/Assets/Map/Materials/Materials/CityVoxelPack/Assets/buildings/medium/Prefabs/building12.prefab
  artifactKey: Guid(0c2a009a1b3d491499787d8da01b17e1) Importer(815301076,1909f56bfc062723c751e8b465ee728b)
Start importing Assets/Scenes/MainGame/Assets/Map/Materials/Materials/CityVoxelPack/Assets/buildings/medium/Prefabs/building12.prefab using Guid(0c2a009a1b3d491499787d8da01b17e1) Importer(815301076,1909f56bfc062723c751e8b465ee728b)  -> (artifact id: '98571c96aa88f3abb38ace9a29fadb92') in 0.028192 seconds 
========================================================================
Received Import Request.
  Time since last request: 0.000031 seconds.
  path: Assets/Scenes/MainGame/Assets/Map/Materials/Materials/CityVoxelPack/Assets/buildings/medium/Prefabs/building10_Var1.prefab
  artifactKey: Guid(2f2cf1784cb4e4248ada9ad09123e7cf) Importer(815301076,1909f56bfc062723c751e8b465ee728b)
Start importing Assets/Scenes/MainGame/Assets/Map/Materials/Materials/CityVoxelPack/Assets/buildings/medium/Prefabs/building10_Var1.prefab using Guid(2f2cf1784cb4e4248ada9ad09123e7cf) Importer(815301076,1909f56bfc062723c751e8b465ee728b)  -> (artifact id: '8ba388e85e9c136344e925b01739565b') in 0.034146 seconds 
========================================================================
Received Import Request.
  Time since last request: 0.000034 seconds.
  path: Assets/Scenes/MainGame/Assets/Map/Materials/Materials/CityVoxelPack/Assets/buildings/medium/Prefabs/building14_Var1.prefab
  artifactKey: Guid(49fadc54066332b4c84e64b1b4f9d157) Importer(815301076,1909f56bfc062723c751e8b465ee728b)
Start importing Assets/Scenes/MainGame/Assets/Map/Materials/Materials/CityVoxelPack/Assets/buildings/medium/Prefabs/building14_Var1.prefab using Guid(49fadc54066332b4c84e64b1b4f9d157) Importer(815301076,1909f56bfc062723c751e8b465ee728b)  -> (artifact id: 'f79c97503c1e9faf5c4ed540f41ff13e') in 0.055301 seconds 
========================================================================
Received Import Request.
  Time since last request: 0.000066 seconds.
  path: Assets/Scenes/MainGame/Assets/Map/Materials/Materials/CityVoxelPack/Assets/buildings/medium/Prefabs/building8_Var1.prefab
  artifactKey: Guid(0720f725016aa4c498cb81d910702bd8) Importer(815301076,1909f56bfc062723c751e8b465ee728b)
Start importing Assets/Scenes/MainGame/Assets/Map/Materials/Materials/CityVoxelPack/Assets/buildings/medium/Prefabs/building8_Var1.prefab using Guid(0720f725016aa4c498cb81d910702bd8) Importer(815301076,1909f56bfc062723c751e8b465ee728b)  -> (artifact id: 'c736c666e124892bdb868842e6abe966') in 0.054900 seconds 
========================================================================
Received Import Request.
  Time since last request: 0.000023 seconds.
  path: Assets/Scenes/MainGame/Assets/Map/Materials/Materials/CityVoxelPack/Assets/buildings/medium/Prefabs/building6.prefab
  artifactKey: Guid(00702717753f4fb498fc2e623f8260c6) Importer(815301076,1909f56bfc062723c751e8b465ee728b)
Start importing Assets/Scenes/MainGame/Assets/Map/Materials/Materials/CityVoxelPack/Assets/buildings/medium/Prefabs/building6.prefab using Guid(00702717753f4fb498fc2e623f8260c6) Importer(815301076,1909f56bfc062723c751e8b465ee728b)  -> (artifact id: '45465ba26ee922a1d2e261c645f60da2') in 0.016077 seconds 
========================================================================
Received Import Request.
  Time since last request: 0.000080 seconds.
  path: Assets/Scenes/MainGame/Assets/Map/Materials/Materials/CityVoxelPack/Assets/buildings/medium/Prefabs/building7_Var1.prefab
  artifactKey: Guid(098c3ec04480a014499d9724cb24811a) Importer(815301076,1909f56bfc062723c751e8b465ee728b)
Start importing Assets/Scenes/MainGame/Assets/Map/Materials/Materials/CityVoxelPack/Assets/buildings/medium/Prefabs/building7_Var1.prefab using Guid(098c3ec04480a014499d9724cb24811a) Importer(815301076,1909f56bfc062723c751e8b465ee728b)  -> (artifact id: '6055ed522221f77ce6f0071f2cef4890') in 0.030332 seconds 
========================================================================
Received Import Request.
  Time since last request: 0.000047 seconds.
  path: Assets/Scenes/MainGame/Assets/Map/Materials/Materials/CityVoxelPack/Assets/buildings/medium/Prefabs/building9_Var2.prefab
  artifactKey: Guid(43b66af4dcdf2824aac086910ebc3f76) Importer(815301076,1909f56bfc062723c751e8b465ee728b)
Start importing Assets/Scenes/MainGame/Assets/Map/Materials/Materials/CityVoxelPack/Assets/buildings/medium/Prefabs/building9_Var2.prefab using Guid(43b66af4dcdf2824aac086910ebc3f76) Importer(815301076,1909f56bfc062723c751e8b465ee728b)  -> (artifact id: '2b5b375b85f054452a19f516e814e7c3') in 0.042741 seconds 
========================================================================
Received Import Request.
  Time since last request: 0.000029 seconds.
  path: Assets/Scenes/MainGame/Assets/Map/Materials/Materials/CityVoxelPack/Assets/buildings/medium/Prefabs/building8.prefab
  artifactKey: Guid(2067280b38cf2254b881cb6be2dc7c75) Importer(815301076,1909f56bfc062723c751e8b465ee728b)
Start importing Assets/Scenes/MainGame/Assets/Map/Materials/Materials/CityVoxelPack/Assets/buildings/medium/Prefabs/building8.prefab using Guid(2067280b38cf2254b881cb6be2dc7c75) Importer(815301076,1909f56bfc062723c751e8b465ee728b)  -> (artifact id: '5aa0aadc87c3913a68ecce0c8bb83195') in 0.017330 seconds 
========================================================================
Received Import Request.
  Time since last request: 0.000028 seconds.
  path: Assets/Scenes/MainGame/Assets/Map/Materials/Materials/CityVoxelPack/Assets/buildings/medium/Prefabs/building3_Var1.prefab
  artifactKey: Guid(cd75a5e1feb67744b95f4673b9292a23) Importer(815301076,1909f56bfc062723c751e8b465ee728b)
Start importing Assets/Scenes/MainGame/Assets/Map/Materials/Materials/CityVoxelPack/Assets/buildings/medium/Prefabs/building3_Var1.prefab using Guid(cd75a5e1feb67744b95f4673b9292a23) Importer(815301076,1909f56bfc062723c751e8b465ee728b)  -> (artifact id: 'c76c3da129c77a1ebf5ee3ca69cbfce2') in 0.044963 seconds 
========================================================================
Received Import Request.
  Time since last request: 0.000035 seconds.
  path: Assets/Scenes/MainGame/Assets/Map/Materials/Materials/CityVoxelPack/Assets/buildings/medium/Prefabs/building11_Var2.prefab
  artifactKey: Guid(23a909de6016e654290bd50c50aacf81) Importer(815301076,1909f56bfc062723c751e8b465ee728b)
Start importing Assets/Scenes/MainGame/Assets/Map/Materials/Materials/CityVoxelPack/Assets/buildings/medium/Prefabs/building11_Var2.prefab using Guid(23a909de6016e654290bd50c50aacf81) Importer(815301076,1909f56bfc062723c751e8b465ee728b)  -> (artifact id: '417f1f6e723241c48bd50b4ede9f50f7') in 0.026492 seconds 
========================================================================
Received Import Request.
  Time since last request: 0.000041 seconds.
  path: Assets/Scenes/MainGame/Assets/Map/Materials/Materials/CityVoxelPack/Assets/buildings/medium/Prefabs/building8_Var2.prefab
  artifactKey: Guid(dae9001bcf2d6fe4eb865c4db80314f0) Importer(815301076,1909f56bfc062723c751e8b465ee728b)
Start importing Assets/Scenes/MainGame/Assets/Map/Materials/Materials/CityVoxelPack/Assets/buildings/medium/Prefabs/building8_Var2.prefab using Guid(dae9001bcf2d6fe4eb865c4db80314f0) Importer(815301076,1909f56bfc062723c751e8b465ee728b)  -> (artifact id: '21febe67bf0de1dd44fccfddedbe92a5') in 0.031135 seconds 
========================================================================
Received Import Request.
  Time since last request: 0.000033 seconds.
  path: Assets/Scenes/MainGame/Assets/Map/Materials/Materials/CityVoxelPack/Assets/buildings/medium/Prefabs/building1_Var2.prefab
  artifactKey: Guid(a5bc9c68b6d707a49b7da8448a7df0b9) Importer(815301076,1909f56bfc062723c751e8b465ee728b)
Start importing Assets/Scenes/MainGame/Assets/Map/Materials/Materials/CityVoxelPack/Assets/buildings/medium/Prefabs/building1_Var2.prefab using Guid(a5bc9c68b6d707a49b7da8448a7df0b9) Importer(815301076,1909f56bfc062723c751e8b465ee728b)  -> (artifact id: 'f5c962d26c5b37860267370a8720a66d') in 0.028191 seconds 
========================================================================
Received Import Request.
  Time since last request: 0.004225 seconds.
  path: Assets/Scenes/MainGame/Assets/Map/Materials/Materials/CityVoxelPack/Assets/buildings/medium/Prefabs/building5_Var2.prefab
  artifactKey: Guid(cd43e909ccf30334cac8ca3dcc9215a7) Importer(815301076,1909f56bfc062723c751e8b465ee728b)
Start importing Assets/Scenes/MainGame/Assets/Map/Materials/Materials/CityVoxelPack/Assets/buildings/medium/Prefabs/building5_Var2.prefab using Guid(cd43e909ccf30334cac8ca3dcc9215a7) Importer(815301076,1909f56bfc062723c751e8b465ee728b)  -> (artifact id: '125e1c887822fd8fa3b5c268fba0cc75') in 0.034562 seconds 
========================================================================
Received Import Request.
  Time since last request: 0.000036 seconds.
  path: Assets/Scenes/MainGame/Assets/Map/Materials/Materials/CityVoxelPack/Assets/buildings/medium/Prefabs/building6_Var2.prefab
  artifactKey: Guid(fd02965eada2cd64bb903dd8667c16b4) Importer(815301076,1909f56bfc062723c751e8b465ee728b)
Start importing Assets/Scenes/MainGame/Assets/Map/Materials/Materials/CityVoxelPack/Assets/buildings/medium/Prefabs/building6_Var2.prefab using Guid(fd02965eada2cd64bb903dd8667c16b4) Importer(815301076,1909f56bfc062723c751e8b465ee728b)  -> (artifact id: '808c19eb516f14ba7cf49d5f21adfbc5') in 0.032939 seconds 
========================================================================
Received Import Request.
  Time since last request: 0.000039 seconds.
  path: Assets/Scenes/MainGame/Assets/Map/Materials/Materials/CityVoxelPack/Assets/buildings/medium/Prefabs/building9.prefab
  artifactKey: Guid(05105e38d3295164e85a45224def1754) Importer(815301076,1909f56bfc062723c751e8b465ee728b)
Start importing Assets/Scenes/MainGame/Assets/Map/Materials/Materials/CityVoxelPack/Assets/buildings/medium/Prefabs/building9.prefab using Guid(05105e38d3295164e85a45224def1754) Importer(815301076,1909f56bfc062723c751e8b465ee728b)  -> (artifact id: '0420ca0925ab691e4ee6e57c4575ad29') in 0.017579 seconds 
========================================================================
Received Import Request.
  Time since last request: 0.000037 seconds.
  path: Assets/Scenes/MainGame/Assets/Map/Materials/Materials/CityVoxelPack/Assets/buildings/medium/Prefabs/building13.prefab
  artifactKey: Guid(e76a7a42a1250b745ba004d987c4b66b) Importer(815301076,1909f56bfc062723c751e8b465ee728b)
Start importing Assets/Scenes/MainGame/Assets/Map/Materials/Materials/CityVoxelPack/Assets/buildings/medium/Prefabs/building13.prefab using Guid(e76a7a42a1250b745ba004d987c4b66b) Importer(815301076,1909f56bfc062723c751e8b465ee728b)  -> (artifact id: '09e265e9710992f2fb3006e9bedef1de') in 0.018043 seconds 
========================================================================
Received Import Request.
  Time since last request: 4.951299 seconds.
  path: Assets/Scenes/MainGame/Assets/Map/Materials/Materials/CityVoxelPack/Assets/buildings/medium/Materials/building1.mat
  artifactKey: Guid(f242548e4848c614ca1825e176f890d4) Importer(815301076,1909f56bfc062723c751e8b465ee728b)
Start importing Assets/Scenes/MainGame/Assets/Map/Materials/Materials/CityVoxelPack/Assets/buildings/medium/Materials/building1.mat using Guid(f242548e4848c614ca1825e176f890d4) Importer(815301076,1909f56bfc062723c751e8b465ee728b)  -> (artifact id: '60e7a361d3a1254ede4eae0ecaae854d') in 0.050768 seconds 
========================================================================
Received Import Request.
  Time since last request: 0.000038 seconds.
  path: Assets/Scenes/MainGame/Assets/Map/Materials/Materials/CityVoxelPack/Assets/buildings/medium/Materials/building4.mat
  artifactKey: Guid(273fc31f318657f4696fd991e14a6b69) Importer(815301076,1909f56bfc062723c751e8b465ee728b)
Start importing Assets/Scenes/MainGame/Assets/Map/Materials/Materials/CityVoxelPack/Assets/buildings/medium/Materials/building4.mat using Guid(273fc31f318657f4696fd991e14a6b69) Importer(815301076,1909f56bfc062723c751e8b465ee728b)  -> (artifact id: '1a6a0f623599fe5d4d1f3e3062874fec') in 0.043013 seconds 
========================================================================
Received Import Request.
  Time since last request: 0.000024 seconds.
  path: Assets/Scenes/MainGame/Assets/Map/Materials/Materials/CityVoxelPack/Assets/buildings/medium/Materials/building3.mat
  artifactKey: Guid(36443da477f43bf4b8859695294b1f69) Importer(815301076,1909f56bfc062723c751e8b465ee728b)
Start importing Assets/Scenes/MainGame/Assets/Map/Materials/Materials/CityVoxelPack/Assets/buildings/medium/Materials/building3.mat using Guid(36443da477f43bf4b8859695294b1f69) Importer(815301076,1909f56bfc062723c751e8b465ee728b)  -> (artifact id: 'f5c5dc0ba0dda71a1f5a7331e39d1f89') in 0.044689 seconds 
========================================================================
Received Prepare
Registering precompiled user dll's ...
Registered in 0.006270 seconds.
Begin MonoManager ReloadAssembly
Symbol file LoadedFromMemory doesn't match image C:\DoraFesMainProject\DoraFes\Library\PackageCache\com.unity.visualscripting@1.8.0\Editor\VisualScripting.Core\Dependencies\YamlDotNet\Unity.VisualScripting.YamlDotNet.dll
Symbol file LoadedFromMemory doesn't match image C:\DoraFesMainProject\DoraFes\Library\PackageCache\com.unity.visualscripting@1.8.0\Editor\VisualScripting.Core\Dependencies\DotNetZip\Unity.VisualScripting.IonicZip.dll
Native extension for WindowsStandalone target not found
Native extension for iOS target not found
Native extension for Android target not found
Refreshing native plugins compatible for Editor in 0.96 ms, found 3 plugins.
Preloading 0 native plugins for Editor in 0.00 ms.
Mono: successfully reloaded assembly
- Completed reload, in  1.241 seconds
Domain Reload Profiling:
	ReloadAssembly (1242ms)
		BeginReloadAssembly (141ms)
			ExecutionOrderSort (0ms)
			DisableScriptedObjects (10ms)
			BackupInstance (0ms)
			ReleaseScriptingObjects (0ms)
			CreateAndSetChildDomain (44ms)
		EndReloadAssembly (995ms)
			LoadAssemblies (86ms)
			RebuildTransferFunctionScriptingTraits (0ms)
			SetupTypeCache (287ms)
			ReleaseScriptCaches (2ms)
			RebuildScriptCaches (55ms)
			SetupLoadedEditorAssemblies (483ms)
				LogAssemblyErrors (0ms)
				InitializePlatformSupportModulesInManaged (37ms)
				SetLoadedEditorAssemblies (0ms)
				RefreshPlugins (1ms)
				BeforeProcessingInitializeOnLoad (113ms)
				ProcessInitializeOnLoadAttributes (224ms)
				ProcessInitializeOnLoadMethodAttributes (102ms)
				AfterProcessingInitializeOnLoad (6ms)
				EditorAssembliesLoaded (0ms)
			ExecutionOrderSort2 (0ms)
			AwakeInstancesAfterBackupRestoration (26ms)
Platform modules already initialized, skipping
Refreshing native plugins compatible for Editor in 2.40 ms, found 3 plugins.
Preloading 0 native plugins for Editor in 0.00 ms.
Unloading 4856 Unused Serialized files (Serialized files now loaded: 0)
Unloading 78 unused Assets / (13.5 MB). Loaded Objects now: 5558.
Memory consumption went from 310.8 MB to 297.4 MB.
Total: 10.626800 ms (FindLiveObjects: 0.399600 ms CreateObjectMapping: 0.330500 ms MarkObjects: 2.826900 ms  DeleteObjects: 7.068700 ms)

AssetImportParameters requested are different than current active one (requested -> active):
  custom:video-decoder-ogg-theora: a1e56fd34408186e4bbccfd4996cb3dc -> 
  custom:container-muxer-webm: aa71ff27fc2769a1b78a27578f13a17b -> 
  custom:container-demuxer-webm: 4f35f7cbe854078d1ac9338744f61a02 -> 
  custom:video-encoder-webm-vp8: eb34c28f22e8b96e1ab97ce403110664 -> 
  custom:audio-encoder-webm-vorbis: bf7c407c2cedff20999df2af8eb42d56 -> 
  custom:framework-win-MediaFoundation: 216162199b28c13a410421893ffa2e32 -> 
  custom:container-demuxer-ogg: 62fdf1f143b41e24485cea50d1cbac27 -> 
  custom:video-decoder-webm-vp8: 9c59270c3fd7afecdb556c50c9e8de78 -> 
  custom:audio-decoder-ogg-vorbis: bf7c407c2cedff20999df2af8eb42d56 -> 
========================================================================
Received Import Request.
  Time since last request: 667.525930 seconds.
  path: Assets/Scenes/LoadScene/Materials/back.mat
  artifactKey: Guid(0519bfbd09e8c144db9fa2712f04eebb) Importer(815301076,1909f56bfc062723c751e8b465ee728b)
Start importing Assets/Scenes/LoadScene/Materials/back.mat using Guid(0519bfbd09e8c144db9fa2712f04eebb) Importer(815301076,1909f56bfc062723c751e8b465ee728b)  -> (artifact id: '3e455741d630c54f3fa696478acabd62') in 0.314753 seconds 
========================================================================
Received Import Request.
  Time since last request: 0.000047 seconds.
  path: Assets/TextMesh Pro/Examples & Extras/Resources/Fonts & Materials/Bangers SDF Logo.mat
  artifactKey: Guid(f4e195ac1e204eff960149d1cb34e18c) Importer(815301076,1909f56bfc062723c751e8b465ee728b)
Start importing Assets/TextMesh Pro/Examples & Extras/Resources/Fonts & Materials/Bangers SDF Logo.mat using Guid(f4e195ac1e204eff960149d1cb34e18c) Importer(815301076,1909f56bfc062723c751e8b465ee728b)  -> (artifact id: 'b1a5cb3ebba1c66768c196f04e2dda0e') in 0.039033 seconds 
========================================================================
Received Import Request.
  Time since last request: 0.002373 seconds.
  path: Assets/Scenes/MainGame/World1/LowPolyEnviroPack_LITE_builtIn/BeachArea_Set1/Prefabs/Bin_A.prefab
  artifactKey: Guid(a828848d66a826148a9d5c39338d5677) Importer(815301076,1909f56bfc062723c751e8b465ee728b)
Start importing Assets/Scenes/MainGame/World1/LowPolyEnviroPack_LITE_builtIn/BeachArea_Set1/Prefabs/Bin_A.prefab using Guid(a828848d66a826148a9d5c39338d5677) Importer(815301076,1909f56bfc062723c751e8b465ee728b)  -> (artifact id: '97106050360f31e7ef19eec1231a094f') in 0.046649 seconds 
========================================================================
Received Import Request.
  Time since last request: 0.000049 seconds.
  path: Assets/Scenes/MainGame/World1/LowPolyEnviroPack_LITE_builtIn/BeachArea_Set1/Prefabs/Fence_Bit_A.prefab
  artifactKey: Guid(be2823893092104458255b46eb89a614) Importer(815301076,1909f56bfc062723c751e8b465ee728b)
Start importing Assets/Scenes/MainGame/World1/LowPolyEnviroPack_LITE_builtIn/BeachArea_Set1/Prefabs/Fence_Bit_A.prefab using Guid(be2823893092104458255b46eb89a614) Importer(815301076,1909f56bfc062723c751e8b465ee728b)  -> (artifact id: '85cd520ccbe7854873dc5920e858ac2f') in 0.026278 seconds 
========================================================================
Received Import Request.
  Time since last request: 0.000029 seconds.
  path: Assets/Scenes/MainGame/World1/LowPolyEnviroPack_LITE_builtIn/BeachArea_Set1/Prefabs/Fence_Bit_E.prefab
  artifactKey: Guid(e140b7d66a8ebea45ac1d94daa597614) Importer(815301076,1909f56bfc062723c751e8b465ee728b)
Start importing Assets/Scenes/MainGame/World1/LowPolyEnviroPack_LITE_builtIn/BeachArea_Set1/Prefabs/Fence_Bit_E.prefab using Guid(e140b7d66a8ebea45ac1d94daa597614) Importer(815301076,1909f56bfc062723c751e8b465ee728b)  -> (artifact id: '5c7e37dd86cfd4ed59ac864b85453500') in 0.028344 seconds 
========================================================================
Received Import Request.
  Time since last request: 0.000027 seconds.
  path: Assets/Scenes/MainGame/Assets/Map/Materials/Materials/CityVoxelPack/Assets/roads/medium/Prefabs/road7bisbis.prefab
  artifactKey: Guid(12de98d7c6980b0439e891c283293129) Importer(815301076,1909f56bfc062723c751e8b465ee728b)
Start importing Assets/Scenes/MainGame/Assets/Map/Materials/Materials/CityVoxelPack/Assets/roads/medium/Prefabs/road7bisbis.prefab using Guid(12de98d7c6980b0439e891c283293129) Importer(815301076,1909f56bfc062723c751e8b465ee728b)  -> (artifact id: '241fe1f956250f832b7b009004a19c61') in 0.019968 seconds 
========================================================================
Received Import Request.
  Time since last request: 0.000046 seconds.
  path: Assets/Scenes/MainGame/Assets/Map/Materials/Materials/CityVoxelPack/Assets/roads/medium/Prefabs/road7bis.prefab
  artifactKey: Guid(1c4d653ddfc7a3b4eb623f2625848637) Importer(815301076,1909f56bfc062723c751e8b465ee728b)
Start importing Assets/Scenes/MainGame/Assets/Map/Materials/Materials/CityVoxelPack/Assets/roads/medium/Prefabs/road7bis.prefab using Guid(1c4d653ddfc7a3b4eb623f2625848637) Importer(815301076,1909f56bfc062723c751e8b465ee728b)  -> (artifact id: '0a1b415fdd7f30380111485c42c47531') in 0.017105 seconds 
========================================================================
Received Import Request.
  Time since last request: 0.000022 seconds.
  path: Assets/Scenes/MainGame/World1/LowPolyEnviroPack_LITE_builtIn/BeachArea_Set1/Prefabs/Fence_Bit_D.prefab
  artifactKey: Guid(1f21166b2f4e34c439eff7f5acb6d203) Importer(815301076,1909f56bfc062723c751e8b465ee728b)
Start importing Assets/Scenes/MainGame/World1/LowPolyEnviroPack_LITE_builtIn/BeachArea_Set1/Prefabs/Fence_Bit_D.prefab using Guid(1f21166b2f4e34c439eff7f5acb6d203) Importer(815301076,1909f56bfc062723c751e8b465ee728b)  -> (artifact id: 'd78f10d25265ced5b263531e53413e5a') in 0.024270 seconds 
========================================================================
Received Import Request.
  Time since last request: 0.000036 seconds.
  path: Assets/Scenes/MainGame/Assets/Map/Materials/Materials/CityVoxelPack/Assets/roads/medium/Mesh/road3bis.obj
  artifactKey: Guid(aea25602f5c86144cb32cf9916b56243) Importer(815301076,1909f56bfc062723c751e8b465ee728b)
Start importing Assets/Scenes/MainGame/Assets/Map/Materials/Materials/CityVoxelPack/Assets/roads/medium/Mesh/road3bis.obj using Guid(aea25602f5c86144cb32cf9916b56243) Importer(815301076,1909f56bfc062723c751e8b465ee728b)  -> (artifact id: '43b2b728d6435ed325c047c85489a099') in 0.081828 seconds 
========================================================================
Received Import Request.
  Time since last request: 0.000039 seconds.
  path: Assets/Scenes/MainGame/World1/LowPolyEnviroPack_LITE_builtIn/BeachArea_Set1/Prefabs/Fence_Bit_C.prefab
  artifactKey: Guid(e2a44916c50d69246a056f51faabc50f) Importer(815301076,1909f56bfc062723c751e8b465ee728b)
Start importing Assets/Scenes/MainGame/World1/LowPolyEnviroPack_LITE_builtIn/BeachArea_Set1/Prefabs/Fence_Bit_C.prefab using Guid(e2a44916c50d69246a056f51faabc50f) Importer(815301076,1909f56bfc062723c751e8b465ee728b)  -> (artifact id: '900f7bdcd679ad05011e2ccab6c9df8e') in 0.023527 seconds 
========================================================================
Received Import Request.
  Time since last request: 0.000039 seconds.
  path: Assets/Scenes/MainGame/Assets/Map/Materials/Materials/CityVoxelPack/Assets/roads/tall/Prefabs/road12bis.prefab
  artifactKey: Guid(70d9e664f8744574ab6b0493d8f2262d) Importer(815301076,1909f56bfc062723c751e8b465ee728b)
Start importing Assets/Scenes/MainGame/Assets/Map/Materials/Materials/CityVoxelPack/Assets/roads/tall/Prefabs/road12bis.prefab using Guid(70d9e664f8744574ab6b0493d8f2262d) Importer(815301076,1909f56bfc062723c751e8b465ee728b)  -> (artifact id: '93501c37b135f1ae54899fb5292b8f79') in 0.017942 seconds 
========================================================================
Received Import Request.
  Time since last request: 0.000031 seconds.
  path: Assets/Scenes/MainGame/Assets/Map/Materials/Materials/CityVoxelPack/Assets/roads/medium/Mesh/road7bis.obj
  artifactKey: Guid(c6201795f831c7f4ba9fd29b03e9d8a8) Importer(815301076,1909f56bfc062723c751e8b465ee728b)
Start importing Assets/Scenes/MainGame/Assets/Map/Materials/Materials/CityVoxelPack/Assets/roads/medium/Mesh/road7bis.obj using Guid(c6201795f831c7f4ba9fd29b03e9d8a8) Importer(815301076,1909f56bfc062723c751e8b465ee728b)  -> (artifact id: 'a2d5c91459c873f21e233adbf5a0cba6') in 0.035290 seconds 
========================================================================
Received Import Request.
  Time since last request: 0.000034 seconds.
  path: Assets/Scenes/MainGame/World1/LowPolyEnviroPack_LITE_builtIn/BeachArea_Set1/Prefabs/Fence_Bit_B.prefab
  artifactKey: Guid(b03615302e0f5bc4d8910797b58900be) Importer(815301076,1909f56bfc062723c751e8b465ee728b)
Start importing Assets/Scenes/MainGame/World1/LowPolyEnviroPack_LITE_builtIn/BeachArea_Set1/Prefabs/Fence_Bit_B.prefab using Guid(b03615302e0f5bc4d8910797b58900be) Importer(815301076,1909f56bfc062723c751e8b465ee728b)  -> (artifact id: '33479d362a42dce33e91bfa4c67d0f21') in 0.024284 seconds 
========================================================================
Received Import Request.
  Time since last request: 0.000034 seconds.
  path: Assets/Scenes/MainGame/Assets/Map/Materials/Materials/CityVoxelPack/Assets/roads/medium/Prefabs/road6bis.prefab
  artifactKey: Guid(86e3f703ef449184faa4162711b382b3) Importer(815301076,1909f56bfc062723c751e8b465ee728b)
Start importing Assets/Scenes/MainGame/Assets/Map/Materials/Materials/CityVoxelPack/Assets/roads/medium/Prefabs/road6bis.prefab using Guid(86e3f703ef449184faa4162711b382b3) Importer(815301076,1909f56bfc062723c751e8b465ee728b)  -> (artifact id: '6c719995d3cf1c930619b81d31dbb5b2') in 0.016683 seconds 
========================================================================
Received Import Request.
  Time since last request: 0.000029 seconds.
  path: Assets/Scenes/MainGame/Assets/Map/Materials/Materials/CityVoxelPack/Assets/roads/tall/Mesh/road12bis.obj
  artifactKey: Guid(6d6686f3d1a67e0449d01015efd9dc2c) Importer(815301076,1909f56bfc062723c751e8b465ee728b)
Start importing Assets/Scenes/MainGame/Assets/Map/Materials/Materials/CityVoxelPack/Assets/roads/tall/Mesh/road12bis.obj using Guid(6d6686f3d1a67e0449d01015efd9dc2c) Importer(815301076,1909f56bfc062723c751e8b465ee728b)  -> (artifact id: '8a8ca2e60a2620fb83e96dcb146f3a9e') in 0.027027 seconds 
========================================================================
Received Import Request.
  Time since last request: 0.000025 seconds.
  path: Assets/Scenes/MainGame/Assets/Map/Materials/Materials/CityVoxelPack/Assets/roads/medium/Prefabs/road3bis.prefab
  artifactKey: Guid(15afc005695b7af418a3f7fa8b04be38) Importer(815301076,1909f56bfc062723c751e8b465ee728b)
Start importing Assets/Scenes/MainGame/Assets/Map/Materials/Materials/CityVoxelPack/Assets/roads/medium/Prefabs/road3bis.prefab using Guid(15afc005695b7af418a3f7fa8b04be38) Importer(815301076,1909f56bfc062723c751e8b465ee728b)  -> (artifact id: '69b9e14ed00e06d469b761e6998e4b21') in 0.014047 seconds 
========================================================================
Received Import Request.
  Time since last request: 0.000033 seconds.
  path: Assets/Scenes/MainGame/Assets/Map/Materials/Materials/CityVoxelPack/Assets/roads/medium/Mesh/road7bisbis.obj
  artifactKey: Guid(945aaf9dbf24fcf46ad8c6c421b63cb6) Importer(815301076,1909f56bfc062723c751e8b465ee728b)
Start importing Assets/Scenes/MainGame/Assets/Map/Materials/Materials/CityVoxelPack/Assets/roads/medium/Mesh/road7bisbis.obj using Guid(945aaf9dbf24fcf46ad8c6c421b63cb6) Importer(815301076,1909f56bfc062723c751e8b465ee728b)  -> (artifact id: '635f0f7f954e9f42ac1be1e777dd1511') in 0.032568 seconds 
========================================================================
Received Import Request.
  Time since last request: 0.000039 seconds.
  path: Assets/Scenes/MainGame/Assets/Map/Materials/Materials/CityVoxelPack/Assets/roads/medium/Prefabs/road6bisbis.prefab
  artifactKey: Guid(1b3bac2b327f28b419c9c5d26f91c2d3) Importer(815301076,1909f56bfc062723c751e8b465ee728b)
Start importing Assets/Scenes/MainGame/Assets/Map/Materials/Materials/CityVoxelPack/Assets/roads/medium/Prefabs/road6bisbis.prefab using Guid(1b3bac2b327f28b419c9c5d26f91c2d3) Importer(815301076,1909f56bfc062723c751e8b465ee728b)  -> (artifact id: 'b610a3c7841c889d3d0a1fec3e338710') in 0.016758 seconds 
========================================================================
Received Import Request.
  Time since last request: 0.000024 seconds.
  path: Assets/Scenes/MainGame/Assets/Map/Materials/Materials/CityVoxelPack/Assets/roads/medium/Mesh/road6bisbis.obj
  artifactKey: Guid(da18830a7ae82924f8655aff67103589) Importer(815301076,1909f56bfc062723c751e8b465ee728b)
Start importing Assets/Scenes/MainGame/Assets/Map/Materials/Materials/CityVoxelPack/Assets/roads/medium/Mesh/road6bisbis.obj using Guid(da18830a7ae82924f8655aff67103589) Importer(815301076,1909f56bfc062723c751e8b465ee728b)  -> (artifact id: 'ebaa4622864ad81a5da375c8e1020824') in 0.027675 seconds 
========================================================================
Received Import Request.
  Time since last request: 0.000027 seconds.
  path: Assets/Scenes/MainGame/Assets/Map/Materials/Materials/CityVoxelPack/Assets/roads/medium/Mesh/road6bis.obj
  artifactKey: Guid(e3384c788e8c3db44a14ba699e7dd169) Importer(815301076,1909f56bfc062723c751e8b465ee728b)
Start importing Assets/Scenes/MainGame/Assets/Map/Materials/Materials/CityVoxelPack/Assets/roads/medium/Mesh/road6bis.obj using Guid(e3384c788e8c3db44a14ba699e7dd169) Importer(815301076,1909f56bfc062723c751e8b465ee728b)  -> (artifact id: 'bd6b5866d76ef27dfed9b7f33d19679f') in 0.029883 seconds 
========================================================================
Received Import Request.
  Time since last request: 15.114088 seconds.
  path: Packages/com.unity.render-pipelines.universal/Editor/ShaderGraph/Includes/DecalMeshBiasTypeEnum.cs.hlsl
  artifactKey: Guid(6483447b285419e4b89f8a853712e1ab) Importer(815301076,1909f56bfc062723c751e8b465ee728b)
Start importing Packages/com.unity.render-pipelines.universal/Editor/ShaderGraph/Includes/DecalMeshBiasTypeEnum.cs.hlsl using Guid(6483447b285419e4b89f8a853712e1ab) Importer(815301076,1909f56bfc062723c751e8b465ee728b)  -> (artifact id: 'd144e3b27ea36eb162e20d56219878a8') in 0.015654 seconds 
========================================================================
Received Import Request.
  Time since last request: 30.879620 seconds.
  path: Assets/Scenes/MainGame/Assets/Map/Materials/Materials/CityVoxelPack/DemoScenes/Demo/building1 (1) Profile 1.asset
  artifactKey: Guid(fa8fdfcebd7093f48b0fcab2b68a34be) Importer(815301076,1909f56bfc062723c751e8b465ee728b)
Start importing Assets/Scenes/MainGame/Assets/Map/Materials/Materials/CityVoxelPack/DemoScenes/Demo/building1 (1) Profile 1.asset using Guid(fa8fdfcebd7093f48b0fcab2b68a34be) Importer(815301076,1909f56bfc062723c751e8b465ee728b)  -> (artifact id: 'cb958ea2af9561f2ec6dd868f6a5a75b') in 0.012175 seconds 
========================================================================
Received Import Request.
  Time since last request: 0.000022 seconds.
  path: Assets/Scenes/MainGame/Assets/Map/Materials/Materials/CityVoxelPack/DemoScenes/Demo/building1 Profile 5.asset
  artifactKey: Guid(f80c657060fa938408e2720f8512e775) Importer(815301076,1909f56bfc062723c751e8b465ee728b)
Start importing Assets/Scenes/MainGame/Assets/Map/Materials/Materials/CityVoxelPack/DemoScenes/Demo/building1 Profile 5.asset using Guid(f80c657060fa938408e2720f8512e775) Importer(815301076,1909f56bfc062723c751e8b465ee728b)  -> (artifact id: '7a585186a36cca018d7a4867dba0761f') in 0.010329 seconds 
========================================================================
Received Import Request.
  Time since last request: 0.000030 seconds.
  path: Assets/Scenes/MainGame/Assets/Map/Materials/Materials/CityVoxelPack/DemoScenes/Demo/building1 Profile 9.asset
  artifactKey: Guid(6ea61231b4c30db458383ff7df55bc94) Importer(815301076,1909f56bfc062723c751e8b465ee728b)
Start importing Assets/Scenes/MainGame/Assets/Map/Materials/Materials/CityVoxelPack/DemoScenes/Demo/building1 Profile 9.asset using Guid(6ea61231b4c30db458383ff7df55bc94) Importer(815301076,1909f56bfc062723c751e8b465ee728b)  -> (artifact id: 'c8247b15a4f6fc2e83de1b373ae2c5a0') in 0.007982 seconds 
========================================================================
Received Import Request.
  Time since last request: 0.000032 seconds.
  path: Assets/Scenes/MainGame/Assets/Map/Materials/Materials/CityVoxelPack/DemoScenes/Demo/building1 Profile 7.asset
  artifactKey: Guid(15fbeb6ffdca97346ab5b0a290cc8f17) Importer(815301076,1909f56bfc062723c751e8b465ee728b)
Start importing Assets/Scenes/MainGame/Assets/Map/Materials/Materials/CityVoxelPack/DemoScenes/Demo/building1 Profile 7.asset using Guid(15fbeb6ffdca97346ab5b0a290cc8f17) Importer(815301076,1909f56bfc062723c751e8b465ee728b)  -> (artifact id: 'ba2a11de134464c8c7cd5b5cd0087887') in 0.009973 seconds 
========================================================================
Received Import Request.
  Time since last request: 0.000023 seconds.
  path: Assets/Scenes/MainGame/Assets/Map/Materials/Materials/CityVoxelPack/DemoScenes/Demo/building1 Profile 1.asset
  artifactKey: Guid(ca3692e63354a3f4a8c5244d686f1e72) Importer(815301076,1909f56bfc062723c751e8b465ee728b)
Start importing Assets/Scenes/MainGame/Assets/Map/Materials/Materials/CityVoxelPack/DemoScenes/Demo/building1 Profile 1.asset using Guid(ca3692e63354a3f4a8c5244d686f1e72) Importer(815301076,1909f56bfc062723c751e8b465ee728b)  -> (artifact id: '75e526c2a6fdd20d538039e5027f8e28') in 0.003292 seconds 
========================================================================
Received Import Request.
  Time since last request: 0.000037 seconds.
  path: Assets/Scenes/MainGame/Assets/Map/Materials/Materials/CityVoxelPack/Assets/buildings/medium/Meshes/building3.obj
  artifactKey: Guid(82de4fbb665710e4f8bd208eb9df045c) Importer(815301076,1909f56bfc062723c751e8b465ee728b)
Start importing Assets/Scenes/MainGame/Assets/Map/Materials/Materials/CityVoxelPack/Assets/buildings/medium/Meshes/building3.obj using Guid(82de4fbb665710e4f8bd208eb9df045c) Importer(815301076,1909f56bfc062723c751e8b465ee728b)  -> (artifact id: '438245cfa4ad57fc4314e69e77b161a6') in 0.055778 seconds 
========================================================================
Received Import Request.
  Time since last request: 15.502417 seconds.
  path: Assets/Scenes/MainGame/Assets/Map/Materials/Materials/CityVoxelPack/Assets/buildings/medium/Meshes/building12.obj
  artifactKey: Guid(9eef59c43ce37ba47b6330c207332787) Importer(815301076,1909f56bfc062723c751e8b465ee728b)
Start importing Assets/Scenes/MainGame/Assets/Map/Materials/Materials/CityVoxelPack/Assets/buildings/medium/Meshes/building12.obj using Guid(9eef59c43ce37ba47b6330c207332787) Importer(815301076,1909f56bfc062723c751e8b465ee728b)  -> (artifact id: 'a1c63486e966716855c034a3c4390b5a') in 0.032416 seconds 
========================================================================
Received Import Request.
  Time since last request: 0.000024 seconds.
  path: Assets/Scenes/MainGame/Assets/Map/Materials/Materials/CityVoxelPack/DemoScenes/Demo/building19 Profile 2.asset
  artifactKey: Guid(4e420e108cea64f4fa148e2d9f99aee9) Importer(815301076,1909f56bfc062723c751e8b465ee728b)
Start importing Assets/Scenes/MainGame/Assets/Map/Materials/Materials/CityVoxelPack/DemoScenes/Demo/building19 Profile 2.asset using Guid(4e420e108cea64f4fa148e2d9f99aee9) Importer(815301076,1909f56bfc062723c751e8b465ee728b)  -> (artifact id: 'fd90607135c7ed08ece6c2dc6ea64b0e') in 0.010055 seconds 
Editor requested this worker to shutdown with reason: Scaling down because of idle timeout
AssetImportWorker is now disconnected from the server
Process exiting
Exiting without the bug reporter. Application will terminate with return code 0