Using pre-set license
Built from '2021.3/staging' branch; Version is '2021.3.18f1 (3129e69bc0c7) revision 3221990'; Using compiler version '192829333'; Build Type 'Release'
OS: 'Windows 11  (10.0.22621) 64bit Professional' Language: 'ja' Physical Memory: 16205 MB
BatchMode: 1, IsHumanControllingUs: 0, StartBugReporterOnCrash: 0, Is64bit: 1, IsPro: 1

COMMAND LINE ARGUMENTS:
C:\Program Files\Unity\Hub\Editor\2021.3.18f1\Editor\Unity.exe
-adb2
-batchMode
-noUpm
-name
AssetImportWorker14
-projectPath
C:/DoraFesMainProject/DoraFes
-logFile
Logs/AssetImportWorker14.log
-srvPort
50699
Successfully changed project path to: C:/DoraFesMainProject/DoraFes
C:/DoraFesMainProject/DoraFes
[UnityMemory] Configuration Parameters - Can be set up in boot.config
    "memorysetup-bucket-allocator-granularity=16"
    "memorysetup-bucket-allocator-bucket-count=8"
    "memorysetup-bucket-allocator-block-size=33554432"
    "memorysetup-bucket-allocator-block-count=8"
    "memorysetup-main-allocator-block-size=16777216"
    "memorysetup-thread-allocator-block-size=16777216"
    "memorysetup-gfx-main-allocator-block-size=16777216"
    "memorysetup-gfx-thread-allocator-block-size=16777216"
    "memorysetup-cache-allocator-block-size=4194304"
    "memorysetup-typetree-allocator-block-size=2097152"
    "memorysetup-profiler-bucket-allocator-granularity=16"
    "memorysetup-profiler-bucket-allocator-bucket-count=8"
    "memorysetup-profiler-bucket-allocator-block-size=33554432"
    "memorysetup-profiler-bucket-allocator-block-count=8"
    "memorysetup-profiler-allocator-block-size=16777216"
    "memorysetup-profiler-editor-allocator-block-size=1048576"
    "memorysetup-temp-allocator-size-main=16777216"
    "memorysetup-job-temp-allocator-block-size=2097152"
    "memorysetup-job-temp-allocator-block-size-background=1048576"
    "memorysetup-job-temp-allocator-reduction-small-platforms=262144"
    "memorysetup-temp-allocator-size-background-worker=32768"
    "memorysetup-temp-allocator-size-job-worker=262144"
    "memorysetup-temp-allocator-size-preload-manager=33554432"
    "memorysetup-temp-allocator-size-nav-mesh-worker=65536"
    "memorysetup-temp-allocator-size-audio-worker=65536"
    "memorysetup-temp-allocator-size-cloud-worker=32768"
    "memorysetup-temp-allocator-size-gi-baking-worker=262144"
    "memorysetup-temp-allocator-size-gfx=262144"
Player connection [24344] Host "[IP] 172.17.30.170 [Port] 0 [Flags] 2 [Guid] 3465304794 [EditorId] 3465304794 [Version] 1048832 [Id] WindowsEditor(7,win19ohs10915) [Debug] 1 [PackageName] WindowsEditor [ProjectName] Editor" joined multi-casting on [225.0.0.222:54997]...

Player connection [24344] Host "[IP] 172.17.30.170 [Port] 0 [Flags] 2 [Guid] 3465304794 [EditorId] 3465304794 [Version] 1048832 [Id] WindowsEditor(7,win19ohs10915) [Debug] 1 [PackageName] WindowsEditor [ProjectName] Editor" joined alternative multi-casting on [225.0.0.222:34997]...

Refreshing native plugins compatible for Editor in 100.28 ms, found 3 plugins.
Preloading 0 native plugins for Editor in 0.00 ms.
Initialize engine version: 2021.3.18f1 (3129e69bc0c7)
[Subsystems] Discovering subsystems at path C:/Program Files/Unity/Hub/Editor/2021.3.18f1/Editor/Data/Resources/UnitySubsystems
[Subsystems] Discovering subsystems at path C:/DoraFesMainProject/DoraFes/Assets
GfxDevice: creating device client; threaded=0; jobified=0
Direct3D:
    Version:  Direct3D 11.0 [level 11.1]
    Renderer: NVIDIA GeForce GTX 1650 Ti with Max-Q Design (ID=0x1f95)
    Vendor:   NVIDIA
    VRAM:     3962 MB
    Driver:   30.0.14.7141
Initialize mono
Mono path[0] = 'C:/Program Files/Unity/Hub/Editor/2021.3.18f1/Editor/Data/Managed'
Mono path[1] = 'C:/Program Files/Unity/Hub/Editor/2021.3.18f1/Editor/Data/MonoBleedingEdge/lib/mono/unityjit-win32'
Mono config path = 'C:/Program Files/Unity/Hub/Editor/2021.3.18f1/Editor/Data/MonoBleedingEdge/etc'
Using monoOptions --debugger-agent=transport=dt_socket,embedding=1,server=y,suspend=n,address=127.0.0.1:56768
Begin MonoManager ReloadAssembly
Registering precompiled unity dll's ...
Register platform support module: C:/Program Files/Unity/Hub/Editor/2021.3.18f1/Editor/Data/PlaybackEngines/WindowsStandaloneSupport/UnityEditor.WindowsStandalone.Extensions.dll
Registered in 0.003938 seconds.
Native extension for WindowsStandalone target not found
Refreshing native plugins compatible for Editor in 107.35 ms, found 3 plugins.
Preloading 0 native plugins for Editor in 0.00 ms.
Mono: successfully reloaded assembly
- Completed reload, in  0.658 seconds
Domain Reload Profiling:
	ReloadAssembly (658ms)
		BeginReloadAssembly (68ms)
			ExecutionOrderSort (0ms)
			DisableScriptedObjects (0ms)
			BackupInstance (0ms)
			ReleaseScriptingObjects (0ms)
			CreateAndSetChildDomain (1ms)
		EndReloadAssembly (491ms)
			LoadAssemblies (67ms)
			RebuildTransferFunctionScriptingTraits (0ms)
			SetupTypeCache (102ms)
			ReleaseScriptCaches (0ms)
			RebuildScriptCaches (30ms)
			SetupLoadedEditorAssemblies (297ms)
				LogAssemblyErrors (0ms)
				InitializePlatformSupportModulesInManaged (6ms)
				SetLoadedEditorAssemblies (0ms)
				RefreshPlugins (107ms)
				BeforeProcessingInitializeOnLoad (1ms)
				ProcessInitializeOnLoadAttributes (138ms)
				ProcessInitializeOnLoadMethodAttributes (44ms)
				AfterProcessingInitializeOnLoad (0ms)
				EditorAssembliesLoaded (0ms)
			ExecutionOrderSort2 (0ms)
			AwakeInstancesAfterBackupRestoration (0ms)
Platform modules already initialized, skipping
Registering precompiled user dll's ...
Registered in 0.007264 seconds.
Begin MonoManager ReloadAssembly
Symbol file LoadedFromMemory doesn't match image C:\DoraFesMainProject\DoraFes\Library\PackageCache\com.unity.visualscripting@1.8.0\Editor\VisualScripting.Core\Dependencies\YamlDotNet\Unity.VisualScripting.YamlDotNet.dll
Symbol file LoadedFromMemory doesn't match image C:\DoraFesMainProject\DoraFes\Library\PackageCache\com.unity.visualscripting@1.8.0\Editor\VisualScripting.Core\Dependencies\DotNetZip\Unity.VisualScripting.IonicZip.dll
Native extension for WindowsStandalone target not found
Refreshing native plugins compatible for Editor in 105.32 ms, found 3 plugins.
Preloading 0 native plugins for Editor in 0.00 ms.
Mono: successfully reloaded assembly
- Completed reload, in  1.150 seconds
Domain Reload Profiling:
	ReloadAssembly (1151ms)
		BeginReloadAssembly (99ms)
			ExecutionOrderSort (0ms)
			DisableScriptedObjects (5ms)
			BackupInstance (0ms)
			ReleaseScriptingObjects (0ms)
			CreateAndSetChildDomain (24ms)
		EndReloadAssembly (946ms)
			LoadAssemblies (69ms)
			RebuildTransferFunctionScriptingTraits (0ms)
			SetupTypeCache (238ms)
			ReleaseScriptCaches (1ms)
			RebuildScriptCaches (54ms)
			SetupLoadedEditorAssemblies (544ms)
				LogAssemblyErrors (0ms)
				InitializePlatformSupportModulesInManaged (3ms)
				SetLoadedEditorAssemblies (0ms)
				RefreshPlugins (105ms)
				BeforeProcessingInitializeOnLoad (118ms)
				ProcessInitializeOnLoadAttributes (208ms)
				ProcessInitializeOnLoadMethodAttributes (103ms)
				AfterProcessingInitializeOnLoad (6ms)
				EditorAssembliesLoaded (0ms)
			ExecutionOrderSort2 (0ms)
			AwakeInstancesAfterBackupRestoration (6ms)
Platform modules already initialized, skipping
========================================================================
Worker process is ready to serve import requests
Launched and connected shader compiler UnityShaderCompiler.exe after 0.03 seconds
Refreshing native plugins compatible for Editor in 0.82 ms, found 3 plugins.
Preloading 0 native plugins for Editor in 0.00 ms.
Unloading 5027 Unused Serialized files (Serialized files now loaded: 0)
Unloading 86 unused Assets / (13.3 MB). Loaded Objects now: 5438.
Memory consumption went from 246.7 MB to 233.4 MB.
Total: 7.705700 ms (FindLiveObjects: 0.384600 ms CreateObjectMapping: 0.375700 ms MarkObjects: 2.678200 ms  DeleteObjects: 4.266300 ms)

AssetImportParameters requested are different than current active one (requested -> active):
  custom:video-decoder-ogg-theora: a1e56fd34408186e4bbccfd4996cb3dc -> 
  custom:container-muxer-webm: aa71ff27fc2769a1b78a27578f13a17b -> 
  custom:container-demuxer-webm: 4f35f7cbe854078d1ac9338744f61a02 -> 
  custom:video-encoder-webm-vp8: eb34c28f22e8b96e1ab97ce403110664 -> 
  custom:audio-encoder-webm-vorbis: bf7c407c2cedff20999df2af8eb42d56 -> 
  custom:framework-win-MediaFoundation: 216162199b28c13a410421893ffa2e32 -> 
  custom:container-demuxer-ogg: 62fdf1f143b41e24485cea50d1cbac27 -> 
  custom:video-decoder-webm-vp8: 9c59270c3fd7afecdb556c50c9e8de78 -> 
  custom:audio-decoder-ogg-vorbis: bf7c407c2cedff20999df2af8eb42d56 -> 
========================================================================
Received Import Request.
  Time since last request: 136763.880485 seconds.
  path: Assets/Scenes/Materials/map 8.mat
  artifactKey: Guid(e32ad4529c8b1d443827bac995059784) Importer(815301076,1909f56bfc062723c751e8b465ee728b)
Start importing Assets/Scenes/Materials/map 8.mat using Guid(e32ad4529c8b1d443827bac995059784) Importer(815301076,1909f56bfc062723c751e8b465ee728b)  -> (artifact id: '8d0217ad3a79608d4b95d0fe7c4376b3') in 0.261558 seconds 
========================================================================
Received Prepare
Registering precompiled user dll's ...
Registered in 0.005901 seconds.
Begin MonoManager ReloadAssembly
Symbol file LoadedFromMemory doesn't match image C:\DoraFesMainProject\DoraFes\Library\PackageCache\com.unity.visualscripting@1.8.0\Editor\VisualScripting.Core\Dependencies\YamlDotNet\Unity.VisualScripting.YamlDotNet.dll
Symbol file LoadedFromMemory doesn't match image C:\DoraFesMainProject\DoraFes\Library\PackageCache\com.unity.visualscripting@1.8.0\Editor\VisualScripting.Core\Dependencies\DotNetZip\Unity.VisualScripting.IonicZip.dll
Native extension for WindowsStandalone target not found
Refreshing native plugins compatible for Editor in 1.37 ms, found 3 plugins.
Preloading 0 native plugins for Editor in 0.00 ms.
Mono: successfully reloaded assembly
- Completed reload, in  1.367 seconds
Domain Reload Profiling:
	ReloadAssembly (1368ms)
		BeginReloadAssembly (131ms)
			ExecutionOrderSort (0ms)
			DisableScriptedObjects (6ms)
			BackupInstance (0ms)
			ReleaseScriptingObjects (0ms)
			CreateAndSetChildDomain (46ms)
		EndReloadAssembly (1138ms)
			LoadAssemblies (80ms)
			RebuildTransferFunctionScriptingTraits (0ms)
			SetupTypeCache (348ms)
			ReleaseScriptCaches (2ms)
			RebuildScriptCaches (58ms)
			SetupLoadedEditorAssemblies (528ms)
				LogAssemblyErrors (0ms)
				InitializePlatformSupportModulesInManaged (15ms)
				SetLoadedEditorAssemblies (1ms)
				RefreshPlugins (1ms)
				BeforeProcessingInitializeOnLoad (127ms)
				ProcessInitializeOnLoadAttributes (256ms)
				ProcessInitializeOnLoadMethodAttributes (119ms)
				AfterProcessingInitializeOnLoad (8ms)
				EditorAssembliesLoaded (0ms)
			ExecutionOrderSort2 (0ms)
			AwakeInstancesAfterBackupRestoration (30ms)
Platform modules already initialized, skipping
Refreshing native plugins compatible for Editor in 2.12 ms, found 3 plugins.
Preloading 0 native plugins for Editor in 0.00 ms.
Unloading 4846 Unused Serialized files (Serialized files now loaded: 0)
Unloading 78 unused Assets / (13.5 MB). Loaded Objects now: 5536.
Memory consumption went from 239.9 MB to 226.4 MB.
Total: 7.722700 ms (FindLiveObjects: 0.362200 ms CreateObjectMapping: 0.292000 ms MarkObjects: 2.245900 ms  DeleteObjects: 4.821800 ms)

AssetImportParameters requested are different than current active one (requested -> active):
  custom:video-decoder-ogg-theora: a1e56fd34408186e4bbccfd4996cb3dc -> 
  custom:container-muxer-webm: aa71ff27fc2769a1b78a27578f13a17b -> 
  custom:container-demuxer-webm: 4f35f7cbe854078d1ac9338744f61a02 -> 
  custom:video-encoder-webm-vp8: eb34c28f22e8b96e1ab97ce403110664 -> 
  custom:audio-encoder-webm-vorbis: bf7c407c2cedff20999df2af8eb42d56 -> 
  custom:framework-win-MediaFoundation: 216162199b28c13a410421893ffa2e32 -> 
  custom:container-demuxer-ogg: 62fdf1f143b41e24485cea50d1cbac27 -> 
  custom:video-decoder-webm-vp8: 9c59270c3fd7afecdb556c50c9e8de78 -> 
  custom:audio-decoder-ogg-vorbis: bf7c407c2cedff20999df2af8eb42d56 -> 
========================================================================
Received Import Request.
  Time since last request: 181.792104 seconds.
  path: Assets/LowPolyEnviroPack_LITE_builtIn/BlocksAndTrees/Prefabs/Block_Brick.prefab
  artifactKey: Guid(3468665f07a45724cb6b40a8b33a8415) Importer(815301076,1909f56bfc062723c751e8b465ee728b)
Start importing Assets/LowPolyEnviroPack_LITE_builtIn/BlocksAndTrees/Prefabs/Block_Brick.prefab using Guid(3468665f07a45724cb6b40a8b33a8415) Importer(815301076,1909f56bfc062723c751e8b465ee728b)  -> (artifact id: '14d10f5f08036df8b6014400d63cf342') in 0.226571 seconds 
========================================================================
Received Import Request.
  Time since last request: 0.000025 seconds.
  path: Assets/LowPolyEnviroPack_LITE_builtIn/BlocksAndTrees/Prefabs/PineTree_A.prefab
  artifactKey: Guid(5be25102ba01c684793778924982b928) Importer(815301076,1909f56bfc062723c751e8b465ee728b)
Start importing Assets/LowPolyEnviroPack_LITE_builtIn/BlocksAndTrees/Prefabs/PineTree_A.prefab using Guid(5be25102ba01c684793778924982b928) Importer(815301076,1909f56bfc062723c751e8b465ee728b)  -> (artifact id: 'a2d62583edd9b56fe87e375c654517ad') in 0.030515 seconds 
========================================================================
Received Import Request.
  Time since last request: 0.000035 seconds.
  path: Assets/LowPolyEnviroPack_LITE_builtIn/BlocksAndTrees/Prefabs/Block_Cap_Stones.prefab
  artifactKey: Guid(e149d3876b7bb26428b02391d4601f0b) Importer(815301076,1909f56bfc062723c751e8b465ee728b)
Start importing Assets/LowPolyEnviroPack_LITE_builtIn/BlocksAndTrees/Prefabs/Block_Cap_Stones.prefab using Guid(e149d3876b7bb26428b02391d4601f0b) Importer(815301076,1909f56bfc062723c751e8b465ee728b)  -> (artifact id: 'b9b6e7af8325706be8f0ef3f596cd70c') in 0.021681 seconds 
========================================================================
Received Import Request.
  Time since last request: 0.000029 seconds.
  path: Assets/LowPolyEnviroPack_LITE_builtIn/BlocksAndTrees/Prefabs/PineTree_F.prefab
  artifactKey: Guid(9b2258d51bd0bdb41b38ca552b90b1ed) Importer(815301076,1909f56bfc062723c751e8b465ee728b)
Start importing Assets/LowPolyEnviroPack_LITE_builtIn/BlocksAndTrees/Prefabs/PineTree_F.prefab using Guid(9b2258d51bd0bdb41b38ca552b90b1ed) Importer(815301076,1909f56bfc062723c751e8b465ee728b)  -> (artifact id: 'd4f303ff34424f79d3a618cb84cb0c3a') in 0.022945 seconds 
========================================================================
Received Import Request.
  Time since last request: 0.000042 seconds.
  path: Assets/LowPolyEnviroPack_LITE_builtIn/BlocksAndTrees/Prefabs/Block_Rounded_Water.prefab
  artifactKey: Guid(6a048fa74382335449350a6affefcb57) Importer(815301076,1909f56bfc062723c751e8b465ee728b)
Start importing Assets/LowPolyEnviroPack_LITE_builtIn/BlocksAndTrees/Prefabs/Block_Rounded_Water.prefab using Guid(6a048fa74382335449350a6affefcb57) Importer(815301076,1909f56bfc062723c751e8b465ee728b)  -> (artifact id: '8bfac7bbaaeddabab40566b2cd0ef997') in 0.018455 seconds 
========================================================================
Received Import Request.
  Time since last request: 0.000046 seconds.
  path: Assets/LowPolyEnviroPack_LITE_builtIn/BlocksAndTrees/Prefabs/RockPlainBrown2.prefab
  artifactKey: Guid(1856a7dc29240a9408ef11bdb6f050b1) Importer(815301076,1909f56bfc062723c751e8b465ee728b)
Start importing Assets/LowPolyEnviroPack_LITE_builtIn/BlocksAndTrees/Prefabs/RockPlainBrown2.prefab using Guid(1856a7dc29240a9408ef11bdb6f050b1) Importer(815301076,1909f56bfc062723c751e8b465ee728b)  -> (artifact id: 'fd7f9defc0ec0f5a7c74e367b314d716') in 0.021061 seconds 
========================================================================
Received Import Request.
  Time since last request: 0.000031 seconds.
  path: Assets/LowPolyEnviroPack_LITE_builtIn/BlocksAndTrees/Prefabs/RockPlainGrey2.prefab
  artifactKey: Guid(bee7a7386cf1b404395a72552487dd73) Importer(815301076,1909f56bfc062723c751e8b465ee728b)
Start importing Assets/LowPolyEnviroPack_LITE_builtIn/BlocksAndTrees/Prefabs/RockPlainGrey2.prefab using Guid(bee7a7386cf1b404395a72552487dd73) Importer(815301076,1909f56bfc062723c751e8b465ee728b)  -> (artifact id: 'b7a55fd3adc67912120fcde2666aec8b') in 0.017654 seconds 
========================================================================
Received Import Request.
  Time since last request: 0.000041 seconds.
  path: Assets/LowPolyEnviroPack_LITE_builtIn/BlocksAndTrees/Prefabs/RockMoss2.prefab
  artifactKey: Guid(80b52597905d7c840be77abcee4fbfb8) Importer(815301076,1909f56bfc062723c751e8b465ee728b)
Start importing Assets/LowPolyEnviroPack_LITE_builtIn/BlocksAndTrees/Prefabs/RockMoss2.prefab using Guid(80b52597905d7c840be77abcee4fbfb8) Importer(815301076,1909f56bfc062723c751e8b465ee728b)  -> (artifact id: 'fa4f167f77cce02716d09133d5e0389d') in 0.021247 seconds 
========================================================================
Received Import Request.
  Time since last request: 0.000028 seconds.
  path: Assets/LowPolyEnviroPack_LITE_builtIn/BlocksAndTrees/Prefabs/Mushroom4.prefab
  artifactKey: Guid(1310e86b217e3314c9d7f8785473109e) Importer(815301076,1909f56bfc062723c751e8b465ee728b)
Start importing Assets/LowPolyEnviroPack_LITE_builtIn/BlocksAndTrees/Prefabs/Mushroom4.prefab using Guid(1310e86b217e3314c9d7f8785473109e) Importer(815301076,1909f56bfc062723c751e8b465ee728b)  -> (artifact id: '73142e065c5d3356304dd427d6d9f526') in 0.020089 seconds 
========================================================================
Received Import Request.
  Time since last request: 0.000022 seconds.
  path: Assets/LowPolyEnviroPack_LITE_builtIn/BlocksAndTrees/Prefabs/Mushroom5.prefab
  artifactKey: Guid(87c5e12bff88d18409f85fb7ccaeb3fe) Importer(815301076,1909f56bfc062723c751e8b465ee728b)
Start importing Assets/LowPolyEnviroPack_LITE_builtIn/BlocksAndTrees/Prefabs/Mushroom5.prefab using Guid(87c5e12bff88d18409f85fb7ccaeb3fe) Importer(815301076,1909f56bfc062723c751e8b465ee728b)  -> (artifact id: 'c889ce5581c1b04ef3fa1942b961b7a0') in 0.018522 seconds 
========================================================================
Received Import Request.
  Time since last request: 0.000025 seconds.
  path: Assets/LowPolyEnviroPack_LITE_builtIn/BlocksAndTrees/Prefabs/PineTree_E.prefab
  artifactKey: Guid(e12ec177aef90b24898f58270fd317e0) Importer(815301076,1909f56bfc062723c751e8b465ee728b)
Start importing Assets/LowPolyEnviroPack_LITE_builtIn/BlocksAndTrees/Prefabs/PineTree_E.prefab using Guid(e12ec177aef90b24898f58270fd317e0) Importer(815301076,1909f56bfc062723c751e8b465ee728b)  -> (artifact id: '7e381bac2c6036c84b8a5d63ba0b78a1') in 0.020948 seconds 
========================================================================
Received Import Request.
  Time since last request: 0.000041 seconds.
  path: Assets/LowPolyEnviroPack_LITE_builtIn/BlocksAndTrees/Prefabs/Rock_CanyonLarge.prefab
  artifactKey: Guid(03094edba87a7724a9395d699b2205a1) Importer(815301076,1909f56bfc062723c751e8b465ee728b)
Start importing Assets/LowPolyEnviroPack_LITE_builtIn/BlocksAndTrees/Prefabs/Rock_CanyonLarge.prefab using Guid(03094edba87a7724a9395d699b2205a1) Importer(815301076,1909f56bfc062723c751e8b465ee728b)  -> (artifact id: '836145ac2ad17190549fd049990b0c29') in 0.014811 seconds 
========================================================================
Received Import Request.
  Time since last request: 0.000022 seconds.
  path: Assets/LowPolyEnviroPack_LITE_builtIn/BlocksAndTrees/Prefabs/Block_Concrete.prefab
  artifactKey: Guid(8246047742c6ed54dafcc7b9c5ef7551) Importer(815301076,1909f56bfc062723c751e8b465ee728b)
Start importing Assets/LowPolyEnviroPack_LITE_builtIn/BlocksAndTrees/Prefabs/Block_Concrete.prefab using Guid(8246047742c6ed54dafcc7b9c5ef7551) Importer(815301076,1909f56bfc062723c751e8b465ee728b)  -> (artifact id: 'a24a2f49f692fd44326324c4849e2522') in 0.022849 seconds 
========================================================================
Received Import Request.
  Time since last request: 0.000026 seconds.
  path: Assets/LowPolyEnviroPack_LITE_builtIn/BlocksAndTrees/Prefabs/Block_Rounded_Sand.prefab
  artifactKey: Guid(f7f30da541eaabf47a564d05d7981f88) Importer(815301076,1909f56bfc062723c751e8b465ee728b)
Start importing Assets/LowPolyEnviroPack_LITE_builtIn/BlocksAndTrees/Prefabs/Block_Rounded_Sand.prefab using Guid(f7f30da541eaabf47a564d05d7981f88) Importer(815301076,1909f56bfc062723c751e8b465ee728b)  -> (artifact id: 'ba8d1e500676bdc8eebe2259993f645a') in 0.020265 seconds 
========================================================================
Received Import Request.
  Time since last request: 0.000027 seconds.
  path: Assets/LowPolyEnviroPack_LITE_builtIn/BlocksAndTrees/Prefabs/SilverBirchTreeLarge.prefab
  artifactKey: Guid(393b72400b22928418bd19218f43a55a) Importer(815301076,1909f56bfc062723c751e8b465ee728b)
Start importing Assets/LowPolyEnviroPack_LITE_builtIn/BlocksAndTrees/Prefabs/SilverBirchTreeLarge.prefab using Guid(393b72400b22928418bd19218f43a55a) Importer(815301076,1909f56bfc062723c751e8b465ee728b)  -> (artifact id: 'e6aeefd6e81f86cad7f110c14c39a070') in 0.019942 seconds 
========================================================================
Received Import Request.
  Time since last request: 0.000030 seconds.
  path: Assets/LowPolyEnviroPack_LITE_builtIn/BlocksAndTrees/Prefabs/Mushroom1.prefab
  artifactKey: Guid(acb4b7f29115c1741ab5097c8b15d4bb) Importer(815301076,1909f56bfc062723c751e8b465ee728b)
Start importing Assets/LowPolyEnviroPack_LITE_builtIn/BlocksAndTrees/Prefabs/Mushroom1.prefab using Guid(acb4b7f29115c1741ab5097c8b15d4bb) Importer(815301076,1909f56bfc062723c751e8b465ee728b)  -> (artifact id: '85d98c3c281352427f39d55c9c4277d0') in 0.019241 seconds 
========================================================================
Received Import Request.
  Time since last request: 0.000047 seconds.
  path: Assets/LowPolyEnviroPack_LITE_builtIn/BlocksAndTrees/Prefabs/Mushroom3.prefab
  artifactKey: Guid(6ff4623ce823f1c479700cc375d08f5d) Importer(815301076,1909f56bfc062723c751e8b465ee728b)
Start importing Assets/LowPolyEnviroPack_LITE_builtIn/BlocksAndTrees/Prefabs/Mushroom3.prefab using Guid(6ff4623ce823f1c479700cc375d08f5d) Importer(815301076,1909f56bfc062723c751e8b465ee728b)  -> (artifact id: '9a3cb0820539c52a03ce09b4442c2b35') in 0.018907 seconds 
========================================================================
Received Import Request.
  Time since last request: 0.000033 seconds.
  path: Assets/LowPolyEnviroPack_LITE_builtIn/BlocksAndTrees/Prefabs/Mushroom2.prefab
  artifactKey: Guid(3c57b87dd91db65449a6b66a7bdad5af) Importer(815301076,1909f56bfc062723c751e8b465ee728b)
Start importing Assets/LowPolyEnviroPack_LITE_builtIn/BlocksAndTrees/Prefabs/Mushroom2.prefab using Guid(3c57b87dd91db65449a6b66a7bdad5af) Importer(815301076,1909f56bfc062723c751e8b465ee728b)  -> (artifact id: '1af72827bad90a7116b8eccf498aa9ca') in 0.018705 seconds 
========================================================================
Received Import Request.
  Time since last request: 0.000028 seconds.
  path: Assets/LowPolyEnviroPack_LITE_builtIn/BlocksAndTrees/Prefabs/Block_Cap_Concrete.prefab
  artifactKey: Guid(72b0d84d8d002be4d9144403456c0541) Importer(815301076,1909f56bfc062723c751e8b465ee728b)
Start importing Assets/LowPolyEnviroPack_LITE_builtIn/BlocksAndTrees/Prefabs/Block_Cap_Concrete.prefab using Guid(72b0d84d8d002be4d9144403456c0541) Importer(815301076,1909f56bfc062723c751e8b465ee728b)  -> (artifact id: '0a64095e901206efa7e23370e0a3c904') in 0.023045 seconds 
========================================================================
Received Import Request.
  Time since last request: 0.000030 seconds.
  path: Assets/LowPolyEnviroPack_LITE_builtIn/BlocksAndTrees/Prefabs/Block_Rounded_Soil.prefab
  artifactKey: Guid(cb3313c5be6838f488ce1144ace15ce3) Importer(815301076,1909f56bfc062723c751e8b465ee728b)
Start importing Assets/LowPolyEnviroPack_LITE_builtIn/BlocksAndTrees/Prefabs/Block_Rounded_Soil.prefab using Guid(cb3313c5be6838f488ce1144ace15ce3) Importer(815301076,1909f56bfc062723c751e8b465ee728b)  -> (artifact id: '6861c69e15d30231cd2e9d761c25fdf2') in 0.017882 seconds 
========================================================================
Received Import Request.
  Time since last request: 0.000036 seconds.
  path: Assets/LowPolyEnviroPack_LITE_builtIn/BlocksAndTrees/Prefabs/Block_Cap_Concrete_Plain.prefab
  artifactKey: Guid(c4199ab7b397b114298f3918977797b6) Importer(815301076,1909f56bfc062723c751e8b465ee728b)
Start importing Assets/LowPolyEnviroPack_LITE_builtIn/BlocksAndTrees/Prefabs/Block_Cap_Concrete_Plain.prefab using Guid(c4199ab7b397b114298f3918977797b6) Importer(815301076,1909f56bfc062723c751e8b465ee728b)  -> (artifact id: '63195a621906d9916a6ce8fe322cd785') in 0.019692 seconds 
========================================================================
Received Import Request.
  Time since last request: 0.000053 seconds.
  path: Assets/LowPolyEnviroPack_LITE_builtIn/BlocksAndTrees/Prefabs/Block_Cap_ConcreteMossEdge.prefab
  artifactKey: Guid(74dd2e9fef67d54458f0350bee518a09) Importer(815301076,1909f56bfc062723c751e8b465ee728b)
Start importing Assets/LowPolyEnviroPack_LITE_builtIn/BlocksAndTrees/Prefabs/Block_Cap_ConcreteMossEdge.prefab using Guid(74dd2e9fef67d54458f0350bee518a09) Importer(815301076,1909f56bfc062723c751e8b465ee728b)  -> (artifact id: '867903f94ac799932039e1a25315ae9e') in 0.020576 seconds 
========================================================================
Received Import Request.
  Time since last request: 0.000050 seconds.
  path: Assets/LowPolyEnviroPack_LITE_builtIn/BlocksAndTrees/Prefabs/Block_Cap_ConcreteMossCornerIn.prefab
  artifactKey: Guid(cfa4886881fcde74c8a832dcb083b551) Importer(815301076,1909f56bfc062723c751e8b465ee728b)
Start importing Assets/LowPolyEnviroPack_LITE_builtIn/BlocksAndTrees/Prefabs/Block_Cap_ConcreteMossCornerIn.prefab using Guid(cfa4886881fcde74c8a832dcb083b551) Importer(815301076,1909f56bfc062723c751e8b465ee728b)  -> (artifact id: '7bc4ab120e0b2cf73593a90ed463d8b0') in 0.023621 seconds 
========================================================================
Received Import Request.
  Time since last request: 0.000024 seconds.
  path: Assets/LowPolyEnviroPack_LITE_builtIn/BlocksAndTrees/Prefabs/RockPlainGrey3.prefab
  artifactKey: Guid(ab143f35dec115740bdcd10ea7a9e32c) Importer(815301076,1909f56bfc062723c751e8b465ee728b)
Start importing Assets/LowPolyEnviroPack_LITE_builtIn/BlocksAndTrees/Prefabs/RockPlainGrey3.prefab using Guid(ab143f35dec115740bdcd10ea7a9e32c) Importer(815301076,1909f56bfc062723c751e8b465ee728b)  -> (artifact id: 'ce9362893c747e62549362643f6c3435') in 0.018585 seconds 
========================================================================
Received Import Request.
  Time since last request: 0.000025 seconds.
  path: Assets/LowPolyEnviroPack_LITE_builtIn/BlocksAndTrees/Prefabs/Block_Cap_Mossy.prefab
  artifactKey: Guid(46fc72a04ae183a4f9cf13ea9d9471ee) Importer(815301076,1909f56bfc062723c751e8b465ee728b)
Start importing Assets/LowPolyEnviroPack_LITE_builtIn/BlocksAndTrees/Prefabs/Block_Cap_Mossy.prefab using Guid(46fc72a04ae183a4f9cf13ea9d9471ee) Importer(815301076,1909f56bfc062723c751e8b465ee728b)  -> (artifact id: 'e98b202e7b5fa9236ac609fcd5d2e324') in 0.020956 seconds 
========================================================================
Received Import Request.
  Time since last request: 1.080872 seconds.
  path: Assets/LowPolyEnviroPack_LITE_builtIn/BlocksAndTrees/Prefabs/Tree_Cube_Autumn.prefab
  artifactKey: Guid(232035f855448d949afce0dab18ff057) Importer(815301076,1909f56bfc062723c751e8b465ee728b)
Start importing Assets/LowPolyEnviroPack_LITE_builtIn/BlocksAndTrees/Prefabs/Tree_Cube_Autumn.prefab using Guid(232035f855448d949afce0dab18ff057) Importer(815301076,1909f56bfc062723c751e8b465ee728b)  -> (artifact id: '3cba88730b580780ead17436ec729a0f') in 0.014799 seconds 
========================================================================
Received Import Request.
  Time since last request: 0.000024 seconds.
  path: Assets/LowPolyEnviroPack_LITE_builtIn/BlocksAndTrees/Prefabs/Tree_Cube_Spring.prefab
  artifactKey: Guid(5a334219ce0aa8244b7c4bd7a9053d1e) Importer(815301076,1909f56bfc062723c751e8b465ee728b)
Start importing Assets/LowPolyEnviroPack_LITE_builtIn/BlocksAndTrees/Prefabs/Tree_Cube_Spring.prefab using Guid(5a334219ce0aa8244b7c4bd7a9053d1e) Importer(815301076,1909f56bfc062723c751e8b465ee728b)  -> (artifact id: 'f64e3d0b5a7c9daeb2922a555cb73dae') in 0.021218 seconds 
========================================================================
Received Import Request.
  Time since last request: 0.000035 seconds.
  path: Assets/LowPolyEnviroPack_LITE_builtIn/BlocksAndTrees/Prefabs/Tree_Fern_Medium_Summer.prefab
  artifactKey: Guid(e53824cdc0ec8ad459787b3a044b55b8) Importer(815301076,1909f56bfc062723c751e8b465ee728b)
Start importing Assets/LowPolyEnviroPack_LITE_builtIn/BlocksAndTrees/Prefabs/Tree_Fern_Medium_Summer.prefab using Guid(e53824cdc0ec8ad459787b3a044b55b8) Importer(815301076,1909f56bfc062723c751e8b465ee728b)  -> (artifact id: 'b987f96aad6c44446174e88dbd6ff7ae') in 0.019459 seconds 
========================================================================
Received Import Request.
  Time since last request: 0.000026 seconds.
  path: Assets/LowPolyEnviroPack_LITE_builtIn/BlocksAndTrees/Prefabs/Tree_Cube_Winter.prefab
  artifactKey: Guid(8866eabd5401b4f4cb5522b89156e339) Importer(815301076,1909f56bfc062723c751e8b465ee728b)
Start importing Assets/LowPolyEnviroPack_LITE_builtIn/BlocksAndTrees/Prefabs/Tree_Cube_Winter.prefab using Guid(8866eabd5401b4f4cb5522b89156e339) Importer(815301076,1909f56bfc062723c751e8b465ee728b)  -> (artifact id: '397fd9118f0b6bbb313215bcfe3fa41e') in 0.021929 seconds 
========================================================================
Received Import Request.
  Time since last request: 0.000028 seconds.
  path: Assets/LowPolyEnviroPack_LITE_builtIn/BlocksAndTrees/Prefabs/Tree_Cube_SumAut.prefab
  artifactKey: Guid(478acb110044ba84f93a953d75007cf8) Importer(815301076,1909f56bfc062723c751e8b465ee728b)
Start importing Assets/LowPolyEnviroPack_LITE_builtIn/BlocksAndTrees/Prefabs/Tree_Cube_SumAut.prefab using Guid(478acb110044ba84f93a953d75007cf8) Importer(815301076,1909f56bfc062723c751e8b465ee728b)  -> (artifact id: '623ddd7e714790f3932916b36063d349') in 0.019547 seconds 
========================================================================
Received Import Request.
  Time since last request: 0.000022 seconds.
  path: Assets/LowPolyEnviroPack_LITE_builtIn/BlocksAndTrees/Prefabs/Tree_Cube_Winter_Alt.prefab
  artifactKey: Guid(cbc62331c42b34a48adf2d5682e2561b) Importer(815301076,1909f56bfc062723c751e8b465ee728b)
Start importing Assets/LowPolyEnviroPack_LITE_builtIn/BlocksAndTrees/Prefabs/Tree_Cube_Winter_Alt.prefab using Guid(cbc62331c42b34a48adf2d5682e2561b) Importer(815301076,1909f56bfc062723c751e8b465ee728b)  -> (artifact id: '609b21da4e1e81c79a715556ef9bd5be') in 0.014751 seconds 
========================================================================
Received Import Request.
  Time since last request: 0.000021 seconds.
  path: Assets/LowPolyEnviroPack_LITE_builtIn/BlocksAndTrees/Prefabs/Tree_Cube_SumAut_Small.prefab
  artifactKey: Guid(19a78a519a4a23844bf4686da337a4b5) Importer(815301076,1909f56bfc062723c751e8b465ee728b)
Start importing Assets/LowPolyEnviroPack_LITE_builtIn/BlocksAndTrees/Prefabs/Tree_Cube_SumAut_Small.prefab using Guid(19a78a519a4a23844bf4686da337a4b5) Importer(815301076,1909f56bfc062723c751e8b465ee728b)  -> (artifact id: '9bef44b3e9270f972fab5a512c3d0e17') in 0.020942 seconds 
========================================================================
Received Import Request.
  Time since last request: 0.000020 seconds.
  path: Assets/LowPolyEnviroPack_LITE_builtIn/BlocksAndTrees/Prefabs/Tree_Cube_Winter_Small.prefab
  artifactKey: Guid(0b63a1fb25ce7e5499e1e5d7a76176dd) Importer(815301076,1909f56bfc062723c751e8b465ee728b)
Start importing Assets/LowPolyEnviroPack_LITE_builtIn/BlocksAndTrees/Prefabs/Tree_Cube_Winter_Small.prefab using Guid(0b63a1fb25ce7e5499e1e5d7a76176dd) Importer(815301076,1909f56bfc062723c751e8b465ee728b)  -> (artifact id: '2849b615ff105171c3762008b40c704c') in 0.014910 seconds 
========================================================================
Received Import Request.
  Time since last request: 0.000025 seconds.
  path: Assets/LowPolyEnviroPack_LITE_builtIn/BlocksAndTrees/Prefabs/Tree_Cube_Summer.prefab
  artifactKey: Guid(45ceab5d0bc024940bde6395782ecd17) Importer(815301076,1909f56bfc062723c751e8b465ee728b)
Start importing Assets/LowPolyEnviroPack_LITE_builtIn/BlocksAndTrees/Prefabs/Tree_Cube_Summer.prefab using Guid(45ceab5d0bc024940bde6395782ecd17) Importer(815301076,1909f56bfc062723c751e8b465ee728b)  -> (artifact id: 'dd41d7f75eaca0588875ade11990dd51') in 0.012796 seconds 
========================================================================
Received Import Request.
  Time since last request: 0.172652 seconds.
  path: Assets/LowPolyEnviroPack_LITE_builtIn/BlocksAndTrees/Prefabs/Tree_Fern_Small_Winter.prefab
  artifactKey: Guid(e0b6243437177b940b2b72bbcaf8fd81) Importer(815301076,1909f56bfc062723c751e8b465ee728b)
Start importing Assets/LowPolyEnviroPack_LITE_builtIn/BlocksAndTrees/Prefabs/Tree_Fern_Small_Winter.prefab using Guid(e0b6243437177b940b2b72bbcaf8fd81) Importer(815301076,1909f56bfc062723c751e8b465ee728b)  -> (artifact id: 'fca34887eee8c554d3607a49a37d30b8') in 0.020792 seconds 
========================================================================
Received Import Request.
  Time since last request: 0.000022 seconds.
  path: Assets/LowPolyEnviroPack_LITE_builtIn/BlocksAndTrees/Prefabs/Tree_Fern_Tall_Winter.prefab
  artifactKey: Guid(f24b3fad409f6614f9bf76256ae469f4) Importer(815301076,1909f56bfc062723c751e8b465ee728b)
Start importing Assets/LowPolyEnviroPack_LITE_builtIn/BlocksAndTrees/Prefabs/Tree_Fern_Tall_Winter.prefab using Guid(f24b3fad409f6614f9bf76256ae469f4) Importer(815301076,1909f56bfc062723c751e8b465ee728b)  -> (artifact id: '7aa7a286fcd8a58fe2514a1953039b6f') in 0.021144 seconds 
========================================================================
Received Import Request.
  Time since last request: 0.000064 seconds.
  path: Assets/LowPolyEnviroPack_LITE_builtIn/BlocksAndTrees/Prefabs/Tree_Large_F.prefab
  artifactKey: Guid(aa6d1379907e0af4b933862f1b93b186) Importer(815301076,1909f56bfc062723c751e8b465ee728b)
Start importing Assets/LowPolyEnviroPack_LITE_builtIn/BlocksAndTrees/Prefabs/Tree_Large_F.prefab using Guid(aa6d1379907e0af4b933862f1b93b186) Importer(815301076,1909f56bfc062723c751e8b465ee728b)  -> (artifact id: 'd54c2f0ad8f25851c5cdb0496c52dac1') in 0.021736 seconds 
========================================================================
Received Import Request.
  Time since last request: 0.000059 seconds.
  path: Assets/LowPolyEnviroPack_LITE_builtIn/BlocksAndTrees/Prefabs/Tree_Fern_Tall_SumAut.prefab
  artifactKey: Guid(e811d1fe656e8d941924abea13d4bca6) Importer(815301076,1909f56bfc062723c751e8b465ee728b)
Start importing Assets/LowPolyEnviroPack_LITE_builtIn/BlocksAndTrees/Prefabs/Tree_Fern_Tall_SumAut.prefab using Guid(e811d1fe656e8d941924abea13d4bca6) Importer(815301076,1909f56bfc062723c751e8b465ee728b)  -> (artifact id: 'be66fa855adbf136237b5be56713727d') in 0.018142 seconds 
========================================================================
Received Import Request.
  Time since last request: 0.000032 seconds.
  path: Assets/LowPolyEnviroPack_LITE_builtIn/BlocksAndTrees/Prefabs/Tree_Large_H.prefab
  artifactKey: Guid(b5f16f733febdbd49b4f792bb0cf42e5) Importer(815301076,1909f56bfc062723c751e8b465ee728b)
Start importing Assets/LowPolyEnviroPack_LITE_builtIn/BlocksAndTrees/Prefabs/Tree_Large_H.prefab using Guid(b5f16f733febdbd49b4f792bb0cf42e5) Importer(815301076,1909f56bfc062723c751e8b465ee728b)  -> (artifact id: 'ef5a66337656f1310b98b321df185b46') in 0.017753 seconds 
========================================================================
Received Import Request.
  Time since last request: 0.000035 seconds.
  path: Assets/LowPolyEnviroPack_LITE_builtIn/BlocksAndTrees/Prefabs/Tree_Fern_SmallWide_Winter.prefab
  artifactKey: Guid(f7d15f46f7d671b4782ed7b70f03f399) Importer(815301076,1909f56bfc062723c751e8b465ee728b)
Start importing Assets/LowPolyEnviroPack_LITE_builtIn/BlocksAndTrees/Prefabs/Tree_Fern_SmallWide_Winter.prefab using Guid(f7d15f46f7d671b4782ed7b70f03f399) Importer(815301076,1909f56bfc062723c751e8b465ee728b)  -> (artifact id: '9fbefb8e7b9cfbee7926e3da946f9490') in 0.016575 seconds 
========================================================================
Received Import Request.
  Time since last request: 0.000035 seconds.
  path: Assets/LowPolyEnviroPack_LITE_builtIn/BlocksAndTrees/Prefabs/Tree_Large_G.prefab
  artifactKey: Guid(ed081ac81fb86b2429df7c7517e14366) Importer(815301076,1909f56bfc062723c751e8b465ee728b)
Start importing Assets/LowPolyEnviroPack_LITE_builtIn/BlocksAndTrees/Prefabs/Tree_Large_G.prefab using Guid(ed081ac81fb86b2429df7c7517e14366) Importer(815301076,1909f56bfc062723c751e8b465ee728b)  -> (artifact id: 'bf5b62cb01906d839c9e609c8d440324') in 0.021196 seconds 
========================================================================
Received Import Request.
  Time since last request: 0.000026 seconds.
  path: Assets/LowPolyEnviroPack_LITE_builtIn/BlocksAndTrees/Prefabs/Tree_Large_A.prefab
  artifactKey: Guid(244b293436b1fdf40a2e44f64848a385) Importer(815301076,1909f56bfc062723c751e8b465ee728b)
Start importing Assets/LowPolyEnviroPack_LITE_builtIn/BlocksAndTrees/Prefabs/Tree_Large_A.prefab using Guid(244b293436b1fdf40a2e44f64848a385) Importer(815301076,1909f56bfc062723c751e8b465ee728b)  -> (artifact id: '4294e408dae39aaef57ba427f3204de6') in 0.023796 seconds 
========================================================================
Received Import Request.
  Time since last request: 0.000034 seconds.
  path: Assets/LowPolyEnviroPack_LITE_builtIn/BlocksAndTrees/Prefabs/Tree_Large_D.prefab
  artifactKey: Guid(8c4f8b011efee6947bd048c28fa4facd) Importer(815301076,1909f56bfc062723c751e8b465ee728b)
Start importing Assets/LowPolyEnviroPack_LITE_builtIn/BlocksAndTrees/Prefabs/Tree_Large_D.prefab using Guid(8c4f8b011efee6947bd048c28fa4facd) Importer(815301076,1909f56bfc062723c751e8b465ee728b)  -> (artifact id: 'b3f1e10453bf3c60fafe4b0a97526f93') in 0.020991 seconds 
========================================================================
Received Import Request.
  Time since last request: 2.073850 seconds.
  path: Assets/LowPolyEnviroPack_LITE_builtIn/BlocksAndTrees/Prefabs/Tree_Medium_E.prefab
  artifactKey: Guid(3201c303f4d42d44d8983a2933d99b1e) Importer(815301076,1909f56bfc062723c751e8b465ee728b)
Start importing Assets/LowPolyEnviroPack_LITE_builtIn/BlocksAndTrees/Prefabs/Tree_Medium_E.prefab using Guid(3201c303f4d42d44d8983a2933d99b1e) Importer(815301076,1909f56bfc062723c751e8b465ee728b)  -> (artifact id: '05ea1acc4acfb5fc634e4860e91fcf7a') in 0.021077 seconds 
========================================================================
Received Import Request.
  Time since last request: 0.000024 seconds.
  path: Assets/LowPolyEnviroPack_LITE_builtIn/BlocksAndTrees/Prefabs/Tree_Small_F.prefab
  artifactKey: Guid(bd52ef0a52b48504789da40eaf465a6e) Importer(815301076,1909f56bfc062723c751e8b465ee728b)
Start importing Assets/LowPolyEnviroPack_LITE_builtIn/BlocksAndTrees/Prefabs/Tree_Small_F.prefab using Guid(bd52ef0a52b48504789da40eaf465a6e) Importer(815301076,1909f56bfc062723c751e8b465ee728b)  -> (artifact id: 'ab3c87b323ed6ab3d333ac259c506f94') in 0.032833 seconds 
========================================================================
Received Import Request.
  Time since last request: 0.000034 seconds.
  path: Assets/LowPolyEnviroPack_LITE_builtIn/BlocksAndTrees/Prefabs/Tree_Small_D.prefab
  artifactKey: Guid(cf1f22e34c9dfb64cae8bf6d24714fc6) Importer(815301076,1909f56bfc062723c751e8b465ee728b)
Start importing Assets/LowPolyEnviroPack_LITE_builtIn/BlocksAndTrees/Prefabs/Tree_Small_D.prefab using Guid(cf1f22e34c9dfb64cae8bf6d24714fc6) Importer(815301076,1909f56bfc062723c751e8b465ee728b)  -> (artifact id: '82383cc83021636821a02b9ff9880f95') in 0.030474 seconds 
========================================================================
Received Import Request.
  Time since last request: 0.000042 seconds.
  path: Assets/LowPolyEnviroPack_LITE_builtIn/BlocksAndTrees/Prefabs/Tree_Small_A.prefab
  artifactKey: Guid(5b4ffe4e48bc5544db58293f525e46af) Importer(815301076,1909f56bfc062723c751e8b465ee728b)
Start importing Assets/LowPolyEnviroPack_LITE_builtIn/BlocksAndTrees/Prefabs/Tree_Small_A.prefab using Guid(5b4ffe4e48bc5544db58293f525e46af) Importer(815301076,1909f56bfc062723c751e8b465ee728b)  -> (artifact id: 'a6a3993f3dde783da2c0227b465ed484') in 0.031105 seconds 
========================================================================
Received Import Request.
  Time since last request: 0.000022 seconds.
  path: Assets/LowPolyEnviroPack_LITE_builtIn/BlocksAndTrees/Prefabs/Tree_Medium_F.prefab
  artifactKey: Guid(49f87829b228ff94eab53dc3cd44a914) Importer(815301076,1909f56bfc062723c751e8b465ee728b)
Start importing Assets/LowPolyEnviroPack_LITE_builtIn/BlocksAndTrees/Prefabs/Tree_Medium_F.prefab using Guid(49f87829b228ff94eab53dc3cd44a914) Importer(815301076,1909f56bfc062723c751e8b465ee728b)  -> (artifact id: '0e57a845e8a4f965ee2119a3c3606805') in 0.029584 seconds 
Editor requested this worker to shutdown with reason: Scaling down because of idle timeout
AssetImportWorker is now disconnected from the server
Process exiting
Exiting without the bug reporter. Application will terminate with return code 0