Using pre-set license
Built from '2021.3/staging' branch; Version is '2021.3.18f1 (3129e69bc0c7) revision 3221990'; Using compiler version '192829333'; Build Type 'Release'
OS: 'Windows 11  (10.0.22621) 64bit Professional' Language: 'ja' Physical Memory: 16205 MB
BatchMode: 1, IsHumanControllingUs: 0, StartBugReporterOnCrash: 0, Is64bit: 1, IsPro: 1

COMMAND LINE ARGUMENTS:
C:\Program Files\Unity\Hub\Editor\2021.3.18f1\Editor\Unity.exe
-adb2
-batchMode
-noUpm
-name
AssetImportWorker8
-projectPath
C:/DoraFesMainProject/DoraFes
-logFile
Logs/AssetImportWorker8.log
-srvPort
50699
Successfully changed project path to: C:/DoraFesMainProject/DoraFes
C:/DoraFesMainProject/DoraFes
[UnityMemory] Configuration Parameters - Can be set up in boot.config
    "memorysetup-bucket-allocator-granularity=16"
    "memorysetup-bucket-allocator-bucket-count=8"
    "memorysetup-bucket-allocator-block-size=33554432"
    "memorysetup-bucket-allocator-block-count=8"
    "memorysetup-main-allocator-block-size=16777216"
    "memorysetup-thread-allocator-block-size=16777216"
    "memorysetup-gfx-main-allocator-block-size=16777216"
    "memorysetup-gfx-thread-allocator-block-size=16777216"
    "memorysetup-cache-allocator-block-size=4194304"
    "memorysetup-typetree-allocator-block-size=2097152"
    "memorysetup-profiler-bucket-allocator-granularity=16"
    "memorysetup-profiler-bucket-allocator-bucket-count=8"
    "memorysetup-profiler-bucket-allocator-block-size=33554432"
    "memorysetup-profiler-bucket-allocator-block-count=8"
    "memorysetup-profiler-allocator-block-size=16777216"
    "memorysetup-profiler-editor-allocator-block-size=1048576"
    "memorysetup-temp-allocator-size-main=16777216"
    "memorysetup-job-temp-allocator-block-size=2097152"
    "memorysetup-job-temp-allocator-block-size-background=1048576"
    "memorysetup-job-temp-allocator-reduction-small-platforms=262144"
    "memorysetup-temp-allocator-size-background-worker=32768"
    "memorysetup-temp-allocator-size-job-worker=262144"
    "memorysetup-temp-allocator-size-preload-manager=33554432"
    "memorysetup-temp-allocator-size-nav-mesh-worker=65536"
    "memorysetup-temp-allocator-size-audio-worker=65536"
    "memorysetup-temp-allocator-size-cloud-worker=32768"
    "memorysetup-temp-allocator-size-gi-baking-worker=262144"
    "memorysetup-temp-allocator-size-gfx=262144"
Player connection [6716] Host "[IP] 172.17.30.170 [Port] 0 [Flags] 2 [Guid] 4087200769 [EditorId] 4087200769 [Version] 1048832 [Id] WindowsEditor(7,win19ohs10915) [Debug] 1 [PackageName] WindowsEditor [ProjectName] Editor" joined multi-casting on [225.0.0.222:54997]...

Player connection [6716] Host "[IP] 172.17.30.170 [Port] 0 [Flags] 2 [Guid] 4087200769 [EditorId] 4087200769 [Version] 1048832 [Id] WindowsEditor(7,win19ohs10915) [Debug] 1 [PackageName] WindowsEditor [ProjectName] Editor" joined alternative multi-casting on [225.0.0.222:34997]...

Refreshing native plugins compatible for Editor in 132.58 ms, found 3 plugins.
Preloading 0 native plugins for Editor in 0.00 ms.
Initialize engine version: 2021.3.18f1 (3129e69bc0c7)
[Subsystems] Discovering subsystems at path C:/Program Files/Unity/Hub/Editor/2021.3.18f1/Editor/Data/Resources/UnitySubsystems
[Subsystems] Discovering subsystems at path C:/DoraFesMainProject/DoraFes/Assets
GfxDevice: creating device client; threaded=0; jobified=0
Direct3D:
    Version:  Direct3D 11.0 [level 11.1]
    Renderer: NVIDIA GeForce GTX 1650 Ti with Max-Q Design (ID=0x1f95)
    Vendor:   NVIDIA
    VRAM:     3962 MB
    Driver:   30.0.14.7141
Initialize mono
Mono path[0] = 'C:/Program Files/Unity/Hub/Editor/2021.3.18f1/Editor/Data/Managed'
Mono path[1] = 'C:/Program Files/Unity/Hub/Editor/2021.3.18f1/Editor/Data/MonoBleedingEdge/lib/mono/unityjit-win32'
Mono config path = 'C:/Program Files/Unity/Hub/Editor/2021.3.18f1/Editor/Data/MonoBleedingEdge/etc'
Using monoOptions --debugger-agent=transport=dt_socket,embedding=1,server=y,suspend=n,address=127.0.0.1:56988
Begin MonoManager ReloadAssembly
Registering precompiled unity dll's ...
Register platform support module: C:/Program Files/Unity/Hub/Editor/2021.3.18f1/Editor/Data/PlaybackEngines/WindowsStandaloneSupport/UnityEditor.WindowsStandalone.Extensions.dll
Registered in 0.004091 seconds.
Native extension for WindowsStandalone target not found
Refreshing native plugins compatible for Editor in 94.96 ms, found 3 plugins.
Preloading 0 native plugins for Editor in 0.00 ms.
Mono: successfully reloaded assembly
- Completed reload, in  0.571 seconds
Domain Reload Profiling:
	ReloadAssembly (571ms)
		BeginReloadAssembly (61ms)
			ExecutionOrderSort (0ms)
			DisableScriptedObjects (0ms)
			BackupInstance (0ms)
			ReleaseScriptingObjects (0ms)
			CreateAndSetChildDomain (1ms)
		EndReloadAssembly (413ms)
			LoadAssemblies (59ms)
			RebuildTransferFunctionScriptingTraits (0ms)
			SetupTypeCache (102ms)
			ReleaseScriptCaches (0ms)
			RebuildScriptCaches (24ms)
			SetupLoadedEditorAssemblies (242ms)
				LogAssemblyErrors (0ms)
				InitializePlatformSupportModulesInManaged (6ms)
				SetLoadedEditorAssemblies (0ms)
				RefreshPlugins (95ms)
				BeforeProcessingInitializeOnLoad (1ms)
				ProcessInitializeOnLoadAttributes (101ms)
				ProcessInitializeOnLoadMethodAttributes (38ms)
				AfterProcessingInitializeOnLoad (0ms)
				EditorAssembliesLoaded (0ms)
			ExecutionOrderSort2 (0ms)
			AwakeInstancesAfterBackupRestoration (0ms)
Platform modules already initialized, skipping
Registering precompiled user dll's ...
Registered in 0.006187 seconds.
Begin MonoManager ReloadAssembly
Symbol file LoadedFromMemory doesn't match image C:\DoraFesMainProject\DoraFes\Library\PackageCache\com.unity.visualscripting@1.8.0\Editor\VisualScripting.Core\Dependencies\YamlDotNet\Unity.VisualScripting.YamlDotNet.dll
Symbol file LoadedFromMemory doesn't match image C:\DoraFesMainProject\DoraFes\Library\PackageCache\com.unity.visualscripting@1.8.0\Editor\VisualScripting.Core\Dependencies\DotNetZip\Unity.VisualScripting.IonicZip.dll
Native extension for WindowsStandalone target not found
Refreshing native plugins compatible for Editor in 110.57 ms, found 3 plugins.
Preloading 0 native plugins for Editor in 0.00 ms.
Mono: successfully reloaded assembly
- Completed reload, in  1.247 seconds
Domain Reload Profiling:
	ReloadAssembly (1248ms)
		BeginReloadAssembly (97ms)
			ExecutionOrderSort (0ms)
			DisableScriptedObjects (5ms)
			BackupInstance (0ms)
			ReleaseScriptingObjects (0ms)
			CreateAndSetChildDomain (20ms)
		EndReloadAssembly (1043ms)
			LoadAssemblies (73ms)
			RebuildTransferFunctionScriptingTraits (0ms)
			SetupTypeCache (246ms)
			ReleaseScriptCaches (1ms)
			RebuildScriptCaches (61ms)
			SetupLoadedEditorAssemblies (624ms)
				LogAssemblyErrors (0ms)
				InitializePlatformSupportModulesInManaged (3ms)
				SetLoadedEditorAssemblies (0ms)
				RefreshPlugins (111ms)
				BeforeProcessingInitializeOnLoad (142ms)
				ProcessInitializeOnLoadAttributes (244ms)
				ProcessInitializeOnLoadMethodAttributes (118ms)
				AfterProcessingInitializeOnLoad (6ms)
				EditorAssembliesLoaded (0ms)
			ExecutionOrderSort2 (0ms)
			AwakeInstancesAfterBackupRestoration (6ms)
Platform modules already initialized, skipping
========================================================================
Worker process is ready to serve import requests
Launched and connected shader compiler UnityShaderCompiler.exe after 0.04 seconds
Refreshing native plugins compatible for Editor in 1.61 ms, found 3 plugins.
Preloading 0 native plugins for Editor in 0.00 ms.
Unloading 5027 Unused Serialized files (Serialized files now loaded: 0)
Unloading 86 unused Assets / (13.3 MB). Loaded Objects now: 5438.
Memory consumption went from 246.6 MB to 233.3 MB.
Total: 9.432900 ms (FindLiveObjects: 0.484800 ms CreateObjectMapping: 0.744600 ms MarkObjects: 2.581700 ms  DeleteObjects: 5.620400 ms)

AssetImportParameters requested are different than current active one (requested -> active):
  custom:video-decoder-ogg-theora: a1e56fd34408186e4bbccfd4996cb3dc -> 
  custom:container-muxer-webm: aa71ff27fc2769a1b78a27578f13a17b -> 
  custom:container-demuxer-webm: 4f35f7cbe854078d1ac9338744f61a02 -> 
  custom:video-encoder-webm-vp8: eb34c28f22e8b96e1ab97ce403110664 -> 
  custom:audio-encoder-webm-vorbis: bf7c407c2cedff20999df2af8eb42d56 -> 
  custom:framework-win-MediaFoundation: 216162199b28c13a410421893ffa2e32 -> 
  custom:container-demuxer-ogg: 62fdf1f143b41e24485cea50d1cbac27 -> 
  custom:video-decoder-webm-vp8: 9c59270c3fd7afecdb556c50c9e8de78 -> 
  custom:audio-decoder-ogg-vorbis: bf7c407c2cedff20999df2af8eb42d56 -> 
========================================================================
Received Import Request.
  Time since last request: 134913.409712 seconds.
  path: Assets/LowPolyEnviroPack_LITE_builtIn/BlocksAndTrees/Meshes/SilverBirchTreeMediumB.fbx
  artifactKey: Guid(35f6954680119044e942f5b579d5c997) Importer(815301076,1909f56bfc062723c751e8b465ee728b)
Start importing Assets/LowPolyEnviroPack_LITE_builtIn/BlocksAndTrees/Meshes/SilverBirchTreeMediumB.fbx using Guid(35f6954680119044e942f5b579d5c997) Importer(815301076,1909f56bfc062723c751e8b465ee728b)  -> (artifact id: 'a34a915d92e2b63e7efdc2e35f22a0c0') in 0.327023 seconds 
========================================================================
Received Import Request.
  Time since last request: 0.000031 seconds.
  path: Assets/LowPolyEnviroPack_LITE_builtIn/BlocksAndTrees/Meshes/Tree_Fern_SmallWide_Winter.fbx
  artifactKey: Guid(113fd9655d996b94f966b82dbaa448bb) Importer(815301076,1909f56bfc062723c751e8b465ee728b)
Start importing Assets/LowPolyEnviroPack_LITE_builtIn/BlocksAndTrees/Meshes/Tree_Fern_SmallWide_Winter.fbx using Guid(113fd9655d996b94f966b82dbaa448bb) Importer(815301076,1909f56bfc062723c751e8b465ee728b)  -> (artifact id: 'ce3ce7b0717a48e107e1ec9be3fc670a') in 0.049501 seconds 
========================================================================
Received Import Request.
  Time since last request: 0.000031 seconds.
  path: Assets/LowPolyEnviroPack_LITE_builtIn/BlocksAndTrees/Meshes/Tree_Fern_SmallWide_Summer.fbx
  artifactKey: Guid(55c4a7556586d1a41af84401e23c7f81) Importer(815301076,1909f56bfc062723c751e8b465ee728b)
Start importing Assets/LowPolyEnviroPack_LITE_builtIn/BlocksAndTrees/Meshes/Tree_Fern_SmallWide_Summer.fbx using Guid(55c4a7556586d1a41af84401e23c7f81) Importer(815301076,1909f56bfc062723c751e8b465ee728b)  -> (artifact id: '3dc5d7595df6112d6457a08d220445fa') in 0.037669 seconds 
========================================================================
Received Import Request.
  Time since last request: 0.000024 seconds.
  path: Assets/LowPolyEnviroPack_LITE_builtIn/BlocksAndTrees/Meshes/Tree_Cube_Summer.fbx
  artifactKey: Guid(126b8d9f903da714fbc1cec740b8d2a3) Importer(815301076,1909f56bfc062723c751e8b465ee728b)
Start importing Assets/LowPolyEnviroPack_LITE_builtIn/BlocksAndTrees/Meshes/Tree_Cube_Summer.fbx using Guid(126b8d9f903da714fbc1cec740b8d2a3) Importer(815301076,1909f56bfc062723c751e8b465ee728b)  -> (artifact id: '9fcf9ab31f0d6535adf2ca07f21e545a') in 0.027189 seconds 
========================================================================
Received Import Request.
  Time since last request: 0.000025 seconds.
  path: Assets/LowPolyEnviroPack_LITE_builtIn/BlocksAndTrees/Meshes/Tree_Large_G.fbx
  artifactKey: Guid(74de74132c7221e47aed09faea909131) Importer(815301076,1909f56bfc062723c751e8b465ee728b)
Start importing Assets/LowPolyEnviroPack_LITE_builtIn/BlocksAndTrees/Meshes/Tree_Large_G.fbx using Guid(74de74132c7221e47aed09faea909131) Importer(815301076,1909f56bfc062723c751e8b465ee728b)  -> (artifact id: 'e6572361369213ff84a68661ddfca911') in 0.026845 seconds 
========================================================================
Received Import Request.
  Time since last request: 0.000044 seconds.
  path: Assets/LowPolyEnviroPack_LITE_builtIn/BlocksAndTrees/Meshes/Tree_Cube_Spring_Small.fbx
  artifactKey: Guid(7aba8e5bd1d442946a5d57329a570eb1) Importer(815301076,1909f56bfc062723c751e8b465ee728b)
Start importing Assets/LowPolyEnviroPack_LITE_builtIn/BlocksAndTrees/Meshes/Tree_Cube_Spring_Small.fbx using Guid(7aba8e5bd1d442946a5d57329a570eb1) Importer(815301076,1909f56bfc062723c751e8b465ee728b)  -> (artifact id: '122921b4340d1b246403803bb5f88340') in 0.030605 seconds 
========================================================================
Received Import Request.
  Time since last request: 0.000038 seconds.
  path: Assets/LowPolyEnviroPack_LITE_builtIn/BlocksAndTrees/Meshes/Tree_Large_C.fbx
  artifactKey: Guid(51d7a7837d2be0c4baa5b6861c1b92cd) Importer(815301076,1909f56bfc062723c751e8b465ee728b)
Start importing Assets/LowPolyEnviroPack_LITE_builtIn/BlocksAndTrees/Meshes/Tree_Large_C.fbx using Guid(51d7a7837d2be0c4baa5b6861c1b92cd) Importer(815301076,1909f56bfc062723c751e8b465ee728b)  -> (artifact id: 'a183e22f00c250715dc651bd0bb71e7c') in 0.021889 seconds 
========================================================================
Received Import Request.
  Time since last request: 0.000027 seconds.
  path: Assets/LowPolyEnviroPack_LITE_builtIn/BlocksAndTrees/Meshes/Tree_Small_G.fbx
  artifactKey: Guid(cb97b63ea827ef943bf415437edbd45d) Importer(815301076,1909f56bfc062723c751e8b465ee728b)
Start importing Assets/LowPolyEnviroPack_LITE_builtIn/BlocksAndTrees/Meshes/Tree_Small_G.fbx using Guid(cb97b63ea827ef943bf415437edbd45d) Importer(815301076,1909f56bfc062723c751e8b465ee728b)  -> (artifact id: '7cc6d16612e8832f48da327ba1bc1ce7') in 0.022897 seconds 
========================================================================
Received Import Request.
  Time since last request: 0.000027 seconds.
  path: Assets/LowPolyEnviroPack_LITE_builtIn/BlocksAndTrees/Meshes/Tree_Small_F.fbx
  artifactKey: Guid(926d62e2ab4c8ea4eaa865d640788530) Importer(815301076,1909f56bfc062723c751e8b465ee728b)
Start importing Assets/LowPolyEnviroPack_LITE_builtIn/BlocksAndTrees/Meshes/Tree_Small_F.fbx using Guid(926d62e2ab4c8ea4eaa865d640788530) Importer(815301076,1909f56bfc062723c751e8b465ee728b)  -> (artifact id: '39e406cd3e1a0222d7813a90042d3a17') in 0.027580 seconds 
========================================================================
Received Import Request.
  Time since last request: 0.000029 seconds.
  path: Assets/LowPolyEnviroPack_LITE_builtIn/BlocksAndTrees/Meshes/Tree_Fern_Medium_Summer.fbx
  artifactKey: Guid(2a07e72cdd51a8847a97b0f05c4d9a62) Importer(815301076,1909f56bfc062723c751e8b465ee728b)
Start importing Assets/LowPolyEnviroPack_LITE_builtIn/BlocksAndTrees/Meshes/Tree_Fern_Medium_Summer.fbx using Guid(2a07e72cdd51a8847a97b0f05c4d9a62) Importer(815301076,1909f56bfc062723c751e8b465ee728b)  -> (artifact id: 'bc24f5fb2a1b192ab9202f5332a6dc34') in 0.025852 seconds 
========================================================================
Received Import Request.
  Time since last request: 0.000021 seconds.
  path: Assets/LowPolyEnviroPack_LITE_builtIn/BlocksAndTrees/Meshes/Tree_Fern_SmallWide_SumAut.fbx
  artifactKey: Guid(ebd7cb7d2da226040874ab25a655ac11) Importer(815301076,1909f56bfc062723c751e8b465ee728b)
Start importing Assets/LowPolyEnviroPack_LITE_builtIn/BlocksAndTrees/Meshes/Tree_Fern_SmallWide_SumAut.fbx using Guid(ebd7cb7d2da226040874ab25a655ac11) Importer(815301076,1909f56bfc062723c751e8b465ee728b)  -> (artifact id: '2c728ea7c42b90d1987843ed0edf1eda') in 0.024263 seconds 
========================================================================
Received Import Request.
  Time since last request: 0.000021 seconds.
  path: Assets/LowPolyEnviroPack_LITE_builtIn/BlocksAndTrees/Meshes/Tree_Cube_Autumn_Small.fbx
  artifactKey: Guid(5ffaf7114e0b1064d97ff7616ad41415) Importer(815301076,1909f56bfc062723c751e8b465ee728b)
Start importing Assets/LowPolyEnviroPack_LITE_builtIn/BlocksAndTrees/Meshes/Tree_Cube_Autumn_Small.fbx using Guid(5ffaf7114e0b1064d97ff7616ad41415) Importer(815301076,1909f56bfc062723c751e8b465ee728b)  -> (artifact id: 'dfb85467320d663cd459c9e869c31c87') in 0.023586 seconds 
========================================================================
Received Import Request.
  Time since last request: 0.000024 seconds.
  path: Assets/LowPolyEnviroPack_LITE_builtIn/BlocksAndTrees/Meshes/Tree_Cube_Winter_Small.fbx
  artifactKey: Guid(a94af7c4414fb724ab7123290889c432) Importer(815301076,1909f56bfc062723c751e8b465ee728b)
Start importing Assets/LowPolyEnviroPack_LITE_builtIn/BlocksAndTrees/Meshes/Tree_Cube_Winter_Small.fbx using Guid(a94af7c4414fb724ab7123290889c432) Importer(815301076,1909f56bfc062723c751e8b465ee728b)  -> (artifact id: '3343a6287a86166e4cecfc02d4b6d406') in 0.021081 seconds 
========================================================================
Received Import Request.
  Time since last request: 0.000044 seconds.
  path: Assets/LowPolyEnviroPack_LITE_builtIn/BlocksAndTrees/Meshes/Tree_Fern_Tall_Summer.fbx
  artifactKey: Guid(8aed1ee6de482104398343e2285e22b8) Importer(815301076,1909f56bfc062723c751e8b465ee728b)
Start importing Assets/LowPolyEnviroPack_LITE_builtIn/BlocksAndTrees/Meshes/Tree_Fern_Tall_Summer.fbx using Guid(8aed1ee6de482104398343e2285e22b8) Importer(815301076,1909f56bfc062723c751e8b465ee728b)  -> (artifact id: '88afb03f1b60b774467299444e659e22') in 0.022089 seconds 
========================================================================
Received Import Request.
  Time since last request: 0.000039 seconds.
  path: Assets/LowPolyEnviroPack_LITE_builtIn/BlocksAndTrees/Meshes/Tree_Cube_SumAut_Small.fbx
  artifactKey: Guid(2668412dcf5b4e543a6394ef548add36) Importer(815301076,1909f56bfc062723c751e8b465ee728b)
Start importing Assets/LowPolyEnviroPack_LITE_builtIn/BlocksAndTrees/Meshes/Tree_Cube_SumAut_Small.fbx using Guid(2668412dcf5b4e543a6394ef548add36) Importer(815301076,1909f56bfc062723c751e8b465ee728b)  -> (artifact id: 'bf6590124a441dee4ab66ff2053d8860') in 0.021660 seconds 
========================================================================
Received Import Request.
  Time since last request: 0.000023 seconds.
  path: Assets/LowPolyEnviroPack_LITE_builtIn/BlocksAndTrees/Meshes/Tree_Fern_Tall_Winter.fbx
  artifactKey: Guid(ba2f2af699518e84fb36161af7f35aa8) Importer(815301076,1909f56bfc062723c751e8b465ee728b)
Start importing Assets/LowPolyEnviroPack_LITE_builtIn/BlocksAndTrees/Meshes/Tree_Fern_Tall_Winter.fbx using Guid(ba2f2af699518e84fb36161af7f35aa8) Importer(815301076,1909f56bfc062723c751e8b465ee728b)  -> (artifact id: '18c518c8289dcde90714e94d4baa220d') in 0.023069 seconds 
========================================================================
Received Import Request.
  Time since last request: 0.000029 seconds.
  path: Assets/LowPolyEnviroPack_LITE_builtIn/BlocksAndTrees/Meshes/Tree_Medium_F.fbx
  artifactKey: Guid(1a5f3634448f85c40a688ce3f10736e6) Importer(815301076,1909f56bfc062723c751e8b465ee728b)
Start importing Assets/LowPolyEnviroPack_LITE_builtIn/BlocksAndTrees/Meshes/Tree_Medium_F.fbx using Guid(1a5f3634448f85c40a688ce3f10736e6) Importer(815301076,1909f56bfc062723c751e8b465ee728b)  -> (artifact id: 'a4ff75ae64dcefceaa11c1767b5f5ea9') in 0.023962 seconds 
========================================================================
Received Import Request.
  Time since last request: 0.000026 seconds.
  path: Assets/LowPolyEnviroPack_LITE_builtIn/BlocksAndTrees/Meshes/Tree_Fern_Small_Winter.fbx
  artifactKey: Guid(a31004de3612a3e4e81fae9e0342cf4b) Importer(815301076,1909f56bfc062723c751e8b465ee728b)
Start importing Assets/LowPolyEnviroPack_LITE_builtIn/BlocksAndTrees/Meshes/Tree_Fern_Small_Winter.fbx using Guid(a31004de3612a3e4e81fae9e0342cf4b) Importer(815301076,1909f56bfc062723c751e8b465ee728b)  -> (artifact id: '73f8683cd18146b11237a72fdbeb726b') in 0.027733 seconds 
========================================================================
Received Import Request.
  Time since last request: 0.000022 seconds.
  path: Assets/LowPolyEnviroPack_LITE_builtIn/BlocksAndTrees/Meshes/Tree_Cube_SumAut.fbx
  artifactKey: Guid(bcf8dbdc953823045bc011362fc77299) Importer(815301076,1909f56bfc062723c751e8b465ee728b)
Start importing Assets/LowPolyEnviroPack_LITE_builtIn/BlocksAndTrees/Meshes/Tree_Cube_SumAut.fbx using Guid(bcf8dbdc953823045bc011362fc77299) Importer(815301076,1909f56bfc062723c751e8b465ee728b)  -> (artifact id: 'ace4df587f206df8e0c171f2d70e154e') in 0.024164 seconds 
========================================================================
Received Import Request.
  Time since last request: 0.000027 seconds.
  path: Assets/LowPolyEnviroPack_LITE_builtIn/BlocksAndTrees/Meshes/Tree_Fern_Small_Summer.fbx
  artifactKey: Guid(0922615b8cf37de4dbed5ebaeb515038) Importer(815301076,1909f56bfc062723c751e8b465ee728b)
Start importing Assets/LowPolyEnviroPack_LITE_builtIn/BlocksAndTrees/Meshes/Tree_Fern_Small_Summer.fbx using Guid(0922615b8cf37de4dbed5ebaeb515038) Importer(815301076,1909f56bfc062723c751e8b465ee728b)  -> (artifact id: '823a666edc54a740ad0359ef1be2483d') in 0.024569 seconds 
========================================================================
Received Import Request.
  Time since last request: 0.000027 seconds.
  path: Assets/LowPolyEnviroPack_LITE_builtIn/BlocksAndTrees/Meshes/Tree_Cube_Summer_Small.fbx
  artifactKey: Guid(3892d9b28b6517942bcb5a9505583195) Importer(815301076,1909f56bfc062723c751e8b465ee728b)
Start importing Assets/LowPolyEnviroPack_LITE_builtIn/BlocksAndTrees/Meshes/Tree_Cube_Summer_Small.fbx using Guid(3892d9b28b6517942bcb5a9505583195) Importer(815301076,1909f56bfc062723c751e8b465ee728b)  -> (artifact id: 'f0de294b987ecb26599b7c196c5d4a08') in 0.022758 seconds 
========================================================================
Received Import Request.
  Time since last request: 0.000020 seconds.
  path: Assets/LowPolyEnviroPack_LITE_builtIn/BlocksAndTrees/Meshes/Tree_Large_F.fbx
  artifactKey: Guid(552772bd693d5cc46b7a087cf9c2eb4d) Importer(815301076,1909f56bfc062723c751e8b465ee728b)
Start importing Assets/LowPolyEnviroPack_LITE_builtIn/BlocksAndTrees/Meshes/Tree_Large_F.fbx using Guid(552772bd693d5cc46b7a087cf9c2eb4d) Importer(815301076,1909f56bfc062723c751e8b465ee728b)  -> (artifact id: '2c609438064f29988570371514ca74d8') in 0.025328 seconds 
========================================================================
Received Import Request.
  Time since last request: 0.000029 seconds.
  path: Assets/LowPolyEnviroPack_LITE_builtIn/BlocksAndTrees/Meshes/Tree_Cube_Autumn.fbx
  artifactKey: Guid(a1e877abeab76674ab7a428c560db91e) Importer(815301076,1909f56bfc062723c751e8b465ee728b)
Start importing Assets/LowPolyEnviroPack_LITE_builtIn/BlocksAndTrees/Meshes/Tree_Cube_Autumn.fbx using Guid(a1e877abeab76674ab7a428c560db91e) Importer(815301076,1909f56bfc062723c751e8b465ee728b)  -> (artifact id: 'fe6f7541bec4f171ef14a1fb3841a6c2') in 0.025307 seconds 
Editor requested this worker to shutdown with reason: Scaling down because of idle timeout
AssetImportWorker is now disconnected from the server
Process exiting
Exiting without the bug reporter. Application will terminate with return code 0