Using pre-set license
Built from '2021.3/staging' branch; Version is '2021.3.18f1 (3129e69bc0c7) revision 3221990'; Using compiler version '192829333'; Build Type 'Release'
OS: 'Windows 11  (10.0.22621) 64bit Professional' Language: 'ja' Physical Memory: 16205 MB
BatchMode: 1, IsHumanControllingUs: 0, StartBugReporterOnCrash: 0, Is64bit: 1, IsPro: 1

COMMAND LINE ARGUMENTS:
C:\Program Files\Unity\Hub\Editor\2021.3.18f1\Editor\Unity.exe
-adb2
-batchMode
-noUpm
-name
AssetImportWorker4
-projectPath
C:/DoraFesMainProject/DoraFes
-logFile
Logs/AssetImportWorker4.log
-srvPort
62163
Successfully changed project path to: C:/DoraFesMainProject/DoraFes
C:/DoraFesMainProject/DoraFes
[UnityMemory] Configuration Parameters - Can be set up in boot.config
    "memorysetup-bucket-allocator-granularity=16"
    "memorysetup-bucket-allocator-bucket-count=8"
    "memorysetup-bucket-allocator-block-size=33554432"
    "memorysetup-bucket-allocator-block-count=8"
    "memorysetup-main-allocator-block-size=16777216"
    "memorysetup-thread-allocator-block-size=16777216"
    "memorysetup-gfx-main-allocator-block-size=16777216"
    "memorysetup-gfx-thread-allocator-block-size=16777216"
    "memorysetup-cache-allocator-block-size=4194304"
    "memorysetup-typetree-allocator-block-size=2097152"
    "memorysetup-profiler-bucket-allocator-granularity=16"
    "memorysetup-profiler-bucket-allocator-bucket-count=8"
    "memorysetup-profiler-bucket-allocator-block-size=33554432"
    "memorysetup-profiler-bucket-allocator-block-count=8"
    "memorysetup-profiler-allocator-block-size=16777216"
    "memorysetup-profiler-editor-allocator-block-size=1048576"
    "memorysetup-temp-allocator-size-main=16777216"
    "memorysetup-job-temp-allocator-block-size=2097152"
    "memorysetup-job-temp-allocator-block-size-background=1048576"
    "memorysetup-job-temp-allocator-reduction-small-platforms=262144"
    "memorysetup-temp-allocator-size-background-worker=32768"
    "memorysetup-temp-allocator-size-job-worker=262144"
    "memorysetup-temp-allocator-size-preload-manager=33554432"
    "memorysetup-temp-allocator-size-nav-mesh-worker=65536"
    "memorysetup-temp-allocator-size-audio-worker=65536"
    "memorysetup-temp-allocator-size-cloud-worker=32768"
    "memorysetup-temp-allocator-size-gi-baking-worker=262144"
    "memorysetup-temp-allocator-size-gfx=262144"
Player connection [36808] Host "[IP] 10.64.62.137 [Port] 0 [Flags] 2 [Guid] 692860134 [EditorId] 692860134 [Version] 1048832 [Id] WindowsEditor(7,win10ohs10598) [Debug] 1 [PackageName] WindowsEditor [ProjectName] Editor" joined multi-casting on [225.0.0.222:54997]...

Player connection [36808] Host "[IP] 10.64.62.137 [Port] 0 [Flags] 2 [Guid] 692860134 [EditorId] 692860134 [Version] 1048832 [Id] WindowsEditor(7,win10ohs10598) [Debug] 1 [PackageName] WindowsEditor [ProjectName] Editor" joined alternative multi-casting on [225.0.0.222:34997]...

Refreshing native plugins compatible for Editor in 117.16 ms, found 3 plugins.
Preloading 0 native plugins for Editor in 0.00 ms.
Initialize engine version: 2021.3.18f1 (3129e69bc0c7)
[Subsystems] Discovering subsystems at path C:/Program Files/Unity/Hub/Editor/2021.3.18f1/Editor/Data/Resources/UnitySubsystems
[Subsystems] Discovering subsystems at path C:/DoraFesMainProject/DoraFes/Assets
GfxDevice: creating device client; threaded=0; jobified=0
Direct3D:
    Version:  Direct3D 11.0 [level 11.1]
    Renderer: NVIDIA GeForce GTX 1650 Ti with Max-Q Design (ID=0x1f95)
    Vendor:   NVIDIA
    VRAM:     3962 MB
    Driver:   27.21.14.6221
Initialize mono
Mono path[0] = 'C:/Program Files/Unity/Hub/Editor/2021.3.18f1/Editor/Data/Managed'
Mono path[1] = 'C:/Program Files/Unity/Hub/Editor/2021.3.18f1/Editor/Data/MonoBleedingEdge/lib/mono/unityjit-win32'
Mono config path = 'C:/Program Files/Unity/Hub/Editor/2021.3.18f1/Editor/Data/MonoBleedingEdge/etc'
Using monoOptions --debugger-agent=transport=dt_socket,embedding=1,server=y,suspend=n,address=127.0.0.1:56060
Begin MonoManager ReloadAssembly
Registering precompiled unity dll's ...
Register platform support module: C:/Program Files/Unity/Hub/Editor/2021.3.18f1/Editor/Data/PlaybackEngines/AndroidPlayer/UnityEditor.Android.Extensions.dll
Register platform support module: C:/Program Files/Unity/Hub/Editor/2021.3.18f1/Editor/Data/PlaybackEngines/iOSSupport/UnityEditor.iOS.Extensions.dll
Register platform support module: C:/Program Files/Unity/Hub/Editor/2021.3.18f1/Editor/Data/PlaybackEngines/WindowsStandaloneSupport/UnityEditor.WindowsStandalone.Extensions.dll
Registered in 0.005745 seconds.
Native extension for WindowsStandalone target not found
[usbmuxd] Start listen thread
[usbmuxd] Listen thread started
[usbmuxd] Send listen message
Native extension for iOS target not found
Native extension for Android target not found
Android Extension - Scanning For ADB Devices 233 ms
Refreshing native plugins compatible for Editor in 103.19 ms, found 3 plugins.
Preloading 0 native plugins for Editor in 0.00 ms.
Mono: successfully reloaded assembly
- Completed reload, in  0.871 seconds
Domain Reload Profiling:
	ReloadAssembly (872ms)
		BeginReloadAssembly (60ms)
			ExecutionOrderSort (0ms)
			DisableScriptedObjects (0ms)
			BackupInstance (0ms)
			ReleaseScriptingObjects (0ms)
			CreateAndSetChildDomain (1ms)
		EndReloadAssembly (707ms)
			LoadAssemblies (59ms)
			RebuildTransferFunctionScriptingTraits (0ms)
			SetupTypeCache (102ms)
			ReleaseScriptCaches (0ms)
			RebuildScriptCaches (25ms)
			SetupLoadedEditorAssemblies (534ms)
				LogAssemblyErrors (0ms)
				InitializePlatformSupportModulesInManaged (300ms)
				SetLoadedEditorAssemblies (0ms)
				RefreshPlugins (103ms)
				BeforeProcessingInitializeOnLoad (1ms)
				ProcessInitializeOnLoadAttributes (88ms)
				ProcessInitializeOnLoadMethodAttributes (42ms)
				AfterProcessingInitializeOnLoad (0ms)
				EditorAssembliesLoaded (0ms)
			ExecutionOrderSort2 (0ms)
			AwakeInstancesAfterBackupRestoration (0ms)
Platform modules already initialized, skipping
Registering precompiled user dll's ...
Registered in 0.007377 seconds.
Begin MonoManager ReloadAssembly
Symbol file LoadedFromMemory doesn't match image C:\DoraFesMainProject\DoraFes\Library\PackageCache\com.unity.visualscripting@1.8.0\Editor\VisualScripting.Core\Dependencies\YamlDotNet\Unity.VisualScripting.YamlDotNet.dll
Symbol file LoadedFromMemory doesn't match image C:\DoraFesMainProject\DoraFes\Library\PackageCache\com.unity.visualscripting@1.8.0\Editor\VisualScripting.Core\Dependencies\DotNetZip\Unity.VisualScripting.IonicZip.dll
Native extension for WindowsStandalone target not found
Native extension for iOS target not found
Native extension for Android target not found
Refreshing native plugins compatible for Editor in 103.02 ms, found 3 plugins.
Preloading 0 native plugins for Editor in 0.00 ms.
Mono: successfully reloaded assembly
- Completed reload, in  1.300 seconds
Domain Reload Profiling:
	ReloadAssembly (1300ms)
		BeginReloadAssembly (101ms)
			ExecutionOrderSort (0ms)
			DisableScriptedObjects (8ms)
			BackupInstance (0ms)
			ReleaseScriptingObjects (0ms)
			CreateAndSetChildDomain (20ms)
		EndReloadAssembly (1095ms)
			LoadAssemblies (74ms)
			RebuildTransferFunctionScriptingTraits (0ms)
			SetupTypeCache (262ms)
			ReleaseScriptCaches (1ms)
			RebuildScriptCaches (61ms)
			SetupLoadedEditorAssemblies (651ms)
				LogAssemblyErrors (0ms)
				InitializePlatformSupportModulesInManaged (25ms)
				SetLoadedEditorAssemblies (0ms)
				RefreshPlugins (103ms)
				BeforeProcessingInitializeOnLoad (121ms)
				ProcessInitializeOnLoadAttributes (281ms)
				ProcessInitializeOnLoadMethodAttributes (114ms)
				AfterProcessingInitializeOnLoad (6ms)
				EditorAssembliesLoaded (0ms)
			ExecutionOrderSort2 (0ms)
			AwakeInstancesAfterBackupRestoration (5ms)
Platform modules already initialized, skipping
========================================================================
Worker process is ready to serve import requests
Launched and connected shader compiler UnityShaderCompiler.exe after 0.03 seconds
Refreshing native plugins compatible for Editor in 0.98 ms, found 3 plugins.
Preloading 0 native plugins for Editor in 0.00 ms.
Unloading 5021 Unused Serialized files (Serialized files now loaded: 0)
Unloading 86 unused Assets / (13.3 MB). Loaded Objects now: 5437.
Memory consumption went from 314.5 MB to 301.2 MB.
Total: 7.564800 ms (FindLiveObjects: 0.420200 ms CreateObjectMapping: 0.411000 ms MarkObjects: 2.265900 ms  DeleteObjects: 4.466800 ms)

AssetImportParameters requested are different than current active one (requested -> active):
  custom:video-decoder-ogg-theora: a1e56fd34408186e4bbccfd4996cb3dc -> 
  custom:container-muxer-webm: aa71ff27fc2769a1b78a27578f13a17b -> 
  custom:container-demuxer-webm: 4f35f7cbe854078d1ac9338744f61a02 -> 
  custom:video-encoder-webm-vp8: eb34c28f22e8b96e1ab97ce403110664 -> 
  custom:audio-encoder-webm-vorbis: bf7c407c2cedff20999df2af8eb42d56 -> 
  custom:framework-win-MediaFoundation: 216162199b28c13a410421893ffa2e32 -> 
  custom:container-demuxer-ogg: 62fdf1f143b41e24485cea50d1cbac27 -> 
  custom:video-decoder-webm-vp8: 9c59270c3fd7afecdb556c50c9e8de78 -> 
  custom:audio-decoder-ogg-vorbis: bf7c407c2cedff20999df2af8eb42d56 -> 
========================================================================
Received Import Request.
  Time since last request: 443600.261312 seconds.
  path: Assets/Cross_Plains/Textures
  artifactKey: Guid(321b826f71b72c048877f2032a34fd14) Importer(815301076,1909f56bfc062723c751e8b465ee728b)
Start importing Assets/Cross_Plains/Textures using Guid(321b826f71b72c048877f2032a34fd14) Importer(815301076,1909f56bfc062723c751e8b465ee728b)  -> (artifact id: '29818a810d1c170220c683060d037d3b') in 0.014670 seconds 
========================================================================
Received Import Request.
  Time since last request: 155.233812 seconds.
  path: Assets/Cross_Plains/Textures/Gradients_02.png
  artifactKey: Guid(1c161f4059197e6438552bbf13749990) Importer(815301076,1909f56bfc062723c751e8b465ee728b)
Start importing Assets/Cross_Plains/Textures/Gradients_02.png using Guid(1c161f4059197e6438552bbf13749990) Importer(815301076,1909f56bfc062723c751e8b465ee728b)  -> (artifact id: 'be70c3ac3621daf9b8106405d826d0f4') in 0.124886 seconds 
========================================================================
Received Import Request.
  Time since last request: 3.463033 seconds.
  path: Assets/Cross_Plains/FBX/Desert_Plant_01_Small_0_1.fbx
  artifactKey: Guid(a5e7f0d1183e204408ef0de75964ebd8) Importer(815301076,1909f56bfc062723c751e8b465ee728b)
Start importing Assets/Cross_Plains/FBX/Desert_Plant_01_Small_0_1.fbx using Guid(a5e7f0d1183e204408ef0de75964ebd8) Importer(815301076,1909f56bfc062723c751e8b465ee728b)  -> (artifact id: '4ce84e2003af3e68fc7fbdbba7c709da') in 0.221662 seconds 
========================================================================
Received Import Request.
  Time since last request: 0.000023 seconds.
  path: Assets/Cross_Plains/FBX/Desert_Plant_10_Small_0_1.fbx
  artifactKey: Guid(63d699f3b3a090541b1bf88a4634289d) Importer(815301076,1909f56bfc062723c751e8b465ee728b)
Start importing Assets/Cross_Plains/FBX/Desert_Plant_10_Small_0_1.fbx using Guid(63d699f3b3a090541b1bf88a4634289d) Importer(815301076,1909f56bfc062723c751e8b465ee728b)  -> (artifact id: '19b49d21862a23767dbe0394358531f1') in 0.061214 seconds 
========================================================================
Received Import Request.
  Time since last request: 0.000044 seconds.
  path: Assets/Cross_Plains/FBX/Monuntain_Desert_02_Big_0_1.fbx
  artifactKey: Guid(40c991bbd6994e64eaca1f20b62aad61) Importer(815301076,1909f56bfc062723c751e8b465ee728b)
Start importing Assets/Cross_Plains/FBX/Monuntain_Desert_02_Big_0_1.fbx using Guid(40c991bbd6994e64eaca1f20b62aad61) Importer(815301076,1909f56bfc062723c751e8b465ee728b)  -> (artifact id: '4a32bd2be3f6aa050158893538ae8396') in 0.021833 seconds 
========================================================================
Received Import Request.
  Time since last request: 0.000026 seconds.
  path: Assets/Cross_Plains/FBX/Desert_Plant_04_Small_0_1.fbx
  artifactKey: Guid(61584143362fc104fa93f17abd24077d) Importer(815301076,1909f56bfc062723c751e8b465ee728b)
Start importing Assets/Cross_Plains/FBX/Desert_Plant_04_Small_0_1.fbx using Guid(61584143362fc104fa93f17abd24077d) Importer(815301076,1909f56bfc062723c751e8b465ee728b)  -> (artifact id: 'f2229c795017cd69bddf768dc3476122') in 0.018483 seconds 
========================================================================
Received Import Request.
  Time since last request: 0.000027 seconds.
  path: Assets/Cross_Plains/FBX/Rock_Desert_01_Small_0_1.fbx
  artifactKey: Guid(15275386ff8940044b102eec2aa2a281) Importer(815301076,1909f56bfc062723c751e8b465ee728b)
Start importing Assets/Cross_Plains/FBX/Rock_Desert_01_Small_0_1.fbx using Guid(15275386ff8940044b102eec2aa2a281) Importer(815301076,1909f56bfc062723c751e8b465ee728b)  -> (artifact id: '069ca8970556d54a630e1edc67e1d29b') in 0.019395 seconds 
========================================================================
Received Import Request.
  Time since last request: 0.000022 seconds.
  path: Assets/Cross_Plains/FBX/Floating_Island_3_Bioma2.fbx
  artifactKey: Guid(aa797407b95899f4aa3c0a3710c559a0) Importer(815301076,1909f56bfc062723c751e8b465ee728b)
Start importing Assets/Cross_Plains/FBX/Floating_Island_3_Bioma2.fbx using Guid(aa797407b95899f4aa3c0a3710c559a0) Importer(815301076,1909f56bfc062723c751e8b465ee728b)  -> (artifact id: '58ac611f3f650a0bf0c472103f8d99bb') in 0.036620 seconds 
========================================================================
Received Import Request.
  Time since last request: 0.000027 seconds.
  path: Assets/Cross_Plains/FBX/Floating_Island_4_Bioma2.fbx
  artifactKey: Guid(92b933a8d45868e4a9a7f2d38280b8f5) Importer(815301076,1909f56bfc062723c751e8b465ee728b)
Start importing Assets/Cross_Plains/FBX/Floating_Island_4_Bioma2.fbx using Guid(92b933a8d45868e4a9a7f2d38280b8f5) Importer(815301076,1909f56bfc062723c751e8b465ee728b)  -> (artifact id: '19beee0d2457b53ee8069616083f8014') in 0.036978 seconds 
========================================================================
Received Import Request.
  Time since last request: 0.000045 seconds.
  path: Assets/Cross_Plains/FBX/Floor_Desert_01_Big_0_1.fbx
  artifactKey: Guid(70860d0459b760340a9184be0506b95a) Importer(815301076,1909f56bfc062723c751e8b465ee728b)
Start importing Assets/Cross_Plains/FBX/Floor_Desert_01_Big_0_1.fbx using Guid(70860d0459b760340a9184be0506b95a) Importer(815301076,1909f56bfc062723c751e8b465ee728b)  -> (artifact id: 'e10b1266d7733eb949d16e94e596fa35') in 0.019326 seconds 
========================================================================
Received Import Request.
  Time since last request: 0.000052 seconds.
  path: Assets/Cross_Plains/FBX/Desert_Plant_06_Small_0_1.fbx
  artifactKey: Guid(abaff10aaa76bbb48b6842fd8e4b4c05) Importer(815301076,1909f56bfc062723c751e8b465ee728b)
Start importing Assets/Cross_Plains/FBX/Desert_Plant_06_Small_0_1.fbx using Guid(abaff10aaa76bbb48b6842fd8e4b4c05) Importer(815301076,1909f56bfc062723c751e8b465ee728b)  -> (artifact id: 'd30e8a14b10f8b800cbf7f61e74afe94') in 0.020416 seconds 
========================================================================
Received Import Request.
  Time since last request: 0.000055 seconds.
  path: Assets/Cross_Plains/FBX/Desert_Rock_02_Small_0_1.fbx
  artifactKey: Guid(8cd473515a8c6534cb1d28a146f8ff94) Importer(815301076,1909f56bfc062723c751e8b465ee728b)
Start importing Assets/Cross_Plains/FBX/Desert_Rock_02_Small_0_1.fbx using Guid(8cd473515a8c6534cb1d28a146f8ff94) Importer(815301076,1909f56bfc062723c751e8b465ee728b)  -> (artifact id: 'e95708335be41c2631698afdee723e62') in 0.020061 seconds 
========================================================================
Received Import Request.
  Time since last request: 0.000024 seconds.
  path: Assets/Cross_Plains/FBX/Desert_Ribs_Small_0_1.fbx
  artifactKey: Guid(f4c1d190feb841549bef574ad7123716) Importer(815301076,1909f56bfc062723c751e8b465ee728b)
Start importing Assets/Cross_Plains/FBX/Desert_Ribs_Small_0_1.fbx using Guid(f4c1d190feb841549bef574ad7123716) Importer(815301076,1909f56bfc062723c751e8b465ee728b)  -> (artifact id: 'f38a104816880dd7200fbbb95cd7c226') in 0.019583 seconds 
========================================================================
Received Import Request.
  Time since last request: 0.000024 seconds.
  path: Assets/Cross_Plains/FBX/Desert_Rock_03_Small_0_1.fbx
  artifactKey: Guid(a343fadbd2ffd6a478b0cabb0ecf719f) Importer(815301076,1909f56bfc062723c751e8b465ee728b)
Start importing Assets/Cross_Plains/FBX/Desert_Rock_03_Small_0_1.fbx using Guid(a343fadbd2ffd6a478b0cabb0ecf719f) Importer(815301076,1909f56bfc062723c751e8b465ee728b)  -> (artifact id: '87a256dcc262748e29fd7a3480defb5e') in 0.019735 seconds 
========================================================================
Received Import Request.
  Time since last request: 0.000043 seconds.
  path: Assets/Cross_Plains/FBX/Monuntain_Desert_03_Big_0_1.fbx
  artifactKey: Guid(df611360f0714eb4dadcf1afaaef6b21) Importer(815301076,1909f56bfc062723c751e8b465ee728b)
Start importing Assets/Cross_Plains/FBX/Monuntain_Desert_03_Big_0_1.fbx using Guid(df611360f0714eb4dadcf1afaaef6b21) Importer(815301076,1909f56bfc062723c751e8b465ee728b)  -> (artifact id: '7daace52c2fa86de3313cb912d1acf70') in 0.013182 seconds 
========================================================================
Received Import Request.
  Time since last request: 0.000024 seconds.
  path: Assets/Cross_Plains/FBX/Desert_Plant_11_Small_0_1.fbx
  artifactKey: Guid(e61a8878144df8c4bbacae21e0a702b1) Importer(815301076,1909f56bfc062723c751e8b465ee728b)
Start importing Assets/Cross_Plains/FBX/Desert_Plant_11_Small_0_1.fbx using Guid(e61a8878144df8c4bbacae21e0a702b1) Importer(815301076,1909f56bfc062723c751e8b465ee728b)  -> (artifact id: '93739a2e29d4802c1c849f523ad988af') in 0.018800 seconds 
========================================================================
Received Prepare
Registering precompiled user dll's ...
Registered in 0.005945 seconds.
Begin MonoManager ReloadAssembly
Symbol file LoadedFromMemory doesn't match image C:\DoraFesMainProject\DoraFes\Library\PackageCache\com.unity.visualscripting@1.8.0\Editor\VisualScripting.Core\Dependencies\YamlDotNet\Unity.VisualScripting.YamlDotNet.dll
Symbol file LoadedFromMemory doesn't match image C:\DoraFesMainProject\DoraFes\Library\PackageCache\com.unity.visualscripting@1.8.0\Editor\VisualScripting.Core\Dependencies\DotNetZip\Unity.VisualScripting.IonicZip.dll
Native extension for WindowsStandalone target not found
Native extension for iOS target not found
Native extension for Android target not found
Refreshing native plugins compatible for Editor in 1.33 ms, found 3 plugins.
Preloading 0 native plugins for Editor in 0.00 ms.
Mono: successfully reloaded assembly
- Completed reload, in  1.445 seconds
Domain Reload Profiling:
	ReloadAssembly (1446ms)
		BeginReloadAssembly (146ms)
			ExecutionOrderSort (0ms)
			DisableScriptedObjects (7ms)
			BackupInstance (0ms)
			ReleaseScriptingObjects (0ms)
			CreateAndSetChildDomain (53ms)
		EndReloadAssembly (1201ms)
			LoadAssemblies (89ms)
			RebuildTransferFunctionScriptingTraits (0ms)
			SetupTypeCache (368ms)
			ReleaseScriptCaches (3ms)
			RebuildScriptCaches (63ms)
			SetupLoadedEditorAssemblies (552ms)
				LogAssemblyErrors (0ms)
				InitializePlatformSupportModulesInManaged (38ms)
				SetLoadedEditorAssemblies (0ms)
				RefreshPlugins (1ms)
				BeforeProcessingInitializeOnLoad (136ms)
				ProcessInitializeOnLoadAttributes (251ms)
				ProcessInitializeOnLoadMethodAttributes (118ms)
				AfterProcessingInitializeOnLoad (7ms)
				EditorAssembliesLoaded (0ms)
			ExecutionOrderSort2 (0ms)
			AwakeInstancesAfterBackupRestoration (31ms)
Platform modules already initialized, skipping
Refreshing native plugins compatible for Editor in 4.92 ms, found 3 plugins.
Preloading 0 native plugins for Editor in 0.00 ms.
Unloading 4840 Unused Serialized files (Serialized files now loaded: 0)
Unloading 78 unused Assets / (13.3 MB). Loaded Objects now: 5509.
Memory consumption went from 307.5 MB to 294.2 MB.
Total: 15.961300 ms (FindLiveObjects: 0.738800 ms CreateObjectMapping: 0.726800 ms MarkObjects: 4.331500 ms  DeleteObjects: 10.162600 ms)

AssetImportParameters requested are different than current active one (requested -> active):
  custom:video-decoder-ogg-theora: a1e56fd34408186e4bbccfd4996cb3dc -> 
  custom:container-muxer-webm: aa71ff27fc2769a1b78a27578f13a17b -> 
  custom:container-demuxer-webm: 4f35f7cbe854078d1ac9338744f61a02 -> 
  custom:video-encoder-webm-vp8: eb34c28f22e8b96e1ab97ce403110664 -> 
  custom:audio-encoder-webm-vorbis: bf7c407c2cedff20999df2af8eb42d56 -> 
  custom:framework-win-MediaFoundation: 216162199b28c13a410421893ffa2e32 -> 
  custom:container-demuxer-ogg: 62fdf1f143b41e24485cea50d1cbac27 -> 
  custom:video-decoder-webm-vp8: 9c59270c3fd7afecdb556c50c9e8de78 -> 
  custom:audio-decoder-ogg-vorbis: bf7c407c2cedff20999df2af8eb42d56 -> 
Editor requested this worker to shutdown with reason: Scaling down because of idle timeout
AssetImportWorker is now disconnected from the server
Process exiting
Exiting without the bug reporter. Application will terminate with return code 0