Using pre-set license
Built from '2021.3/staging' branch; Version is '2021.3.18f1 (3129e69bc0c7) revision 3221990'; Using compiler version '192829333'; Build Type 'Release'
OS: 'Windows 11  (10.0.22621) 64bit Professional' Language: 'ja' Physical Memory: 16205 MB
BatchMode: 1, IsHumanControllingUs: 0, StartBugReporterOnCrash: 0, Is64bit: 1, IsPro: 1

COMMAND LINE ARGUMENTS:
C:\Program Files\Unity\Hub\Editor\2021.3.18f1\Editor\Unity.exe
-adb2
-batchMode
-noUpm
-name
AssetImportWorker18
-projectPath
C:/DoraFesMainProject/DoraFes
-logFile
Logs/AssetImportWorker18.log
-srvPort
55318
Successfully changed project path to: C:/DoraFesMainProject/DoraFes
C:/DoraFesMainProject/DoraFes
[UnityMemory] Configuration Parameters - Can be set up in boot.config
    "memorysetup-bucket-allocator-granularity=16"
    "memorysetup-bucket-allocator-bucket-count=8"
    "memorysetup-bucket-allocator-block-size=33554432"
    "memorysetup-bucket-allocator-block-count=8"
    "memorysetup-main-allocator-block-size=16777216"
    "memorysetup-thread-allocator-block-size=16777216"
    "memorysetup-gfx-main-allocator-block-size=16777216"
    "memorysetup-gfx-thread-allocator-block-size=16777216"
    "memorysetup-cache-allocator-block-size=4194304"
    "memorysetup-typetree-allocator-block-size=2097152"
    "memorysetup-profiler-bucket-allocator-granularity=16"
    "memorysetup-profiler-bucket-allocator-bucket-count=8"
    "memorysetup-profiler-bucket-allocator-block-size=33554432"
    "memorysetup-profiler-bucket-allocator-block-count=8"
    "memorysetup-profiler-allocator-block-size=16777216"
    "memorysetup-profiler-editor-allocator-block-size=1048576"
    "memorysetup-temp-allocator-size-main=16777216"
    "memorysetup-job-temp-allocator-block-size=2097152"
    "memorysetup-job-temp-allocator-block-size-background=1048576"
    "memorysetup-job-temp-allocator-reduction-small-platforms=262144"
    "memorysetup-temp-allocator-size-background-worker=32768"
    "memorysetup-temp-allocator-size-job-worker=262144"
    "memorysetup-temp-allocator-size-preload-manager=33554432"
    "memorysetup-temp-allocator-size-nav-mesh-worker=65536"
    "memorysetup-temp-allocator-size-audio-worker=65536"
    "memorysetup-temp-allocator-size-cloud-worker=32768"
    "memorysetup-temp-allocator-size-gi-baking-worker=262144"
    "memorysetup-temp-allocator-size-gfx=262144"
Player connection [27112] Host "[IP] 192.168.179.45 [Port] 0 [Flags] 2 [Guid] 2693333569 [EditorId] 2693333569 [Version] 1048832 [Id] WindowsEditor(7,win10ohs10598) [Debug] 1 [PackageName] WindowsEditor [ProjectName] Editor" joined multi-casting on [225.0.0.222:54997]...

Player connection [27112] Host "[IP] 192.168.179.45 [Port] 0 [Flags] 2 [Guid] 2693333569 [EditorId] 2693333569 [Version] 1048832 [Id] WindowsEditor(7,win10ohs10598) [Debug] 1 [PackageName] WindowsEditor [ProjectName] Editor" joined alternative multi-casting on [225.0.0.222:34997]...

Refreshing native plugins compatible for Editor in 155.35 ms, found 3 plugins.
Preloading 0 native plugins for Editor in 0.00 ms.
Initialize engine version: 2021.3.18f1 (3129e69bc0c7)
[Subsystems] Discovering subsystems at path C:/Program Files/Unity/Hub/Editor/2021.3.18f1/Editor/Data/Resources/UnitySubsystems
[Subsystems] Discovering subsystems at path C:/DoraFesMainProject/DoraFes/Assets
GfxDevice: creating device client; threaded=0; jobified=0
Direct3D:
    Version:  Direct3D 11.0 [level 11.1]
    Renderer: NVIDIA GeForce GTX 1650 Ti with Max-Q Design (ID=0x1f95)
    Vendor:   NVIDIA
    VRAM:     3962 MB
    Driver:   27.21.14.6221
Initialize mono
Mono path[0] = 'C:/Program Files/Unity/Hub/Editor/2021.3.18f1/Editor/Data/Managed'
Mono path[1] = 'C:/Program Files/Unity/Hub/Editor/2021.3.18f1/Editor/Data/MonoBleedingEdge/lib/mono/unityjit-win32'
Mono config path = 'C:/Program Files/Unity/Hub/Editor/2021.3.18f1/Editor/Data/MonoBleedingEdge/etc'
Using monoOptions --debugger-agent=transport=dt_socket,embedding=1,server=y,suspend=n,address=127.0.0.1:56804
Begin MonoManager ReloadAssembly
Registering precompiled unity dll's ...
Register platform support module: C:/Program Files/Unity/Hub/Editor/2021.3.18f1/Editor/Data/PlaybackEngines/AndroidPlayer/UnityEditor.Android.Extensions.dll
Register platform support module: C:/Program Files/Unity/Hub/Editor/2021.3.18f1/Editor/Data/PlaybackEngines/iOSSupport/UnityEditor.iOS.Extensions.dll
Register platform support module: C:/Program Files/Unity/Hub/Editor/2021.3.18f1/Editor/Data/PlaybackEngines/WindowsStandaloneSupport/UnityEditor.WindowsStandalone.Extensions.dll
Registered in 0.005768 seconds.
Native extension for WindowsStandalone target not found
[usbmuxd] Start listen thread
[usbmuxd] Listen thread started
[usbmuxd] Send listen message
Native extension for iOS target not found
Native extension for Android target not found
Android Extension - Scanning For ADB Devices 286 ms
Refreshing native plugins compatible for Editor in 125.49 ms, found 3 plugins.
Preloading 0 native plugins for Editor in 0.00 ms.
Mono: successfully reloaded assembly
- Completed reload, in  1.055 seconds
Domain Reload Profiling:
	ReloadAssembly (1055ms)
		BeginReloadAssembly (92ms)
			ExecutionOrderSort (0ms)
			DisableScriptedObjects (0ms)
			BackupInstance (0ms)
			ReleaseScriptingObjects (0ms)
			CreateAndSetChildDomain (1ms)
		EndReloadAssembly (834ms)
			LoadAssemblies (89ms)
			RebuildTransferFunctionScriptingTraits (0ms)
			SetupTypeCache (126ms)
			ReleaseScriptCaches (0ms)
			RebuildScriptCaches (28ms)
			SetupLoadedEditorAssemblies (630ms)
				LogAssemblyErrors (0ms)
				InitializePlatformSupportModulesInManaged (359ms)
				SetLoadedEditorAssemblies (0ms)
				RefreshPlugins (126ms)
				BeforeProcessingInitializeOnLoad (1ms)
				ProcessInitializeOnLoadAttributes (89ms)
				ProcessInitializeOnLoadMethodAttributes (55ms)
				AfterProcessingInitializeOnLoad (0ms)
				EditorAssembliesLoaded (0ms)
			ExecutionOrderSort2 (0ms)
			AwakeInstancesAfterBackupRestoration (0ms)
Platform modules already initialized, skipping
Registering precompiled user dll's ...
Registered in 0.006382 seconds.
Begin MonoManager ReloadAssembly
Symbol file LoadedFromMemory doesn't match image C:\DoraFesMainProject\DoraFes\Library\PackageCache\com.unity.visualscripting@1.8.0\Editor\VisualScripting.Core\Dependencies\YamlDotNet\Unity.VisualScripting.YamlDotNet.dll
Symbol file LoadedFromMemory doesn't match image C:\DoraFesMainProject\DoraFes\Library\PackageCache\com.unity.visualscripting@1.8.0\Editor\VisualScripting.Core\Dependencies\DotNetZip\Unity.VisualScripting.IonicZip.dll
Native extension for WindowsStandalone target not found
Native extension for iOS target not found
Native extension for Android target not found
Refreshing native plugins compatible for Editor in 109.71 ms, found 3 plugins.
Preloading 0 native plugins for Editor in 0.00 ms.
Mono: successfully reloaded assembly
- Completed reload, in  1.610 seconds
Domain Reload Profiling:
	ReloadAssembly (1611ms)
		BeginReloadAssembly (101ms)
			ExecutionOrderSort (0ms)
			DisableScriptedObjects (5ms)
			BackupInstance (0ms)
			ReleaseScriptingObjects (0ms)
			CreateAndSetChildDomain (19ms)
		EndReloadAssembly (1394ms)
			LoadAssemblies (77ms)
			RebuildTransferFunctionScriptingTraits (0ms)
			SetupTypeCache (291ms)
			ReleaseScriptCaches (1ms)
			RebuildScriptCaches (61ms)
			SetupLoadedEditorAssemblies (921ms)
				LogAssemblyErrors (0ms)
				InitializePlatformSupportModulesInManaged (28ms)
				SetLoadedEditorAssemblies (0ms)
				RefreshPlugins (110ms)
				BeforeProcessingInitializeOnLoad (129ms)
				ProcessInitializeOnLoadAttributes (382ms)
				ProcessInitializeOnLoadMethodAttributes (267ms)
				AfterProcessingInitializeOnLoad (6ms)
				EditorAssembliesLoaded (0ms)
			ExecutionOrderSort2 (0ms)
			AwakeInstancesAfterBackupRestoration (5ms)
Platform modules already initialized, skipping
========================================================================
Worker process is ready to serve import requests
Launched and connected shader compiler UnityShaderCompiler.exe after 0.05 seconds
Refreshing native plugins compatible for Editor in 1.76 ms, found 3 plugins.
Preloading 0 native plugins for Editor in 0.00 ms.
Unloading 5038 Unused Serialized files (Serialized files now loaded: 0)
Unloading 86 unused Assets / (13.4 MB). Loaded Objects now: 5460.
Memory consumption went from 316.8 MB to 303.4 MB.
Total: 13.816600 ms (FindLiveObjects: 0.643000 ms CreateObjectMapping: 0.644400 ms MarkObjects: 4.161500 ms  DeleteObjects: 8.366200 ms)

AssetImportParameters requested are different than current active one (requested -> active):
  custom:video-decoder-ogg-theora: a1e56fd34408186e4bbccfd4996cb3dc -> 
  custom:container-muxer-webm: aa71ff27fc2769a1b78a27578f13a17b -> 
  custom:container-demuxer-webm: 4f35f7cbe854078d1ac9338744f61a02 -> 
  custom:video-encoder-webm-vp8: eb34c28f22e8b96e1ab97ce403110664 -> 
  custom:audio-encoder-webm-vorbis: bf7c407c2cedff20999df2af8eb42d56 -> 
  custom:framework-win-MediaFoundation: 216162199b28c13a410421893ffa2e32 -> 
  custom:container-demuxer-ogg: 62fdf1f143b41e24485cea50d1cbac27 -> 
  custom:video-decoder-webm-vp8: 9c59270c3fd7afecdb556c50c9e8de78 -> 
  custom:audio-decoder-ogg-vorbis: bf7c407c2cedff20999df2af8eb42d56 -> 
========================================================================
Received Import Request.
  Time since last request: 295142.702112 seconds.
  path: Packages/com.unity.shadergraph/ShaderGraphLibrary/Nature/SpeedTree8Billboard.shadersubgraph
  artifactKey: Guid(89c32740b629abb41bf9b65e3a64c373) Importer(815301076,1909f56bfc062723c751e8b465ee728b)
Start importing Packages/com.unity.shadergraph/ShaderGraphLibrary/Nature/SpeedTree8Billboard.shadersubgraph using Guid(89c32740b629abb41bf9b65e3a64c373) Importer(815301076,1909f56bfc062723c751e8b465ee728b)  -> (artifact id: '734c4fd8c380bd53f743bb21fd0d6e1d') in 0.043223 seconds 
========================================================================
Received Import Request.
  Time since last request: 1.844332 seconds.
  path: Packages/com.unity.render-pipelines.core/Runtime/Debugging/Prefabs/Widgets/DebugUIBitField.prefab
  artifactKey: Guid(7c78b588b2e1f7c4a86ca4a985cf6e4a) Importer(815301076,1909f56bfc062723c751e8b465ee728b)
Start importing Packages/com.unity.render-pipelines.core/Runtime/Debugging/Prefabs/Widgets/DebugUIBitField.prefab using Guid(7c78b588b2e1f7c4a86ca4a985cf6e4a) Importer(815301076,1909f56bfc062723c751e8b465ee728b)  -> (artifact id: 'f24343c20075216eb7947cd9757fde42') in 0.073055 seconds 
========================================================================
Received Import Request.
  Time since last request: 30.829023 seconds.
  path: Assets/Scenes/MainGame/Assets/Map/Materials/Materials/CityVoxelPack/DemoScenes/Demo/building1 (1) Profile.asset
  artifactKey: Guid(236ce1139eea6e34e8823dc1a0e6729e) Importer(815301076,1909f56bfc062723c751e8b465ee728b)
Start importing Assets/Scenes/MainGame/Assets/Map/Materials/Materials/CityVoxelPack/DemoScenes/Demo/building1 (1) Profile.asset using Guid(236ce1139eea6e34e8823dc1a0e6729e) Importer(815301076,1909f56bfc062723c751e8b465ee728b)  -> (artifact id: 'eef7c07fec02c1541ca045c55712bf99') in 0.018943 seconds 
========================================================================
Received Import Request.
  Time since last request: 0.000018 seconds.
  path: Assets/Scenes/MainGame/World1/1-1/building1 Profile.asset
  artifactKey: Guid(4258e4b2f28d6d449b76e5ecf5deba15) Importer(815301076,1909f56bfc062723c751e8b465ee728b)
Start importing Assets/Scenes/MainGame/World1/1-1/building1 Profile.asset using Guid(4258e4b2f28d6d449b76e5ecf5deba15) Importer(815301076,1909f56bfc062723c751e8b465ee728b)  -> (artifact id: 'da69c9653968bca882202195452d0b06') in 0.009292 seconds 
========================================================================
Received Import Request.
  Time since last request: 0.000031 seconds.
  path: Assets/Scenes/MainGame/World1/1-1/building1 Profile 1.asset
  artifactKey: Guid(5e1f1155f3043f048aa579b9ffd23625) Importer(815301076,1909f56bfc062723c751e8b465ee728b)
Start importing Assets/Scenes/MainGame/World1/1-1/building1 Profile 1.asset using Guid(5e1f1155f3043f048aa579b9ffd23625) Importer(815301076,1909f56bfc062723c751e8b465ee728b)  -> (artifact id: 'cd0bda86a2983c2504cc51b042bc880b') in 0.008717 seconds 
========================================================================
Received Import Request.
  Time since last request: 0.000024 seconds.
  path: Assets/Scenes/MainGame/Assets/Map/Materials/Materials/CityVoxelPack/DemoScenes/Demo/building1 Profile 3.asset
  artifactKey: Guid(27c748bfbbc3a414c903f2104875b950) Importer(815301076,1909f56bfc062723c751e8b465ee728b)
Start importing Assets/Scenes/MainGame/Assets/Map/Materials/Materials/CityVoxelPack/DemoScenes/Demo/building1 Profile 3.asset using Guid(27c748bfbbc3a414c903f2104875b950) Importer(815301076,1909f56bfc062723c751e8b465ee728b)  -> (artifact id: '5ec768582ba5969b9f47983308be1388') in 0.008547 seconds 
========================================================================
Received Import Request.
  Time since last request: 0.000017 seconds.
  path: Assets/Scenes/MainGame/Assets/Map/Materials/Materials/CityVoxelPack/DemoScenes/Demo/building1 Profile 2.asset
  artifactKey: Guid(86f65b34ef8804e4593b45c8b09e32ce) Importer(815301076,1909f56bfc062723c751e8b465ee728b)
Start importing Assets/Scenes/MainGame/Assets/Map/Materials/Materials/CityVoxelPack/DemoScenes/Demo/building1 Profile 2.asset using Guid(86f65b34ef8804e4593b45c8b09e32ce) Importer(815301076,1909f56bfc062723c751e8b465ee728b)  -> (artifact id: '73a8f95d259f53bd62f70d660ba07c92') in 0.010613 seconds 
========================================================================
Received Import Request.
  Time since last request: 12.655314 seconds.
  path: Assets/Scenes/MainGame/Assets/Map/Materials/Materials/CityVoxelPack/Assets/buildings/medium/Meshes/building8.obj
  artifactKey: Guid(0fa25c0c90e843241abdfcd9e00d4016) Importer(815301076,1909f56bfc062723c751e8b465ee728b)
Start importing Assets/Scenes/MainGame/Assets/Map/Materials/Materials/CityVoxelPack/Assets/buildings/medium/Meshes/building8.obj using Guid(0fa25c0c90e843241abdfcd9e00d4016) Importer(815301076,1909f56bfc062723c751e8b465ee728b)  -> (artifact id: 'cf7670ebd1493cbd140d874c6d3193fb') in 0.260321 seconds 
========================================================================
Received Import Request.
  Time since last request: 2.593845 seconds.
  path: Assets/Scenes/MainGame/Assets/Map/Materials/Materials/CityVoxelPack/Assets/buildings/medium/Meshes/building11.obj
  artifactKey: Guid(bbeaa5c38d7b8e24b90890d689fee3d5) Importer(815301076,1909f56bfc062723c751e8b465ee728b)
Start importing Assets/Scenes/MainGame/Assets/Map/Materials/Materials/CityVoxelPack/Assets/buildings/medium/Meshes/building11.obj using Guid(bbeaa5c38d7b8e24b90890d689fee3d5) Importer(815301076,1909f56bfc062723c751e8b465ee728b)  -> (artifact id: 'a90d5d6550f2e2b5d7922da07295b628') in 0.071975 seconds 
========================================================================
Received Import Request.
  Time since last request: 0.000038 seconds.
  path: Assets/Scenes/MainGame/Assets/Map/Materials/Materials/CityVoxelPack/Assets/buildings/medium/Meshes/building14.obj
  artifactKey: Guid(860db9e42cb484c4fa46091dca914678) Importer(815301076,1909f56bfc062723c751e8b465ee728b)
Start importing Assets/Scenes/MainGame/Assets/Map/Materials/Materials/CityVoxelPack/Assets/buildings/medium/Meshes/building14.obj using Guid(860db9e42cb484c4fa46091dca914678) Importer(815301076,1909f56bfc062723c751e8b465ee728b)  -> (artifact id: '4b8fd832901de8517d02069f8437a0b8') in 0.035000 seconds 
========================================================================
Received Import Request.
  Time since last request: 86.168810 seconds.
  path: Assets/Scenes/MainGame/Assets/Map/Materials/Materials/CityVoxelPack/DemoScenes/Demo/Cube Profile 1.asset
  artifactKey: Guid(0d22c58c81e41264ab8c1254c7cff558) Importer(815301076,1909f56bfc062723c751e8b465ee728b)
Start importing Assets/Scenes/MainGame/Assets/Map/Materials/Materials/CityVoxelPack/DemoScenes/Demo/Cube Profile 1.asset using Guid(0d22c58c81e41264ab8c1254c7cff558) Importer(815301076,1909f56bfc062723c751e8b465ee728b)  -> (artifact id: 'ed46cc1bfc5cc583b752b753d5078bee') in 0.008769 seconds 
========================================================================
Received Import Request.
  Time since last request: 0.004135 seconds.
  path: Assets/Scenes/MainGame/Assets/Map/Materials/Materials/CityVoxelPack/DemoScenes/Demo/CubeRight Profile 1.asset
  artifactKey: Guid(c588536d35251744890e93c06056536b) Importer(815301076,1909f56bfc062723c751e8b465ee728b)
Start importing Assets/Scenes/MainGame/Assets/Map/Materials/Materials/CityVoxelPack/DemoScenes/Demo/CubeRight Profile 1.asset using Guid(c588536d35251744890e93c06056536b) Importer(815301076,1909f56bfc062723c751e8b465ee728b)  -> (artifact id: '89b3d1a2c708ff05e012c8d42ebb6711') in 0.008165 seconds 
========================================================================
Received Import Request.
  Time since last request: 0.000030 seconds.
  path: Assets/Scenes/MainGame/Assets/Map/Materials/Materials/CityVoxelPack/DemoScenes/Demo/Main Camera Profile.asset
  artifactKey: Guid(caffdbeb49c07564ab532e658e9cdd80) Importer(815301076,1909f56bfc062723c751e8b465ee728b)
Start importing Assets/Scenes/MainGame/Assets/Map/Materials/Materials/CityVoxelPack/DemoScenes/Demo/Main Camera Profile.asset using Guid(caffdbeb49c07564ab532e658e9cdd80) Importer(815301076,1909f56bfc062723c751e8b465ee728b)  -> (artifact id: '98f56adf8012698b4695d57ab1a6c36b') in 0.008917 seconds 
========================================================================
Received Import Request.
  Time since last request: 0.000019 seconds.
  path: Assets/Scenes/MainGame/Assets/Map/Materials/Materials/CityVoxelPack/DemoScenes/Demo/CubeRight Profile 3.asset
  artifactKey: Guid(cea0923d541753b43bf0f570131f2937) Importer(815301076,1909f56bfc062723c751e8b465ee728b)
Start importing Assets/Scenes/MainGame/Assets/Map/Materials/Materials/CityVoxelPack/DemoScenes/Demo/CubeRight Profile 3.asset using Guid(cea0923d541753b43bf0f570131f2937) Importer(815301076,1909f56bfc062723c751e8b465ee728b)  -> (artifact id: 'abb80ccc3a431d84fda3040166b22478') in 0.006318 seconds 
========================================================================
Received Import Request.
  Time since last request: 0.000017 seconds.
  path: Assets/Scenes/MainGame/Assets/Map/Materials/Materials/CityVoxelPack/DemoScenes/Demo/ReflectionProbe-0.exr
  artifactKey: Guid(5258b1926914daa49a20040b5c22e795) Importer(815301076,1909f56bfc062723c751e8b465ee728b)
Start importing Assets/Scenes/MainGame/Assets/Map/Materials/Materials/CityVoxelPack/DemoScenes/Demo/ReflectionProbe-0.exr using Guid(5258b1926914daa49a20040b5c22e795) Importer(815301076,1909f56bfc062723c751e8b465ee728b)  -> (artifact id: '9fbe678a578dd14cde6a7cf3bba70cd9') in 0.067408 seconds 
Editor requested this worker to shutdown with reason: Scaling down because of idle timeout
AssetImportWorker is now disconnected from the server
Process exiting
Exiting without the bug reporter. Application will terminate with return code 0