Using pre-set license
Built from '2021.3/staging' branch; Version is '2021.3.18f1 (3129e69bc0c7) revision 3221990'; Using compiler version '192829333'; Build Type 'Release'
OS: 'Windows 11  (10.0.22621) 64bit Professional' Language: 'ja' Physical Memory: 16205 MB
BatchMode: 1, IsHumanControllingUs: 0, StartBugReporterOnCrash: 0, Is64bit: 1, IsPro: 1

COMMAND LINE ARGUMENTS:
C:\Program Files\Unity\Hub\Editor\2021.3.18f1\Editor\Unity.exe
-adb2
-batchMode
-noUpm
-name
AssetImportWorker12
-projectPath
C:/DoraFesMainProject/DoraFes
-logFile
Logs/AssetImportWorker12.log
-srvPort
50699
Successfully changed project path to: C:/DoraFesMainProject/DoraFes
C:/DoraFesMainProject/DoraFes
[UnityMemory] Configuration Parameters - Can be set up in boot.config
    "memorysetup-bucket-allocator-granularity=16"
    "memorysetup-bucket-allocator-bucket-count=8"
    "memorysetup-bucket-allocator-block-size=33554432"
    "memorysetup-bucket-allocator-block-count=8"
    "memorysetup-main-allocator-block-size=16777216"
    "memorysetup-thread-allocator-block-size=16777216"
    "memorysetup-gfx-main-allocator-block-size=16777216"
    "memorysetup-gfx-thread-allocator-block-size=16777216"
    "memorysetup-cache-allocator-block-size=4194304"
    "memorysetup-typetree-allocator-block-size=2097152"
    "memorysetup-profiler-bucket-allocator-granularity=16"
    "memorysetup-profiler-bucket-allocator-bucket-count=8"
    "memorysetup-profiler-bucket-allocator-block-size=33554432"
    "memorysetup-profiler-bucket-allocator-block-count=8"
    "memorysetup-profiler-allocator-block-size=16777216"
    "memorysetup-profiler-editor-allocator-block-size=1048576"
    "memorysetup-temp-allocator-size-main=16777216"
    "memorysetup-job-temp-allocator-block-size=2097152"
    "memorysetup-job-temp-allocator-block-size-background=1048576"
    "memorysetup-job-temp-allocator-reduction-small-platforms=262144"
    "memorysetup-temp-allocator-size-background-worker=32768"
    "memorysetup-temp-allocator-size-job-worker=262144"
    "memorysetup-temp-allocator-size-preload-manager=33554432"
    "memorysetup-temp-allocator-size-nav-mesh-worker=65536"
    "memorysetup-temp-allocator-size-audio-worker=65536"
    "memorysetup-temp-allocator-size-cloud-worker=32768"
    "memorysetup-temp-allocator-size-gi-baking-worker=262144"
    "memorysetup-temp-allocator-size-gfx=262144"
Player connection [21684] Host "[IP] 172.17.30.170 [Port] 0 [Flags] 2 [Guid] 1620024776 [EditorId] 1620024776 [Version] 1048832 [Id] WindowsEditor(7,win19ohs10915) [Debug] 1 [PackageName] WindowsEditor [ProjectName] Editor" joined multi-casting on [225.0.0.222:54997]...

Player connection [21684] Host "[IP] 172.17.30.170 [Port] 0 [Flags] 2 [Guid] 1620024776 [EditorId] 1620024776 [Version] 1048832 [Id] WindowsEditor(7,win19ohs10915) [Debug] 1 [PackageName] WindowsEditor [ProjectName] Editor" joined alternative multi-casting on [225.0.0.222:34997]...

Refreshing native plugins compatible for Editor in 137.24 ms, found 3 plugins.
Preloading 0 native plugins for Editor in 0.00 ms.
Initialize engine version: 2021.3.18f1 (3129e69bc0c7)
[Subsystems] Discovering subsystems at path C:/Program Files/Unity/Hub/Editor/2021.3.18f1/Editor/Data/Resources/UnitySubsystems
[Subsystems] Discovering subsystems at path C:/DoraFesMainProject/DoraFes/Assets
GfxDevice: creating device client; threaded=0; jobified=0
Direct3D:
    Version:  Direct3D 11.0 [level 11.1]
    Renderer: NVIDIA GeForce GTX 1650 Ti with Max-Q Design (ID=0x1f95)
    Vendor:   NVIDIA
    VRAM:     3962 MB
    Driver:   30.0.14.7141
Initialize mono
Mono path[0] = 'C:/Program Files/Unity/Hub/Editor/2021.3.18f1/Editor/Data/Managed'
Mono path[1] = 'C:/Program Files/Unity/Hub/Editor/2021.3.18f1/Editor/Data/MonoBleedingEdge/lib/mono/unityjit-win32'
Mono config path = 'C:/Program Files/Unity/Hub/Editor/2021.3.18f1/Editor/Data/MonoBleedingEdge/etc'
Using monoOptions --debugger-agent=transport=dt_socket,embedding=1,server=y,suspend=n,address=127.0.0.1:56368
Begin MonoManager ReloadAssembly
Registering precompiled unity dll's ...
Register platform support module: C:/Program Files/Unity/Hub/Editor/2021.3.18f1/Editor/Data/PlaybackEngines/WindowsStandaloneSupport/UnityEditor.WindowsStandalone.Extensions.dll
Registered in 0.004400 seconds.
Native extension for WindowsStandalone target not found
Refreshing native plugins compatible for Editor in 96.27 ms, found 3 plugins.
Preloading 0 native plugins for Editor in 0.00 ms.
Mono: successfully reloaded assembly
- Completed reload, in  0.573 seconds
Domain Reload Profiling:
	ReloadAssembly (573ms)
		BeginReloadAssembly (64ms)
			ExecutionOrderSort (0ms)
			DisableScriptedObjects (0ms)
			BackupInstance (0ms)
			ReleaseScriptingObjects (0ms)
			CreateAndSetChildDomain (1ms)
		EndReloadAssembly (413ms)
			LoadAssemblies (63ms)
			RebuildTransferFunctionScriptingTraits (0ms)
			SetupTypeCache (99ms)
			ReleaseScriptCaches (0ms)
			RebuildScriptCaches (24ms)
			SetupLoadedEditorAssemblies (245ms)
				LogAssemblyErrors (0ms)
				InitializePlatformSupportModulesInManaged (7ms)
				SetLoadedEditorAssemblies (0ms)
				RefreshPlugins (96ms)
				BeforeProcessingInitializeOnLoad (1ms)
				ProcessInitializeOnLoadAttributes (101ms)
				ProcessInitializeOnLoadMethodAttributes (40ms)
				AfterProcessingInitializeOnLoad (0ms)
				EditorAssembliesLoaded (0ms)
			ExecutionOrderSort2 (0ms)
			AwakeInstancesAfterBackupRestoration (0ms)
Platform modules already initialized, skipping
Registering precompiled user dll's ...
Registered in 0.007111 seconds.
Begin MonoManager ReloadAssembly
Symbol file LoadedFromMemory doesn't match image C:\DoraFesMainProject\DoraFes\Library\PackageCache\com.unity.visualscripting@1.8.0\Editor\VisualScripting.Core\Dependencies\YamlDotNet\Unity.VisualScripting.YamlDotNet.dll
Symbol file LoadedFromMemory doesn't match image C:\DoraFesMainProject\DoraFes\Library\PackageCache\com.unity.visualscripting@1.8.0\Editor\VisualScripting.Core\Dependencies\DotNetZip\Unity.VisualScripting.IonicZip.dll
Native extension for WindowsStandalone target not found
Refreshing native plugins compatible for Editor in 104.17 ms, found 3 plugins.
Preloading 0 native plugins for Editor in 0.00 ms.
Mono: successfully reloaded assembly
- Completed reload, in  1.136 seconds
Domain Reload Profiling:
	ReloadAssembly (1137ms)
		BeginReloadAssembly (95ms)
			ExecutionOrderSort (0ms)
			DisableScriptedObjects (5ms)
			BackupInstance (0ms)
			ReleaseScriptingObjects (0ms)
			CreateAndSetChildDomain (18ms)
		EndReloadAssembly (939ms)
			LoadAssemblies (70ms)
			RebuildTransferFunctionScriptingTraits (0ms)
			SetupTypeCache (240ms)
			ReleaseScriptCaches (1ms)
			RebuildScriptCaches (53ms)
			SetupLoadedEditorAssemblies (538ms)
				LogAssemblyErrors (0ms)
				InitializePlatformSupportModulesInManaged (4ms)
				SetLoadedEditorAssemblies (0ms)
				RefreshPlugins (104ms)
				BeforeProcessingInitializeOnLoad (121ms)
				ProcessInitializeOnLoadAttributes (203ms)
				ProcessInitializeOnLoadMethodAttributes (101ms)
				AfterProcessingInitializeOnLoad (5ms)
				EditorAssembliesLoaded (0ms)
			ExecutionOrderSort2 (0ms)
			AwakeInstancesAfterBackupRestoration (5ms)
Platform modules already initialized, skipping
========================================================================
Worker process is ready to serve import requests
Launched and connected shader compiler UnityShaderCompiler.exe after 0.04 seconds
Refreshing native plugins compatible for Editor in 0.79 ms, found 3 plugins.
Preloading 0 native plugins for Editor in 0.00 ms.
Unloading 5027 Unused Serialized files (Serialized files now loaded: 0)
Unloading 86 unused Assets / (13.3 MB). Loaded Objects now: 5438.
Memory consumption went from 246.7 MB to 233.4 MB.
Total: 7.287500 ms (FindLiveObjects: 0.387500 ms CreateObjectMapping: 0.390000 ms MarkObjects: 2.157400 ms  DeleteObjects: 4.351300 ms)

AssetImportParameters requested are different than current active one (requested -> active):
  custom:video-decoder-ogg-theora: a1e56fd34408186e4bbccfd4996cb3dc -> 
  custom:container-muxer-webm: aa71ff27fc2769a1b78a27578f13a17b -> 
  custom:container-demuxer-webm: 4f35f7cbe854078d1ac9338744f61a02 -> 
  custom:video-encoder-webm-vp8: eb34c28f22e8b96e1ab97ce403110664 -> 
  custom:audio-encoder-webm-vorbis: bf7c407c2cedff20999df2af8eb42d56 -> 
  custom:framework-win-MediaFoundation: 216162199b28c13a410421893ffa2e32 -> 
  custom:container-demuxer-ogg: 62fdf1f143b41e24485cea50d1cbac27 -> 
  custom:video-decoder-webm-vp8: 9c59270c3fd7afecdb556c50c9e8de78 -> 
  custom:audio-decoder-ogg-vorbis: bf7c407c2cedff20999df2af8eb42d56 -> 
========================================================================
Received Import Request.
  Time since last request: 135674.714456 seconds.
  path: Assets/LowPolyEnviroPack_LITE_builtIn/BeachArea_Set1/Prefabs/Grass_Card_D.prefab
  artifactKey: Guid(b1a28fdf01fc76c44a1d9df0db6f8f98) Importer(815301076,1909f56bfc062723c751e8b465ee728b)
Start importing Assets/LowPolyEnviroPack_LITE_builtIn/BeachArea_Set1/Prefabs/Grass_Card_D.prefab using Guid(b1a28fdf01fc76c44a1d9df0db6f8f98) Importer(815301076,1909f56bfc062723c751e8b465ee728b)  -> (artifact id: 'c088b74da7d826c1ddac817b298096ef') in 0.319414 seconds 
========================================================================
Received Import Request.
  Time since last request: 0.000027 seconds.
  path: Assets/LowPolyEnviroPack_LITE_builtIn/BeachArea_Set1/Prefabs/Park_Bench_Open.prefab
  artifactKey: Guid(a7a77fd2f57fd214b8b3e0d45dbfcc69) Importer(815301076,1909f56bfc062723c751e8b465ee728b)
Start importing Assets/LowPolyEnviroPack_LITE_builtIn/BeachArea_Set1/Prefabs/Park_Bench_Open.prefab using Guid(a7a77fd2f57fd214b8b3e0d45dbfcc69) Importer(815301076,1909f56bfc062723c751e8b465ee728b)  -> (artifact id: '4f251803d5d5bc0eea30b4e188d39e7b') in 0.032854 seconds 
========================================================================
Received Import Request.
  Time since last request: 0.000087 seconds.
  path: Assets/LowPolyEnviroPack_LITE_builtIn/BeachArea_Set1/Prefabs/Park_Bench_Corner_In.prefab
  artifactKey: Guid(4fefa74b26589c64a8b63d125929de66) Importer(815301076,1909f56bfc062723c751e8b465ee728b)
Start importing Assets/LowPolyEnviroPack_LITE_builtIn/BeachArea_Set1/Prefabs/Park_Bench_Corner_In.prefab using Guid(4fefa74b26589c64a8b63d125929de66) Importer(815301076,1909f56bfc062723c751e8b465ee728b)  -> (artifact id: '72308eb45a39d8dd9894d33bcb3d5133') in 0.034172 seconds 
========================================================================
Received Import Request.
  Time since last request: 0.000034 seconds.
  path: Assets/LowPolyEnviroPack_LITE_builtIn/BeachArea_Set1/Prefabs/Pebble_C.prefab
  artifactKey: Guid(90a10b03662f1af4ca682d7cbcf77ad3) Importer(815301076,1909f56bfc062723c751e8b465ee728b)
Start importing Assets/LowPolyEnviroPack_LITE_builtIn/BeachArea_Set1/Prefabs/Pebble_C.prefab using Guid(90a10b03662f1af4ca682d7cbcf77ad3) Importer(815301076,1909f56bfc062723c751e8b465ee728b)  -> (artifact id: '5215252c778bdac624440ebf57561b66') in 0.025519 seconds 
========================================================================
Received Import Request.
  Time since last request: 0.000037 seconds.
  path: Assets/LowPolyEnviroPack_LITE_builtIn/BeachArea_Set1/Prefabs/Sand_Pile_A.prefab
  artifactKey: Guid(7c5e400add54e9c40b4538062c703736) Importer(815301076,1909f56bfc062723c751e8b465ee728b)
Start importing Assets/LowPolyEnviroPack_LITE_builtIn/BeachArea_Set1/Prefabs/Sand_Pile_A.prefab using Guid(7c5e400add54e9c40b4538062c703736) Importer(815301076,1909f56bfc062723c751e8b465ee728b)  -> (artifact id: 'b4f3572682bf075bd2fd6c712d345eef') in 0.022330 seconds 
========================================================================
Received Import Request.
  Time since last request: 0.000021 seconds.
  path: Assets/LowPolyEnviroPack_LITE_builtIn/BeachArea_Set1/Prefabs/Sand_Plane_Flat_B.prefab
  artifactKey: Guid(2e435be2e7b92ca4789c1622bcf19b16) Importer(815301076,1909f56bfc062723c751e8b465ee728b)
Start importing Assets/LowPolyEnviroPack_LITE_builtIn/BeachArea_Set1/Prefabs/Sand_Plane_Flat_B.prefab using Guid(2e435be2e7b92ca4789c1622bcf19b16) Importer(815301076,1909f56bfc062723c751e8b465ee728b)  -> (artifact id: '3d7c79d0f3a150848e440256c8b59e20') in 0.022967 seconds 
========================================================================
Received Import Request.
  Time since last request: 0.000036 seconds.
  path: Assets/LowPolyEnviroPack_LITE_builtIn/BeachArea_Set1/Prefabs/Sand_To_Grass_L-Corner.prefab
  artifactKey: Guid(9607d06dda13bc145ac26ad819e50c60) Importer(815301076,1909f56bfc062723c751e8b465ee728b)
Start importing Assets/LowPolyEnviroPack_LITE_builtIn/BeachArea_Set1/Prefabs/Sand_To_Grass_L-Corner.prefab using Guid(9607d06dda13bc145ac26ad819e50c60) Importer(815301076,1909f56bfc062723c751e8b465ee728b)  -> (artifact id: '2f6bf069bd123eccd81988b22585f5fb') in 0.025466 seconds 
========================================================================
Received Import Request.
  Time since last request: 0.000024 seconds.
  path: Assets/LowPolyEnviroPack_LITE_builtIn/BeachArea_Set1/Prefabs/Skull.prefab
  artifactKey: Guid(4c88c007ef6c3b94ebaf72653ec775a6) Importer(815301076,1909f56bfc062723c751e8b465ee728b)
Start importing Assets/LowPolyEnviroPack_LITE_builtIn/BeachArea_Set1/Prefabs/Skull.prefab using Guid(4c88c007ef6c3b94ebaf72653ec775a6) Importer(815301076,1909f56bfc062723c751e8b465ee728b)  -> (artifact id: 'b97b3e021596d550768441ddced26014') in 0.022228 seconds 
========================================================================
Received Import Request.
  Time since last request: 0.000029 seconds.
  path: Assets/LowPolyEnviroPack_LITE_builtIn/BeachArea_Set1/Prefabs/Stick_D.prefab
  artifactKey: Guid(40d835238fc5d8c4ba8c990e685defef) Importer(815301076,1909f56bfc062723c751e8b465ee728b)
Start importing Assets/LowPolyEnviroPack_LITE_builtIn/BeachArea_Set1/Prefabs/Stick_D.prefab using Guid(40d835238fc5d8c4ba8c990e685defef) Importer(815301076,1909f56bfc062723c751e8b465ee728b)  -> (artifact id: 'acd39c2ea3f2b2f7c03a626c1d1ea511') in 0.022974 seconds 
========================================================================
Received Import Request.
  Time since last request: 0.000049 seconds.
  path: Assets/LowPolyEnviroPack_LITE_builtIn/BeachArea_Set1/Prefabs/Water_Plane_Large_Pool.prefab
  artifactKey: Guid(af4786a5eede6e14e82de9b672159b0e) Importer(815301076,1909f56bfc062723c751e8b465ee728b)
Start importing Assets/LowPolyEnviroPack_LITE_builtIn/BeachArea_Set1/Prefabs/Water_Plane_Large_Pool.prefab using Guid(af4786a5eede6e14e82de9b672159b0e) Importer(815301076,1909f56bfc062723c751e8b465ee728b)  -> (artifact id: 'd3567fa9bbc56318a97a7ef8bf9181dd') in 0.018107 seconds 
========================================================================
Received Import Request.
  Time since last request: 0.000036 seconds.
  path: Assets/LowPolyEnviroPack_LITE_builtIn/BeachArea_Set1/Prefabs/Rock_Platform_Small.prefab
  artifactKey: Guid(71d23bf57c3e27c49b2b037909fd4954) Importer(815301076,1909f56bfc062723c751e8b465ee728b)
Start importing Assets/LowPolyEnviroPack_LITE_builtIn/BeachArea_Set1/Prefabs/Rock_Platform_Small.prefab using Guid(71d23bf57c3e27c49b2b037909fd4954) Importer(815301076,1909f56bfc062723c751e8b465ee728b)  -> (artifact id: '6b0062a894eb17f2cfdc1e0c3f423dc7') in 0.024503 seconds 
========================================================================
Received Import Request.
  Time since last request: 0.000044 seconds.
  path: Assets/LowPolyEnviroPack_LITE_builtIn/BeachArea_Set1/Prefabs/Stone_Squarish_C.prefab
  artifactKey: Guid(7feef1eb89dee9844b2c0a9916dcf326) Importer(815301076,1909f56bfc062723c751e8b465ee728b)
Start importing Assets/LowPolyEnviroPack_LITE_builtIn/BeachArea_Set1/Prefabs/Stone_Squarish_C.prefab using Guid(7feef1eb89dee9844b2c0a9916dcf326) Importer(815301076,1909f56bfc062723c751e8b465ee728b)  -> (artifact id: 'aaf6c6f8f7045fc92eeacb497da096bc') in 0.027548 seconds 
========================================================================
Received Import Request.
  Time since last request: 0.000026 seconds.
  path: Assets/LowPolyEnviroPack_LITE_builtIn/BeachArea_Set1/Prefabs/Sand_Plane_Medium_B.prefab
  artifactKey: Guid(7621e9ad445ec36458b388a84c03b9ef) Importer(815301076,1909f56bfc062723c751e8b465ee728b)
Start importing Assets/LowPolyEnviroPack_LITE_builtIn/BeachArea_Set1/Prefabs/Sand_Plane_Medium_B.prefab using Guid(7621e9ad445ec36458b388a84c03b9ef) Importer(815301076,1909f56bfc062723c751e8b465ee728b)  -> (artifact id: '3b8e066279f6140d934d27434811e71b') in 0.026940 seconds 
========================================================================
Received Import Request.
  Time since last request: 0.000019 seconds.
  path: Assets/LowPolyEnviroPack_LITE_builtIn/BeachArea_Set1/Prefabs/Rock_Small_A.prefab
  artifactKey: Guid(5cb1b8ad9a4b0e145add46d70d0155c7) Importer(815301076,1909f56bfc062723c751e8b465ee728b)
Start importing Assets/LowPolyEnviroPack_LITE_builtIn/BeachArea_Set1/Prefabs/Rock_Small_A.prefab using Guid(5cb1b8ad9a4b0e145add46d70d0155c7) Importer(815301076,1909f56bfc062723c751e8b465ee728b)  -> (artifact id: '3027a3ffc097ab53cb86b0bd40105c8d') in 0.027874 seconds 
========================================================================
Received Import Request.
  Time since last request: 0.000037 seconds.
  path: Assets/LowPolyEnviroPack_LITE_builtIn/BeachArea_Set1/Prefabs/Stick_C.prefab
  artifactKey: Guid(b1aa1108c1be7e94284aaf4dad4f8aca) Importer(815301076,1909f56bfc062723c751e8b465ee728b)
Start importing Assets/LowPolyEnviroPack_LITE_builtIn/BeachArea_Set1/Prefabs/Stick_C.prefab using Guid(b1aa1108c1be7e94284aaf4dad4f8aca) Importer(815301076,1909f56bfc062723c751e8b465ee728b)  -> (artifact id: '71a82875ce68bf3519619e94f8fc4692') in 0.025062 seconds 
========================================================================
Received Import Request.
  Time since last request: 3.493304 seconds.
  path: Assets/LowPolyEnviroPack_LITE_builtIn/BeachArea_Set1/Prefabs/Wood_Plank_C.prefab
  artifactKey: Guid(457c42211f7006b49b17e24de60d022c) Importer(815301076,1909f56bfc062723c751e8b465ee728b)
Start importing Assets/LowPolyEnviroPack_LITE_builtIn/BeachArea_Set1/Prefabs/Wood_Plank_C.prefab using Guid(457c42211f7006b49b17e24de60d022c) Importer(815301076,1909f56bfc062723c751e8b465ee728b)  -> (artifact id: '3dcd209334354b4fabaf5993ccab3ad1') in 0.027830 seconds 
========================================================================
Received Import Request.
  Time since last request: 1057.485248 seconds.
  path: Assets/Scenes/StageSelect/Textures/number/number_1.png
  artifactKey: Guid(145c6f7a6ddfd07499992176383b96c9) Importer(815301076,1909f56bfc062723c751e8b465ee728b)
Start importing Assets/Scenes/StageSelect/Textures/number/number_1.png using Guid(145c6f7a6ddfd07499992176383b96c9) Importer(815301076,1909f56bfc062723c751e8b465ee728b)  -> (artifact id: 'cb68c169729e9d06f079e0a3d4819af9') in 0.063517 seconds 
========================================================================
Received Import Request.
  Time since last request: 0.000032 seconds.
  path: Assets/Scenes/StageSelect/Textures/number/number_5.png
  artifactKey: Guid(8329f714803a03e4d81ae67dbb671ff5) Importer(815301076,1909f56bfc062723c751e8b465ee728b)
Start importing Assets/Scenes/StageSelect/Textures/number/number_5.png using Guid(8329f714803a03e4d81ae67dbb671ff5) Importer(815301076,1909f56bfc062723c751e8b465ee728b)  -> (artifact id: 'c988cfda60c5cb4e4a27151cdd4a9fd5') in 0.024412 seconds 
========================================================================
Received Import Request.
  Time since last request: 0.000028 seconds.
  path: Assets/Scenes/StageSelect/Textures/number/zukei_chouhoukei.png
  artifactKey: Guid(51f56c4a6589dc34cb98c4cc9905c522) Importer(815301076,1909f56bfc062723c751e8b465ee728b)
Start importing Assets/Scenes/StageSelect/Textures/number/zukei_chouhoukei.png using Guid(51f56c4a6589dc34cb98c4cc9905c522) Importer(815301076,1909f56bfc062723c751e8b465ee728b)  -> (artifact id: 'c1f3a0930ff3ff68b122ddae4ed9d380') in 0.058478 seconds 
========================================================================
Received Import Request.
  Time since last request: 0.664936 seconds.
  path: Assets/Scenes/StageSelect/Textures/Icon/1Icon.png
  artifactKey: Guid(9312004fc669cd84e9a35af6a6c2a5d3) Importer(815301076,1909f56bfc062723c751e8b465ee728b)
Start importing Assets/Scenes/StageSelect/Textures/Icon/1Icon.png using Guid(9312004fc669cd84e9a35af6a6c2a5d3) Importer(815301076,1909f56bfc062723c751e8b465ee728b)  -> (artifact id: '2c33531377d90bf115aac9910e633a5b') in 0.226709 seconds 
========================================================================
Received Import Request.
  Time since last request: 0.000024 seconds.
  path: Assets/Scenes/StageSelect/Textures/Icon/Arrow.png
  artifactKey: Guid(c4cf0af61023a42489b4237b4ba6d590) Importer(815301076,1909f56bfc062723c751e8b465ee728b)
Start importing Assets/Scenes/StageSelect/Textures/Icon/Arrow.png using Guid(c4cf0af61023a42489b4237b4ba6d590) Importer(815301076,1909f56bfc062723c751e8b465ee728b)  -> (artifact id: 'e6e328dfc82e9568f72c92b0532b8c5d') in 0.046851 seconds 
========================================================================
Received Import Request.
  Time since last request: 0.000063 seconds.
  path: Assets/Scenes/StageSelect/Textures/Icon/4Icon.png
  artifactKey: Guid(c92a2b2ca071dc543ac95b063ccc8829) Importer(815301076,1909f56bfc062723c751e8b465ee728b)
Start importing Assets/Scenes/StageSelect/Textures/Icon/4Icon.png using Guid(c92a2b2ca071dc543ac95b063ccc8829) Importer(815301076,1909f56bfc062723c751e8b465ee728b)  -> (artifact id: 'f2a9cded19a94549ef721ca0fb552430') in 0.230349 seconds 
========================================================================
Received Import Request.
  Time since last request: 0.000032 seconds.
  path: Assets/Scenes/StageSelect/Textures/Icon/7Icon.png
  artifactKey: Guid(c4d3d304f0a7cc5489134f49b3b0af35) Importer(815301076,1909f56bfc062723c751e8b465ee728b)
Start importing Assets/Scenes/StageSelect/Textures/Icon/7Icon.png using Guid(c4d3d304f0a7cc5489134f49b3b0af35) Importer(815301076,1909f56bfc062723c751e8b465ee728b)  -> (artifact id: '104436310feeece0a561d4f2bfffcb0b') in 0.210988 seconds 
========================================================================
Received Import Request.
  Time since last request: 0.000028 seconds.
  path: Assets/Scenes/StageSelect/Textures/Icon/3Icon.png
  artifactKey: Guid(ae44f4693ca173a4caa4ad7fd74f4f6a) Importer(815301076,1909f56bfc062723c751e8b465ee728b)
Start importing Assets/Scenes/StageSelect/Textures/Icon/3Icon.png using Guid(ae44f4693ca173a4caa4ad7fd74f4f6a) Importer(815301076,1909f56bfc062723c751e8b465ee728b)  -> (artifact id: 'c6fc37d4bc5eda68156dc9b440f7eecf') in 0.216631 seconds 
========================================================================
Received Import Request.
  Time since last request: 0.000029 seconds.
  path: Assets/Scenes/StageSelect/Textures/Icon/cloud.png
  artifactKey: Guid(5514b88c27d40e34abcebb5129c42bf0) Importer(815301076,1909f56bfc062723c751e8b465ee728b)
Start importing Assets/Scenes/StageSelect/Textures/Icon/cloud.png using Guid(5514b88c27d40e34abcebb5129c42bf0) Importer(815301076,1909f56bfc062723c751e8b465ee728b)  -> (artifact id: '47013d1365911292953e2ab09c8496bf') in 0.045329 seconds 
========================================================================
Received Import Request.
  Time since last request: 25.477397 seconds.
  path: Assets/Scenes/Materials/map 5.mat
  artifactKey: Guid(0707ace056a39e04ba45641394caea2a) Importer(815301076,1909f56bfc062723c751e8b465ee728b)
Start importing Assets/Scenes/Materials/map 5.mat using Guid(0707ace056a39e04ba45641394caea2a) Importer(815301076,1909f56bfc062723c751e8b465ee728b)  -> (artifact id: '2c4217ab6053f04b5ae040fda6007443') in 0.109798 seconds 
========================================================================
Received Prepare
Registering precompiled user dll's ...
Registered in 0.005945 seconds.
Begin MonoManager ReloadAssembly
Symbol file LoadedFromMemory doesn't match image C:\DoraFesMainProject\DoraFes\Library\PackageCache\com.unity.visualscripting@1.8.0\Editor\VisualScripting.Core\Dependencies\YamlDotNet\Unity.VisualScripting.YamlDotNet.dll
Symbol file LoadedFromMemory doesn't match image C:\DoraFesMainProject\DoraFes\Library\PackageCache\com.unity.visualscripting@1.8.0\Editor\VisualScripting.Core\Dependencies\DotNetZip\Unity.VisualScripting.IonicZip.dll
Native extension for WindowsStandalone target not found
Refreshing native plugins compatible for Editor in 1.66 ms, found 3 plugins.
Preloading 0 native plugins for Editor in 0.00 ms.
System.Reflection.TargetInvocationException: Exception has been thrown by the target of an invocation. ---> System.IO.IOException: Sharing violation on path C:\DoraFesMainProject\DoraFes\Assets\lilToon\Editor\CurrentRP.txt
  at System.IO.FileStream..ctor (System.String path, System.IO.FileMode mode, System.IO.FileAccess access, System.IO.FileShare share, System.Int32 bufferSize, System.Boolean anonymous, System.IO.FileOptions options) [0x0019e] in <1f66344f2f89470293d8b67d71308c07>:0 
  at System.IO.FileStream..ctor (System.String path, System.IO.FileMode mode, System.IO.FileAccess access, System.IO.FileShare share, System.Int32 bufferSize, System.IO.FileOptions options) [0x00000] in <1f66344f2f89470293d8b67d71308c07>:0 
  at (wrapper remoting-invoke-with-check) System.IO.FileStream..ctor(string,System.IO.FileMode,System.IO.FileAccess,System.IO.FileShare,int,System.IO.FileOptions)
  at System.IO.StreamWriter..ctor (System.String path, System.Boolean append, System.Text.Encoding encoding, System.Int32 bufferSize) [0x00055] in <1f66344f2f89470293d8b67d71308c07>:0 
  at System.IO.StreamWriter..ctor (System.String path, System.Boolean append) [0x00008] in <1f66344f2f89470293d8b67d71308c07>:0 
  at (wrapper remoting-invoke-with-check) System.IO.StreamWriter..ctor(string,bool)
  at lilToon.lilStartup.lilStartupMethod () [0x0009b] in C:\DoraFesMainProject\DoraFes\Assets\lilToon\Editor\lilStartup.cs:81 
  at (wrapper managed-to-native) System.Reflection.RuntimeMethodInfo.InternalInvoke(System.Reflection.RuntimeMethodInfo,object,object[],System.Exception&)
  at System.Reflection.RuntimeMethodInfo.Invoke (System.Object obj, System.Reflection.BindingFlags invokeAttr, System.Reflection.Binder binder, System.Object[] parameters, System.Globalization.CultureInfo culture) [0x0006a] in <1f66344f2f89470293d8b67d71308c07>:0 
   --- End of inner exception stack trace ---
  at System.Reflection.RuntimeMethodInfo.Invoke (System.Object obj, System.Reflection.BindingFlags invokeAttr, System.Reflection.Binder binder, System.Object[] parameters, System.Globalization.CultureInfo culture) [0x00083] in <1f66344f2f89470293d8b67d71308c07>:0 
  at System.Reflection.MethodBase.Invoke (System.Object obj, System.Object[] parameters) [0x00000] in <1f66344f2f89470293d8b67d71308c07>:0 
  at UnityEditor.EditorAssemblies.ProcessInitializeOnLoadMethodAttributes () [0x000a5] in <42a64fd733d9417da1ea3a757ad9a96d>:0 
UnityEngine.StackTraceUtility:ExtractStackTrace ()
UnityEngine.DebugLogHandler:LogFormat (UnityEngine.LogType,UnityEngine.Object,string,object[])
UnityEngine.Logger:Log (UnityEngine.LogType,object)
UnityEngine.Debug:LogError (object)
UnityEditor.EditorAssemblies:ProcessInitializeOnLoadMethodAttributes ()

Mono: successfully reloaded assembly
- Completed reload, in  1.367 seconds
Domain Reload Profiling:
	ReloadAssembly (1367ms)
		BeginReloadAssembly (136ms)
			ExecutionOrderSort (0ms)
			DisableScriptedObjects (7ms)
			BackupInstance (0ms)
			ReleaseScriptingObjects (0ms)
			CreateAndSetChildDomain (46ms)
		EndReloadAssembly (1139ms)
			LoadAssemblies (80ms)
			RebuildTransferFunctionScriptingTraits (0ms)
			SetupTypeCache (333ms)
			ReleaseScriptCaches (3ms)
			RebuildScriptCaches (62ms)
			SetupLoadedEditorAssemblies (542ms)
				LogAssemblyErrors (0ms)
				InitializePlatformSupportModulesInManaged (12ms)
				SetLoadedEditorAssemblies (1ms)
				RefreshPlugins (2ms)
				BeforeProcessingInitializeOnLoad (127ms)
				ProcessInitializeOnLoadAttributes (268ms)
				ProcessInitializeOnLoadMethodAttributes (125ms)
				AfterProcessingInitializeOnLoad (7ms)
				EditorAssembliesLoaded (0ms)
			ExecutionOrderSort2 (0ms)
			AwakeInstancesAfterBackupRestoration (28ms)
Platform modules already initialized, skipping
Refreshing native plugins compatible for Editor in 2.88 ms, found 3 plugins.
Preloading 0 native plugins for Editor in 0.00 ms.
Unloading 4846 Unused Serialized files (Serialized files now loaded: 0)
Unloading 78 unused Assets / (13.4 MB). Loaded Objects now: 5551.
Memory consumption went from 240.0 MB to 226.6 MB.
Total: 10.482700 ms (FindLiveObjects: 0.461500 ms CreateObjectMapping: 0.446300 ms MarkObjects: 3.090900 ms  DeleteObjects: 6.482400 ms)

AssetImportParameters requested are different than current active one (requested -> active):
  custom:video-decoder-ogg-theora: a1e56fd34408186e4bbccfd4996cb3dc -> 
  custom:container-muxer-webm: aa71ff27fc2769a1b78a27578f13a17b -> 
  custom:container-demuxer-webm: 4f35f7cbe854078d1ac9338744f61a02 -> 
  custom:video-encoder-webm-vp8: eb34c28f22e8b96e1ab97ce403110664 -> 
  custom:audio-encoder-webm-vorbis: bf7c407c2cedff20999df2af8eb42d56 -> 
  custom:framework-win-MediaFoundation: 216162199b28c13a410421893ffa2e32 -> 
  custom:container-demuxer-ogg: 62fdf1f143b41e24485cea50d1cbac27 -> 
  custom:video-decoder-webm-vp8: 9c59270c3fd7afecdb556c50c9e8de78 -> 
  custom:audio-decoder-ogg-vorbis: bf7c407c2cedff20999df2af8eb42d56 -> 
Editor requested this worker to shutdown with reason: Scaling down because of idle timeout
AssetImportWorker is now disconnected from the server
Process exiting
Exiting without the bug reporter. Application will terminate with return code 0