Using pre-set license
Built from '2021.3/staging' branch; Version is '2021.3.18f1 (3129e69bc0c7) revision 3221990'; Using compiler version '192829333'; Build Type 'Release'
OS: 'Windows 11  (10.0.22621) 64bit Professional' Language: 'ja' Physical Memory: 16205 MB
BatchMode: 1, IsHumanControllingUs: 0, StartBugReporterOnCrash: 0, Is64bit: 1, IsPro: 1

COMMAND LINE ARGUMENTS:
C:\Program Files\Unity\Hub\Editor\2021.3.18f1\Editor\Unity.exe
-adb2
-batchMode
-noUpm
-name
AssetImportWorker8
-projectPath
C:/DoraFesMainProject/DoraFes
-logFile
Logs/AssetImportWorker8.log
-srvPort
56692
Successfully changed project path to: C:/DoraFesMainProject/DoraFes
C:/DoraFesMainProject/DoraFes
[UnityMemory] Configuration Parameters - Can be set up in boot.config
    "memorysetup-bucket-allocator-granularity=16"
    "memorysetup-bucket-allocator-bucket-count=8"
    "memorysetup-bucket-allocator-block-size=33554432"
    "memorysetup-bucket-allocator-block-count=8"
    "memorysetup-main-allocator-block-size=16777216"
    "memorysetup-thread-allocator-block-size=16777216"
    "memorysetup-gfx-main-allocator-block-size=16777216"
    "memorysetup-gfx-thread-allocator-block-size=16777216"
    "memorysetup-cache-allocator-block-size=4194304"
    "memorysetup-typetree-allocator-block-size=2097152"
    "memorysetup-profiler-bucket-allocator-granularity=16"
    "memorysetup-profiler-bucket-allocator-bucket-count=8"
    "memorysetup-profiler-bucket-allocator-block-size=33554432"
    "memorysetup-profiler-bucket-allocator-block-count=8"
    "memorysetup-profiler-allocator-block-size=16777216"
    "memorysetup-profiler-editor-allocator-block-size=1048576"
    "memorysetup-temp-allocator-size-main=16777216"
    "memorysetup-job-temp-allocator-block-size=2097152"
    "memorysetup-job-temp-allocator-block-size-background=1048576"
    "memorysetup-job-temp-allocator-reduction-small-platforms=262144"
    "memorysetup-temp-allocator-size-background-worker=32768"
    "memorysetup-temp-allocator-size-job-worker=262144"
    "memorysetup-temp-allocator-size-preload-manager=33554432"
    "memorysetup-temp-allocator-size-nav-mesh-worker=65536"
    "memorysetup-temp-allocator-size-audio-worker=65536"
    "memorysetup-temp-allocator-size-cloud-worker=32768"
    "memorysetup-temp-allocator-size-gi-baking-worker=262144"
    "memorysetup-temp-allocator-size-gfx=262144"
Player connection [1844] Host "[IP] 192.168.179.45 [Port] 0 [Flags] 2 [Guid] 1364783885 [EditorId] 1364783885 [Version] 1048832 [Id] WindowsEditor(7,win10ohs10598) [Debug] 1 [PackageName] WindowsEditor [ProjectName] Editor" joined multi-casting on [225.0.0.222:54997]...

Player connection [1844] Host "[IP] 192.168.179.45 [Port] 0 [Flags] 2 [Guid] 1364783885 [EditorId] 1364783885 [Version] 1048832 [Id] WindowsEditor(7,win10ohs10598) [Debug] 1 [PackageName] WindowsEditor [ProjectName] Editor" joined alternative multi-casting on [225.0.0.222:34997]...

Refreshing native plugins compatible for Editor in 139.24 ms, found 3 plugins.
Preloading 0 native plugins for Editor in 0.00 ms.
Initialize engine version: 2021.3.18f1 (3129e69bc0c7)
[Subsystems] Discovering subsystems at path C:/Program Files/Unity/Hub/Editor/2021.3.18f1/Editor/Data/Resources/UnitySubsystems
[Subsystems] Discovering subsystems at path C:/DoraFesMainProject/DoraFes/Assets
GfxDevice: creating device client; threaded=0; jobified=0
Direct3D:
    Version:  Direct3D 11.0 [level 11.1]
    Renderer: NVIDIA GeForce GTX 1650 Ti with Max-Q Design (ID=0x1f95)
    Vendor:   NVIDIA
    VRAM:     3962 MB
    Driver:   27.21.14.6221
Initialize mono
Mono path[0] = 'C:/Program Files/Unity/Hub/Editor/2021.3.18f1/Editor/Data/Managed'
Mono path[1] = 'C:/Program Files/Unity/Hub/Editor/2021.3.18f1/Editor/Data/MonoBleedingEdge/lib/mono/unityjit-win32'
Mono config path = 'C:/Program Files/Unity/Hub/Editor/2021.3.18f1/Editor/Data/MonoBleedingEdge/etc'
Using monoOptions --debugger-agent=transport=dt_socket,embedding=1,server=y,suspend=n,address=127.0.0.1:56232
Begin MonoManager ReloadAssembly
Registering precompiled unity dll's ...
Register platform support module: C:/Program Files/Unity/Hub/Editor/2021.3.18f1/Editor/Data/PlaybackEngines/AndroidPlayer/UnityEditor.Android.Extensions.dll
Register platform support module: C:/Program Files/Unity/Hub/Editor/2021.3.18f1/Editor/Data/PlaybackEngines/iOSSupport/UnityEditor.iOS.Extensions.dll
Register platform support module: C:/Program Files/Unity/Hub/Editor/2021.3.18f1/Editor/Data/PlaybackEngines/WindowsStandaloneSupport/UnityEditor.WindowsStandalone.Extensions.dll
Registered in 0.004863 seconds.
Native extension for WindowsStandalone target not found
[usbmuxd] Start listen thread
[usbmuxd] Listen thread started
[usbmuxd] Send listen message
Native extension for iOS target not found
Native extension for Android target not found
Android Extension - Scanning For ADB Devices 225 ms
Refreshing native plugins compatible for Editor in 108.40 ms, found 3 plugins.
Preloading 0 native plugins for Editor in 0.00 ms.
Mono: successfully reloaded assembly
- Completed reload, in  0.854 seconds
Domain Reload Profiling:
	ReloadAssembly (855ms)
		BeginReloadAssembly (64ms)
			ExecutionOrderSort (0ms)
			DisableScriptedObjects (0ms)
			BackupInstance (0ms)
			ReleaseScriptingObjects (0ms)
			CreateAndSetChildDomain (1ms)
		EndReloadAssembly (691ms)
			LoadAssemblies (63ms)
			RebuildTransferFunctionScriptingTraits (0ms)
			SetupTypeCache (101ms)
			ReleaseScriptCaches (0ms)
			RebuildScriptCaches (27ms)
			SetupLoadedEditorAssemblies (517ms)
				LogAssemblyErrors (0ms)
				InitializePlatformSupportModulesInManaged (290ms)
				SetLoadedEditorAssemblies (0ms)
				RefreshPlugins (108ms)
				BeforeProcessingInitializeOnLoad (1ms)
				ProcessInitializeOnLoadAttributes (81ms)
				ProcessInitializeOnLoadMethodAttributes (37ms)
				AfterProcessingInitializeOnLoad (0ms)
				EditorAssembliesLoaded (0ms)
			ExecutionOrderSort2 (0ms)
			AwakeInstancesAfterBackupRestoration (0ms)
Platform modules already initialized, skipping
Registering precompiled user dll's ...
Registered in 0.005773 seconds.
Begin MonoManager ReloadAssembly
Symbol file LoadedFromMemory doesn't match image C:\DoraFesMainProject\DoraFes\Library\PackageCache\com.unity.visualscripting@1.8.0\Editor\VisualScripting.Core\Dependencies\YamlDotNet\Unity.VisualScripting.YamlDotNet.dll
Symbol file LoadedFromMemory doesn't match image C:\DoraFesMainProject\DoraFes\Library\PackageCache\com.unity.visualscripting@1.8.0\Editor\VisualScripting.Core\Dependencies\DotNetZip\Unity.VisualScripting.IonicZip.dll
Native extension for WindowsStandalone target not found
Native extension for iOS target not found
Native extension for Android target not found
Refreshing native plugins compatible for Editor in 108.81 ms, found 3 plugins.
Preloading 0 native plugins for Editor in 0.00 ms.
Mono: successfully reloaded assembly
- Completed reload, in  1.338 seconds
Domain Reload Profiling:
	ReloadAssembly (1339ms)
		BeginReloadAssembly (109ms)
			ExecutionOrderSort (0ms)
			DisableScriptedObjects (5ms)
			BackupInstance (0ms)
			ReleaseScriptingObjects (0ms)
			CreateAndSetChildDomain (19ms)
		EndReloadAssembly (1105ms)
			LoadAssemblies (93ms)
			RebuildTransferFunctionScriptingTraits (0ms)
			SetupTypeCache (273ms)
			ReleaseScriptCaches (1ms)
			RebuildScriptCaches (59ms)
			SetupLoadedEditorAssemblies (646ms)
				LogAssemblyErrors (0ms)
				InitializePlatformSupportModulesInManaged (21ms)
				SetLoadedEditorAssemblies (0ms)
				RefreshPlugins (109ms)
				BeforeProcessingInitializeOnLoad (120ms)
				ProcessInitializeOnLoadAttributes (268ms)
				ProcessInitializeOnLoadMethodAttributes (122ms)
				AfterProcessingInitializeOnLoad (6ms)
				EditorAssembliesLoaded (0ms)
			ExecutionOrderSort2 (0ms)
			AwakeInstancesAfterBackupRestoration (5ms)
Platform modules already initialized, skipping
========================================================================
Worker process is ready to serve import requests
Launched and connected shader compiler UnityShaderCompiler.exe after 0.04 seconds
Refreshing native plugins compatible for Editor in 1.02 ms, found 3 plugins.
Preloading 0 native plugins for Editor in 0.00 ms.
Unloading 5037 Unused Serialized files (Serialized files now loaded: 0)
Unloading 86 unused Assets / (13.4 MB). Loaded Objects now: 5459.
Memory consumption went from 317.0 MB to 303.6 MB.
Total: 10.383500 ms (FindLiveObjects: 0.453700 ms CreateObjectMapping: 0.484000 ms MarkObjects: 4.001700 ms  DeleteObjects: 5.443100 ms)

AssetImportParameters requested are different than current active one (requested -> active):
  custom:video-decoder-ogg-theora: a1e56fd34408186e4bbccfd4996cb3dc -> 
  custom:container-muxer-webm: aa71ff27fc2769a1b78a27578f13a17b -> 
  custom:container-demuxer-webm: 4f35f7cbe854078d1ac9338744f61a02 -> 
  custom:video-encoder-webm-vp8: eb34c28f22e8b96e1ab97ce403110664 -> 
  custom:audio-encoder-webm-vorbis: bf7c407c2cedff20999df2af8eb42d56 -> 
  custom:framework-win-MediaFoundation: 216162199b28c13a410421893ffa2e32 -> 
  custom:container-demuxer-ogg: 62fdf1f143b41e24485cea50d1cbac27 -> 
  custom:video-decoder-webm-vp8: 9c59270c3fd7afecdb556c50c9e8de78 -> 
  custom:audio-decoder-ogg-vorbis: bf7c407c2cedff20999df2af8eb42d56 -> 
========================================================================
Received Import Request.
  Time since last request: 234609.402104 seconds.
  path: Assets/traffic.fbx
  artifactKey: Guid(f02418f7ef1b01542ae26e3406b6da24) Importer(815301076,1909f56bfc062723c751e8b465ee728b)
Start importing Assets/traffic.fbx using Guid(f02418f7ef1b01542ae26e3406b6da24) Importer(815301076,1909f56bfc062723c751e8b465ee728b)  -> (artifact id: 'ee72c90d12d778381d26889fac313ca8') in 0.360237 seconds 
========================================================================
Received Import Request.
  Time since last request: 3.121774 seconds.
  path: Assets/Street_Light.fbx
  artifactKey: Guid(e3556ae06107bdd4fae87338c14878c0) Importer(815301076,1909f56bfc062723c751e8b465ee728b)
Start importing Assets/Street_Light.fbx using Guid(e3556ae06107bdd4fae87338c14878c0) Importer(815301076,1909f56bfc062723c751e8b465ee728b)  -> (artifact id: '149e16b6cd6539a1a22a96b65bb2cc98') in 0.030137 seconds 
========================================================================
Received Prepare
Registering precompiled user dll's ...
Registered in 0.005525 seconds.
Begin MonoManager ReloadAssembly
Symbol file LoadedFromMemory doesn't match image C:\DoraFesMainProject\DoraFes\Library\PackageCache\com.unity.visualscripting@1.8.0\Editor\VisualScripting.Core\Dependencies\YamlDotNet\Unity.VisualScripting.YamlDotNet.dll
Symbol file LoadedFromMemory doesn't match image C:\DoraFesMainProject\DoraFes\Library\PackageCache\com.unity.visualscripting@1.8.0\Editor\VisualScripting.Core\Dependencies\DotNetZip\Unity.VisualScripting.IonicZip.dll
Native extension for WindowsStandalone target not found
Native extension for iOS target not found
Native extension for Android target not found
Refreshing native plugins compatible for Editor in 1.49 ms, found 3 plugins.
Preloading 0 native plugins for Editor in 0.00 ms.
Mono: successfully reloaded assembly
- Completed reload, in  1.171 seconds
Domain Reload Profiling:
	ReloadAssembly (1172ms)
		BeginReloadAssembly (125ms)
			ExecutionOrderSort (0ms)
			DisableScriptedObjects (7ms)
			BackupInstance (0ms)
			ReleaseScriptingObjects (0ms)
			CreateAndSetChildDomain (41ms)
		EndReloadAssembly (941ms)
			LoadAssemblies (74ms)
			RebuildTransferFunctionScriptingTraits (0ms)
			SetupTypeCache (258ms)
			ReleaseScriptCaches (2ms)
			RebuildScriptCaches (39ms)
			SetupLoadedEditorAssemblies (482ms)
				LogAssemblyErrors (0ms)
				InitializePlatformSupportModulesInManaged (36ms)
				SetLoadedEditorAssemblies (1ms)
				RefreshPlugins (2ms)
				BeforeProcessingInitializeOnLoad (115ms)
				ProcessInitializeOnLoadAttributes (224ms)
				ProcessInitializeOnLoadMethodAttributes (96ms)
				AfterProcessingInitializeOnLoad (7ms)
				EditorAssembliesLoaded (0ms)
			ExecutionOrderSort2 (0ms)
			AwakeInstancesAfterBackupRestoration (25ms)
Platform modules already initialized, skipping
Refreshing native plugins compatible for Editor in 4.71 ms, found 3 plugins.
Preloading 0 native plugins for Editor in 0.00 ms.
Unloading 4855 Unused Serialized files (Serialized files now loaded: 0)
Unloading 78 unused Assets / (13.4 MB). Loaded Objects now: 5560.
Memory consumption went from 310.6 MB to 297.3 MB.
Total: 14.583900 ms (FindLiveObjects: 0.638800 ms CreateObjectMapping: 0.768900 ms MarkObjects: 4.136600 ms  DeleteObjects: 9.037900 ms)

AssetImportParameters requested are different than current active one (requested -> active):
  custom:video-decoder-ogg-theora: a1e56fd34408186e4bbccfd4996cb3dc -> 
  custom:container-muxer-webm: aa71ff27fc2769a1b78a27578f13a17b -> 
  custom:container-demuxer-webm: 4f35f7cbe854078d1ac9338744f61a02 -> 
  custom:video-encoder-webm-vp8: eb34c28f22e8b96e1ab97ce403110664 -> 
  custom:audio-encoder-webm-vorbis: bf7c407c2cedff20999df2af8eb42d56 -> 
  custom:framework-win-MediaFoundation: 216162199b28c13a410421893ffa2e32 -> 
  custom:container-demuxer-ogg: 62fdf1f143b41e24485cea50d1cbac27 -> 
  custom:video-decoder-webm-vp8: 9c59270c3fd7afecdb556c50c9e8de78 -> 
  custom:audio-decoder-ogg-vorbis: bf7c407c2cedff20999df2af8eb42d56 -> 
========================================================================
Received Prepare
Registering precompiled user dll's ...
Registered in 0.005665 seconds.
Begin MonoManager ReloadAssembly
Symbol file LoadedFromMemory doesn't match image C:\DoraFesMainProject\DoraFes\Library\PackageCache\com.unity.visualscripting@1.8.0\Editor\VisualScripting.Core\Dependencies\YamlDotNet\Unity.VisualScripting.YamlDotNet.dll
Symbol file LoadedFromMemory doesn't match image C:\DoraFesMainProject\DoraFes\Library\PackageCache\com.unity.visualscripting@1.8.0\Editor\VisualScripting.Core\Dependencies\DotNetZip\Unity.VisualScripting.IonicZip.dll
Native extension for WindowsStandalone target not found
Native extension for iOS target not found
Native extension for Android target not found
Refreshing native plugins compatible for Editor in 0.89 ms, found 3 plugins.
Preloading 0 native plugins for Editor in 0.00 ms.
Mono: successfully reloaded assembly
- Completed reload, in  1.132 seconds
Domain Reload Profiling:
	ReloadAssembly (1133ms)
		BeginReloadAssembly (123ms)
			ExecutionOrderSort (0ms)
			DisableScriptedObjects (5ms)
			BackupInstance (0ms)
			ReleaseScriptingObjects (0ms)
			CreateAndSetChildDomain (39ms)
		EndReloadAssembly (916ms)
			LoadAssemblies (81ms)
			RebuildTransferFunctionScriptingTraits (0ms)
			SetupTypeCache (249ms)
			ReleaseScriptCaches (2ms)
			RebuildScriptCaches (41ms)
			SetupLoadedEditorAssemblies (457ms)
				LogAssemblyErrors (0ms)
				InitializePlatformSupportModulesInManaged (33ms)
				SetLoadedEditorAssemblies (0ms)
				RefreshPlugins (1ms)
				BeforeProcessingInitializeOnLoad (104ms)
				ProcessInitializeOnLoadAttributes (218ms)
				ProcessInitializeOnLoadMethodAttributes (94ms)
				AfterProcessingInitializeOnLoad (6ms)
				EditorAssembliesLoaded (0ms)
			ExecutionOrderSort2 (0ms)
			AwakeInstancesAfterBackupRestoration (18ms)
Platform modules already initialized, skipping
Refreshing native plugins compatible for Editor in 3.27 ms, found 3 plugins.
Preloading 0 native plugins for Editor in 0.00 ms.
Unloading 4856 Unused Serialized files (Serialized files now loaded: 0)
Unloading 78 unused Assets / (13.4 MB). Loaded Objects now: 5563.
Memory consumption went from 310.8 MB to 297.3 MB.
Total: 17.029400 ms (FindLiveObjects: 1.081100 ms CreateObjectMapping: 1.282100 ms MarkObjects: 4.687100 ms  DeleteObjects: 9.976200 ms)

AssetImportParameters requested are different than current active one (requested -> active):
  custom:video-decoder-ogg-theora: a1e56fd34408186e4bbccfd4996cb3dc -> 
  custom:container-muxer-webm: aa71ff27fc2769a1b78a27578f13a17b -> 
  custom:container-demuxer-webm: 4f35f7cbe854078d1ac9338744f61a02 -> 
  custom:video-encoder-webm-vp8: eb34c28f22e8b96e1ab97ce403110664 -> 
  custom:audio-encoder-webm-vorbis: bf7c407c2cedff20999df2af8eb42d56 -> 
  custom:framework-win-MediaFoundation: 216162199b28c13a410421893ffa2e32 -> 
  custom:container-demuxer-ogg: 62fdf1f143b41e24485cea50d1cbac27 -> 
  custom:video-decoder-webm-vp8: 9c59270c3fd7afecdb556c50c9e8de78 -> 
  custom:audio-decoder-ogg-vorbis: bf7c407c2cedff20999df2af8eb42d56 -> 
========================================================================
Received Prepare
Registering precompiled user dll's ...
Registered in 0.007829 seconds.
Begin MonoManager ReloadAssembly
Symbol file LoadedFromMemory doesn't match image C:\DoraFesMainProject\DoraFes\Library\PackageCache\com.unity.visualscripting@1.8.0\Editor\VisualScripting.Core\Dependencies\YamlDotNet\Unity.VisualScripting.YamlDotNet.dll
Symbol file LoadedFromMemory doesn't match image C:\DoraFesMainProject\DoraFes\Library\PackageCache\com.unity.visualscripting@1.8.0\Editor\VisualScripting.Core\Dependencies\DotNetZip\Unity.VisualScripting.IonicZip.dll
Native extension for WindowsStandalone target not found
Native extension for iOS target not found
Native extension for Android target not found
Refreshing native plugins compatible for Editor in 1.52 ms, found 3 plugins.
Preloading 0 native plugins for Editor in 0.00 ms.
Mono: successfully reloaded assembly
- Completed reload, in  1.140 seconds
Domain Reload Profiling:
	ReloadAssembly (1141ms)
		BeginReloadAssembly (117ms)
			ExecutionOrderSort (0ms)
			DisableScriptedObjects (5ms)
			BackupInstance (0ms)
			ReleaseScriptingObjects (0ms)
			CreateAndSetChildDomain (36ms)
		EndReloadAssembly (933ms)
			LoadAssemblies (76ms)
			RebuildTransferFunctionScriptingTraits (0ms)
			SetupTypeCache (264ms)
			ReleaseScriptCaches (2ms)
			RebuildScriptCaches (40ms)
			SetupLoadedEditorAssemblies (457ms)
				LogAssemblyErrors (0ms)
				InitializePlatformSupportModulesInManaged (35ms)
				SetLoadedEditorAssemblies (1ms)
				RefreshPlugins (2ms)
				BeforeProcessingInitializeOnLoad (106ms)
				ProcessInitializeOnLoadAttributes (213ms)
				ProcessInitializeOnLoadMethodAttributes (94ms)
				AfterProcessingInitializeOnLoad (6ms)
				EditorAssembliesLoaded (0ms)
			ExecutionOrderSort2 (0ms)
			AwakeInstancesAfterBackupRestoration (22ms)
Platform modules already initialized, skipping
Refreshing native plugins compatible for Editor in 4.15 ms, found 3 plugins.
Preloading 0 native plugins for Editor in 0.00 ms.
Unloading 4856 Unused Serialized files (Serialized files now loaded: 0)
Unloading 78 unused Assets / (13.4 MB). Loaded Objects now: 5566.
Memory consumption went from 310.8 MB to 297.4 MB.
Total: 16.427000 ms (FindLiveObjects: 0.599200 ms CreateObjectMapping: 0.581400 ms MarkObjects: 4.219200 ms  DeleteObjects: 11.025300 ms)

AssetImportParameters requested are different than current active one (requested -> active):
  custom:video-decoder-ogg-theora: a1e56fd34408186e4bbccfd4996cb3dc -> 
  custom:container-muxer-webm: aa71ff27fc2769a1b78a27578f13a17b -> 
  custom:container-demuxer-webm: 4f35f7cbe854078d1ac9338744f61a02 -> 
  custom:video-encoder-webm-vp8: eb34c28f22e8b96e1ab97ce403110664 -> 
  custom:audio-encoder-webm-vorbis: bf7c407c2cedff20999df2af8eb42d56 -> 
  custom:framework-win-MediaFoundation: 216162199b28c13a410421893ffa2e32 -> 
  custom:container-demuxer-ogg: 62fdf1f143b41e24485cea50d1cbac27 -> 
  custom:video-decoder-webm-vp8: 9c59270c3fd7afecdb556c50c9e8de78 -> 
  custom:audio-decoder-ogg-vorbis: bf7c407c2cedff20999df2af8eb42d56 -> 
========================================================================
Received Prepare
Registering precompiled user dll's ...
Registered in 0.006347 seconds.
Begin MonoManager ReloadAssembly
Symbol file LoadedFromMemory doesn't match image C:\DoraFesMainProject\DoraFes\Library\PackageCache\com.unity.visualscripting@1.8.0\Editor\VisualScripting.Core\Dependencies\YamlDotNet\Unity.VisualScripting.YamlDotNet.dll
Symbol file LoadedFromMemory doesn't match image C:\DoraFesMainProject\DoraFes\Library\PackageCache\com.unity.visualscripting@1.8.0\Editor\VisualScripting.Core\Dependencies\DotNetZip\Unity.VisualScripting.IonicZip.dll
Native extension for WindowsStandalone target not found
Native extension for iOS target not found
Native extension for Android target not found
Refreshing native plugins compatible for Editor in 2.25 ms, found 3 plugins.
Preloading 0 native plugins for Editor in 0.00 ms.
Mono: successfully reloaded assembly
- Completed reload, in  1.152 seconds
Domain Reload Profiling:
	ReloadAssembly (1153ms)
		BeginReloadAssembly (114ms)
			ExecutionOrderSort (0ms)
			DisableScriptedObjects (5ms)
			BackupInstance (0ms)
			ReleaseScriptingObjects (0ms)
			CreateAndSetChildDomain (35ms)
		EndReloadAssembly (941ms)
			LoadAssemblies (79ms)
			RebuildTransferFunctionScriptingTraits (0ms)
			SetupTypeCache (268ms)
			ReleaseScriptCaches (2ms)
			RebuildScriptCaches (41ms)
			SetupLoadedEditorAssemblies (458ms)
				LogAssemblyErrors (0ms)
				InitializePlatformSupportModulesInManaged (38ms)
				SetLoadedEditorAssemblies (1ms)
				RefreshPlugins (2ms)
				BeforeProcessingInitializeOnLoad (103ms)
				ProcessInitializeOnLoadAttributes (215ms)
				ProcessInitializeOnLoadMethodAttributes (92ms)
				AfterProcessingInitializeOnLoad (7ms)
				EditorAssembliesLoaded (0ms)
			ExecutionOrderSort2 (0ms)
			AwakeInstancesAfterBackupRestoration (19ms)
Platform modules already initialized, skipping
Refreshing native plugins compatible for Editor in 4.01 ms, found 3 plugins.
Preloading 0 native plugins for Editor in 0.00 ms.
Unloading 4856 Unused Serialized files (Serialized files now loaded: 0)
Unloading 78 unused Assets / (13.3 MB). Loaded Objects now: 5569.
Memory consumption went from 310.7 MB to 297.4 MB.
Total: 18.754300 ms (FindLiveObjects: 0.721600 ms CreateObjectMapping: 0.864700 ms MarkObjects: 5.033400 ms  DeleteObjects: 12.133200 ms)

AssetImportParameters requested are different than current active one (requested -> active):
  custom:video-decoder-ogg-theora: a1e56fd34408186e4bbccfd4996cb3dc -> 
  custom:container-muxer-webm: aa71ff27fc2769a1b78a27578f13a17b -> 
  custom:container-demuxer-webm: 4f35f7cbe854078d1ac9338744f61a02 -> 
  custom:video-encoder-webm-vp8: eb34c28f22e8b96e1ab97ce403110664 -> 
  custom:audio-encoder-webm-vorbis: bf7c407c2cedff20999df2af8eb42d56 -> 
  custom:framework-win-MediaFoundation: 216162199b28c13a410421893ffa2e32 -> 
  custom:container-demuxer-ogg: 62fdf1f143b41e24485cea50d1cbac27 -> 
  custom:video-decoder-webm-vp8: 9c59270c3fd7afecdb556c50c9e8de78 -> 
  custom:audio-decoder-ogg-vorbis: bf7c407c2cedff20999df2af8eb42d56 -> 
========================================================================
Received Prepare
Registering precompiled user dll's ...
Registered in 0.008351 seconds.
Begin MonoManager ReloadAssembly
Symbol file LoadedFromMemory doesn't match image C:\DoraFesMainProject\DoraFes\Library\PackageCache\com.unity.visualscripting@1.8.0\Editor\VisualScripting.Core\Dependencies\YamlDotNet\Unity.VisualScripting.YamlDotNet.dll
Symbol file LoadedFromMemory doesn't match image C:\DoraFesMainProject\DoraFes\Library\PackageCache\com.unity.visualscripting@1.8.0\Editor\VisualScripting.Core\Dependencies\DotNetZip\Unity.VisualScripting.IonicZip.dll
Native extension for WindowsStandalone target not found
Native extension for iOS target not found
Native extension for Android target not found
Refreshing native plugins compatible for Editor in 0.97 ms, found 3 plugins.
Preloading 0 native plugins for Editor in 0.00 ms.
Mono: successfully reloaded assembly
- Completed reload, in  1.142 seconds
Domain Reload Profiling:
	ReloadAssembly (1142ms)
		BeginReloadAssembly (119ms)
			ExecutionOrderSort (0ms)
			DisableScriptedObjects (5ms)
			BackupInstance (0ms)
			ReleaseScriptingObjects (0ms)
			CreateAndSetChildDomain (37ms)
		EndReloadAssembly (926ms)
			LoadAssemblies (80ms)
			RebuildTransferFunctionScriptingTraits (0ms)
			SetupTypeCache (260ms)
			ReleaseScriptCaches (2ms)
			RebuildScriptCaches (41ms)
			SetupLoadedEditorAssemblies (453ms)
				LogAssemblyErrors (0ms)
				InitializePlatformSupportModulesInManaged (35ms)
				SetLoadedEditorAssemblies (0ms)
				RefreshPlugins (1ms)
				BeforeProcessingInitializeOnLoad (108ms)
				ProcessInitializeOnLoadAttributes (212ms)
				ProcessInitializeOnLoadMethodAttributes (91ms)
				AfterProcessingInitializeOnLoad (6ms)
				EditorAssembliesLoaded (0ms)
			ExecutionOrderSort2 (0ms)
			AwakeInstancesAfterBackupRestoration (18ms)
Platform modules already initialized, skipping
Refreshing native plugins compatible for Editor in 5.25 ms, found 3 plugins.
Preloading 0 native plugins for Editor in 0.00 ms.
Unloading 4856 Unused Serialized files (Serialized files now loaded: 0)
Unloading 78 unused Assets / (13.3 MB). Loaded Objects now: 5572.
Memory consumption went from 310.5 MB to 297.2 MB.
Total: 18.179900 ms (FindLiveObjects: 0.778700 ms CreateObjectMapping: 0.752300 ms MarkObjects: 4.021900 ms  DeleteObjects: 12.624800 ms)

AssetImportParameters requested are different than current active one (requested -> active):
  custom:video-decoder-ogg-theora: a1e56fd34408186e4bbccfd4996cb3dc -> 
  custom:container-muxer-webm: aa71ff27fc2769a1b78a27578f13a17b -> 
  custom:container-demuxer-webm: 4f35f7cbe854078d1ac9338744f61a02 -> 
  custom:video-encoder-webm-vp8: eb34c28f22e8b96e1ab97ce403110664 -> 
  custom:audio-encoder-webm-vorbis: bf7c407c2cedff20999df2af8eb42d56 -> 
  custom:framework-win-MediaFoundation: 216162199b28c13a410421893ffa2e32 -> 
  custom:container-demuxer-ogg: 62fdf1f143b41e24485cea50d1cbac27 -> 
  custom:video-decoder-webm-vp8: 9c59270c3fd7afecdb556c50c9e8de78 -> 
  custom:audio-decoder-ogg-vorbis: bf7c407c2cedff20999df2af8eb42d56 -> 
========================================================================
Received Import Request.
  Time since last request: 6953.192224 seconds.
  path: Assets/Decorations
  artifactKey: Guid(620f2b7c210b690408dc45cac91033d6) Importer(815301076,1909f56bfc062723c751e8b465ee728b)
Start importing Assets/Decorations using Guid(620f2b7c210b690408dc45cac91033d6) Importer(815301076,1909f56bfc062723c751e8b465ee728b)  -> (artifact id: '24eec7860a2dd50ac71d69a7cbbf3e4c') in 0.016648 seconds 
========================================================================
Received Import Request.
  Time since last request: 0.062081 seconds.
  path: Assets/Decorations/bench_1_v_1.fbx
  artifactKey: Guid(0765c890073ff194f939b8df69c96520) Importer(815301076,1909f56bfc062723c751e8b465ee728b)
Start importing Assets/Decorations/bench_1_v_1.fbx using Guid(0765c890073ff194f939b8df69c96520) Importer(815301076,1909f56bfc062723c751e8b465ee728b)  -> (artifact id: '17338521e0552727b8c926c86bb9697b') in 0.348050 seconds 
========================================================================
Received Import Request.
  Time since last request: 0.000032 seconds.
  path: Assets/Decorations/car_blue.fbx
  artifactKey: Guid(98b8e61a42070a540a048a44e550f812) Importer(815301076,1909f56bfc062723c751e8b465ee728b)
Start importing Assets/Decorations/car_blue.fbx using Guid(98b8e61a42070a540a048a44e550f812) Importer(815301076,1909f56bfc062723c751e8b465ee728b)  -> (artifact id: 'f5cefec9a84490043108808a056f2bc0') in 0.044483 seconds 
========================================================================
Received Import Request.
  Time since last request: 0.000034 seconds.
  path: Assets/Decorations/road_v_3.fbx
  artifactKey: Guid(0cb0dc0a38702cb499cce153d520c3f5) Importer(815301076,1909f56bfc062723c751e8b465ee728b)
Start importing Assets/Decorations/road_v_3.fbx using Guid(0cb0dc0a38702cb499cce153d520c3f5) Importer(815301076,1909f56bfc062723c751e8b465ee728b)  -> (artifact id: '7d189dab31a5bbdbd56851d976cea411') in 0.057153 seconds 
========================================================================
Received Import Request.
  Time since last request: 0.000022 seconds.
  path: Assets/Decorations/car_green.fbx
  artifactKey: Guid(d5b6d350b0446fd4bb81980150a0507e) Importer(815301076,1909f56bfc062723c751e8b465ee728b)
Start importing Assets/Decorations/car_green.fbx using Guid(d5b6d350b0446fd4bb81980150a0507e) Importer(815301076,1909f56bfc062723c751e8b465ee728b)  -> (artifact id: '3009e9e44b92656533a504e188568763') in 0.025554 seconds 
========================================================================
Received Import Request.
  Time since last request: 0.000032 seconds.
  path: Assets/Decorations/car_red.fbx
  artifactKey: Guid(39d371fa45fd6c146bb29d40fb1a764f) Importer(815301076,1909f56bfc062723c751e8b465ee728b)
Start importing Assets/Decorations/car_red.fbx using Guid(39d371fa45fd6c146bb29d40fb1a764f) Importer(815301076,1909f56bfc062723c751e8b465ee728b)  -> (artifact id: '173813e02714d675d0ec2a71506d1be3') in 0.026944 seconds 
========================================================================
Received Import Request.
  Time since last request: 0.000027 seconds.
  path: Assets/Decorations/sign_1.004.fbx
  artifactKey: Guid(8b54eecba4ddca440adffcc154a19ab1) Importer(815301076,1909f56bfc062723c751e8b465ee728b)
Start importing Assets/Decorations/sign_1.004.fbx using Guid(8b54eecba4ddca440adffcc154a19ab1) Importer(815301076,1909f56bfc062723c751e8b465ee728b)  -> (artifact id: '58b03a1e929c0fce73569bdcee48b870') in 0.031637 seconds 
========================================================================
Received Import Request.
  Time since last request: 0.000027 seconds.
  path: Assets/Decorations/bench_2_v_1.fbx
  artifactKey: Guid(3e3850fd8012e494fae8f1ef444dc2e2) Importer(815301076,1909f56bfc062723c751e8b465ee728b)
Start importing Assets/Decorations/bench_2_v_1.fbx using Guid(3e3850fd8012e494fae8f1ef444dc2e2) Importer(815301076,1909f56bfc062723c751e8b465ee728b)  -> (artifact id: '00c69fa5263af6ad4e8882fa3253a125') in 0.029315 seconds 
========================================================================
Received Import Request.
  Time since last request: 0.000033 seconds.
  path: Assets/Decorations/sign_1.001.fbx
  artifactKey: Guid(0e5313c4b8d103e47a29f098e236d140) Importer(815301076,1909f56bfc062723c751e8b465ee728b)
Start importing Assets/Decorations/sign_1.001.fbx using Guid(0e5313c4b8d103e47a29f098e236d140) Importer(815301076,1909f56bfc062723c751e8b465ee728b)  -> (artifact id: '1751b9793a586c47efedad502c1c9c6e') in 0.036769 seconds 
========================================================================
Received Import Request.
  Time since last request: 0.000044 seconds.
  path: Assets/Decorations/road_v_2.fbx
  artifactKey: Guid(cb9a2a7a5af1c264f906dc5d6ef863c5) Importer(815301076,1909f56bfc062723c751e8b465ee728b)
Start importing Assets/Decorations/road_v_2.fbx using Guid(cb9a2a7a5af1c264f906dc5d6ef863c5) Importer(815301076,1909f56bfc062723c751e8b465ee728b)  -> (artifact id: '56720541733d52605dcf8732bb50486e') in 0.031810 seconds 
========================================================================
Received Import Request.
  Time since last request: 0.000029 seconds.
  path: Assets/Decorations/road_v_1.fbx
  artifactKey: Guid(e76f46822b86040409282562a85ce324) Importer(815301076,1909f56bfc062723c751e8b465ee728b)
Start importing Assets/Decorations/road_v_1.fbx using Guid(e76f46822b86040409282562a85ce324) Importer(815301076,1909f56bfc062723c751e8b465ee728b)  -> (artifact id: 'be90f3d85c434a0b496f08cd36d9c74a') in 0.037683 seconds 
========================================================================
Received Import Request.
  Time since last request: 0.000041 seconds.
  path: Assets/Decorations/tree_3.fbx
  artifactKey: Guid(d7c673489ae779f4981703d07a67fa6d) Importer(815301076,1909f56bfc062723c751e8b465ee728b)
Start importing Assets/Decorations/tree_3.fbx using Guid(d7c673489ae779f4981703d07a67fa6d) Importer(815301076,1909f56bfc062723c751e8b465ee728b)  -> (artifact id: '5dfa5544f363dfbff2921d7870576367') in 0.029613 seconds 
========================================================================
Received Import Request.
  Time since last request: 0.000025 seconds.
  path: Assets/Decorations/car_white.fbx
  artifactKey: Guid(4e0a22c1027c18f42bbe8ab97830e1c9) Importer(815301076,1909f56bfc062723c751e8b465ee728b)
Start importing Assets/Decorations/car_white.fbx using Guid(4e0a22c1027c18f42bbe8ab97830e1c9) Importer(815301076,1909f56bfc062723c751e8b465ee728b)  -> (artifact id: '064a295fd59b890de864a99d25606e64') in 0.030600 seconds 
========================================================================
Received Import Request.
  Time since last request: 0.000026 seconds.
  path: Assets/Decorations/fence_2.fbx
  artifactKey: Guid(c31d491304d6f444ab1c77751822a980) Importer(815301076,1909f56bfc062723c751e8b465ee728b)
Start importing Assets/Decorations/fence_2.fbx using Guid(c31d491304d6f444ab1c77751822a980) Importer(815301076,1909f56bfc062723c751e8b465ee728b)  -> (artifact id: '63604fbf401019c23ebac3704a4f6039') in 0.028877 seconds 
========================================================================
Received Import Request.
  Time since last request: 0.000082 seconds.
  path: Assets/Decorations/tree_2.fbx
  artifactKey: Guid(1f1d790200b479d44b71528a4d59cf95) Importer(815301076,1909f56bfc062723c751e8b465ee728b)
Start importing Assets/Decorations/tree_2.fbx using Guid(1f1d790200b479d44b71528a4d59cf95) Importer(815301076,1909f56bfc062723c751e8b465ee728b)  -> (artifact id: '5a7be6a5a6ad5b0a2ebe981b3c0aa7fe') in 0.024066 seconds 
========================================================================
Received Import Request.
  Time since last request: 0.000033 seconds.
  path: Assets/Decorations/road_stop.fbx
  artifactKey: Guid(bc014c26716b82a4dba4ae3c3bbf1d0b) Importer(815301076,1909f56bfc062723c751e8b465ee728b)
Start importing Assets/Decorations/road_stop.fbx using Guid(bc014c26716b82a4dba4ae3c3bbf1d0b) Importer(815301076,1909f56bfc062723c751e8b465ee728b)  -> (artifact id: 'f02bd2998cc546ae70b0cb8d375a199a') in 0.024138 seconds 
========================================================================
Received Import Request.
  Time since last request: 0.000037 seconds.
  path: Assets/Decorations/tree_6.fbx
  artifactKey: Guid(1c4a01c675c9bad4f866874a3de82730) Importer(815301076,1909f56bfc062723c751e8b465ee728b)
Start importing Assets/Decorations/tree_6.fbx using Guid(1c4a01c675c9bad4f866874a3de82730) Importer(815301076,1909f56bfc062723c751e8b465ee728b)  -> (artifact id: 'fae4772fda95b21c8aa1899e796ae26d') in 0.024687 seconds 
========================================================================
Received Import Request.
  Time since last request: 0.000034 seconds.
  path: Assets/Decorations/road_intersection_X.fbx
  artifactKey: Guid(9ece6282cbf2b43409be328c6433c4e4) Importer(815301076,1909f56bfc062723c751e8b465ee728b)
Start importing Assets/Decorations/road_intersection_X.fbx using Guid(9ece6282cbf2b43409be328c6433c4e4) Importer(815301076,1909f56bfc062723c751e8b465ee728b)  -> (artifact id: '2485cdd9b55904bf48c413f4aa4e4d2e') in 0.023340 seconds 
========================================================================
Received Import Request.
  Time since last request: 0.000024 seconds.
  path: Assets/Decorations/tree_1.fbx
  artifactKey: Guid(0001ef2c9558aba49a7eb3ef1ad3b64d) Importer(815301076,1909f56bfc062723c751e8b465ee728b)
Start importing Assets/Decorations/tree_1.fbx using Guid(0001ef2c9558aba49a7eb3ef1ad3b64d) Importer(815301076,1909f56bfc062723c751e8b465ee728b)  -> (artifact id: '665e6e3e621807d203692a1fc816f080') in 0.021424 seconds 
========================================================================
Received Import Request.
  Time since last request: 0.000028 seconds.
  path: Assets/Decorations/road_intersection_L.fbx
  artifactKey: Guid(4d8e62f5885b4c746ad9a100c401d90b) Importer(815301076,1909f56bfc062723c751e8b465ee728b)
Start importing Assets/Decorations/road_intersection_L.fbx using Guid(4d8e62f5885b4c746ad9a100c401d90b) Importer(815301076,1909f56bfc062723c751e8b465ee728b)  -> (artifact id: '788d92909017429813cb7046e61daab2') in 0.025080 seconds 
========================================================================
Received Import Request.
  Time since last request: 2.615341 seconds.
  path: Assets/Decorations/Materials
  artifactKey: Guid(7e0e55be252d23b4aa666064639d9df8) Importer(815301076,1909f56bfc062723c751e8b465ee728b)
Start importing Assets/Decorations/Materials using Guid(7e0e55be252d23b4aa666064639d9df8) Importer(815301076,1909f56bfc062723c751e8b465ee728b)  -> (artifact id: '58f8914ff4be855466fd15985e9837af') in 0.007698 seconds 
========================================================================
Received Import Request.
  Time since last request: 0.056623 seconds.
  path: Assets/Decorations/Materials/asfalt.mat
  artifactKey: Guid(02c71b656eede484693c57cc6d8dbf86) Importer(815301076,1909f56bfc062723c751e8b465ee728b)
Start importing Assets/Decorations/Materials/asfalt.mat using Guid(02c71b656eede484693c57cc6d8dbf86) Importer(815301076,1909f56bfc062723c751e8b465ee728b)  -> (artifact id: '3d10ad5ff3f29a241898a38ca3fa030d') in 0.027454 seconds 
========================================================================
Received Import Request.
  Time since last request: 0.000031 seconds.
  path: Assets/Decorations/Materials/brick.mat
  artifactKey: Guid(3d5483b074ddf0745bb75ecdae09c0e4) Importer(815301076,1909f56bfc062723c751e8b465ee728b)
Start importing Assets/Decorations/Materials/brick.mat using Guid(3d5483b074ddf0745bb75ecdae09c0e4) Importer(815301076,1909f56bfc062723c751e8b465ee728b)  -> (artifact id: '706329c922d458c0ec65a86de1eff88a') in 0.034532 seconds 
========================================================================
Received Import Request.
  Time since last request: 0.000035 seconds.
  path: Assets/Decorations/Materials/mat_032.mat
  artifactKey: Guid(b4085629d7eaa4143b01fab992d84b90) Importer(815301076,1909f56bfc062723c751e8b465ee728b)
Start importing Assets/Decorations/Materials/mat_032.mat using Guid(b4085629d7eaa4143b01fab992d84b90) Importer(815301076,1909f56bfc062723c751e8b465ee728b)  -> (artifact id: 'bf1cb217214f515ef6b6de66a1a13b31') in 0.023448 seconds 
========================================================================
Received Import Request.
  Time since last request: 0.000035 seconds.
  path: Assets/Decorations/Materials/blue_3.mat
  artifactKey: Guid(00e17528ef0941d4288a34f4b040bd2e) Importer(815301076,1909f56bfc062723c751e8b465ee728b)
Start importing Assets/Decorations/Materials/blue_3.mat using Guid(00e17528ef0941d4288a34f4b040bd2e) Importer(815301076,1909f56bfc062723c751e8b465ee728b)  -> (artifact id: '60967e810e524020f4ae390d9177fba7') in 0.023852 seconds 
========================================================================
Received Import Request.
  Time since last request: 0.000027 seconds.
  path: Assets/Decorations/Materials/mat_042.mat
  artifactKey: Guid(1a7356e9a2d1ff641925205f1e2bcaeb) Importer(815301076,1909f56bfc062723c751e8b465ee728b)
Start importing Assets/Decorations/Materials/mat_042.mat using Guid(1a7356e9a2d1ff641925205f1e2bcaeb) Importer(815301076,1909f56bfc062723c751e8b465ee728b)  -> (artifact id: 'c2c39537352a73644280c81971cbf90c') in 0.024047 seconds 
========================================================================
Received Import Request.
  Time since last request: 0.000040 seconds.
  path: Assets/Decorations/Materials/mat_005.mat
  artifactKey: Guid(83e82fa354d6da14bb35306102a773d8) Importer(815301076,1909f56bfc062723c751e8b465ee728b)
Start importing Assets/Decorations/Materials/mat_005.mat using Guid(83e82fa354d6da14bb35306102a773d8) Importer(815301076,1909f56bfc062723c751e8b465ee728b)  -> (artifact id: '50ac85cb500d87cf693dec55091817f5') in 0.021536 seconds 
========================================================================
Received Import Request.
  Time since last request: 0.000029 seconds.
  path: Assets/Decorations/Materials/karoseria_blue.mat
  artifactKey: Guid(50204669bc327a34296a286a1bf8cdf4) Importer(815301076,1909f56bfc062723c751e8b465ee728b)
Start importing Assets/Decorations/Materials/karoseria_blue.mat using Guid(50204669bc327a34296a286a1bf8cdf4) Importer(815301076,1909f56bfc062723c751e8b465ee728b)  -> (artifact id: 'af598a5e72323f06ffe8c918c875b631') in 0.033431 seconds 
========================================================================
Received Import Request.
  Time since last request: 0.000018 seconds.
  path: Assets/Decorations/Materials/red_emiter.mat
  artifactKey: Guid(0a1323c9f04f8c84aa59092a42039fe4) Importer(815301076,1909f56bfc062723c751e8b465ee728b)
Start importing Assets/Decorations/Materials/red_emiter.mat using Guid(0a1323c9f04f8c84aa59092a42039fe4) Importer(815301076,1909f56bfc062723c751e8b465ee728b)  -> (artifact id: 'ae9c705ed30aaa5c15bf50bea848ed8c') in 0.013776 seconds 
========================================================================
Received Import Request.
  Time since last request: 0.000030 seconds.
  path: Assets/Decorations/Materials/mat_003.mat
  artifactKey: Guid(9be889efcbc589d41b2dc506d3fe71f5) Importer(815301076,1909f56bfc062723c751e8b465ee728b)
Start importing Assets/Decorations/Materials/mat_003.mat using Guid(9be889efcbc589d41b2dc506d3fe71f5) Importer(815301076,1909f56bfc062723c751e8b465ee728b)  -> (artifact id: '4e371faac28f426c23f16128e992f0e6') in 0.014635 seconds 
========================================================================
Received Import Request.
  Time since last request: 0.000068 seconds.
  path: Assets/Decorations/Materials/lampa_wgite.mat
  artifactKey: Guid(fb38407f167859241a85db565e01c964) Importer(815301076,1909f56bfc062723c751e8b465ee728b)
Start importing Assets/Decorations/Materials/lampa_wgite.mat using Guid(fb38407f167859241a85db565e01c964) Importer(815301076,1909f56bfc062723c751e8b465ee728b)  -> (artifact id: '04e7402376d1a4975f073a46bcad46da') in 0.014240 seconds 
========================================================================
Received Import Request.
  Time since last request: 0.000025 seconds.
  path: Assets/Decorations/Materials/mat_031.mat
  artifactKey: Guid(addfb5e7024b93d49b3f2cedf48be5cc) Importer(815301076,1909f56bfc062723c751e8b465ee728b)
Start importing Assets/Decorations/Materials/mat_031.mat using Guid(addfb5e7024b93d49b3f2cedf48be5cc) Importer(815301076,1909f56bfc062723c751e8b465ee728b)  -> (artifact id: '1885d6959e4e24ab31ca3192fc4d1f70') in 0.012835 seconds 
========================================================================
Received Import Request.
  Time since last request: 0.000024 seconds.
  path: Assets/Decorations/Materials/karoseria_orange.mat
  artifactKey: Guid(d4750a12d80f52c4db7c6e4e54d6cca3) Importer(815301076,1909f56bfc062723c751e8b465ee728b)
Start importing Assets/Decorations/Materials/karoseria_orange.mat using Guid(d4750a12d80f52c4db7c6e4e54d6cca3) Importer(815301076,1909f56bfc062723c751e8b465ee728b)  -> (artifact id: '48b6cedab61d888cac1d7bec338a3546') in 0.016336 seconds 
========================================================================
Received Import Request.
  Time since last request: 0.000032 seconds.
  path: Assets/Decorations/Materials/mat_007.mat
  artifactKey: Guid(ce8006d969ce74940ba32ce95e3b1a6b) Importer(815301076,1909f56bfc062723c751e8b465ee728b)
Start importing Assets/Decorations/Materials/mat_007.mat using Guid(ce8006d969ce74940ba32ce95e3b1a6b) Importer(815301076,1909f56bfc062723c751e8b465ee728b)  -> (artifact id: 'e78f47d215e2e5fd0ab76f68224b70d8') in 0.013401 seconds 
========================================================================
Received Import Request.
  Time since last request: 0.000020 seconds.
  path: Assets/Decorations/Materials/mat_028.mat
  artifactKey: Guid(d4a0fb29aa81c1b4abfcc4af5eab98b7) Importer(815301076,1909f56bfc062723c751e8b465ee728b)
Start importing Assets/Decorations/Materials/mat_028.mat using Guid(d4a0fb29aa81c1b4abfcc4af5eab98b7) Importer(815301076,1909f56bfc062723c751e8b465ee728b)  -> (artifact id: '41534648ba3312040b6511c56ed0c75b') in 0.014924 seconds 
========================================================================
Received Import Request.
  Time since last request: 0.000025 seconds.
  path: Assets/Decorations/Materials/karoseria_green.mat
  artifactKey: Guid(34691e877e8ff4e46a6bc9b7e0062091) Importer(815301076,1909f56bfc062723c751e8b465ee728b)
Start importing Assets/Decorations/Materials/karoseria_green.mat using Guid(34691e877e8ff4e46a6bc9b7e0062091) Importer(815301076,1909f56bfc062723c751e8b465ee728b)  -> (artifact id: 'adb89f068186211c000d5fd1858f237f') in 0.012419 seconds 
========================================================================
Received Import Request.
  Time since last request: 0.000035 seconds.
  path: Assets/Decorations/Materials/mat_000.mat
  artifactKey: Guid(a8faac199022ae94aa47e807af01702a) Importer(815301076,1909f56bfc062723c751e8b465ee728b)
Start importing Assets/Decorations/Materials/mat_000.mat using Guid(a8faac199022ae94aa47e807af01702a) Importer(815301076,1909f56bfc062723c751e8b465ee728b)  -> (artifact id: 'da71baa95318deb9a83d7246312af319') in 0.012783 seconds 
Editor requested this worker to shutdown with reason: Scaling down because of idle timeout
AssetImportWorker is now disconnected from the server
Process exiting
Exiting without the bug reporter. Application will terminate with return code 0